#
# A fatal error has been detected by the Java Runtime Environment:
#
#  SIGSEGV (0xb) at pc=0x00007f85e490f81a, pid=16509, tid=0x00007f85bab0f700
#
# JRE version: OpenJDK Runtime Environment (8.0_76-b03) (build 1.8.0_76-release-b03)
# Java VM: OpenJDK 64-Bit Server VM (25.76-b03 mixed mode linux-amd64 compressed oops)
# Problematic frame:
# V  [libjvm.so+0x7af81a]  Matcher::find_shared(Node*)+0xdca
#
# Failed to write core dump. Core dumps have been disabled. To enable core dumping, try "ulimit -c unlimited" before starting Java again
#
# If you would like to submit a bug report, please visit:
#   http://bugreport.java.com/bugreport/crash.jsp
#

---------------  T H R E A D  ---------------

Current thread (0x00007f85dc0b8000):  JavaThread "C2 CompilerThread0" daemon [_thread_in_native, id=16527, stack(0x00007f85baa0f000,0x00007f85bab10000)]

siginfo: si_signo: 11 (SIGSEGV), si_code: 1 (SEGV_MAPERR), si_addr: 0x00005f85a0019b58

Registers:
RAX=0x00007f85a001b620, RBX=0x0000000000000021, RCX=0x0000000000000002, RDX=0x00007f85a0019b58
RSP=0x00007f85bab0b970, RBP=0x00007f85bab0ba30, RSI=0x00007f85a001b358, RDI=0x00007f85a0019b58
R8 =0x00007f85a0384ce0, R9 =0x0000000000000092, R10=0x0000000000000022, R11=0x0000000000200000
R12=0x00005f85a0019b58, R13=0x00007f85a001b358, R14=0x0000000000000108, R15=0x00007f85bab0c650
RIP=0x00007f85e490f81a, EFLAGS=0x0000000000010202, CSGSFS=0x0000000000000033, ERR=0x0000000000000004
  TRAPNO=0x000000000000000e

Top of Stack: (sp=0x00007f85bab0b970)
0x00007f85bab0b970:   00007f859c5ff090 00007f85a07a68f0
0x00007f85bab0b980:   00007f85a83f3568 00007f85bab0d048
0x00007f85bab0b990:   00007f85bab0b9e0 00007f85bab0d008
0x00007f85bab0b9a0:   00007f85bab0d028 00007f8500000092
0x00007f85bab0b9b0:   00007f85bab0ba00 00007f85bab0b9c0
0x00007f85bab0b9c0:   00007f85a877bef0 00007f85a87941b0
0x00007f85bab0b9d0:   00007f85a877bcd0 00007f85dc0b8580
0x00007f85bab0b9e0:   00007f85e4fe2f70 00007f85dc0b8580
0x00007f85bab0b9f0:   0000000000000100 00007f85a07179c0
0x00007f85bab0ba00:   0000000000000020 000000000000000c
0x00007f85bab0ba10:   00007f85bab0c650 00007f85a02bbf90
0x00007f85bab0ba20:   00007f85a02bbf30 0000000000000003
0x00007f85bab0ba30:   00007f85bab0bad0 00007f85e49119d5
0x00007f85bab0ba40:   00007f85a0135020 00007f85bab0df90
0x00007f85bab0ba50:   00007f85bab0ba80 00007f85a0134d98
0x00007f85bab0ba60:   00007f85a02bbf00 00007f85a02bbef0
0x00007f85bab0ba70:   0000000000100000 0000000000000000
0x00007f85bab0ba80:   0000000000000000 0000000000000000
0x00007f85bab0ba90:   0000000000000000 00007f85bab0df90
0x00007f85bab0baa0:   00007f85bab0bad0 00007f85bab0c650
0x00007f85bab0bab0:   00007f85bab0bcb0 00007f85bab0d420
0x00007f85bab0bac0:   00007f85a0135020 00007f85bab0df90
0x00007f85bab0bad0:   00007f85bab0d310 00007f85e45c3fad
0x00007f85bab0bae0:   0000000000000000 0000000000000000
0x00007f85bab0baf0:   0000000000000000 0000000000000000
0x00007f85bab0bb00:   0000000000000000 0000000000000000
0x00007f85bab0bb10:   0000000000000000 0000000000000000
0x00007f85bab0bb20:   0000000000000000 0000000000000000
0x00007f85bab0bb30:   0000000000000000 0000000000000000
0x00007f85bab0bb40:   0000000000000000 0000000000000000
0x00007f85bab0bb50:   0000000000000000 0000000000000000
0x00007f85bab0bb60:   0000000000000000 0000000000000000 

Instructions: (pc=0x00007f85e490f81a)
0x00007f85e490f7fa:   08 00 00 00 00 90 49 83 ee 08 83 eb 01 0f 88 88
0x00007f85e490f80a:   f4 ff ff 49 8b 45 08 4e 8b 24 30 4d 85 e4 74 e6
0x00007f85e490f81a:   49 8b 04 24 4c 89 e7 ff 10 49 8b 97 40 0a 00 00
0x00007f85e490f82a:   41 89 c1 89 c0 80 3c 02 00 0f 84 77 ff ff ff 48 

Register to memory mapping:

RAX=0x00007f85a001b620 is an unknown value
RBX=0x0000000000000021 is an unknown value
RCX=0x0000000000000002 is an unknown value
RDX=0x00007f85a0019b58 is an unknown value
RSP=0x00007f85bab0b970 is pointing into the stack for thread: 0x00007f85dc0b8000
RBP=0x00007f85bab0ba30 is pointing into the stack for thread: 0x00007f85dc0b8000
RSI=0x00007f85a001b358 is an unknown value
RDI=0x00007f85a0019b58 is an unknown value
R8 =0x00007f85a0384ce0 is an unknown value
R9 =0x0000000000000092 is an unknown value
R10=0x0000000000000022 is an unknown value
R11=0x0000000000200000 is an unknown value
R12=0x00005f85a0019b58 is an unknown value
R13=0x00007f85a001b358 is an unknown value
R14=0x0000000000000108 is an unknown value
R15=0x00007f85bab0c650 is pointing into the stack for thread: 0x00007f85dc0b8000


Stack: [0x00007f85baa0f000,0x00007f85bab10000],  sp=0x00007f85bab0b970,  free space=1010k
Native frames: (J=compiled Java code, j=interpreted, Vv=VM code, C=native code)
V  [libjvm.so+0x7af81a]  Matcher::find_shared(Node*)+0xdca
V  [libjvm.so+0x7b19d5]  Matcher::match()+0x675
V  [libjvm.so+0x463fad]  Compile::Code_Gen()+0x10d
V  [libjvm.so+0x4653ee]  Compile::Compile(ciEnv*, C2Compiler*, ciMethod*, int, bool, bool, bool)+0x113e
V  [libjvm.so+0x3c3338]  C2Compiler::compile_method(ciEnv*, ciMethod*, int)+0x1a8
V  [libjvm.so+0x46d832]  CompileBroker::invoke_compiler_on_method(CompileTask*)+0x8b2
V  [libjvm.so+0x46e6e8]  CompileBroker::compiler_thread_loop()+0x4e8
V  [libjvm.so+0x986ec0]  JavaThread::thread_main_inner()+0xf0
V  [libjvm.so+0x8425b2]  java_start(Thread*)+0xf2
C  [libpthread.so.0+0x8184]  start_thread+0xc4


Current CompileTask:
C2:  17546 1826       4       java.util.HashMap::getNode (148 bytes)


---------------  P R O C E S S  ---------------

Java Threads: ( => current thread )
  0x00007f85dc162000 JavaThread "pool-2-thread-4" [_thread_in_Java, id=16549, stack(0x00007f85ba106000,0x00007f85ba207000)]
  0x00007f85dc160800 JavaThread "pool-2-thread-3" [_thread_in_Java, id=16548, stack(0x00007f85ba207000,0x00007f85ba308000)]
  0x00007f85dc15f000 JavaThread "pool-2-thread-2" [_thread_in_Java, id=16547, stack(0x00007f85ba308000,0x00007f85ba409000)]
  0x00007f85dc15d000 JavaThread "pool-3-thread-1" [_thread_blocked, id=16545, stack(0x00007f85ba409000,0x00007f85ba50a000)]
  0x00007f85dc15b800 JavaThread "pool-2-thread-1" [_thread_in_Java, id=16544, stack(0x00007f85ba50a000,0x00007f85ba60b000)]
  0x00007f85dc0d1800 JavaThread "Service Thread" daemon [_thread_blocked, id=16530, stack(0x00007f85ba70c000,0x00007f85ba80d000)]
  0x00007f85dc0bc800 JavaThread "C1 CompilerThread2" daemon [_thread_in_vm, id=16529, stack(0x00007f85ba80d000,0x00007f85ba90e000)]
  0x00007f85dc0ba800 JavaThread "C2 CompilerThread1" daemon [_thread_in_native, id=16528, stack(0x00007f85ba90e000,0x00007f85baa0f000)]
=>0x00007f85dc0b8000 JavaThread "C2 CompilerThread0" daemon [_thread_in_native, id=16527, stack(0x00007f85baa0f000,0x00007f85bab10000)]
  0x00007f85dc0b6800 JavaThread "Signal Dispatcher" daemon [_thread_blocked, id=16526, stack(0x00007f85bab10000,0x00007f85bac11000)]
  0x00007f85dc084000 JavaThread "Finalizer" daemon [_thread_blocked, id=16523, stack(0x00007f85bb2f3000,0x00007f85bb3f4000)]
  0x00007f85dc07f000 JavaThread "Reference Handler" daemon [_thread_blocked, id=16521, stack(0x00007f85bb3f4000,0x00007f85bb4f5000)]
  0x00007f85dc00a000 JavaThread "main" [_thread_in_Java, id=16513, stack(0x00007f85e5b4f000,0x00007f85e5c50000)]

Other Threads:
  0x00007f85dc077800 VMThread [stack: 0x00007f85bb4f5000,0x00007f85bb5f6000] [id=16518]
  0x00007f85dc0d4000 WatcherThread [stack: 0x00007f85ba60b000,0x00007f85ba70c000] [id=16531]

VM state:not at safepoint (normal execution)

VM Mutex/Monitor currently owned by a thread: None

Heap:
 PSYoungGen      total 190464K, used 59533K [0x00000000eab00000, 0x00000000f7d00000, 0x0000000100000000)
  eden space 173568K, 25% used [0x00000000eab00000,0x00000000ed604880,0x00000000f5480000)
  from space 16896K, 91% used [0x00000000f6780000,0x00000000f769ec20,0x00000000f7800000)
  to   space 19456K, 0% used [0x00000000f5480000,0x00000000f5480000,0x00000000f6780000)
 ParOldGen       total 58880K, used 26796K [0x00000000c0000000, 0x00000000c3980000, 0x00000000eab00000)
  object space 58880K, 45% used [0x00000000c0000000,0x00000000c1a2b2d0,0x00000000c3980000)
 Metaspace       used 6299K, capacity 7152K, committed 7296K, reserved 1056768K
  class space    used 590K, capacity 616K, committed 640K, reserved 1048576K

Card table byte_map: [0x00007f85e27f9000,0x00007f85e29fa000] byte_map_base: 0x00007f85e21f9000

Marking Bits: (ParMarkBitMap*) 0x00007f85e50231a0
 Begin Bits: [0x00007f85e029f000, 0x00007f85e129f000)
 End Bits:   [0x00007f85e129f000, 0x00007f85e229f000)

Polling page: 0x00007f85e5c6d000

CodeCache: size=245760Kb used=7159Kb max_used=7159Kb free=238601Kb
 bounds [0x00007f85cd000000, 0x00007f85cd710000, 0x00007f85dc000000]
 total_blobs=2129 nmethods=1863 adapters=182
 compilation: enabled

Compilation events (10 events):
Event: 17.389 Thread 0x00007f85dc0bc800 nmethod 2334% 0x00007f85cd6f8810 code [0x00007f85cd6f8aa0, 0x00007f85cd6f9ca8]
Event: 17.389 Thread 0x00007f85dc0bc800 2338 %     3       com.android.dx.ssa.back.SsaToRop::moveParametersToHighRegisters @ 34 (88 bytes)
Event: 17.454 Thread 0x00007f85dc0bc800 nmethod 2338% 0x00007f85cd6fa950 code [0x00007f85cd6fab40, 0x00007f85cd6fb4f8]
Event: 17.454 Thread 0x00007f85dc0bc800 2341       2       com.android.dx.cf.direct.AttributeFactory::parse0 (53 bytes)
Event: 17.456 Thread 0x00007f85dc0bc800 nmethod 2341 0x00007f85cd6fb8d0 code [0x00007f85cd6fba80, 0x00007f85cd6fbf08]
Event: 17.456 Thread 0x00007f85dc0bc800 2335       2       java.util.concurrent.locks.AbstractQueuedSynchronizer::acquire (27 bytes)
Event: 17.457 Thread 0x00007f85dc0bc800 nmethod 2335 0x00007f85cd6fc390 code [0x00007f85cd6fc520, 0x00007f85cd6fc738]
Event: 17.457 Thread 0x00007f85dc0bc800 2339       2       com.android.dx.cf.attrib.AttConstantValue::<init> (71 bytes)
Event: 17.458 Thread 0x00007f85dc0bc800 nmethod 2339 0x00007f85cd6fc850 code [0x00007f85cd6fc9e0, 0x00007f85cd6fcdf8]
Event: 17.458 Thread 0x00007f85dc0bc800 2342       2       com.android.dx.cf.direct.StdAttributeFactory::constantValue (94 bytes)

GC Heap History (10 events):
Event: 5.663 GC heap before
{Heap before GC invocations=2 (full 0):
 PSYoungGen      total 25600K, used 25573K [0x00000000eab00000, 0x00000000edd00000, 0x0000000100000000)
  eden space 22016K, 100% used [0x00000000eab00000,0x00000000ec080000,0x00000000ec080000)
  from space 3584K, 99% used [0x00000000ec080000,0x00000000ec3f96c8,0x00000000ec400000)
  to   space 3584K, 0% used [0x00000000ed980000,0x00000000ed980000,0x00000000edd00000)
 ParOldGen       total 58880K, used 990K [0x00000000c0000000, 0x00000000c3980000, 0x00000000eab00000)
  object space 58880K, 1% used [0x00000000c0000000,0x00000000c00f7af8,0x00000000c3980000)
 Metaspace       used 5760K, capacity 6768K, committed 7040K, reserved 1056768K
  class space    used 572K, capacity 616K, committed 640K, reserved 1048576K
Event: 5.699 GC heap after
Heap after GC invocations=2 (full 0):
 PSYoungGen      total 47616K, used 3575K [0x00000000eab00000, 0x00000000edd00000, 0x0000000100000000)
  eden space 44032K, 0% used [0x00000000eab00000,0x00000000eab00000,0x00000000ed600000)
  from space 3584K, 99% used [0x00000000ed980000,0x00000000edcfdc88,0x00000000edd00000)
  to   space 3584K, 0% used [0x00000000ed600000,0x00000000ed600000,0x00000000ed980000)
 ParOldGen       total 58880K, used 2584K [0x00000000c0000000, 0x00000000c3980000, 0x00000000eab00000)
  object space 58880K, 4% used [0x00000000c0000000,0x00000000c0286300,0x00000000c3980000)
 Metaspace       used 5760K, capacity 6768K, committed 7040K, reserved 1056768K
  class space    used 572K, capacity 616K, committed 640K, reserved 1048576K
}
Event: 8.134 GC heap before
{Heap before GC invocations=3 (full 0):
 PSYoungGen      total 47616K, used 47607K [0x00000000eab00000, 0x00000000edd00000, 0x0000000100000000)
  eden space 44032K, 100% used [0x00000000eab00000,0x00000000ed600000,0x00000000ed600000)
  from space 3584K, 99% used [0x00000000ed980000,0x00000000edcfdc88,0x00000000edd00000)
  to   space 3584K, 0% used [0x00000000ed600000,0x00000000ed600000,0x00000000ed980000)
 ParOldGen       total 58880K, used 2584K [0x00000000c0000000, 0x00000000c3980000, 0x00000000eab00000)
  object space 58880K, 4% used [0x00000000c0000000,0x00000000c0286300,0x00000000c3980000)
 Metaspace       used 6009K, capacity 6960K, committed 7040K, reserved 1056768K
  class space    used 590K, capacity 616K, committed 640K, reserved 1048576K
Event: 8.257 GC heap after
Heap after GC invocations=3 (full 0):
 PSYoungGen      total 47616K, used 3583K [0x00000000eab00000, 0x00000000f0800000, 0x0000000100000000)
  eden space 44032K, 0% used [0x00000000eab00000,0x00000000eab00000,0x00000000ed600000)
  from space 3584K, 99% used [0x00000000ed600000,0x00000000ed97fd20,0x00000000ed980000)
  to   space 3584K, 0% used [0x00000000f0480000,0x00000000f0480000,0x00000000f0800000)
 ParOldGen       total 58880K, used 7964K [0x00000000c0000000, 0x00000000c3980000, 0x00000000eab00000)
  object space 58880K, 13% used [0x00000000c0000000,0x00000000c07c7310,0x00000000c3980000)
 Metaspace       used 6009K, capacity 6960K, committed 7040K, reserved 1056768K
  class space    used 590K, capacity 616K, committed 640K, reserved 1048576K
}
Event: 9.866 GC heap before
{Heap before GC invocations=4 (full 0):
 PSYoungGen      total 47616K, used 47615K [0x00000000eab00000, 0x00000000f0800000, 0x0000000100000000)
  eden space 44032K, 100% used [0x00000000eab00000,0x00000000ed600000,0x00000000ed600000)
  from space 3584K, 99% used [0x00000000ed600000,0x00000000ed97fd20,0x00000000ed980000)
  to   space 3584K, 0% used [0x00000000f0480000,0x00000000f0480000,0x00000000f0800000)
 ParOldGen       total 58880K, used 7964K [0x00000000c0000000, 0x00000000c3980000, 0x00000000eab00000)
  object space 58880K, 13% used [0x00000000c0000000,0x00000000c07c7310,0x00000000c3980000)
 Metaspace       used 6020K, capacity 6960K, committed 7040K, reserved 1056768K
  class space    used 590K, capacity 616K, committed 640K, reserved 1048576K
Event: 10.000 GC heap after
Heap after GC invocations=4 (full 0):
 PSYoungGen      total 91648K, used 3565K [0x00000000eab00000, 0x00000000f0800000, 0x0000000100000000)
  eden space 88064K, 0% used [0x00000000eab00000,0x00000000eab00000,0x00000000f0100000)
  from space 3584K, 99% used [0x00000000f0480000,0x00000000f07fb630,0x00000000f0800000)
  to   space 3584K, 0% used [0x00000000f0100000,0x00000000f0100000,0x00000000f0480000)
 ParOldGen       total 58880K, used 14567K [0x00000000c0000000, 0x00000000c3980000, 0x00000000eab00000)
  object space 58880K, 24% used [0x00000000c0000000,0x00000000c0e39ea8,0x00000000c3980000)
 Metaspace       used 6020K, capacity 6960K, committed 7040K, reserved 1056768K
  class space    used 590K, capacity 616K, committed 640K, reserved 1048576K
}
Event: 13.317 GC heap before
{Heap before GC invocations=5 (full 0):
 PSYoungGen      total 91648K, used 91629K [0x00000000eab00000, 0x00000000f0800000, 0x0000000100000000)
  eden space 88064K, 100% used [0x00000000eab00000,0x00000000f0100000,0x00000000f0100000)
  from space 3584K, 99% used [0x00000000f0480000,0x00000000f07fb630,0x00000000f0800000)
  to   space 3584K, 0% used [0x00000000f0100000,0x00000000f0100000,0x00000000f0480000)
 ParOldGen       total 58880K, used 14567K [0x00000000c0000000, 0x00000000c3980000, 0x00000000eab00000)
  object space 58880K, 24% used [0x00000000c0000000,0x00000000c0e39ea8,0x00000000c3980000)
 Metaspace       used 6142K, capacity 7024K, committed 7296K, reserved 1056768K
  class space    used 590K, capacity 616K, committed 640K, reserved 1048576K
Event: 13.537 GC heap after
Heap after GC invocations=5 (full 0):
 PSYoungGen      total 91648K, used 3558K [0x00000000eab00000, 0x00000000f7800000, 0x0000000100000000)
  eden space 88064K, 0% used [0x00000000eab00000,0x00000000eab00000,0x00000000f0100000)
  from space 3584K, 99% used [0x00000000f0100000,0x00000000f0479b18,0x00000000f0480000)
  to   space 16896K, 0% used [0x00000000f6780000,0x00000000f6780000,0x00000000f7800000)
 ParOldGen       total 58880K, used 26796K [0x00000000c0000000, 0x00000000c3980000, 0x00000000eab00000)
  object space 58880K, 45% used [0x00000000c0000000,0x00000000c1a2b2d0,0x00000000c3980000)
 Metaspace       used 6142K, capacity 7024K, committed 7296K, reserved 1056768K
  class space    used 590K, capacity 616K, committed 640K, reserved 1048576K
}
Event: 16.194 GC heap before
{Heap before GC invocations=6 (full 0):
 PSYoungGen      total 91648K, used 91622K [0x00000000eab00000, 0x00000000f7800000, 0x0000000100000000)
  eden space 88064K, 100% used [0x00000000eab00000,0x00000000f0100000,0x00000000f0100000)
  from space 3584K, 99% used [0x00000000f0100000,0x00000000f0479b18,0x00000000f0480000)
  to   space 16896K, 0% used [0x00000000f6780000,0x00000000f6780000,0x00000000f7800000)
 ParOldGen       total 58880K, used 26796K [0x00000000c0000000, 0x00000000c3980000, 0x00000000eab00000)
  object space 58880K, 45% used [0x00000000c0000000,0x00000000c1a2b2d0,0x00000000c3980000)
 Metaspace       used 6260K, capacity 7152K, committed 7296K, reserved 1056768K
  class space    used 590K, capacity 616K, committed 640K, reserved 1048576K
Event: 16.510 GC heap after
Heap after GC invocations=6 (full 0):
 PSYoungGen      total 190464K, used 15483K [0x00000000eab00000, 0x00000000f7d00000, 0x0000000100000000)
  eden space 173568K, 0% used [0x00000000eab00000,0x00000000eab00000,0x00000000f5480000)
  from space 16896K, 91% used [0x00000000f6780000,0x00000000f769ec20,0x00000000f7800000)
  to   space 19456K, 0% used [0x00000000f5480000,0x00000000f5480000,0x00000000f6780000)
 ParOldGen       total 58880K, used 26796K [0x00000000c0000000, 0x00000000c3980000, 0x00000000eab00000)
  object space 58880K, 45% used [0x00000000c0000000,0x00000000c1a2b2d0,0x00000000c3980000)
 Metaspace       used 6260K, capacity 7152K, committed 7296K, reserved 1056768K
  class space    used 590K, capacity 616K, committed 640K, reserved 1048576K
}

Deoptimization events (10 events):
Event: 6.030 Thread 0x00007f85dc15f000 Uncommon trap: reason=unstable_if action=reinterpret pc=0x00007f85cd3230b8 method=java.util.HashMap.putVal(ILjava/lang/Object;Ljava/lang/Object;ZZ)Ljava/lang/Object; @ 162
Event: 6.067 Thread 0x00007f85dc162000 Uncommon trap: reason=unstable_if action=reinterpret pc=0x00007f85cd2c7f9c method=java.util.HashMap.getNode(ILjava/lang/Object;)Ljava/util/HashMap$Node; @ 84
Event: 6.069 Thread 0x00007f85dc162000 Uncommon trap: reason=unstable_if action=reinterpret pc=0x00007f85cd295060 method=java.util.HashMap.getNode(ILjava/lang/Object;)Ljava/util/HashMap$Node; @ 84
Event: 6.327 Thread 0x00007f85dc160800 Uncommon trap: reason=unstable_if action=reinterpret pc=0x00007f85cd2bd274 method=com.android.dx.rop.code.RegisterSpec.equals(ILcom/android/dx/rop/type/TypeBearer;Lcom/android/dx/rop/code/LocalItem;)Z @ 42
Event: 10.507 Thread 0x00007f85dc15b800 Uncommon trap: reason=null_check action=make_not_entrant pc=0x00007f85cd287d20 method=com.android.dx.ssa.SsaRenamer.getLocalForNewReg(I)Lcom/android/dx/rop/code/LocalItem; @ 19
Event: 10.519 Thread 0x00007f85dc15b800 Uncommon trap: reason=null_check action=make_not_entrant pc=0x00007f85cd2a1cf0 method=com.android.dx.ssa.SsaRenamer.getLocalForNewReg(I)Lcom/android/dx/rop/code/LocalItem; @ 19
Event: 13.772 Thread 0x00007f85dc15b800 Uncommon trap: reason=bimorphic action=maybe_recompile pc=0x00007f85cd5fd65c method=com.android.dx.cf.code.BytecodeArray.parseInstruction(ILcom/android/dx/cf/code/BytecodeArray$Visitor;)I @ 1161
Event: 13.773 Thread 0x00007f85dc15b800 Uncommon trap: reason=bimorphic action=maybe_recompile pc=0x00007f85cd5fd65c method=com.android.dx.cf.code.BytecodeArray.parseInstruction(ILcom/android/dx/cf/code/BytecodeArray$Visitor;)I @ 1161
Event: 14.117 Thread 0x00007f85dc160800 Uncommon trap: reason=bimorphic action=maybe_recompile pc=0x00007f85cd5fd2a4 method=com.android.dx.cf.code.BytecodeArray.parseInstruction(ILcom/android/dx/cf/code/BytecodeArray$Visitor;)I @ 971
Event: 14.118 Thread 0x00007f85dc160800 Uncommon trap: reason=bimorphic action=maybe_recompile pc=0x00007f85cd5fd2a4 method=com.android.dx.cf.code.BytecodeArray.parseInstruction(ILcom/android/dx/cf/code/BytecodeArray$Visitor;)I @ 971

Internal exceptions (7 events):
Event: 0.251 Thread 0x00007f85dc00a000 Exception <a 'java/lang/NoSuchMethodError': Method sun.misc.Unsafe.defineClass(Ljava/lang/String;[BII)Ljava/lang/Class; name or signature does not match> (0x00000000eab07cc0) thrown at [/ssd/Android/AOSP-openjdk/external/jetbrains/jdk/hotspot/src/share/vm
Event: 0.251 Thread 0x00007f85dc00a000 Exception <a 'java/lang/NoSuchMethodError': Method sun.misc.Unsafe.prefetchRead(Ljava/lang/Object;J)V name or signature does not match> (0x00000000eab07fa8) thrown at [/ssd/Android/AOSP-openjdk/external/jetbrains/jdk/hotspot/src/share/vm/prims/jni.cpp, li
Event: 6.037 Thread 0x00007f85dc15f000 Exception <a 'java/lang/ArrayIndexOutOfBoundsException': 18> (0x00000000eb1aac08) thrown at [/ssd/Android/AOSP-openjdk/external/jetbrains/jdk/hotspot/src/share/vm/interpreter/interpreterRuntime.cpp, line 366]
Event: 6.050 Thread 0x00007f85dc15f000 Exception <a 'java/lang/ArrayIndexOutOfBoundsException': 145> (0x00000000eb1ac788) thrown at [/ssd/Android/AOSP-openjdk/external/jetbrains/jdk/hotspot/src/share/vm/interpreter/interpreterRuntime.cpp, line 366]
Event: 6.052 Thread 0x00007f85dc15f000 Exception <a 'java/lang/ArrayIndexOutOfBoundsException': 40> (0x00000000eb1ada70) thrown at [/ssd/Android/AOSP-openjdk/external/jetbrains/jdk/hotspot/src/share/vm/interpreter/interpreterRuntime.cpp, line 366]
Event: 10.507 Thread 0x00007f85dc15b800 Implicit null exception at 0x00007f85cd28626e to 0x00007f85cd287cf9
Event: 10.519 Thread 0x00007f85dc15b800 Implicit null exception at 0x00007f85cd2a01b7 to 0x00007f85cd2a1cc5

Events (10 events):
Event: 16.793 Thread 0x00007f85dc15b800 DEOPT PACKING pc=0x00007f85cd1e8bb4 sp=0x00007f85ba6090e0
Event: 16.793 Thread 0x00007f85dc15b800 DEOPT UNPACKING pc=0x00007f85cd046f73 sp=0x00007f85ba608e28 mode 0
Event: 16.983 Thread 0x00007f85dc15f000 DEOPT PACKING pc=0x00007f85cd1e8bb4 sp=0x00007f85ba406df0
Event: 16.983 Thread 0x00007f85dc15f000 DEOPT UNPACKING pc=0x00007f85cd046f73 sp=0x00007f85ba406b38 mode 0
Event: 17.093 Thread 0x00007f85dc15b800 DEOPT PACKING pc=0x00007f85cd1e8bb4 sp=0x00007f85ba608d40
Event: 17.093 Thread 0x00007f85dc15b800 DEOPT UNPACKING pc=0x00007f85cd046f73 sp=0x00007f85ba608a88 mode 0
Event: 17.301 Thread 0x00007f85dc00a000 DEOPT PACKING pc=0x00007f85cd1e8bb4 sp=0x00007f85e5c4d540
Event: 17.301 Thread 0x00007f85dc00a000 DEOPT UNPACKING pc=0x00007f85cd046f73 sp=0x00007f85e5c4d288 mode 0
Event: 17.445 Thread 0x00007f85dc162000 DEOPT PACKING pc=0x00007f85cd1e8bb4 sp=0x00007f85ba205130
Event: 17.445 Thread 0x00007f85dc162000 DEOPT UNPACKING pc=0x00007f85cd046f73 sp=0x00007f85ba204e78 mode 0


Dynamic libraries:
00400000-00401000 r-xp 00000000 08:01 28969612                           /home/percept/android-studio/jre/bin/java
00600000-00601000 r--p 00000000 08:01 28969612                           /home/percept/android-studio/jre/bin/java
00601000-00602000 rw-p 00001000 08:01 28969612                           /home/percept/android-studio/jre/bin/java
015a6000-015c7000 rw-p 00000000 00:00 0                                  [heap]
c0000000-c3980000 rw-p 00000000 00:00 0 
c3980000-eab00000 ---p 00000000 00:00 0 
eab00000-f7d00000 rw-p 00000000 00:00 0 
f7d00000-100000000 ---p 00000000 00:00 0 
100000000-1000a0000 rw-p 00000000 00:00 0 
1000a0000-140000000 ---p 00000000 00:00 0 
7f857c000000-7f857c021000 rw-p 00000000 00:00 0 
7f857c021000-7f8580000000 ---p 00000000 00:00 0 
7f8584000000-7f8584026000 rw-p 00000000 00:00 0 
7f8584026000-7f8588000000 ---p 00000000 00:00 0 
7f8588000000-7f8588021000 rw-p 00000000 00:00 0 
7f8588021000-7f858c000000 ---p 00000000 00:00 0 
7f858c000000-7f858c049000 rw-p 00000000 00:00 0 
7f858c049000-7f8590000000 ---p 00000000 00:00 0 
7f8590000000-7f8590021000 rw-p 00000000 00:00 0 
7f8590021000-7f8594000000 ---p 00000000 00:00 0 
7f8594000000-7f8594021000 rw-p 00000000 00:00 0 
7f8594021000-7f8598000000 ---p 00000000 00:00 0 
7f8598000000-7f8598021000 rw-p 00000000 00:00 0 
7f8598021000-7f859c000000 ---p 00000000 00:00 0 
7f859c000000-7f859cbad000 rw-p 00000000 00:00 0 
7f859cbad000-7f85a0000000 ---p 00000000 00:00 0 
7f85a0000000-7f85a0a11000 rw-p 00000000 00:00 0 
7f85a0a11000-7f85a4000000 ---p 00000000 00:00 0 
7f85a4000000-7f85a4021000 rw-p 00000000 00:00 0 
7f85a4021000-7f85a8000000 ---p 00000000 00:00 0 
7f85a8000000-7f85a89f5000 rw-p 00000000 00:00 0 
7f85a89f5000-7f85ac000000 ---p 00000000 00:00 0 
7f85ac000000-7f85ac021000 rw-p 00000000 00:00 0 
7f85ac021000-7f85b0000000 ---p 00000000 00:00 0 
7f85b0000000-7f85b0021000 rw-p 00000000 00:00 0 
7f85b0021000-7f85b4000000 ---p 00000000 00:00 0 
7f85b4000000-7f85b4021000 rw-p 00000000 00:00 0 
7f85b4021000-7f85b8000000 ---p 00000000 00:00 0 
7f85ba106000-7f85ba109000 ---p 00000000 00:00 0 
7f85ba109000-7f85ba207000 rw-p 00000000 00:00 0                          [stack:16549]
7f85ba207000-7f85ba20a000 ---p 00000000 00:00 0 
7f85ba20a000-7f85ba308000 rw-p 00000000 00:00 0                          [stack:16548]
7f85ba308000-7f85ba30b000 ---p 00000000 00:00 0 
7f85ba30b000-7f85ba409000 rw-p 00000000 00:00 0                          [stack:16547]
7f85ba409000-7f85ba40c000 ---p 00000000 00:00 0 
7f85ba40c000-7f85ba50a000 rw-p 00000000 00:00 0                          [stack:16545]
7f85ba50a000-7f85ba50d000 ---p 00000000 00:00 0 
7f85ba50d000-7f85ba60b000 rw-p 00000000 00:00 0                          [stack:16544]
7f85ba60b000-7f85ba60c000 ---p 00000000 00:00 0 
7f85ba60c000-7f85ba70c000 rw-p 00000000 00:00 0                          [stack:16531]
7f85ba70c000-7f85ba70f000 ---p 00000000 00:00 0 
7f85ba70f000-7f85ba80d000 rw-p 00000000 00:00 0                          [stack:16530]
7f85ba80d000-7f85ba810000 ---p 00000000 00:00 0 
7f85ba810000-7f85ba90e000 rw-p 00000000 00:00 0                          [stack:16529]
7f85ba90e000-7f85ba911000 ---p 00000000 00:00 0 
7f85ba911000-7f85baa0f000 rw-p 00000000 00:00 0                          [stack:16528]
7f85baa0f000-7f85baa12000 ---p 00000000 00:00 0 
7f85baa12000-7f85bab10000 rw-p 00000000 00:00 0                          [stack:16527]
7f85bab10000-7f85bab13000 ---p 00000000 00:00 0 
7f85bab13000-7f85bac11000 rw-p 00000000 00:00 0                          [stack:16526]
7f85bac11000-7f85bb2f3000 r--p 00000000 08:01 9181736                    /usr/lib/locale/locale-archive
7f85bb2f3000-7f85bb2f6000 ---p 00000000 00:00 0 
7f85bb2f6000-7f85bb3f4000 rw-p 00000000 00:00 0                          [stack:16523]
7f85bb3f4000-7f85bb3f7000 ---p 00000000 00:00 0 
7f85bb3f7000-7f85bb4f5000 rw-p 00000000 00:00 0                          [stack:16521]
7f85bb4f5000-7f85bb4f6000 ---p 00000000 00:00 0 
7f85bb4f6000-7f85bc000000 rw-p 00000000 00:00 0                          [stack:16518]
7f85bc000000-7f85bc021000 rw-p 00000000 00:00 0 
7f85bc021000-7f85c0000000 ---p 00000000 00:00 0 
7f85c0000000-7f85c0021000 rw-p 00000000 00:00 0 
7f85c0021000-7f85c4000000 ---p 00000000 00:00 0 
7f85c4000000-7f85c402e000 rw-p 00000000 00:00 0 
7f85c402e000-7f85c8000000 ---p 00000000 00:00 0 
7f85c8000000-7f85c8021000 rw-p 00000000 00:00 0 
7f85c8021000-7f85cc000000 ---p 00000000 00:00 0 
7f85cc092000-7f85cc09f000 r--s 000af000 08:01 14419245                   /home/percept/ketan/new/MyPlan/app/build/intermediates/exploded-aar/com.google.android.exoplayer/exoplayer/r1.5.9/jars/classes.jar
7f85cc09f000-7f85cc633000 rw-p 00000000 00:00 0 
7f85cc633000-7f85cc800000 r--s 03bec000 08:01 28969647                   /home/percept/android-studio/jre/jre/lib/rt.jar
7f85cc800000-7f85cce80000 rw-p 00000000 00:00 0 
7f85cce80000-7f85cd000000 ---p 00000000 00:00 0 
7f85cd000000-7f85cd710000 rwxp 00000000 00:00 0 
7f85cd710000-7f85dc000000 ---p 00000000 00:00 0 
7f85dc000000-7f85dc38d000 rw-p 00000000 00:00 0 
7f85dc38d000-7f85e0000000 ---p 00000000 00:00 0 
7f85e0008000-7f85e229f000 rw-p 00000000 00:00 0 
7f85e229f000-7f85e22a0000 ---p 00000000 00:00 0 
7f85e22a0000-7f85e23a0000 rw-p 00000000 00:00 0                          [stack:16517]
7f85e23a0000-7f85e23a1000 ---p 00000000 00:00 0 
7f85e23a1000-7f85e24a1000 rw-p 00000000 00:00 0                          [stack:16516]
7f85e24a1000-7f85e24a2000 ---p 00000000 00:00 0 
7f85e24a2000-7f85e25a2000 rw-p 00000000 00:00 0                          [stack:16515]
7f85e25a2000-7f85e25a3000 ---p 00000000 00:00 0 
7f85e25a3000-7f85e26c0000 rw-p 00000000 00:00 0                          [stack:16514]
7f85e26c0000-7f85e27f9000 ---p 00000000 00:00 0 
7f85e27f9000-7f85e2816000 rw-p 00000000 00:00 0 
7f85e2816000-7f85e294e000 ---p 00000000 00:00 0 
7f85e294e000-7f85e29b8000 rw-p 00000000 00:00 0 
7f85e29b8000-7f85e29f9000 ---p 00000000 00:00 0 
7f85e29f9000-7f85e2a17000 rw-p 00000000 00:00 0 
7f85e2a17000-7f85e2dba000 ---p 00000000 00:00 0 
7f85e2dba000-7f85e2dd4000 r-xp 00000000 08:01 29098179                   /home/percept/android-studio/jre/jre/lib/amd64/libzip.so
7f85e2dd4000-7f85e2fd4000 ---p 0001a000 08:01 29098179                   /home/percept/android-studio/jre/jre/lib/amd64/libzip.so
7f85e2fd4000-7f85e2fd5000 r--p 0001a000 08:01 29098179                   /home/percept/android-studio/jre/jre/lib/amd64/libzip.so
7f85e2fd5000-7f85e2fd6000 rw-p 0001b000 08:01 29098179                   /home/percept/android-studio/jre/jre/lib/amd64/libzip.so
7f85e2fd6000-7f85e2fe0000 r-xp 00000000 08:01 17175542                   /lib/x86_64-linux-gnu/libnss_files-2.19.so
7f85e2fe0000-7f85e31df000 ---p 0000a000 08:01 17175542                   /lib/x86_64-linux-gnu/libnss_files-2.19.so
7f85e31df000-7f85e31e0000 r--p 00009000 08:01 17175542                   /lib/x86_64-linux-gnu/libnss_files-2.19.so
7f85e31e0000-7f85e31e1000 rw-p 0000a000 08:01 17175542                   /lib/x86_64-linux-gnu/libnss_files-2.19.so
7f85e31e1000-7f85e31ec000 r-xp 00000000 08:01 17175534                   /lib/x86_64-linux-gnu/libnss_nis-2.19.so
7f85e31ec000-7f85e33eb000 ---p 0000b000 08:01 17175534                   /lib/x86_64-linux-gnu/libnss_nis-2.19.so
7f85e33eb000-7f85e33ec000 r--p 0000a000 08:01 17175534                   /lib/x86_64-linux-gnu/libnss_nis-2.19.so
7f85e33ec000-7f85e33ed000 rw-p 0000b000 08:01 17175534                   /lib/x86_64-linux-gnu/libnss_nis-2.19.so
7f85e33ed000-7f85e3404000 r-xp 00000000 08:01 17175530                   /lib/x86_64-linux-gnu/libnsl-2.19.so
7f85e3404000-7f85e3603000 ---p 00017000 08:01 17175530                   /lib/x86_64-linux-gnu/libnsl-2.19.so
7f85e3603000-7f85e3604000 r--p 00016000 08:01 17175530                   /lib/x86_64-linux-gnu/libnsl-2.19.so
7f85e3604000-7f85e3605000 rw-p 00017000 08:01 17175530                   /lib/x86_64-linux-gnu/libnsl-2.19.so
7f85e3605000-7f85e3607000 rw-p 00000000 00:00 0 
7f85e3607000-7f85e3610000 r-xp 00000000 08:01 17175529                   /lib/x86_64-linux-gnu/libnss_compat-2.19.so
7f85e3610000-7f85e380f000 ---p 00009000 08:01 17175529                   /lib/x86_64-linux-gnu/libnss_compat-2.19.so
7f85e380f000-7f85e3810000 r--p 00008000 08:01 17175529                   /lib/x86_64-linux-gnu/libnss_compat-2.19.so
7f85e3810000-7f85e3811000 rw-p 00009000 08:01 17175529                   /lib/x86_64-linux-gnu/libnss_compat-2.19.so
7f85e3811000-7f85e383e000 r-xp 00000000 08:01 29098199                   /home/percept/android-studio/jre/jre/lib/amd64/libjava.so
7f85e383e000-7f85e3a3d000 ---p 0002d000 08:01 29098199                   /home/percept/android-studio/jre/jre/lib/amd64/libjava.so
7f85e3a3d000-7f85e3a3e000 r--p 0002c000 08:01 29098199                   /home/percept/android-studio/jre/jre/lib/amd64/libjava.so
7f85e3a3e000-7f85e3a40000 rw-p 0002d000 08:01 29098199                   /home/percept/android-studio/jre/jre/lib/amd64/libjava.so
7f85e3a40000-7f85e3a50000 r-xp 00000000 08:01 29098238                   /home/percept/android-studio/jre/jre/lib/amd64/libverify.so
7f85e3a50000-7f85e3c4f000 ---p 00010000 08:01 29098238                   /home/percept/android-studio/jre/jre/lib/amd64/libverify.so
7f85e3c4f000-7f85e3c51000 r--p 0000f000 08:01 29098238                   /home/percept/android-studio/jre/jre/lib/amd64/libverify.so
7f85e3c51000-7f85e3c52000 rw-p 00011000 08:01 29098238                   /home/percept/android-studio/jre/jre/lib/amd64/libverify.so
7f85e3c52000-7f85e3c59000 r-xp 00000000 08:01 17175538                   /lib/x86_64-linux-gnu/librt-2.19.so
7f85e3c59000-7f85e3e58000 ---p 00007000 08:01 17175538                   /lib/x86_64-linux-gnu/librt-2.19.so
7f85e3e58000-7f85e3e59000 r--p 00006000 08:01 17175538                   /lib/x86_64-linux-gnu/librt-2.19.so
7f85e3e59000-7f85e3e5a000 rw-p 00007000 08:01 17175538                   /lib/x86_64-linux-gnu/librt-2.19.so
7f85e3e5a000-7f85e3f5f000 r-xp 00000000 08:01 17175524                   /lib/x86_64-linux-gnu/libm-2.19.so
7f85e3f5f000-7f85e415e000 ---p 00105000 08:01 17175524                   /lib/x86_64-linux-gnu/libm-2.19.so
7f85e415e000-7f85e415f000 r--p 00104000 08:01 17175524                   /lib/x86_64-linux-gnu/libm-2.19.so
7f85e415f000-7f85e4160000 rw-p 00105000 08:01 17175524                   /lib/x86_64-linux-gnu/libm-2.19.so
7f85e4160000-7f85e4d46000 r-xp 00000000 08:01 29098242                   /home/percept/android-studio/jre/jre/lib/amd64/server/libjvm.so
7f85e4d46000-7f85e4f46000 ---p 00be6000 08:01 29098242                   /home/percept/android-studio/jre/jre/lib/amd64/server/libjvm.so
7f85e4f46000-7f85e4fe5000 r--p 00be6000 08:01 29098242                   /home/percept/android-studio/jre/jre/lib/amd64/server/libjvm.so
7f85e4fe5000-7f85e500e000 rw-p 00c85000 08:01 29098242                   /home/percept/android-studio/jre/jre/lib/amd64/server/libjvm.so
7f85e500e000-7f85e5050000 rw-p 00000000 00:00 0 
7f85e5050000-7f85e5069000 r-xp 00000000 08:01 17175531                   /lib/x86_64-linux-gnu/libpthread-2.19.so
7f85e5069000-7f85e5268000 ---p 00019000 08:01 17175531                   /lib/x86_64-linux-gnu/libpthread-2.19.so
7f85e5268000-7f85e5269000 r--p 00018000 08:01 17175531                   /lib/x86_64-linux-gnu/libpthread-2.19.so
7f85e5269000-7f85e526a000 rw-p 00019000 08:01 17175531                   /lib/x86_64-linux-gnu/libpthread-2.19.so
7f85e526a000-7f85e526e000 rw-p 00000000 00:00 0 
7f85e526e000-7f85e5271000 r-xp 00000000 08:01 17175526                   /lib/x86_64-linux-gnu/libdl-2.19.so
7f85e5271000-7f85e5470000 ---p 00003000 08:01 17175526                   /lib/x86_64-linux-gnu/libdl-2.19.so
7f85e5470000-7f85e5471000 r--p 00002000 08:01 17175526                   /lib/x86_64-linux-gnu/libdl-2.19.so
7f85e5471000-7f85e5472000 rw-p 00003000 08:01 17175526                   /lib/x86_64-linux-gnu/libdl-2.19.so
7f85e5472000-7f85e562c000 r-xp 00000000 08:01 17175539                   /lib/x86_64-linux-gnu/libc-2.19.so
7f85e562c000-7f85e582c000 ---p 001ba000 08:01 17175539                   /lib/x86_64-linux-gnu/libc-2.19.so
7f85e582c000-7f85e5830000 r--p 001ba000 08:01 17175539                   /lib/x86_64-linux-gnu/libc-2.19.so
7f85e5830000-7f85e5832000 rw-p 001be000 08:01 17175539                   /lib/x86_64-linux-gnu/libc-2.19.so
7f85e5832000-7f85e5837000 rw-p 00000000 00:00 0 
7f85e5837000-7f85e584d000 r-xp 00000000 08:01 28967238                   /home/percept/android-studio/jre/lib/amd64/jli/libjli.so
7f85e584d000-7f85e5a4c000 ---p 00016000 08:01 28967238                   /home/percept/android-studio/jre/lib/amd64/jli/libjli.so
7f85e5a4c000-7f85e5a4d000 r--p 00015000 08:01 28967238                   /home/percept/android-studio/jre/lib/amd64/jli/libjli.so
7f85e5a4d000-7f85e5a4e000 rw-p 00016000 08:01 28967238                   /home/percept/android-studio/jre/lib/amd64/jli/libjli.so
7f85e5a4e000-7f85e5a71000 r-xp 00000000 08:01 17175532                   /lib/x86_64-linux-gnu/ld-2.19.so
7f85e5a76000-7f85e5b4f000 rw-p 00000000 00:00 0 
7f85e5b4f000-7f85e5b52000 ---p 00000000 00:00 0 
7f85e5b52000-7f85e5c55000 rw-p 00000000 00:00 0                          [stack:16513]
7f85e5c55000-7f85e5c56000 rw-p 00000000 00:00 0 
7f85e5c56000-7f85e5c64000 r--s 000e0000 08:01 2884391                    /home/percept/Android/Sdk/build-tools/24.0.1/lib/dx.jar
7f85e5c64000-7f85e5c6c000 rw-s 00000000 08:01 2494517                    /tmp/hsperfdata_percept/16509
7f85e5c6c000-7f85e5c6d000 rw-p 00000000 00:00 0 
7f85e5c6d000-7f85e5c6e000 ---p 00000000 00:00 0 
7f85e5c6e000-7f85e5c70000 rw-p 00000000 00:00 0 
7f85e5c70000-7f85e5c71000 r--p 00022000 08:01 17175532                   /lib/x86_64-linux-gnu/ld-2.19.so
7f85e5c71000-7f85e5c72000 rw-p 00023000 08:01 17175532                   /lib/x86_64-linux-gnu/ld-2.19.so
7f85e5c72000-7f85e5c73000 rw-p 00000000 00:00 0 
7ffe02a00000-7ffe02a21000 rw-p 00000000 00:00 0                          [stack]
7ffe02b5a000-7ffe02b5c000 r--p 00000000 00:00 0                          [vvar]
7ffe02b5c000-7ffe02b5e000 r-xp 00000000 00:00 0                          [vdso]
ffffffffff600000-ffffffffff601000 r-xp 00000000 00:00 0                  [vsyscall]

VM Arguments:
jvm_args: -Djava.awt.headless=true -Xmx1024M -Dfile.encoding=UTF-8 -Duser.country=IN -Duser.language=en -Duser.variant 
java_command: com.android.dx.command.Main --dex --force-jumbo --num-threads=4 --multi-dex --output /home/percept/ketan/new/MyPlan/app/build/intermediates/transforms/dex/debug/folders/1000/10/com.google.android.exoplayer-exoplayer-r1.5.9_47c1564223cd9ae804daafb6d1da801fac3fb164 /home/percept/ketan/new/MyPlan/app/build/intermediates/exploded-aar/com.google.android.exoplayer/exoplayer/r1.5.9/jars/classes.jar
java_class_path (initial): /home/percept/Android/Sdk/build-tools/24.0.1/lib/dx.jar
Launcher Type: SUN_STANDARD

Environment Variables:
JAVA_HOME=/usr/lib/jvm/java-8-openjdk-amd64
PATH=/usr/local/sbin:/usr/local/bin:/usr/sbin:/usr/bin:/sbin:/bin:/usr/games:/usr/local/games
LD_LIBRARY_PATH=/home/percept/android-studio/bin:
SHELL=/bin/bash
DISPLAY=:0

Signal Handlers:
SIGSEGV: [libjvm.so+0x9daac0], sa_mask[0]=11111111011111111101111111111110, sa_flags=SA_RESTART|SA_SIGINFO
SIGBUS: [libjvm.so+0x9daac0], sa_mask[0]=11111111011111111101111111111110, sa_flags=SA_RESTART|SA_SIGINFO
SIGFPE: [libjvm.so+0x840d90], sa_mask[0]=11111111011111111101111111111110, sa_flags=SA_RESTART|SA_SIGINFO
SIGPIPE: [libjvm.so+0x840d90], sa_mask[0]=11111111011111111101111111111110, sa_flags=SA_RESTART|SA_SIGINFO
SIGXFSZ: [libjvm.so+0x840d90], sa_mask[0]=11111111011111111101111111111110, sa_flags=SA_RESTART|SA_SIGINFO
SIGILL: [libjvm.so+0x840d90], sa_mask[0]=11111111011111111101111111111110, sa_flags=SA_RESTART|SA_SIGINFO
SIGUSR1: SIG_DFL, sa_mask[0]=00000000000000000000000000000000, sa_flags=none
SIGUSR2: [libjvm.so+0x840c60], sa_mask[0]=00100000000000000000000000000000, sa_flags=SA_RESTART|SA_SIGINFO
SIGHUP: [libjvm.so+0x840e50], sa_mask[0]=11111111011111111101111111111110, sa_flags=SA_RESTART|SA_SIGINFO
SIGINT: [libjvm.so+0x840e50], sa_mask[0]=11111111011111111101111111111110, sa_flags=SA_RESTART|SA_SIGINFO
SIGTERM: [libjvm.so+0x840e50], sa_mask[0]=11111111011111111101111111111110, sa_flags=SA_RESTART|SA_SIGINFO
SIGQUIT: [libjvm.so+0x840e50], sa_mask[0]=11111111011111111101111111111110, sa_flags=SA_RESTART|SA_SIGINFO


---------------  S Y S T E M  ---------------

OS:DISTRIB_ID=Ubuntu
DISTRIB_RELEASE=14.04
DISTRIB_CODENAME=trusty
DISTRIB_DESCRIPTION="Ubuntu 14.04.4 LTS"

uname:Linux 4.2.0-30-generic #36~14.04.1-Ubuntu SMP Fri Feb 26 18:49:23 UTC 2016 x86_64
libc:glibc 2.19 NPTL 2.19 
rlimit: STACK 8192k, CORE 0k, NPROC 21543, NOFILE 4096, AS infinity
load average:12.80 4.34 3.10

/proc/meminfo:
MemTotal:        5536592 kB
MemFree:          133684 kB
MemAvailable:    1436844 kB
Buffers:          112764 kB
Cached:          1175384 kB
SwapCached:         1436 kB
Active:          3976504 kB
Inactive:        1123212 kB
Active(anon):    3207824 kB
Inactive(anon):   662164 kB
Active(file):     768680 kB
Inactive(file):   461048 kB
Unevictable:         104 kB
Mlocked:             104 kB
SwapTotal:       1495036 kB
SwapFree:        1473676 kB
Dirty:              3364 kB
Writeback:             0 kB
AnonPages:       3810516 kB
Mapped:           359384 kB
Shmem:             58424 kB
Slab:             147020 kB
SReclaimable:     108340 kB
SUnreclaim:        38680 kB
KernelStack:       11664 kB
PageTables:        46212 kB
NFS_Unstable:          0 kB
Bounce:                0 kB
WritebackTmp:          0 kB
CommitLimit:     4263332 kB
Committed_AS:    8773184 kB
VmallocTotal:   34359738367 kB
VmallocUsed:      305568 kB
VmallocChunk:   34358947836 kB
HardwareCorrupted:     0 kB
AnonHugePages:   2232320 kB
CmaTotal:              0 kB
CmaFree:               0 kB
HugePages_Total:       0
HugePages_Free:        0
HugePages_Rsvd:        0
HugePages_Surp:        0
Hugepagesize:       2048 kB
DirectMap4k:      236140 kB
DirectMap2M:     5472256 kB
DirectMap1G:           0 kB


CPU:total 4 (4 cores per cpu, 1 threads per core) family 22 model 0 stepping 1, cmov, cx8, fxsr, mmx, sse, sse2, sse3, ssse3, sse4.1, sse4.2, popcnt, avx, aes, clmul, mmxext, 3dnowpref, lzcnt, sse4a, tsc, tscinvbit, tscinv, bmi1

/proc/cpuinfo:
processor	: 0
vendor_id	: AuthenticAMD
cpu family	: 22
model		: 0
model name	: AMD Athlon(tm) 5150 APU with Radeon(tm) R3
stepping	: 1
microcode	: 0x700010b
cpu MHz		: 1600.000
cache size	: 2048 KB
physical id	: 0
siblings	: 4
core id		: 0
cpu cores	: 4
apicid		: 0
initial apicid	: 0
fpu		: yes
fpu_exception	: yes
cpuid level	: 13
wp		: yes
flags		: fpu vme de pse tsc msr pae mce cx8 apic sep mtrr pge mca cmov pat pse36 clflush mmx fxsr sse sse2 ht syscall nx mmxext fxsr_opt pdpe1gb rdtscp lm constant_tsc rep_good nopl nonstop_tsc extd_apicid aperfmperf eagerfpu pni pclmulqdq monitor ssse3 cx16 sse4_1 sse4_2 movbe popcnt aes xsave avx f16c lahf_lm cmp_legacy svm extapic cr8_legacy abm sse4a misalignsse 3dnowprefetch osvw ibs skinit wdt topoext perfctr_nb bpext perfctr_l2 arat hw_pstate proc_feedback npt lbrv svm_lock nrip_save tsc_scale flushbyasid decodeassists pausefilter pfthreshold vmmcall bmi1 xsaveopt
bugs		: fxsave_leak sysret_ss_attrs
bogomips	: 3194.19
TLB size	: 1024 4K pages
clflush size	: 64
cache_alignment	: 64
address sizes	: 40 bits physical, 48 bits virtual
power management: ts ttp tm 100mhzsteps hwpstate [11]

processor	: 1
vendor_id	: AuthenticAMD
cpu family	: 22
model		: 0
model name	: AMD Athlon(tm) 5150 APU with Radeon(tm) R3
stepping	: 1
microcode	: 0x700010b
cpu MHz		: 1600.000
cache size	: 2048 KB
physical id	: 0
siblings	: 4
core id		: 1
cpu cores	: 4
apicid		: 1
initial apicid	: 1
fpu		: yes
fpu_exception	: yes
cpuid level	: 13
wp		: yes
flags		: fpu vme de pse tsc msr pae mce cx8 apic sep mtrr pge mca cmov pat pse36 clflush mmx fxsr sse sse2 ht syscall nx mmxext fxsr_opt pdpe1gb rdtscp lm constant_tsc rep_good nopl nonstop_tsc extd_apicid aperfmperf eagerfpu pni pclmulqdq monitor ssse3 cx16 sse4_1 sse4_2 movbe popcnt aes xsave avx f16c lahf_lm cmp_legacy svm extapic cr8_legacy abm sse4a misalignsse 3dnowprefetch osvw ibs skinit wdt topoext perfctr_nb bpext perfctr_l2 arat hw_pstate proc_feedback npt lbrv svm_lock nrip_save tsc_scale flushbyasid decodeassists pausefilter pfthreshold vmmcall bmi1 xsaveopt
bugs		: fxsave_leak sysret_ss_attrs
bogomips	: 3194.19
TLB size	: 1024 4K pages
clflush size	: 64
cache_alignment	: 64
address sizes	: 40 bits physical, 48 bits virtual
power management: ts ttp tm 100mhzsteps hwpstate [11]

processor	: 2
vendor_id	: AuthenticAMD
cpu family	: 22
model		: 0
model name	: AMD Athlon(tm) 5150 APU with Radeon(tm) R3
stepping	: 1
microcode	: 0x700010b
cpu MHz		: 1600.000
cache size	: 2048 KB
physical id	: 0
siblings	: 4
core id		: 2
cpu cores	: 4
apicid		: 2
initial apicid	: 2
fpu		: yes
fpu_exception	: yes
cpuid level	: 13
wp		: yes
flags		: fpu vme de pse tsc msr pae mce cx8 apic sep mtrr pge mca cmov pat pse36 clflush mmx fxsr sse sse2 ht syscall nx mmxext fxsr_opt pdpe1gb rdtscp lm constant_tsc rep_good nopl nonstop_tsc extd_apicid aperfmperf eagerfpu pni pclmulqdq monitor ssse3 cx16 sse4_1 sse4_2 movbe popcnt aes xsave avx f16c lahf_lm cmp_legacy svm extapic cr8_legacy abm sse4a misalignsse 3dnowprefetch osvw ibs skinit wdt topoext perfctr_nb bpext perfctr_l2 arat hw_pstate proc_feedback npt lbrv svm_lock nrip_save tsc_scale flushbyasid decodeassists pausefilter pfthreshold vmmcall bmi1 xsaveopt
bugs		: fxsave_leak sysret_ss_attrs
bogomips	: 3194.19
TLB size	: 1024 4K pages
clflush size	: 64
cache_alignment	: 64
address sizes	: 40 bits physical, 48 bits virtual
power management: ts ttp tm 100mhzsteps hwpstate [11]

processor	: 3
vendor_id	: AuthenticAMD
cpu family	: 22
model		: 0
model name	: AMD Athlon(tm) 5150 APU with Radeon(tm) R3
stepping	: 1
microcode	: 0x700010b
cpu MHz		: 1600.000
cache size	: 2048 KB
physical id	: 0
siblings	: 4
core id		: 3
cpu cores	: 4
apicid		: 3
initial apicid	: 3
fpu		: yes
fpu_exception	: yes
cpuid level	: 13
wp		: yes
flags		: fpu vme de pse tsc msr pae mce cx8 apic sep mtrr pge mca cmov pat pse36 clflush mmx fxsr sse sse2 ht syscall nx mmxext fxsr_opt pdpe1gb rdtscp lm constant_tsc rep_good nopl nonstop_tsc extd_apicid aperfmperf eagerfpu pni pclmulqdq monitor ssse3 cx16 sse4_1 sse4_2 movbe popcnt aes xsave avx f16c lahf_lm cmp_legacy svm extapic cr8_legacy abm sse4a misalignsse 3dnowprefetch osvw ibs skinit wdt topoext perfctr_nb bpext perfctr_l2 arat hw_pstate proc_feedback npt lbrv svm_lock nrip_save tsc_scale flushbyasid decodeassists pausefilter pfthreshold vmmcall bmi1 xsaveopt
bugs		: fxsave_leak sysret_ss_attrs
bogomips	: 3194.19
TLB size	: 1024 4K pages
clflush size	: 64
cache_alignment	: 64
address sizes	: 40 bits physical, 48 bits virtual
power management: ts ttp tm 100mhzsteps hwpstate [11]



Memory: 4k page, physical 5536592k(133684k free), swap 1495036k(1473676k free)

vm_info: OpenJDK 64-Bit Server VM (25.76-b03) for linux-amd64 JRE (1.8.0_76-release-b03), built on Jun 29 2016 09:39:19 by "builder" with gcc 4.8.4

time: Tue Nov 29 14:52:09 2016
elapsed time: 17 seconds (0d 0h 0m 17s)

