#
# A fatal error has been detected by the Java Runtime Environment:
#
#  SIGSEGV (0xb) at pc=0x00007f4920178944, pid=28474, tid=0x00007f4936003700
#
# JRE version: OpenJDK Runtime Environment (8.0_76-b03) (build 1.8.0_76-release-b03)
# Java VM: OpenJDK 64-Bit Server VM (25.76-b03 mixed mode linux-amd64 compressed oops)
# Problematic frame:
# j  com.android.dx.cf.code.Ropper.convert(Lcom/android/dx/cf/code/ConcreteMethod;Lcom/android/dx/rop/code/TranslationAdvice;Lcom/android/dx/cf/iface/MethodList;)Lcom/android/dx/rop/code/RopMethod;+12
#
# Failed to write core dump. Core dumps have been disabled. To enable core dumping, try "ulimit -c unlimited" before starting Java again
#
# If you would like to submit a bug report, please visit:
#   http://bugreport.java.com/bugreport/crash.jsp
#

---------------  T H R E A D  ---------------

Current thread (0x00007f493000a000):  JavaThread "main" [_thread_in_Java, id=28488, stack(0x00007f4935f03000,0x00007f4936004000)]

siginfo: si_signo: 11 (SIGSEGV), si_code: 1 (SEGV_MAPERR), si_addr: 0x00005f491d0ef62a

Registers:
RAX=0x0000000000000000, RBX=0x00007f491d0ef720, RCX=0x00000000eb8136b8, RDX=0x00005f491d0ef600
RSP=0x00007f4936001c20, RBP=0x00007f4936001c70, RSI=0x00007f4936001bb8, RDI=0x00000000eb813d40
R8 =0x0000000000000003, R9 =0x0000000000000018, R10=0x00007f49353e7260, R11=0x00007f4920306a80
R12=0x0000000000000000, R13=0x00007f4936001c28, R14=0x00007f4936001c98, R15=0x00007f493000a000
RIP=0x00007f4920178944, EFLAGS=0x0000000000010246, CSGSFS=0x0000000000000033, ERR=0x0000000000000004
  TRAPNO=0x000000000000000e

Top of Stack: (sp=0x00007f4936001c20)
0x00007f4936001c20:   00007f492016f98d 00000000eb8136b8
0x00007f4936001c30:   00007f4936001c30 00007f491d0ee3d4
0x00007f4936001c40:   00007f4936001c98 00007f491d0fc6d8
0x00007f4936001c50:   0000000000000000 00007f491d0ee458
0x00007f4936001c60:   00007f4936001c28 00007f4936001c88
0x00007f4936001c70:   00007f4936001ce0 00007f492016f710
0x00007f4936001c80:   00000000eb8136b8 00000000eb29b138
0x00007f4936001c90:   00000000eb1853e0 00000000eb813690
0x00007f4936001ca0:   00007f4936001ca0 00007f491d0bd3a0
0x00007f4936001cb0:   00007f4936001db0 00007f491d0c68b0
0x00007f4936001cc0:   0000000000000000 00007f491d0bd718
0x00007f4936001cd0:   00007f4936001c88 00007f4936001d90
0x00007f4936001ce0:   00007f4936001df8 00007f492016f98d
0x00007f4936001cf0:   00000000eb8126e8 00000000eb806058
0x00007f4936001d00:   0000000000000003 00000000eb652488
0x00007f4936001d10:   00000000eb117c80 00000000eb1853e0
0x00007f4936001d20:   00000000eb813690 00000000eb8135b8
0x00007f4936001d30:   0000000000000000 0000000000000000
0x00007f4936001d40:   0000000000000000 0000000000000000
0x00007f4936001d50:   0000000000000001 0000000000000008
0x00007f4936001d60:   00000000eb813670 00000000eb29fce0
0x00007f4936001d70:   0000000000000004 0000000000000008
0x00007f4936001d80:   00000000eb29b138 00000000eb297f38
0x00007f4936001d90:   00000000eac5d230 00000000eb2a06f8
0x00007f4936001da0:   00000000eac334e0 00000000eac334c0
0x00007f4936001db0:   00000000eb297ab8 00007f4936001db8
0x00007f4936001dc0:   00007f491d0bcc38 00007f4936001e80
0x00007f4936001dd0:   00007f491d0c68b0 0000000000000000
0x00007f4936001de0:   00007f491d0bcdb0 00007f4936001d90
0x00007f4936001df0:   00007f4936001e60 00007f4936001ec8
0x00007f4936001e00:   00007f492016f710 0000000000000000
0x00007f4936001e10:   0000000000000000 0000000000000000 

Instructions: (pc=0x00007f4920178944)
0x00007f4920178924:   00 00 00 00 70 86 f7 34 49 7f 00 00 ff ff ff ff
0x00007f4920178934:   00 00 00 00 00 00 00 00 00 00 00 00 48 8b 53 08
0x00007f4920178944:   0f b7 4a 2a 0f b7 52 28 2b d1 81 fa f6 01 00 00
0x00007f4920178954:   0f 86 33 00 00 00 48 8b c2 48 c1 e0 03 48 83 c0 

Register to memory mapping:

RAX=0x0000000000000000 is an unknown value
RBX={method} {0x00007f491d0ef720} 'doit' '()V' in 'com/android/dx/cf/code/Ropper'
RCX=0x00000000eb8136b8 is an oop
com.android.dx.cf.code.Ropper 
 - klass: 'com/android/dx/cf/code/Ropper'
RDX=0x00005f491d0ef600 is an unknown value
RSP=0x00007f4936001c20 is pointing into the stack for thread: 0x00007f493000a000
RBP=0x00007f4936001c70 is pointing into the stack for thread: 0x00007f493000a000
RSI=0x00007f4936001bb8 is pointing into the stack for thread: 0x00007f493000a000
RDI=0x00000000eb813d40 is an oop
com.android.dx.cf.code.Ropper$ExceptionSetupLabelAllocator 
 - klass: 'com/android/dx/cf/code/Ropper$ExceptionSetupLabelAllocator'
R8 =0x0000000000000003 is an unknown value
R9 =0x0000000000000018 is an unknown value
R10=0x00007f49353e7260: <offset 0xed3260> in /home/percept/android-studio/jre/jre/lib/amd64/server/libjvm.so at 0x00007f4934514000
R11=0x00007f4920306a80 is at entry_point+32 in (nmethod*)0x00007f4920306910
R12=0x0000000000000000 is an unknown value
R13=0x00007f4936001c28 is pointing into the stack for thread: 0x00007f493000a000
R14=0x00007f4936001c98 is pointing into the stack for thread: 0x00007f493000a000
R15=0x00007f493000a000 is a thread


Stack: [0x00007f4935f03000,0x00007f4936004000],  sp=0x00007f4936001c20,  free space=1019k
Native frames: (J=compiled Java code, j=interpreted, Vv=VM code, C=native code)
j  com.android.dx.cf.code.Ropper.convert(Lcom/android/dx/cf/code/ConcreteMethod;Lcom/android/dx/rop/code/TranslationAdvice;Lcom/android/dx/cf/iface/MethodList;)Lcom/android/dx/rop/code/RopMethod;+12
j  com.android.dx.dex.cf.CfTranslator.processMethods(Lcom/android/dx/cf/direct/DirectClassFile;Lcom/android/dx/dex/cf/CfOptions;Lcom/android/dx/dex/DexOptions;Lcom/android/dx/dex/file/ClassDefItem;Lcom/android/dx/dex/file/DexFile;)V+176
j  com.android.dx.dex.cf.CfTranslator.translate0(Lcom/android/dx/cf/direct/DirectClassFile;[BLcom/android/dx/dex/cf/CfOptions;Lcom/android/dx/dex/DexOptions;Lcom/android/dx/dex/file/DexFile;)Lcom/android/dx/dex/file/ClassDefItem;+120
j  com.android.dx.dex.cf.CfTranslator.translate(Lcom/android/dx/cf/direct/DirectClassFile;[BLcom/android/dx/dex/cf/CfOptions;Lcom/android/dx/dex/DexOptions;Lcom/android/dx/dex/file/DexFile;)Lcom/android/dx/dex/file/ClassDefItem;+6
j  com.android.dx.command.dexer.Main.translateClass([BLcom/android/dx/cf/direct/DirectClassFile;)Lcom/android/dx/dex/file/ClassDefItem;+17
j  com.android.dx.command.dexer.Main.access$2700([BLcom/android/dx/cf/direct/DirectClassFile;)Lcom/android/dx/dex/file/ClassDefItem;+2
j  com.android.dx.command.dexer.Main$ClassTranslatorTask.call()Lcom/android/dx/dex/file/ClassDefItem;+8
j  com.android.dx.command.dexer.Main$ClassTranslatorTask.call()Ljava/lang/Object;+1
j  java.util.concurrent.FutureTask.run()V+42
j  java.util.concurrent.ThreadPoolExecutor$CallerRunsPolicy.rejectedExecution(Ljava/lang/Runnable;Ljava/util/concurrent/ThreadPoolExecutor;)V+8
j  java.util.concurrent.ThreadPoolExecutor.reject(Ljava/lang/Runnable;)V+6
j  java.util.concurrent.ThreadPoolExecutor.execute(Ljava/lang/Runnable;)V+128
j  java.util.concurrent.AbstractExecutorService.submit(Ljava/util/concurrent/Callable;)Ljava/util/concurrent/Future;+20
j  com.android.dx.command.dexer.Main$DirectClassFileConsumer.call(Lcom/android/dx/cf/direct/DirectClassFile;)Ljava/lang/Boolean;+303
j  com.android.dx.command.dexer.Main$DirectClassFileConsumer.access$700(Lcom/android/dx/command/dexer/Main$DirectClassFileConsumer;Lcom/android/dx/cf/direct/DirectClassFile;)Ljava/lang/Boolean;+2
j  com.android.dx.command.dexer.Main.processClass(Ljava/lang/String;[B)Z+37
j  com.android.dx.command.dexer.Main.processFileBytes(Ljava/lang/String;J[B)Z+188
j  com.android.dx.command.dexer.Main.access$1200(Ljava/lang/String;J[B)Z+3
j  com.android.dx.command.dexer.Main$FileBytesConsumer.processFileBytes(Ljava/lang/String;J[B)Z+4
j  com.android.dx.cf.direct.ClassPathOpener.processArchive(Ljava/io/File;)Z+203
j  com.android.dx.cf.direct.ClassPathOpener.processOne(Ljava/io/File;Z)Z+48
j  com.android.dx.cf.direct.ClassPathOpener.process()Z+15
j  com.android.dx.command.dexer.Main.processOne(Ljava/lang/String;Lcom/android/dx/cf/direct/ClassPathOpener$FileNameFilter;)V+20
j  com.android.dx.command.dexer.Main.processAllFiles()Z+272
j  com.android.dx.command.dexer.Main.runMonoDex()I+58
j  com.android.dx.command.dexer.Main.run(Lcom/android/dx/command/dexer/Main$Arguments;)I+76
j  com.android.dx.command.dexer.Main.main([Ljava/lang/String;)V+14
j  com.android.dx.command.Main.main([Ljava/lang/String;)V+61
v  ~StubRoutines::call_stub
V  [libjvm.so+0x6257fa]  JavaCalls::call_helper(JavaValue*, methodHandle*, JavaCallArguments*, Thread*)+0xeea
V  [libjvm.so+0x635eca]  jni_invoke_static(JNIEnv_*, JavaValue*, _jobject*, JNICallType, _jmethodID*, JNI_ArgumentPusher*, Thread*) [clone .isra.200]+0x2fa
V  [libjvm.so+0x646f7e]  jni_CallStaticVoidMethod+0x16e
C  [libjli.so+0x8149]  JavaMain+0xa09
C  [libpthread.so.0+0x8184]  start_thread+0xc4


---------------  P R O C E S S  ---------------

Java Threads: ( => current thread )
  0x00007f4930153000 JavaThread "pool-1-thread-4" [_thread_in_vm, id=28550, stack(0x00007f490a50a000,0x00007f490a60b000)]
  0x00007f4930152000 JavaThread "pool-1-thread-3" [_thread_blocked, id=28547, stack(0x00007f490a60b000,0x00007f490a70c000)]
  0x00007f493014f000 JavaThread "pool-1-thread-2" [_thread_blocked, id=28543, stack(0x00007f490a70c000,0x00007f490a80d000)]
  0x00007f4930141000 JavaThread "pool-2-thread-1" [_thread_blocked, id=28542, stack(0x00007f490a80d000,0x00007f490a90e000)]
  0x00007f493013f800 JavaThread "pool-1-thread-1" [_thread_blocked, id=28541, stack(0x00007f490a90e000,0x00007f490aa0f000)]
  0x00007f49300bf800 JavaThread "Service Thread" daemon [_thread_blocked, id=28537, stack(0x00007f490ab10000,0x00007f490ac11000)]
  0x00007f49300bc800 JavaThread "C1 CompilerThread2" daemon [_thread_in_native, id=28532, stack(0x00007f490ac11000,0x00007f490ad12000)]
  0x00007f49300ba800 JavaThread "C2 CompilerThread1" daemon [_thread_blocked, id=28527, stack(0x00007f490ad12000,0x00007f490ae13000)]
  0x00007f49300b8000 JavaThread "C2 CompilerThread0" daemon [_thread_in_vm, id=28526, stack(0x00007f490ae13000,0x00007f490af14000)]
  0x00007f49300b6800 JavaThread "Signal Dispatcher" daemon [_thread_blocked, id=28525, stack(0x00007f490af14000,0x00007f490b015000)]
  0x00007f4930083800 JavaThread "Finalizer" daemon [_thread_blocked, id=28515, stack(0x00007f490b6f7000,0x00007f490b7f8000)]
  0x00007f493007f000 JavaThread "Reference Handler" daemon [_thread_blocked, id=28513, stack(0x00007f490b7f8000,0x00007f490b8f9000)]
=>0x00007f493000a000 JavaThread "main" [_thread_in_Java, id=28488, stack(0x00007f4935f03000,0x00007f4936004000)]

Other Threads:
  0x00007f4930077800 VMThread [stack: 0x00007f490b8f9000,0x00007f490b9fa000] [id=28507]
  0x00007f49300c2000 WatcherThread [stack: 0x00007f490aa0f000,0x00007f490ab10000] [id=28540]

VM state:not at safepoint (normal execution)

VM Mutex/Monitor currently owned by a thread: None

Heap:
 PSYoungGen      total 25600K, used 14182K [0x00000000eab00000, 0x00000000ec780000, 0x0000000100000000)
  eden space 22016K, 64% used [0x00000000eab00000,0x00000000eb8d9938,0x00000000ec080000)
  from space 3584K, 0% used [0x00000000ec400000,0x00000000ec400000,0x00000000ec780000)
  to   space 3584K, 0% used [0x00000000ec080000,0x00000000ec080000,0x00000000ec400000)
 ParOldGen       total 58880K, used 0K [0x00000000c0000000, 0x00000000c3980000, 0x00000000eab00000)
  object space 58880K, 0% used [0x00000000c0000000,0x00000000c0000000,0x00000000c3980000)
 Metaspace       used 5465K, capacity 6576K, committed 6784K, reserved 1056768K
  class space    used 567K, capacity 616K, committed 640K, reserved 1048576K

Card table byte_map: [0x00007f491fba7000,0x00007f491fda8000] byte_map_base: 0x00007f491f5a7000

Marking Bits: (ParMarkBitMap*) 0x00007f49353d71a0
 Begin Bits: [0x00007f491d64d000, 0x00007f491e64d000)
 End Bits:   [0x00007f491e64d000, 0x00007f491f64d000)

Polling page: 0x00007f4936021000

CodeCache: size=245760Kb used=2076Kb max_used=2077Kb free=243683Kb
 bounds [0x00007f4920168000, 0x00007f49203d8000, 0x00007f492f168000]
 total_blobs=772 nmethods=506 adapters=182
 compilation: enabled

Compilation events (10 events):
Event: 2.064 Thread 0x00007f49300bc800 nmethod 523 0x00007f4920361a90 code [0x00007f4920361c00, 0x00007f4920361e88]
Event: 2.064 Thread 0x00007f49300bc800  535       3       com.android.dx.util.BitIntSet::<init> (13 bytes)
Event: 2.065 Thread 0x00007f49300bc800 nmethod 535 0x00007f4920361550 code [0x00007f49203616c0, 0x00007f4920361970]
Event: 2.065 Thread 0x00007f49300bc800  536       3       java.util.AbstractMap::<init> (5 bytes)
Event: 2.065 Thread 0x00007f49300bc800 nmethod 536 0x00007f4920361190 code [0x00007f4920361300, 0x00007f49203614b0]
Event: 2.065 Thread 0x00007f49300bc800  532       3       com.android.dx.rop.code.BasicBlockList$RegCountVisitor::processReg (19 bytes)
Event: 2.066 Thread 0x00007f49300bc800 nmethod 532 0x00007f4920360910 code [0x00007f4920360aa0, 0x00007f4920360f78]
Event: 2.066 Thread 0x00007f49300bc800  533       3       com.android.dx.rop.code.RegisterSpec::getNextReg (10 bytes)
Event: 2.071 Thread 0x00007f49300ba800  543       4       com.android.dx.rop.code.BasicBlockList::get (9 bytes)
Event: 2.074 Thread 0x00007f49300ba800 nmethod 543 0x00007f492036f910 code [0x00007f492036fa60, 0x00007f492036fb38]

GC Heap History (0 events):
No events

Deoptimization events (6 events):
Event: 0.780 Thread 0x00007f493000a000 Uncommon trap: reason=unstable_if action=reinterpret pc=0x00007f49202a6ec8 method=java.lang.String.indexOf(II)I @ 49
Event: 1.833 Thread 0x00007f4930152000 Uncommon trap: reason=unstable_if action=reinterpret pc=0x00007f492035326c method=java.util.BitSet.nextSetBit(I)I @ 87
Event: 2.029 Thread 0x00007f4930153000 Uncommon trap: reason=class_check action=maybe_recompile pc=0x00007f492035ef50 method=com.android.dx.ssa.NormalSsaInsn.accept(Lcom/android/dx/ssa/SsaInsn$Visitor;)V @ 9
Event: 2.029 Thread 0x00007f4930153000 Uncommon trap: reason=class_check action=maybe_recompile pc=0x00007f492035ef50 method=com.android.dx.ssa.NormalSsaInsn.accept(Lcom/android/dx/ssa/SsaInsn$Visitor;)V @ 9
Event: 2.029 Thread 0x00007f4930153000 Uncommon trap: reason=class_check action=maybe_recompile pc=0x00007f492035ef50 method=com.android.dx.ssa.NormalSsaInsn.accept(Lcom/android/dx/ssa/SsaInsn$Visitor;)V @ 9
Event: 2.053 Thread 0x00007f493000a000 Uncommon trap: reason=class_check action=maybe_recompile pc=0x00007f492035ef50 method=com.android.dx.ssa.NormalSsaInsn.accept(Lcom/android/dx/ssa/SsaInsn$Visitor;)V @ 9

Internal exceptions (2 events):
Event: 0.055 Thread 0x00007f493000a000 Exception <a 'java/lang/NoSuchMethodError': Method sun.misc.Unsafe.defineClass(Ljava/lang/String;[BII)Ljava/lang/Class; name or signature does not match> (0x00000000eab07cc0) thrown at [/ssd/Android/AOSP-openjdk/external/jetbrains/jdk/hotspot/src/share/vm
Event: 0.055 Thread 0x00007f493000a000 Exception <a 'java/lang/NoSuchMethodError': Method sun.misc.Unsafe.prefetchRead(Ljava/lang/Object;J)V name or signature does not match> (0x00000000eab07fa8) thrown at [/ssd/Android/AOSP-openjdk/external/jetbrains/jdk/hotspot/src/share/vm/prims/jni.cpp, li

Events (10 events):
Event: 2.029 Thread 0x00007f4930153000 Uncommon trap: trap_request=0xffffffde fr.pc=0x00007f492035ef50
Event: 2.029 Thread 0x00007f4930153000 DEOPT PACKING pc=0x00007f492035ef50 sp=0x00007f490a608ec0
Event: 2.029 Thread 0x00007f4930153000 DEOPT UNPACKING pc=0x00007f492016cf69 sp=0x00007f490a608e70 mode 2
Event: 2.052 loading class java/util/TreeMap$EntrySet
Event: 2.052 loading class java/util/TreeMap$EntrySet done
Event: 2.052 loading class java/util/TreeMap$EntryIterator
Event: 2.053 loading class java/util/TreeMap$EntryIterator done
Event: 2.053 Thread 0x00007f493000a000 Uncommon trap: trap_request=0xffffffde fr.pc=0x00007f492035ef50
Event: 2.053 Thread 0x00007f493000a000 DEOPT PACKING pc=0x00007f492035ef50 sp=0x00007f4936001790
Event: 2.053 Thread 0x00007f493000a000 DEOPT UNPACKING pc=0x00007f492016cf69 sp=0x00007f4936001740 mode 2


Dynamic libraries:
00400000-00401000 r-xp 00000000 08:01 28969612                           /home/percept/android-studio/jre/bin/java
00600000-00601000 r--p 00000000 08:01 28969612                           /home/percept/android-studio/jre/bin/java
00601000-00602000 rw-p 00001000 08:01 28969612                           /home/percept/android-studio/jre/bin/java
01b7d000-01b9e000 rw-p 00000000 00:00 0                                  [heap]
c0000000-c3980000 rw-p 00000000 00:00 0 
c3980000-eab00000 ---p 00000000 00:00 0 
eab00000-ec780000 rw-p 00000000 00:00 0 
ec780000-100000000 ---p 00000000 00:00 0 
100000000-1000a0000 rw-p 00000000 00:00 0 
1000a0000-140000000 ---p 00000000 00:00 0 
7f48cc000000-7f48cc021000 rw-p 00000000 00:00 0 
7f48cc021000-7f48d0000000 ---p 00000000 00:00 0 
7f48d4000000-7f48d4021000 rw-p 00000000 00:00 0 
7f48d4021000-7f48d8000000 ---p 00000000 00:00 0 
7f48d8000000-7f48d8021000 rw-p 00000000 00:00 0 
7f48d8021000-7f48dc000000 ---p 00000000 00:00 0 
7f48dc000000-7f48dc03a000 rw-p 00000000 00:00 0 
7f48dc03a000-7f48e0000000 ---p 00000000 00:00 0 
7f48e0000000-7f48e0021000 rw-p 00000000 00:00 0 
7f48e0021000-7f48e4000000 ---p 00000000 00:00 0 
7f48e4000000-7f48e4021000 rw-p 00000000 00:00 0 
7f48e4021000-7f48e8000000 ---p 00000000 00:00 0 
7f48e8000000-7f48e8021000 rw-p 00000000 00:00 0 
7f48e8021000-7f48ec000000 ---p 00000000 00:00 0 
7f48ec000000-7f48ec03b000 rw-p 00000000 00:00 0 
7f48ec03b000-7f48f0000000 ---p 00000000 00:00 0 
7f48f0000000-7f48f01c6000 rw-p 00000000 00:00 0 
7f48f01c6000-7f48f4000000 ---p 00000000 00:00 0 
7f48f4000000-7f48f4021000 rw-p 00000000 00:00 0 
7f48f4021000-7f48f8000000 ---p 00000000 00:00 0 
7f48f8000000-7f48f807d000 rw-p 00000000 00:00 0 
7f48f807d000-7f48fc000000 ---p 00000000 00:00 0 
7f48fc000000-7f48fc021000 rw-p 00000000 00:00 0 
7f48fc021000-7f4900000000 ---p 00000000 00:00 0 
7f4900000000-7f4900021000 rw-p 00000000 00:00 0 
7f4900021000-7f4904000000 ---p 00000000 00:00 0 
7f4904000000-7f4904021000 rw-p 00000000 00:00 0 
7f4904021000-7f4908000000 ---p 00000000 00:00 0 
7f490a50a000-7f490a50d000 ---p 00000000 00:00 0 
7f490a50d000-7f490a60b000 rw-p 00000000 00:00 0                          [stack:28550]
7f490a60b000-7f490a60e000 ---p 00000000 00:00 0 
7f490a60e000-7f490a70c000 rw-p 00000000 00:00 0                          [stack:28547]
7f490a70c000-7f490a70f000 ---p 00000000 00:00 0 
7f490a70f000-7f490a80d000 rw-p 00000000 00:00 0                          [stack:28543]
7f490a80d000-7f490a810000 ---p 00000000 00:00 0 
7f490a810000-7f490a90e000 rw-p 00000000 00:00 0                          [stack:28542]
7f490a90e000-7f490a911000 ---p 00000000 00:00 0 
7f490a911000-7f490aa0f000 rw-p 00000000 00:00 0                          [stack:28541]
7f490aa0f000-7f490aa10000 ---p 00000000 00:00 0 
7f490aa10000-7f490ab10000 rw-p 00000000 00:00 0                          [stack:28540]
7f490ab10000-7f490ab13000 ---p 00000000 00:00 0 
7f490ab13000-7f490ac11000 rw-p 00000000 00:00 0                          [stack:28537]
7f490ac11000-7f490ac14000 ---p 00000000 00:00 0 
7f490ac14000-7f490ad12000 rw-p 00000000 00:00 0                          [stack:28532]
7f490ad12000-7f490ad15000 ---p 00000000 00:00 0 
7f490ad15000-7f490ae13000 rw-p 00000000 00:00 0                          [stack:28527]
7f490ae13000-7f490ae16000 ---p 00000000 00:00 0 
7f490ae16000-7f490af14000 rw-p 00000000 00:00 0                          [stack:28526]
7f490af14000-7f490af17000 ---p 00000000 00:00 0 
7f490af17000-7f490b015000 rw-p 00000000 00:00 0                          [stack:28525]
7f490b015000-7f490b6f7000 r--p 00000000 08:01 9181736                    /usr/lib/locale/locale-archive
7f490b6f7000-7f490b6fa000 ---p 00000000 00:00 0 
7f490b6fa000-7f490b7f8000 rw-p 00000000 00:00 0                          [stack:28515]
7f490b7f8000-7f490b7fb000 ---p 00000000 00:00 0 
7f490b7fb000-7f490b8f9000 rw-p 00000000 00:00 0                          [stack:28513]
7f490b8f9000-7f490b8fa000 ---p 00000000 00:00 0 
7f490b8fa000-7f490c000000 rw-p 00000000 00:00 0                          [stack:28507]
7f490c000000-7f490c021000 rw-p 00000000 00:00 0 
7f490c021000-7f4910000000 ---p 00000000 00:00 0 
7f4910000000-7f4910021000 rw-p 00000000 00:00 0 
7f4910021000-7f4914000000 ---p 00000000 00:00 0 
7f4914000000-7f4914021000 rw-p 00000000 00:00 0 
7f4914021000-7f4918000000 ---p 00000000 00:00 0 
7f4918000000-7f4918021000 rw-p 00000000 00:00 0 
7f4918021000-7f491c000000 ---p 00000000 00:00 0 
7f491c051000-7f491ca0a000 rw-p 00000000 00:00 0 
7f491ca0a000-7f491cbd7000 r--s 03bec000 08:01 28969647                   /home/percept/android-studio/jre/jre/lib/rt.jar
7f491cbd7000-7f491d24d000 rw-p 00000000 00:00 0 
7f491d24d000-7f491d44d000 ---p 00000000 00:00 0 
7f491d44d000-7f491f64d000 rw-p 00000000 00:00 0 
7f491f64d000-7f491f64e000 ---p 00000000 00:00 0 
7f491f64e000-7f491f74e000 rw-p 00000000 00:00 0                          [stack:28498]
7f491f74e000-7f491f74f000 ---p 00000000 00:00 0 
7f491f74f000-7f491f84f000 rw-p 00000000 00:00 0                          [stack:28497]
7f491f84f000-7f491f850000 ---p 00000000 00:00 0 
7f491f850000-7f491f950000 rw-p 00000000 00:00 0                          [stack:28496]
7f491f950000-7f491f951000 ---p 00000000 00:00 0 
7f491f951000-7f491fa6e000 rw-p 00000000 00:00 0                          [stack:28495]
7f491fa6e000-7f491fba7000 ---p 00000000 00:00 0 
7f491fba7000-7f491fbc4000 rw-p 00000000 00:00 0 
7f491fbc4000-7f491fcfc000 ---p 00000000 00:00 0 
7f491fcfc000-7f491fd0b000 rw-p 00000000 00:00 0 
7f491fd0b000-7f491fda7000 ---p 00000000 00:00 0 
7f491fda7000-7f491fdb2000 rw-p 00000000 00:00 0 
7f491fdb2000-7f4920168000 ---p 00000000 00:00 0 
7f4920168000-7f49203d8000 rwxp 00000000 00:00 0 
7f49203d8000-7f492f168000 ---p 00000000 00:00 0 
7f492f168000-7f492f182000 r-xp 00000000 08:01 29098179                   /home/percept/android-studio/jre/jre/lib/amd64/libzip.so
7f492f182000-7f492f382000 ---p 0001a000 08:01 29098179                   /home/percept/android-studio/jre/jre/lib/amd64/libzip.so
7f492f382000-7f492f383000 r--p 0001a000 08:01 29098179                   /home/percept/android-studio/jre/jre/lib/amd64/libzip.so
7f492f383000-7f492f384000 rw-p 0001b000 08:01 29098179                   /home/percept/android-studio/jre/jre/lib/amd64/libzip.so
7f492f384000-7f492f38e000 r-xp 00000000 08:01 17175542                   /lib/x86_64-linux-gnu/libnss_files-2.19.so
7f492f38e000-7f492f58d000 ---p 0000a000 08:01 17175542                   /lib/x86_64-linux-gnu/libnss_files-2.19.so
7f492f58d000-7f492f58e000 r--p 00009000 08:01 17175542                   /lib/x86_64-linux-gnu/libnss_files-2.19.so
7f492f58e000-7f492f58f000 rw-p 0000a000 08:01 17175542                   /lib/x86_64-linux-gnu/libnss_files-2.19.so
7f492f58f000-7f492f59a000 r-xp 00000000 08:01 17175534                   /lib/x86_64-linux-gnu/libnss_nis-2.19.so
7f492f59a000-7f492f799000 ---p 0000b000 08:01 17175534                   /lib/x86_64-linux-gnu/libnss_nis-2.19.so
7f492f799000-7f492f79a000 r--p 0000a000 08:01 17175534                   /lib/x86_64-linux-gnu/libnss_nis-2.19.so
7f492f79a000-7f492f79b000 rw-p 0000b000 08:01 17175534                   /lib/x86_64-linux-gnu/libnss_nis-2.19.so
7f492f79b000-7f492f7b2000 r-xp 00000000 08:01 17175530                   /lib/x86_64-linux-gnu/libnsl-2.19.so
7f492f7b2000-7f492f9b1000 ---p 00017000 08:01 17175530                   /lib/x86_64-linux-gnu/libnsl-2.19.so
7f492f9b1000-7f492f9b2000 r--p 00016000 08:01 17175530                   /lib/x86_64-linux-gnu/libnsl-2.19.so
7f492f9b2000-7f492f9b3000 rw-p 00017000 08:01 17175530                   /lib/x86_64-linux-gnu/libnsl-2.19.so
7f492f9b3000-7f492f9b5000 rw-p 00000000 00:00 0 
7f492f9b5000-7f492f9be000 r-xp 00000000 08:01 17175529                   /lib/x86_64-linux-gnu/libnss_compat-2.19.so
7f492f9be000-7f492fbbd000 ---p 00009000 08:01 17175529                   /lib/x86_64-linux-gnu/libnss_compat-2.19.so
7f492fbbd000-7f492fbbe000 r--p 00008000 08:01 17175529                   /lib/x86_64-linux-gnu/libnss_compat-2.19.so
7f492fbbe000-7f492fbbf000 rw-p 00009000 08:01 17175529                   /lib/x86_64-linux-gnu/libnss_compat-2.19.so
7f492fbbf000-7f492fbec000 r-xp 00000000 08:01 29098199                   /home/percept/android-studio/jre/jre/lib/amd64/libjava.so
7f492fbec000-7f492fdeb000 ---p 0002d000 08:01 29098199                   /home/percept/android-studio/jre/jre/lib/amd64/libjava.so
7f492fdeb000-7f492fdec000 r--p 0002c000 08:01 29098199                   /home/percept/android-studio/jre/jre/lib/amd64/libjava.so
7f492fdec000-7f492fdee000 rw-p 0002d000 08:01 29098199                   /home/percept/android-studio/jre/jre/lib/amd64/libjava.so
7f492fdee000-7f492fdfe000 r-xp 00000000 08:01 29098238                   /home/percept/android-studio/jre/jre/lib/amd64/libverify.so
7f492fdfe000-7f492fffd000 ---p 00010000 08:01 29098238                   /home/percept/android-studio/jre/jre/lib/amd64/libverify.so
7f492fffd000-7f492ffff000 r--p 0000f000 08:01 29098238                   /home/percept/android-studio/jre/jre/lib/amd64/libverify.so
7f492ffff000-7f4930000000 rw-p 00011000 08:01 29098238                   /home/percept/android-studio/jre/jre/lib/amd64/libverify.so
7f4930000000-7f49303f7000 rw-p 00000000 00:00 0 
7f49303f7000-7f4934000000 ---p 00000000 00:00 0 
7f4934006000-7f493400d000 r-xp 00000000 08:01 17175538                   /lib/x86_64-linux-gnu/librt-2.19.so
7f493400d000-7f493420c000 ---p 00007000 08:01 17175538                   /lib/x86_64-linux-gnu/librt-2.19.so
7f493420c000-7f493420d000 r--p 00006000 08:01 17175538                   /lib/x86_64-linux-gnu/librt-2.19.so
7f493420d000-7f493420e000 rw-p 00007000 08:01 17175538                   /lib/x86_64-linux-gnu/librt-2.19.so
7f493420e000-7f4934313000 r-xp 00000000 08:01 17175524                   /lib/x86_64-linux-gnu/libm-2.19.so
7f4934313000-7f4934512000 ---p 00105000 08:01 17175524                   /lib/x86_64-linux-gnu/libm-2.19.so
7f4934512000-7f4934513000 r--p 00104000 08:01 17175524                   /lib/x86_64-linux-gnu/libm-2.19.so
7f4934513000-7f4934514000 rw-p 00105000 08:01 17175524                   /lib/x86_64-linux-gnu/libm-2.19.so
7f4934514000-7f49350fa000 r-xp 00000000 08:01 29098242                   /home/percept/android-studio/jre/jre/lib/amd64/server/libjvm.so
7f49350fa000-7f49352fa000 ---p 00be6000 08:01 29098242                   /home/percept/android-studio/jre/jre/lib/amd64/server/libjvm.so
7f49352fa000-7f4935399000 r--p 00be6000 08:01 29098242                   /home/percept/android-studio/jre/jre/lib/amd64/server/libjvm.so
7f4935399000-7f49353c2000 rw-p 00c85000 08:01 29098242                   /home/percept/android-studio/jre/jre/lib/amd64/server/libjvm.so
7f49353c2000-7f4935404000 rw-p 00000000 00:00 0 
7f4935404000-7f493541d000 r-xp 00000000 08:01 17175531                   /lib/x86_64-linux-gnu/libpthread-2.19.so
7f493541d000-7f493561c000 ---p 00019000 08:01 17175531                   /lib/x86_64-linux-gnu/libpthread-2.19.so
7f493561c000-7f493561d000 r--p 00018000 08:01 17175531                   /lib/x86_64-linux-gnu/libpthread-2.19.so
7f493561d000-7f493561e000 rw-p 00019000 08:01 17175531                   /lib/x86_64-linux-gnu/libpthread-2.19.so
7f493561e000-7f4935622000 rw-p 00000000 00:00 0 
7f4935622000-7f4935625000 r-xp 00000000 08:01 17175526                   /lib/x86_64-linux-gnu/libdl-2.19.so
7f4935625000-7f4935824000 ---p 00003000 08:01 17175526                   /lib/x86_64-linux-gnu/libdl-2.19.so
7f4935824000-7f4935825000 r--p 00002000 08:01 17175526                   /lib/x86_64-linux-gnu/libdl-2.19.so
7f4935825000-7f4935826000 rw-p 00003000 08:01 17175526                   /lib/x86_64-linux-gnu/libdl-2.19.so
7f4935826000-7f49359e0000 r-xp 00000000 08:01 17175539                   /lib/x86_64-linux-gnu/libc-2.19.so
7f49359e0000-7f4935be0000 ---p 001ba000 08:01 17175539                   /lib/x86_64-linux-gnu/libc-2.19.so
7f4935be0000-7f4935be4000 r--p 001ba000 08:01 17175539                   /lib/x86_64-linux-gnu/libc-2.19.so
7f4935be4000-7f4935be6000 rw-p 001be000 08:01 17175539                   /lib/x86_64-linux-gnu/libc-2.19.so
7f4935be6000-7f4935beb000 rw-p 00000000 00:00 0 
7f4935beb000-7f4935c01000 r-xp 00000000 08:01 28967238                   /home/percept/android-studio/jre/lib/amd64/jli/libjli.so
7f4935c01000-7f4935e00000 ---p 00016000 08:01 28967238                   /home/percept/android-studio/jre/lib/amd64/jli/libjli.so
7f4935e00000-7f4935e01000 r--p 00015000 08:01 28967238                   /home/percept/android-studio/jre/lib/amd64/jli/libjli.so
7f4935e01000-7f4935e02000 rw-p 00016000 08:01 28967238                   /home/percept/android-studio/jre/lib/amd64/jli/libjli.so
7f4935e02000-7f4935e25000 r-xp 00000000 08:01 17175532                   /lib/x86_64-linux-gnu/ld-2.19.so
7f4935e25000-7f4935e26000 rw-p 00000000 00:00 0 
7f4935e26000-7f4935e2a000 r--s 00045000 08:01 14419169                   /home/percept/ketan/new/MyPlan/app/build/intermediates/exploded-aar/com.android.support/recyclerview-v7/23.4.0/jars/classes.jar
7f4935e2a000-7f4935f03000 rw-p 00000000 00:00 0 
7f4935f03000-7f4935f06000 ---p 00000000 00:00 0 
7f4935f06000-7f4936009000 rw-p 00000000 00:00 0                          [stack:28488]
7f4936009000-7f493600a000 rw-p 00000000 00:00 0 
7f493600a000-7f4936018000 r--s 000e0000 08:01 2884391                    /home/percept/Android/Sdk/build-tools/24.0.1/lib/dx.jar
7f4936018000-7f4936020000 rw-s 00000000 08:01 2494937                    /tmp/hsperfdata_percept/28474
7f4936020000-7f4936021000 rw-p 00000000 00:00 0 
7f4936021000-7f4936022000 r--p 00000000 00:00 0 
7f4936022000-7f4936024000 rw-p 00000000 00:00 0 
7f4936024000-7f4936025000 r--p 00022000 08:01 17175532                   /lib/x86_64-linux-gnu/ld-2.19.so
7f4936025000-7f4936026000 rw-p 00023000 08:01 17175532                   /lib/x86_64-linux-gnu/ld-2.19.so
7f4936026000-7f4936027000 rw-p 00000000 00:00 0 
7fff9e868000-7fff9e889000 rw-p 00000000 00:00 0                          [stack]
7fff9e9ad000-7fff9e9af000 r--p 00000000 00:00 0                          [vvar]
7fff9e9af000-7fff9e9b1000 r-xp 00000000 00:00 0                          [vdso]
ffffffffff600000-ffffffffff601000 r-xp 00000000 00:00 0                  [vsyscall]

VM Arguments:
jvm_args: -Djava.awt.headless=true -Xmx1024M -Dfile.encoding=UTF-8 -Duser.country=IN -Duser.language=en -Duser.variant 
java_command: com.android.dx.command.Main --dex --num-threads=4 --output /home/percept/ketan/new/MyPlan/app/build/intermediates/pre-dexed/debug/com.android.support-recyclerview-v7-23.4.0_b3150f94ea348bf2cf0a50f643e91eca737454ac.jar /home/percept/ketan/new/MyPlan/app/build/intermediates/exploded-aar/com.android.support/recyclerview-v7/23.4.0/jars/classes.jar
java_class_path (initial): /home/percept/Android/Sdk/build-tools/24.0.1/lib/dx.jar
Launcher Type: SUN_STANDARD

Environment Variables:
JAVA_HOME=/usr/lib/jvm/java-8-openjdk-amd64
PATH=/usr/local/sbin:/usr/local/bin:/usr/sbin:/usr/bin:/sbin:/bin:/usr/games:/usr/local/games
LD_LIBRARY_PATH=/home/percept/android-studio/bin:
SHELL=/bin/bash
DISPLAY=:0

Signal Handlers:
SIGSEGV: [libjvm.so+0x9daac0], sa_mask[0]=11111111011111111101111111111110, sa_flags=SA_RESTART|SA_SIGINFO
SIGBUS: [libjvm.so+0x9daac0], sa_mask[0]=11111111011111111101111111111110, sa_flags=SA_RESTART|SA_SIGINFO
SIGFPE: [libjvm.so+0x840d90], sa_mask[0]=11111111011111111101111111111110, sa_flags=SA_RESTART|SA_SIGINFO
SIGPIPE: [libjvm.so+0x840d90], sa_mask[0]=11111111011111111101111111111110, sa_flags=SA_RESTART|SA_SIGINFO
SIGXFSZ: [libjvm.so+0x840d90], sa_mask[0]=11111111011111111101111111111110, sa_flags=SA_RESTART|SA_SIGINFO
SIGILL: [libjvm.so+0x840d90], sa_mask[0]=11111111011111111101111111111110, sa_flags=SA_RESTART|SA_SIGINFO
SIGUSR1: SIG_DFL, sa_mask[0]=00000000000000000000000000000000, sa_flags=none
SIGUSR2: [libjvm.so+0x840c60], sa_mask[0]=00100000000000000000000000000000, sa_flags=SA_RESTART|SA_SIGINFO
SIGHUP: [libjvm.so+0x840e50], sa_mask[0]=11111111011111111101111111111110, sa_flags=SA_RESTART|SA_SIGINFO
SIGINT: [libjvm.so+0x840e50], sa_mask[0]=11111111011111111101111111111110, sa_flags=SA_RESTART|SA_SIGINFO
SIGTERM: [libjvm.so+0x840e50], sa_mask[0]=11111111011111111101111111111110, sa_flags=SA_RESTART|SA_SIGINFO
SIGQUIT: [libjvm.so+0x840e50], sa_mask[0]=11111111011111111101111111111110, sa_flags=SA_RESTART|SA_SIGINFO


---------------  S Y S T E M  ---------------

OS:DISTRIB_ID=Ubuntu
DISTRIB_RELEASE=14.04
DISTRIB_CODENAME=trusty
DISTRIB_DESCRIPTION="Ubuntu 14.04.4 LTS"

uname:Linux 4.2.0-30-generic #36~14.04.1-Ubuntu SMP Fri Feb 26 18:49:23 UTC 2016 x86_64
libc:glibc 2.19 NPTL 2.19 
rlimit: STACK 8192k, CORE 0k, NPROC 21543, NOFILE 4096, AS infinity
load average:4.02 2.87 4.10

/proc/meminfo:
MemTotal:        5536592 kB
MemFree:          441512 kB
MemAvailable:    1262812 kB
Buffers:           80916 kB
Cached:           794852 kB
SwapCached:        23424 kB
Active:          3530752 kB
Inactive:        1276476 kB
Active(anon):    2993596 kB
Inactive(anon):  1013792 kB
Active(file):     537156 kB
Inactive(file):   262684 kB
Unevictable:         104 kB
Mlocked:             104 kB
SwapTotal:       1495036 kB
SwapFree:        1210872 kB
Dirty:             27904 kB
Writeback:             0 kB
AnonPages:       3908932 kB
Mapped:           321804 kB
Shmem:             75928 kB
Slab:              97596 kB
SReclaimable:      56368 kB
SUnreclaim:        41228 kB
KernelStack:       13408 kB
PageTables:        53344 kB
NFS_Unstable:          0 kB
Bounce:                0 kB
WritebackTmp:          0 kB
CommitLimit:     4263332 kB
Committed_AS:   10086996 kB
VmallocTotal:   34359738367 kB
VmallocUsed:      305864 kB
VmallocChunk:   34358947836 kB
HardwareCorrupted:     0 kB
AnonHugePages:   2414592 kB
CmaTotal:              0 kB
CmaFree:               0 kB
HugePages_Total:       0
HugePages_Free:        0
HugePages_Rsvd:        0
HugePages_Surp:        0
Hugepagesize:       2048 kB
DirectMap4k:      279148 kB
DirectMap2M:     5429248 kB
DirectMap1G:           0 kB


CPU:total 4 (4 cores per cpu, 1 threads per core) family 22 model 0 stepping 1, cmov, cx8, fxsr, mmx, sse, sse2, sse3, ssse3, sse4.1, sse4.2, popcnt, avx, aes, clmul, mmxext, 3dnowpref, lzcnt, sse4a, tsc, tscinvbit, tscinv, bmi1

/proc/cpuinfo:
processor	: 0
vendor_id	: AuthenticAMD
cpu family	: 22
model		: 0
model name	: AMD Athlon(tm) 5150 APU with Radeon(tm) R3
stepping	: 1
microcode	: 0x700010b
cpu MHz		: 1400.000
cache size	: 2048 KB
physical id	: 0
siblings	: 4
core id		: 0
cpu cores	: 4
apicid		: 0
initial apicid	: 0
fpu		: yes
fpu_exception	: yes
cpuid level	: 13
wp		: yes
flags		: fpu vme de pse tsc msr pae mce cx8 apic sep mtrr pge mca cmov pat pse36 clflush mmx fxsr sse sse2 ht syscall nx mmxext fxsr_opt pdpe1gb rdtscp lm constant_tsc rep_good nopl nonstop_tsc extd_apicid aperfmperf eagerfpu pni pclmulqdq monitor ssse3 cx16 sse4_1 sse4_2 movbe popcnt aes xsave avx f16c lahf_lm cmp_legacy svm extapic cr8_legacy abm sse4a misalignsse 3dnowprefetch osvw ibs skinit wdt topoext perfctr_nb bpext perfctr_l2 arat hw_pstate proc_feedback npt lbrv svm_lock nrip_save tsc_scale flushbyasid decodeassists pausefilter pfthreshold vmmcall bmi1 xsaveopt
bugs		: fxsave_leak sysret_ss_attrs
bogomips	: 3194.19
TLB size	: 1024 4K pages
clflush size	: 64
cache_alignment	: 64
address sizes	: 40 bits physical, 48 bits virtual
power management: ts ttp tm 100mhzsteps hwpstate [11]

processor	: 1
vendor_id	: AuthenticAMD
cpu family	: 22
model		: 0
model name	: AMD Athlon(tm) 5150 APU with Radeon(tm) R3
stepping	: 1
microcode	: 0x700010b
cpu MHz		: 800.000
cache size	: 2048 KB
physical id	: 0
siblings	: 4
core id		: 1
cpu cores	: 4
apicid		: 1
initial apicid	: 1
fpu		: yes
fpu_exception	: yes
cpuid level	: 13
wp		: yes
flags		: fpu vme de pse tsc msr pae mce cx8 apic sep mtrr pge mca cmov pat pse36 clflush mmx fxsr sse sse2 ht syscall nx mmxext fxsr_opt pdpe1gb rdtscp lm constant_tsc rep_good nopl nonstop_tsc extd_apicid aperfmperf eagerfpu pni pclmulqdq monitor ssse3 cx16 sse4_1 sse4_2 movbe popcnt aes xsave avx f16c lahf_lm cmp_legacy svm extapic cr8_legacy abm sse4a misalignsse 3dnowprefetch osvw ibs skinit wdt topoext perfctr_nb bpext perfctr_l2 arat hw_pstate proc_feedback npt lbrv svm_lock nrip_save tsc_scale flushbyasid decodeassists pausefilter pfthreshold vmmcall bmi1 xsaveopt
bugs		: fxsave_leak sysret_ss_attrs
bogomips	: 3194.19
TLB size	: 1024 4K pages
clflush size	: 64
cache_alignment	: 64
address sizes	: 40 bits physical, 48 bits virtual
power management: ts ttp tm 100mhzsteps hwpstate [11]

processor	: 2
vendor_id	: AuthenticAMD
cpu family	: 22
model		: 0
model name	: AMD Athlon(tm) 5150 APU with Radeon(tm) R3
stepping	: 1
microcode	: 0x700010b
cpu MHz		: 800.000
cache size	: 2048 KB
physical id	: 0
siblings	: 4
core id		: 2
cpu cores	: 4
apicid		: 2
initial apicid	: 2
fpu		: yes
fpu_exception	: yes
cpuid level	: 13
wp		: yes
flags		: fpu vme de pse tsc msr pae mce cx8 apic sep mtrr pge mca cmov pat pse36 clflush mmx fxsr sse sse2 ht syscall nx mmxext fxsr_opt pdpe1gb rdtscp lm constant_tsc rep_good nopl nonstop_tsc extd_apicid aperfmperf eagerfpu pni pclmulqdq monitor ssse3 cx16 sse4_1 sse4_2 movbe popcnt aes xsave avx f16c lahf_lm cmp_legacy svm extapic cr8_legacy abm sse4a misalignsse 3dnowprefetch osvw ibs skinit wdt topoext perfctr_nb bpext perfctr_l2 arat hw_pstate proc_feedback npt lbrv svm_lock nrip_save tsc_scale flushbyasid decodeassists pausefilter pfthreshold vmmcall bmi1 xsaveopt
bugs		: fxsave_leak sysret_ss_attrs
bogomips	: 3194.19
TLB size	: 1024 4K pages
clflush size	: 64
cache_alignment	: 64
address sizes	: 40 bits physical, 48 bits virtual
power management: ts ttp tm 100mhzsteps hwpstate [11]

processor	: 3
vendor_id	: AuthenticAMD
cpu family	: 22
model		: 0
model name	: AMD Athlon(tm) 5150 APU with Radeon(tm) R3
stepping	: 1
microcode	: 0x700010b
cpu MHz		: 800.000
cache size	: 2048 KB
physical id	: 0
siblings	: 4
core id		: 3
cpu cores	: 4
apicid		: 3
initial apicid	: 3
fpu		: yes
fpu_exception	: yes
cpuid level	: 13
wp		: yes
flags		: fpu vme de pse tsc msr pae mce cx8 apic sep mtrr pge mca cmov pat pse36 clflush mmx fxsr sse sse2 ht syscall nx mmxext fxsr_opt pdpe1gb rdtscp lm constant_tsc rep_good nopl nonstop_tsc extd_apicid aperfmperf eagerfpu pni pclmulqdq monitor ssse3 cx16 sse4_1 sse4_2 movbe popcnt aes xsave avx f16c lahf_lm cmp_legacy svm extapic cr8_legacy abm sse4a misalignsse 3dnowprefetch osvw ibs skinit wdt topoext perfctr_nb bpext perfctr_l2 arat hw_pstate proc_feedback npt lbrv svm_lock nrip_save tsc_scale flushbyasid decodeassists pausefilter pfthreshold vmmcall bmi1 xsaveopt
bugs		: fxsave_leak sysret_ss_attrs
bogomips	: 3194.19
TLB size	: 1024 4K pages
clflush size	: 64
cache_alignment	: 64
address sizes	: 40 bits physical, 48 bits virtual
power management: ts ttp tm 100mhzsteps hwpstate [11]



Memory: 4k page, physical 5536592k(441512k free), swap 1495036k(1210872k free)

vm_info: OpenJDK 64-Bit Server VM (25.76-b03) for linux-amd64 JRE (1.8.0_76-release-b03), built on Jun 29 2016 09:39:19 by "builder" with gcc 4.8.4

time: Tue Nov 29 15:27:56 2016
elapsed time: 2 seconds (0d 0h 0m 2s)

