#
# A fatal error has been detected by the Java Runtime Environment:
#
#  SIGSEGV (0xb) at pc=0x00007f77020623c3, pid=16226, tid=140148610230016
#
# JRE version: OpenJDK Runtime Environment (8.0_91-b14) (build 1.8.0_91-8u91-b14-0ubuntu4~14.04-b14)
# Java VM: OpenJDK 64-Bit Server VM (25.91-b14 mixed mode linux-amd64 compressed oops)
# Problematic frame:
# V  [libjvm.so+0x3183c3]
#
# Failed to write core dump. Core dumps have been disabled. To enable core dumping, try "ulimit -c unlimited" before starting Java again
#
# If you would like to submit a bug report, please visit:
#   http://bugreport.java.com/bugreport/crash.jsp
#

---------------  T H R E A D  ---------------

Current thread (0x00007f76fc0ad000):  JavaThread "C2 CompilerThread0" daemon [_thread_in_native, id=16244, stack(0x00007f76e410e000,0x00007f76e420f000)]

siginfo: si_signo: 11 (SIGSEGV), si_code: 1 (SEGV_MAPERR), si_addr: 0x00005f76b4067f88

Registers:
RAX=0x00005f76b4067f60, RBX=0x000000000000002b, RCX=0x000000000000ffff, RDX=0x00007f76c01b70c0
RSP=0x00007f76e420a970, RBP=0x00007f76e420aac0, RSI=0x00000000ffffffff, RDI=0x00000000ffffffff
R8 =0x00007f76b4060908, R9 =0x00007f76c0263560, R10=0x0000000000000004, R11=0x0000000000400000
R12=0x00007f76b4068f38, R13=0x0000000000000001, R14=0x00007f76e420abd0, R15=0x00007f76bc206cc8
RIP=0x00007f77020623c3, EFLAGS=0x0000000000010297, CSGSFS=0x0000000000000033, ERR=0x0000000000000004
  TRAPNO=0x000000000000000e

Top of Stack: (sp=0x00007f76e420a970)
0x00007f76e420a970:   00000000000000db 0000000000000018
0x00007f76e420a980:   00007f76b4068f38 00007f76e420cfb0
0x00007f76e420a990:   00007f76e420ab40 00007f76e420aa70
0x00007f76e420a9a0:   00007f76bc206ce0 0000000000000010
0x00007f76e420a9b0:   00007f76bc206cd8 0000000000000014
0x00007f76e420a9c0:   00007f76bc206cdc ffffffffffffffdf
0x00007f76e420a9d0:   00007f76bc204010 0000000000000018
0x00007f76e420a9e0:   00000005000000db 0000000400000006
0x00007f76e420a9f0:   0000000000000020 00007f76bc204140
0x00007f76e420aa00:   0000000700000007 00007f76bc206cd8
0x00007f76e420aa10:   00007f76c0263560 0000000500000001
0x00007f76e420aa20:   00007f76fc0ad9b0 00007f76e420aa60
0x00007f76e420aa30:   00007f76e420aa50 00007f76b4060908
0x00007f76e420aa40:   00007f76e420ab00 00007f760000000c
0x00007f76e420aa50:   0000000000000000 00007f76e420ddd0
0x00007f76e420aa60:   0000000000000010 00007f77021435a0
0x00007f76e420aa70:   00007f7600000080 00007f76fc0ad9b0
0x00007f76e420aa80:   00007f76bc206cf0 00007f7600000058
0x00007f76e420aa90:   00007f76e5d0f1c0 00007f76bc1ffa00
0x00007f76e420aaa0:   00007f76e420d7b8 00007f76e420cfb0
0x00007f76e420aab0:   00007f76e420ab40 0000000000000e5f
0x00007f76e420aac0:   00007f76e420ab20 00007f77025bcef9
0x00007f76e420aad0:   00007f76e420ad00 00007f76e420ab40
0x00007f76e420aae0:   00007f7600000009 00007f76e420d140
0x00007f76e420aaf0:   00007f76e420ab20 00007f76e420b690
0x00007f76e420ab00:   00007f76e420ad00 00007f76e420abd0
0x00007f76e420ab10:   00007f76e420ab40 00007f76e420cfb0
0x00007f76e420ab20:   00007f76e420c340 00007f77021b2d9e
0x00007f76e420ab30:   0000000000000000 00007f76e420cfb8
0x00007f76e420ab40:   0000000000000006 00007f76e420cfb0
0x00007f76e420ab50:   00007f76b4067fa0 00007f76b45478e8
0x00007f76e420ab60:   0000000000000200 00007f76fc0ad9b0 

Instructions: (pc=0x00007f77020623c3)
0x00007f77020623a3:   0f 1f 44 00 00 83 c3 01 41 3b 58 18 0f 83 03 01
0x00007f77020623b3:   00 00 49 8b 40 08 89 da 48 8b 04 d0 49 8b 56 18
0x00007f77020623c3:   8b 48 28 48 8d 14 8a 0f b7 4a 02 0f b7 12 0f bf
0x00007f77020623d3:   f9 0f bf f2 83 ff ff 74 10 c1 ff 05 45 89 eb 48 

Register to memory mapping:

RAX=0x00005f76b4067f60 is an unknown value
RBX=0x000000000000002b is an unknown value
RCX=0x000000000000ffff is an unknown value
RDX=0x00007f76c01b70c0 is an unknown value
RSP=0x00007f76e420a970 is pointing into the stack for thread: 0x00007f76fc0ad000
RBP=0x00007f76e420aac0 is pointing into the stack for thread: 0x00007f76fc0ad000
RSI=0x00000000ffffffff is an unallocated location in the heap
RDI=0x00000000ffffffff is an unallocated location in the heap
R8 =0x00007f76b4060908 is an unknown value
R9 =0x00007f76c0263560 is an unknown value
R10=0x0000000000000004 is an unknown value
R11=0x0000000000400000: <offset 0> in /usr/lib/jvm/java-8-openjdk-amd64/bin/java at 0x0000000000400000
R12=0x00007f76b4068f38 is an unknown value
R13=0x0000000000000001 is an unknown value
R14=0x00007f76e420abd0 is pointing into the stack for thread: 0x00007f76fc0ad000
R15=0x00007f76bc206cc8 is an unknown value


Stack: [0x00007f76e410e000,0x00007f76e420f000],  sp=0x00007f76e420a970,  free space=1010k
Native frames: (J=compiled Java code, j=interpreted, Vv=VM code, C=native code)
V  [libjvm.so+0x3183c3]
V  [libjvm.so+0x872ef9]
V  [libjvm.so+0x468d9e]
V  [libjvm.so+0x469f8e]
V  [libjvm.so+0x3c4d18]
V  [libjvm.so+0x473b46]
V  [libjvm.so+0x474cdc]
V  [libjvm.so+0x9a0b70]
V  [libjvm.so+0x8584a2]
C  [libpthread.so.0+0x8184]  start_thread+0xc4


Current CompileTask:
C2:   6222  870       4       com.android.dx.ssa.SsaBasicBlock::forEachInsn (37 bytes)


---------------  P R O C E S S  ---------------

Java Threads: ( => current thread )
  0x00007f76fc191800 JavaThread "pool-2-thread-4" [_thread_blocked, id=16268, stack(0x00007f76c77f8000,0x00007f76c78f9000)]
  0x00007f76fc18f800 JavaThread "pool-2-thread-3" [_thread_blocked, id=16267, stack(0x00007f76c78f9000,0x00007f76c79fa000)]
  0x00007f76fc18e000 JavaThread "pool-2-thread-2" [_thread_blocked, id=16266, stack(0x00007f76c79fa000,0x00007f76c7afb000)]
  0x00007f76fc18c000 JavaThread "pool-3-thread-1" [_thread_blocked, id=16265, stack(0x00007f76c7afb000,0x00007f76c7bfc000)]
  0x00007f76fc16a000 JavaThread "pool-2-thread-1" [_thread_blocked, id=16264, stack(0x00007f76c7bfc000,0x00007f76c7cfd000)]
  0x00007f76fc0b9000 JavaThread "Service Thread" daemon [_thread_blocked, id=16249, stack(0x00007f76c7dfe000,0x00007f76c7eff000)]
  0x00007f76fc0b2000 JavaThread "C1 CompilerThread2" daemon [_thread_in_native, id=16248, stack(0x00007f76c7eff000,0x00007f76c8000000)]
  0x00007f76fc0b0000 JavaThread "C2 CompilerThread1" daemon [_thread_in_native, id=16245, stack(0x00007f76e400d000,0x00007f76e410e000)]
=>0x00007f76fc0ad000 JavaThread "C2 CompilerThread0" daemon [_thread_in_native, id=16244, stack(0x00007f76e410e000,0x00007f76e420f000)]
  0x00007f76fc0ab000 JavaThread "Signal Dispatcher" daemon [_thread_blocked, id=16243, stack(0x00007f76e420f000,0x00007f76e4310000)]
  0x00007f76fc084000 JavaThread "Finalizer" daemon [_thread_blocked, id=16237, stack(0x00007f76e49f2000,0x00007f76e4af3000)]
  0x00007f76fc07f800 JavaThread "Reference Handler" daemon [_thread_blocked, id=16236, stack(0x00007f76e4af3000,0x00007f76e4bf4000)]
  0x00007f76fc00a000 JavaThread "main" [_thread_in_Java, id=16230, stack(0x00007f7703940000,0x00007f7703a41000)]

Other Threads:
  0x00007f76fc077800 VMThread [stack: 0x00007f76e4bf4000,0x00007f76e4cf5000] [id=16235]
  0x00007f76fc0bb800 WatcherThread [stack: 0x00007f76c7cfd000,0x00007f76c7dfe000] [id=16251]

VM state:not at safepoint (normal execution)

VM Mutex/Monitor currently owned by a thread: None

Heap:
 PSYoungGen      total 34816K, used 19832K [0x00000000eab00000, 0x00000000ed180000, 0x0000000100000000)
  eden space 30208K, 50% used [0x00000000eab00000,0x00000000eb9e1de8,0x00000000ec880000)
  from space 4608K, 99% used [0x00000000ec880000,0x00000000eccfc460,0x00000000ecd00000)
  to   space 4608K, 0% used [0x00000000ecd00000,0x00000000ecd00000,0x00000000ed180000)
 ParOldGen       total 79360K, used 635K [0x00000000c0000000, 0x00000000c4d80000, 0x00000000eab00000)
  object space 79360K, 0% used [0x00000000c0000000,0x00000000c009ec68,0x00000000c4d80000)
 Metaspace       used 5711K, capacity 6768K, committed 7040K, reserved 1056768K
  class space    used 567K, capacity 616K, committed 640K, reserved 1048576K

Card table byte_map: [0x00007f76ecdff000,0x00007f76ed000000] byte_map_base: 0x00007f76ec7ff000

Marking Bits: (ParMarkBitMap*) 0x00007f7702c14080
 Begin Bits: [0x00007f76e6000000, 0x00007f76e7000000)
 End Bits:   [0x00007f76e7000000, 0x00007f76e8000000)

Polling page: 0x00007f7703a5f000

CodeCache: size=245760Kb used=3167Kb max_used=3184Kb free=242592Kb
 bounds [0x00007f76ed000000, 0x00007f76ed320000, 0x00007f76fc000000]
 total_blobs=1091 nmethods=823 adapters=182
 compilation: enabled

Compilation events (10 events):
Event: 6.151 Thread 0x00007f76fc0b2000 nmethod 898 0x00007f76ed30e510 code [0x00007f76ed30e680, 0x00007f76ed30e878]
Event: 6.151 Thread 0x00007f76fc0b2000  876       2       java.util.ArrayList::fastRemove (57 bytes)
Event: 6.179 Thread 0x00007f76fc0b2000 nmethod 876 0x00007f76ed30fed0 code [0x00007f76ed310040, 0x00007f76ed3102a8]
Event: 6.180 Thread 0x00007f76fc0b2000  987       2       com.android.dx.rop.code.RegisterSpecSet::localItemToSpec (49 bytes)
Event: 6.188 Thread 0x00007f76fc0b2000 nmethod 987 0x00007f76ed313590 code [0x00007f76ed313720, 0x00007f76ed313a08]
Event: 6.188 Thread 0x00007f76fc0b2000  985       2       java.util.TreeMap::successor (66 bytes)
Event: 6.188 Thread 0x00007f76fc0b2000 nmethod 985 0x00007f76ed313c10 code [0x00007f76ed313d80, 0x00007f76ed313fd0]
Event: 6.188 Thread 0x00007f76fc0b2000  984       2       java.util.TreeMap$PrivateEntryIterator::nextEntry (54 bytes)
Event: 6.189 Thread 0x00007f76fc0b2000 nmethod 984 0x00007f76ed314150 code [0x00007f76ed3142e0, 0x00007f76ed3145c8]
Event: 6.189 Thread 0x00007f76fc0b2000  901       2       com.android.dx.ssa.back.SsaToRop::convertBasicBlock (126 bytes)

GC Heap History (2 events):
Event: 4.581 GC heap before
{Heap before GC invocations=1 (full 0):
 PSYoungGen      total 34816K, used 30208K [0x00000000eab00000, 0x00000000ed180000, 0x0000000100000000)
  eden space 30208K, 100% used [0x00000000eab00000,0x00000000ec880000,0x00000000ec880000)
  from space 4608K, 0% used [0x00000000ecd00000,0x00000000ecd00000,0x00000000ed180000)
  to   space 4608K, 0% used [0x00000000ec880000,0x00000000ec880000,0x00000000ecd00000)
 ParOldGen       total 79360K, used 0K [0x00000000c0000000, 0x00000000c4d80000, 0x00000000eab00000)
  object space 79360K, 0% used [0x00000000c0000000,0x00000000c0000000,0x00000000c4d80000)
 Metaspace       used 5633K, capacity 6704K, committed 6784K, reserved 1056768K
  class space    used 566K, capacity 616K, committed 640K, reserved 1048576K
Event: 4.625 GC heap after
Heap after GC invocations=1 (full 0):
 PSYoungGen      total 34816K, used 4593K [0x00000000eab00000, 0x00000000ed180000, 0x0000000100000000)
  eden space 30208K, 0% used [0x00000000eab00000,0x00000000eab00000,0x00000000ec880000)
  from space 4608K, 99% used [0x00000000ec880000,0x00000000eccfc460,0x00000000ecd00000)
  to   space 4608K, 0% used [0x00000000ecd00000,0x00000000ecd00000,0x00000000ed180000)
 ParOldGen       total 79360K, used 635K [0x00000000c0000000, 0x00000000c4d80000, 0x00000000eab00000)
  object space 79360K, 0% used [0x00000000c0000000,0x00000000c009ec68,0x00000000c4d80000)
 Metaspace       used 5633K, capacity 6704K, committed 6784K, reserved 1056768K
  class space    used 566K, capacity 616K, committed 640K, reserved 1048576K
}

Deoptimization events (6 events):
Event: 1.825 Thread 0x00007f76fc00a000 Uncommon trap: reason=unstable_if action=reinterpret pc=0x00007f76ed1481c8 method=java.lang.String.indexOf(II)I @ 49
Event: 1.948 Thread 0x00007f76fc18f800 Uncommon trap: reason=unstable_if action=reinterpret pc=0x00007f76ed162968 method=java.lang.String.compareTo(Ljava/lang/String;)I @ 38
Event: 3.276 Thread 0x00007f76fc18f800 Uncommon trap: reason=unstable_if action=reinterpret pc=0x00007f76ed1e55e0 method=java.util.HashMap.getNode(ILjava/lang/Object;)Ljava/util/HashMap$Node; @ 129
Event: 3.338 Thread 0x00007f76fc16a000 Uncommon trap: reason=unstable_if action=reinterpret pc=0x00007f76ed1fccac method=java.util.BitSet.nextSetBit(I)I @ 87
Event: 4.135 Thread 0x00007f76fc18f800 Uncommon trap: reason=unstable_if action=reinterpret pc=0x00007f76ed25eb1c method=com.android.dx.rop.cst.Constant.compareTo(Lcom/android/dx/rop/cst/Constant;)I @ 12
Event: 5.119 Thread 0x00007f76fc00a000 Uncommon trap: reason=null_check action=make_not_entrant pc=0x00007f76ed2b8d10 method=com.android.dx.ssa.SsaRenamer.getLocalForNewReg(I)Lcom/android/dx/rop/code/LocalItem; @ 19

Internal exceptions (6 events):
Event: 0.217 Thread 0x00007f76fc00a000 Exception <a 'java/lang/NoSuchMethodError': Method sun.misc.Unsafe.defineClass(Ljava/lang/String;[BII)Ljava/lang/Class; name or signature does not match> (0x00000000eab07cc0) thrown at [/build/openjdk-8-vT_67x/openjdk-8-8u91-b14/src/hotspot/src/share/vm/p
Event: 0.217 Thread 0x00007f76fc00a000 Exception <a 'java/lang/NoSuchMethodError': Method sun.misc.Unsafe.prefetchRead(Ljava/lang/Object;J)V name or signature does not match> (0x00000000eab07fa8) thrown at [/build/openjdk-8-vT_67x/openjdk-8-8u91-b14/src/hotspot/src/share/vm/prims/jni.cpp, line
Event: 0.625 Thread 0x00007f76fc00a000 Exception <a 'java/util/zip/ZipException'> (0x00000000eab55338) thrown at [/build/openjdk-8-vT_67x/openjdk-8-8u91-b14/src/hotspot/src/share/vm/prims/jni.cpp, line 709]
Event: 0.625 Thread 0x00007f76fc00a000 Exception <a 'java/security/PrivilegedActionException'> (0x00000000eab555d8) thrown at [/build/openjdk-8-vT_67x/openjdk-8-8u91-b14/src/hotspot/src/share/vm/prims/jvm.cpp, line 1386]
Event: 0.625 Thread 0x00007f76fc00a000 Exception <a 'java/security/PrivilegedActionException'> (0x00000000eab557e8) thrown at [/build/openjdk-8-vT_67x/openjdk-8-8u91-b14/src/hotspot/src/share/vm/prims/jvm.cpp, line 1386]
Event: 5.119 Thread 0x00007f76fc00a000 Implicit null exception at 0x00007f76ed2b6c8a to 0x00007f76ed2b8ce9

Events (10 events):
Event: 4.569 Executing VM operation: EnableBiasedLocking done
Event: 4.576 Executing VM operation: ParallelGCFailedAllocation
Event: 4.625 Executing VM operation: ParallelGCFailedAllocation done
Event: 4.668 loading class java/util/TreeMap$EntrySet
Event: 4.669 loading class java/util/TreeMap$EntrySet done
Event: 4.669 loading class java/util/TreeMap$EntryIterator
Event: 4.669 loading class java/util/TreeMap$EntryIterator done
Event: 5.119 Thread 0x00007f76fc00a000 Uncommon trap: trap_request=0xfffffff4 fr.pc=0x00007f76ed2b8d10
Event: 5.119 Thread 0x00007f76fc00a000 DEOPT PACKING pc=0x00007f76ed2b8d10 sp=0x00007f7703a3e840
Event: 5.136 Thread 0x00007f76fc00a000 DEOPT UNPACKING pc=0x00007f76ed004f69 sp=0x00007f7703a3e688 mode 2


Dynamic libraries:
00400000-00401000 r-xp 00000000 08:01 9710719                            /usr/lib/jvm/java-8-openjdk-amd64/jre/bin/java
00600000-00601000 r--p 00000000 08:01 9710719                            /usr/lib/jvm/java-8-openjdk-amd64/jre/bin/java
00601000-00602000 rw-p 00001000 08:01 9710719                            /usr/lib/jvm/java-8-openjdk-amd64/jre/bin/java
00ff8000-01019000 rw-p 00000000 00:00 0                                  [heap]
c0000000-c4d80000 rw-p 00000000 00:00 0 
c4d80000-eab00000 ---p 00000000 00:00 0 
eab00000-ed180000 rw-p 00000000 00:00 0 
ed180000-100000000 ---p 00000000 00:00 0 
100000000-1000a0000 rw-p 00000000 00:00 0 
1000a0000-140000000 ---p 00000000 00:00 0 
7f769c000000-7f769c027000 rw-p 00000000 00:00 0 
7f769c027000-7f76a0000000 ---p 00000000 00:00 0 
7f76a0000000-7f76a0021000 rw-p 00000000 00:00 0 
7f76a0021000-7f76a4000000 ---p 00000000 00:00 0 
7f76a4000000-7f76a4021000 rw-p 00000000 00:00 0 
7f76a4021000-7f76a8000000 ---p 00000000 00:00 0 
7f76a8000000-7f76a8021000 rw-p 00000000 00:00 0 
7f76a8021000-7f76ac000000 ---p 00000000 00:00 0 
7f76ac000000-7f76ac021000 rw-p 00000000 00:00 0 
7f76ac021000-7f76b0000000 ---p 00000000 00:00 0 
7f76b0000000-7f76b0034000 rw-p 00000000 00:00 0 
7f76b0034000-7f76b4000000 ---p 00000000 00:00 0 
7f76b4000000-7f76b457e000 rw-p 00000000 00:00 0 
7f76b457e000-7f76b8000000 ---p 00000000 00:00 0 
7f76b8000000-7f76b8021000 rw-p 00000000 00:00 0 
7f76b8021000-7f76bc000000 ---p 00000000 00:00 0 
7f76bc000000-7f76bc393000 rw-p 00000000 00:00 0 
7f76bc393000-7f76c0000000 ---p 00000000 00:00 0 
7f76c0000000-7f76c032e000 rw-p 00000000 00:00 0 
7f76c032e000-7f76c4000000 ---p 00000000 00:00 0 
7f76c77f8000-7f76c77fb000 ---p 00000000 00:00 0 
7f76c77fb000-7f76c78f9000 rw-p 00000000 00:00 0                          [stack:16268]
7f76c78f9000-7f76c78fc000 ---p 00000000 00:00 0 
7f76c78fc000-7f76c79fa000 rw-p 00000000 00:00 0                          [stack:16267]
7f76c79fa000-7f76c79fd000 ---p 00000000 00:00 0 
7f76c79fd000-7f76c7afb000 rw-p 00000000 00:00 0                          [stack:16266]
7f76c7afb000-7f76c7afe000 ---p 00000000 00:00 0 
7f76c7afe000-7f76c7bfc000 rw-p 00000000 00:00 0                          [stack:16265]
7f76c7bfc000-7f76c7bff000 ---p 00000000 00:00 0 
7f76c7bff000-7f76c7cfd000 rw-p 00000000 00:00 0                          [stack:16264]
7f76c7cfd000-7f76c7cfe000 ---p 00000000 00:00 0 
7f76c7cfe000-7f76c7dfe000 rw-p 00000000 00:00 0                          [stack:16251]
7f76c7dfe000-7f76c7e01000 ---p 00000000 00:00 0 
7f76c7e01000-7f76c7eff000 rw-p 00000000 00:00 0                          [stack:16249]
7f76c7eff000-7f76c7f02000 ---p 00000000 00:00 0 
7f76c7f02000-7f76c8000000 rw-p 00000000 00:00 0                          [stack:16248]
7f76c8000000-7f76c8021000 rw-p 00000000 00:00 0 
7f76c8021000-7f76cc000000 ---p 00000000 00:00 0 
7f76cc000000-7f76cc021000 rw-p 00000000 00:00 0 
7f76cc021000-7f76d0000000 ---p 00000000 00:00 0 
7f76d0000000-7f76d0021000 rw-p 00000000 00:00 0 
7f76d0021000-7f76d4000000 ---p 00000000 00:00 0 
7f76d4000000-7f76d4021000 rw-p 00000000 00:00 0 
7f76d4021000-7f76d8000000 ---p 00000000 00:00 0 
7f76d8000000-7f76d8021000 rw-p 00000000 00:00 0 
7f76d8021000-7f76dc000000 ---p 00000000 00:00 0 
7f76dc000000-7f76dc021000 rw-p 00000000 00:00 0 
7f76dc021000-7f76e0000000 ---p 00000000 00:00 0 
7f76e0000000-7f76e0021000 rw-p 00000000 00:00 0 
7f76e0021000-7f76e4000000 ---p 00000000 00:00 0 
7f76e400d000-7f76e4010000 ---p 00000000 00:00 0 
7f76e4010000-7f76e410e000 rw-p 00000000 00:00 0                          [stack:16245]
7f76e410e000-7f76e4111000 ---p 00000000 00:00 0 
7f76e4111000-7f76e420f000 rw-p 00000000 00:00 0                          [stack:16244]
7f76e420f000-7f76e4212000 ---p 00000000 00:00 0 
7f76e4212000-7f76e4310000 rw-p 00000000 00:00 0                          [stack:16243]
7f76e4310000-7f76e49f2000 r--p 00000000 08:01 9181736                    /usr/lib/locale/locale-archive
7f76e49f2000-7f76e49f5000 ---p 00000000 00:00 0 
7f76e49f5000-7f76e4af3000 rw-p 00000000 00:00 0                          [stack:16237]
7f76e4af3000-7f76e4af6000 ---p 00000000 00:00 0 
7f76e4af6000-7f76e4bf4000 rw-p 00000000 00:00 0                          [stack:16236]
7f76e4bf4000-7f76e4bf5000 ---p 00000000 00:00 0 
7f76e4bf5000-7f76e5e40000 rw-p 00000000 00:00 0                          [stack:16235]
7f76e5e40000-7f76e6000000 ---p 00000000 00:00 0 
7f76e6000000-7f76e8000000 rw-p 00000000 00:00 0 
7f76e8000000-7f76e8021000 rw-p 00000000 00:00 0 
7f76e8021000-7f76ec000000 ---p 00000000 00:00 0 
7f76ec02f000-7f76ec03a000 r--s 0004b000 08:01 29891210                   /home/percept/ketan/MypalnProject/newgit/MyPlan/app/build/intermediates/exploded-aar/com.android.support/support-v4/24.1.1/jars/libs/internal_impl-24.1.1.jar
7f76ec03a000-7f76ec055000 r--s 001d7000 08:01 10095800                   /usr/lib/jvm/java-8-openjdk-amd64/jre/lib/ext/nashorn.jar
7f76ec055000-7f76ec071000 r--s 00393000 08:01 10095802                   /usr/lib/jvm/java-8-openjdk-amd64/jre/lib/ext/cldrdata.jar
7f76ec071000-7f76ec4d8000 rw-p 00000000 00:00 0 
7f76ec4d8000-7f76ec6a5000 r--s 03be7000 08:01 9833555                    /usr/lib/jvm/java-8-openjdk-amd64/jre/lib/rt.jar
7f76ec6a5000-7f76ec8a5000 rw-p 00000000 00:00 0 
7f76ec8a5000-7f76ec8a6000 ---p 00000000 00:00 0 
7f76ec8a6000-7f76ec9a6000 rw-p 00000000 00:00 0                          [stack:16234]
7f76ec9a6000-7f76ec9a7000 ---p 00000000 00:00 0 
7f76ec9a7000-7f76ecaa7000 rw-p 00000000 00:00 0                          [stack:16233]
7f76ecaa7000-7f76ecaa8000 ---p 00000000 00:00 0 
7f76ecaa8000-7f76ecba8000 rw-p 00000000 00:00 0                          [stack:16232]
7f76ecba8000-7f76ecba9000 ---p 00000000 00:00 0 
7f76ecba9000-7f76eccd0000 rw-p 00000000 00:00 0                          [stack:16231]
7f76eccd0000-7f76ecdff000 ---p 00000000 00:00 0 
7f76ecdff000-7f76ece26000 rw-p 00000000 00:00 0 
7f76ece26000-7f76ecf54000 ---p 00000000 00:00 0 
7f76ecf54000-7f76ecf68000 rw-p 00000000 00:00 0 
7f76ecf68000-7f76ecfff000 ---p 00000000 00:00 0 
7f76ecfff000-7f76ed000000 rw-p 00000000 00:00 0 
7f76ed000000-7f76ed330000 rwxp 00000000 00:00 0 
7f76ed330000-7f76fc000000 ---p 00000000 00:00 0 
7f76fc000000-7f76fc1d7000 rw-p 00000000 00:00 0 
7f76fc1d7000-7f7700000000 ---p 00000000 00:00 0 
7f7700000000-7f7700002000 rw-p 00000000 00:00 0 
7f7700002000-7f7700010000 r--s 000e0000 08:01 2884391                    /home/percept/Android/Sdk/build-tools/24.0.1/lib/dx.jar
7f7700010000-7f770001a000 r--s 00116000 08:01 10095808                   /usr/lib/jvm/java-8-openjdk-amd64/jre/lib/ext/localedata.jar
7f770001a000-7f77000ea000 rw-p 00000000 00:00 0 
7f77000ea000-7f770049d000 ---p 00000000 00:00 0 
7f770049d000-7f77004a5000 r-xp 00000000 08:01 9833534                    /usr/lib/jvm/java-8-openjdk-amd64/jre/lib/amd64/libzip.so
7f77004a5000-7f77006a4000 ---p 00008000 08:01 9833534                    /usr/lib/jvm/java-8-openjdk-amd64/jre/lib/amd64/libzip.so
7f77006a4000-7f77006a5000 r--p 00007000 08:01 9833534                    /usr/lib/jvm/java-8-openjdk-amd64/jre/lib/amd64/libzip.so
7f77006a5000-7f77006a6000 rw-p 00008000 08:01 9833534                    /usr/lib/jvm/java-8-openjdk-amd64/jre/lib/amd64/libzip.so
7f77006a6000-7f77006b0000 r-xp 00000000 08:01 17175542                   /lib/x86_64-linux-gnu/libnss_files-2.19.so
7f77006b0000-7f77008af000 ---p 0000a000 08:01 17175542                   /lib/x86_64-linux-gnu/libnss_files-2.19.so
7f77008af000-7f77008b0000 r--p 00009000 08:01 17175542                   /lib/x86_64-linux-gnu/libnss_files-2.19.so
7f77008b0000-7f77008b1000 rw-p 0000a000 08:01 17175542                   /lib/x86_64-linux-gnu/libnss_files-2.19.so
7f77008b1000-7f77008bc000 r-xp 00000000 08:01 17175534                   /lib/x86_64-linux-gnu/libnss_nis-2.19.so
7f77008bc000-7f7700abb000 ---p 0000b000 08:01 17175534                   /lib/x86_64-linux-gnu/libnss_nis-2.19.so
7f7700abb000-7f7700abc000 r--p 0000a000 08:01 17175534                   /lib/x86_64-linux-gnu/libnss_nis-2.19.so
7f7700abc000-7f7700abd000 rw-p 0000b000 08:01 17175534                   /lib/x86_64-linux-gnu/libnss_nis-2.19.so
7f7700abd000-7f7700ad4000 r-xp 00000000 08:01 17175530                   /lib/x86_64-linux-gnu/libnsl-2.19.so
7f7700ad4000-7f7700cd3000 ---p 00017000 08:01 17175530                   /lib/x86_64-linux-gnu/libnsl-2.19.so
7f7700cd3000-7f7700cd4000 r--p 00016000 08:01 17175530                   /lib/x86_64-linux-gnu/libnsl-2.19.so
7f7700cd4000-7f7700cd5000 rw-p 00017000 08:01 17175530                   /lib/x86_64-linux-gnu/libnsl-2.19.so
7f7700cd5000-7f7700cd7000 rw-p 00000000 00:00 0 
7f7700cd7000-7f7700ce0000 r-xp 00000000 08:01 17175529                   /lib/x86_64-linux-gnu/libnss_compat-2.19.so
7f7700ce0000-7f7700edf000 ---p 00009000 08:01 17175529                   /lib/x86_64-linux-gnu/libnss_compat-2.19.so
7f7700edf000-7f7700ee0000 r--p 00008000 08:01 17175529                   /lib/x86_64-linux-gnu/libnss_compat-2.19.so
7f7700ee0000-7f7700ee1000 rw-p 00009000 08:01 17175529                   /lib/x86_64-linux-gnu/libnss_compat-2.19.so
7f7700ee1000-7f7700f0d000 r-xp 00000000 08:01 9833519                    /usr/lib/jvm/java-8-openjdk-amd64/jre/lib/amd64/libjava.so
7f7700f0d000-7f770110d000 ---p 0002c000 08:01 9833519                    /usr/lib/jvm/java-8-openjdk-amd64/jre/lib/amd64/libjava.so
7f770110d000-7f770110e000 r--p 0002c000 08:01 9833519                    /usr/lib/jvm/java-8-openjdk-amd64/jre/lib/amd64/libjava.so
7f770110e000-7f7701110000 rw-p 0002d000 08:01 9833519                    /usr/lib/jvm/java-8-openjdk-amd64/jre/lib/amd64/libjava.so
7f7701110000-7f7701120000 r-xp 00000000 08:01 9833520                    /usr/lib/jvm/java-8-openjdk-amd64/jre/lib/amd64/libverify.so
7f7701120000-7f770131f000 ---p 00010000 08:01 9833520                    /usr/lib/jvm/java-8-openjdk-amd64/jre/lib/amd64/libverify.so
7f770131f000-7f7701321000 r--p 0000f000 08:01 9833520                    /usr/lib/jvm/java-8-openjdk-amd64/jre/lib/amd64/libverify.so
7f7701321000-7f7701322000 rw-p 00011000 08:01 9833520                    /usr/lib/jvm/java-8-openjdk-amd64/jre/lib/amd64/libverify.so
7f7701322000-7f7701329000 r-xp 00000000 08:01 17175538                   /lib/x86_64-linux-gnu/librt-2.19.so
7f7701329000-7f7701528000 ---p 00007000 08:01 17175538                   /lib/x86_64-linux-gnu/librt-2.19.so
7f7701528000-7f7701529000 r--p 00006000 08:01 17175538                   /lib/x86_64-linux-gnu/librt-2.19.so
7f7701529000-7f770152a000 rw-p 00007000 08:01 17175538                   /lib/x86_64-linux-gnu/librt-2.19.so
7f770152a000-7f7701540000 r-xp 00000000 08:01 17174753                   /lib/x86_64-linux-gnu/libgcc_s.so.1
7f7701540000-7f770173f000 ---p 00016000 08:01 17174753                   /lib/x86_64-linux-gnu/libgcc_s.so.1
7f770173f000-7f7701740000 rw-p 00015000 08:01 17174753                   /lib/x86_64-linux-gnu/libgcc_s.so.1
7f7701740000-7f7701845000 r-xp 00000000 08:01 17175524                   /lib/x86_64-linux-gnu/libm-2.19.so
7f7701845000-7f7701a44000 ---p 00105000 08:01 17175524                   /lib/x86_64-linux-gnu/libm-2.19.so
7f7701a44000-7f7701a45000 r--p 00104000 08:01 17175524                   /lib/x86_64-linux-gnu/libm-2.19.so
7f7701a45000-7f7701a46000 rw-p 00105000 08:01 17175524                   /lib/x86_64-linux-gnu/libm-2.19.so
7f7701a46000-7f7701b2c000 r-xp 00000000 08:01 9175391                    /usr/lib/x86_64-linux-gnu/libstdc++.so.6.0.19
7f7701b2c000-7f7701d2b000 ---p 000e6000 08:01 9175391                    /usr/lib/x86_64-linux-gnu/libstdc++.so.6.0.19
7f7701d2b000-7f7701d33000 r--p 000e5000 08:01 9175391                    /usr/lib/x86_64-linux-gnu/libstdc++.so.6.0.19
7f7701d33000-7f7701d35000 rw-p 000ed000 08:01 9175391                    /usr/lib/x86_64-linux-gnu/libstdc++.so.6.0.19
7f7701d35000-7f7701d4a000 rw-p 00000000 00:00 0 
7f7701d4a000-7f7702938000 r-xp 00000000 08:01 9833532                    /usr/lib/jvm/java-8-openjdk-amd64/jre/lib/amd64/server/libjvm.so
7f7702938000-7f7702b38000 ---p 00bee000 08:01 9833532                    /usr/lib/jvm/java-8-openjdk-amd64/jre/lib/amd64/server/libjvm.so
7f7702b38000-7f7702bd6000 r--p 00bee000 08:01 9833532                    /usr/lib/jvm/java-8-openjdk-amd64/jre/lib/amd64/server/libjvm.so
7f7702bd6000-7f7702bff000 rw-p 00c8c000 08:01 9833532                    /usr/lib/jvm/java-8-openjdk-amd64/jre/lib/amd64/server/libjvm.so
7f7702bff000-7f7702c31000 rw-p 00000000 00:00 0 
7f7702c31000-7f7702c4a000 r-xp 00000000 08:01 17175531                   /lib/x86_64-linux-gnu/libpthread-2.19.so
7f7702c4a000-7f7702e49000 ---p 00019000 08:01 17175531                   /lib/x86_64-linux-gnu/libpthread-2.19.so
7f7702e49000-7f7702e4a000 r--p 00018000 08:01 17175531                   /lib/x86_64-linux-gnu/libpthread-2.19.so
7f7702e4a000-7f7702e4b000 rw-p 00019000 08:01 17175531                   /lib/x86_64-linux-gnu/libpthread-2.19.so
7f7702e4b000-7f7702e4f000 rw-p 00000000 00:00 0 
7f7702e4f000-7f7702e52000 r-xp 00000000 08:01 17175526                   /lib/x86_64-linux-gnu/libdl-2.19.so
7f7702e52000-7f7703051000 ---p 00003000 08:01 17175526                   /lib/x86_64-linux-gnu/libdl-2.19.so
7f7703051000-7f7703052000 r--p 00002000 08:01 17175526                   /lib/x86_64-linux-gnu/libdl-2.19.so
7f7703052000-7f7703053000 rw-p 00003000 08:01 17175526                   /lib/x86_64-linux-gnu/libdl-2.19.so
7f7703053000-7f770306b000 r-xp 00000000 08:01 17174889                   /lib/x86_64-linux-gnu/libz.so.1.2.8
7f770306b000-7f770326a000 ---p 00018000 08:01 17174889                   /lib/x86_64-linux-gnu/libz.so.1.2.8
7f770326a000-7f770326b000 r--p 00017000 08:01 17174889                   /lib/x86_64-linux-gnu/libz.so.1.2.8
7f770326b000-7f770326c000 rw-p 00018000 08:01 17174889                   /lib/x86_64-linux-gnu/libz.so.1.2.8
7f770326c000-7f7703426000 r-xp 00000000 08:01 17175539                   /lib/x86_64-linux-gnu/libc-2.19.so
7f7703426000-7f7703626000 ---p 001ba000 08:01 17175539                   /lib/x86_64-linux-gnu/libc-2.19.so
7f7703626000-7f770362a000 r--p 001ba000 08:01 17175539                   /lib/x86_64-linux-gnu/libc-2.19.so
7f770362a000-7f770362c000 rw-p 001be000 08:01 17175539                   /lib/x86_64-linux-gnu/libc-2.19.so
7f770362c000-7f7703631000 rw-p 00000000 00:00 0 
7f7703631000-7f770363e000 r-xp 00000000 08:01 9964103                    /usr/lib/jvm/java-8-openjdk-amd64/jre/lib/amd64/jli/libjli.so
7f770363e000-7f770383e000 ---p 0000d000 08:01 9964103                    /usr/lib/jvm/java-8-openjdk-amd64/jre/lib/amd64/jli/libjli.so
7f770383e000-7f770383f000 r--p 0000d000 08:01 9964103                    /usr/lib/jvm/java-8-openjdk-amd64/jre/lib/amd64/jli/libjli.so
7f770383f000-7f7703840000 rw-p 0000e000 08:01 9964103                    /usr/lib/jvm/java-8-openjdk-amd64/jre/lib/amd64/jli/libjli.so
7f7703840000-7f7703863000 r-xp 00000000 08:01 17175532                   /lib/x86_64-linux-gnu/ld-2.19.so
7f7703863000-7f7703867000 r--s 00037000 08:01 10095809                   /usr/lib/jvm/java-8-openjdk-amd64/jre/lib/ext/sunpkcs11.jar
7f7703867000-7f7703940000 rw-p 00000000 00:00 0 
7f7703940000-7f7703943000 ---p 00000000 00:00 0 
7f7703943000-7f7703a46000 rw-p 00000000 00:00 0                          [stack:16230]
7f7703a46000-7f7703a47000 r--s 00008000 08:01 10095803                   /usr/lib/jvm/java-8-openjdk-amd64/jre/lib/ext/sunec.jar
7f7703a47000-7f7703a48000 r--s 00010000 08:01 10095805                   /usr/lib/jvm/java-8-openjdk-amd64/jre/lib/ext/zipfs.jar
7f7703a48000-7f7703a4a000 r--s 00001000 08:01 10095801                   /usr/lib/jvm/java-8-openjdk-amd64/jre/lib/ext/dnsns.jar
7f7703a4a000-7f7703a4c000 r--s 00006000 08:01 9573592                    /usr/share/java/java-atk-wrapper.jar
7f7703a4c000-7f7703a4f000 r--s 0000f000 08:01 10095807                   /usr/lib/jvm/java-8-openjdk-amd64/jre/lib/ext/icedtea-sound.jar
7f7703a4f000-7f7703a50000 r--s 0000a000 08:01 10095804                   /usr/lib/jvm/java-8-openjdk-amd64/jre/lib/ext/jaccess.jar
7f7703a50000-7f7703a56000 r--s 0003a000 08:01 10095806                   /usr/lib/jvm/java-8-openjdk-amd64/jre/lib/ext/sunjce_provider.jar
7f7703a56000-7f7703a5e000 rw-s 00000000 08:01 2494846                    /tmp/hsperfdata_percept/16226
7f7703a5e000-7f7703a5f000 rw-p 00000000 00:00 0 
7f7703a5f000-7f7703a60000 r--p 00000000 00:00 0 
7f7703a60000-7f7703a62000 rw-p 00000000 00:00 0 
7f7703a62000-7f7703a63000 r--p 00022000 08:01 17175532                   /lib/x86_64-linux-gnu/ld-2.19.so
7f7703a63000-7f7703a64000 rw-p 00023000 08:01 17175532                   /lib/x86_64-linux-gnu/ld-2.19.so
7f7703a64000-7f7703a65000 rw-p 00000000 00:00 0 
7fffdd3b1000-7fffdd3d2000 rw-p 00000000 00:00 0                          [stack]
7fffdd3f1000-7fffdd3f3000 r--p 00000000 00:00 0                          [vvar]
7fffdd3f3000-7fffdd3f5000 r-xp 00000000 00:00 0                          [vdso]
ffffffffff600000-ffffffffff601000 r-xp 00000000 00:00 0                  [vsyscall]

VM Arguments:
jvm_args: -Djava.awt.headless=true -Xmx1024M -Dfile.encoding=UTF-8 -Duser.country=IN -Duser.language=en -Duser.variant 
java_command: com.android.dx.command.Main --dex --force-jumbo --num-threads=4 --multi-dex --output /home/percept/ketan/MypalnProject/newgit/MyPlan/app/build/intermediates/transforms/dex/debug/folders/1000/10/internal_impl-24.1.1_4474d7dfcdc753567b4039bf5d4f4af795a18d04 /home/percept/ketan/MypalnProject/newgit/MyPlan/app/build/intermediates/exploded-aar/com.android.support/support-v4/24.1.1/jars/libs/internal_impl-24.1.1.jar
java_class_path (initial): /home/percept/Android/Sdk/build-tools/24.0.1/lib/dx.jar
Launcher Type: SUN_STANDARD

Environment Variables:
JAVA_HOME=/usr/lib/jvm/java-8-openjdk-amd64
PATH=/usr/local/sbin:/usr/local/bin:/usr/sbin:/usr/bin:/sbin:/bin:/usr/games:/usr/local/games
LD_LIBRARY_PATH=/home/percept/android-studio/bin:
SHELL=/bin/bash
DISPLAY=:0

Signal Handlers:
SIGSEGV: [libjvm.so+0x9f6230], sa_mask[0]=11111111011111111101111111111110, sa_flags=SA_RESTART|SA_SIGINFO
SIGBUS: [libjvm.so+0x9f6230], sa_mask[0]=11111111011111111101111111111110, sa_flags=SA_RESTART|SA_SIGINFO
SIGFPE: [libjvm.so+0x856c80], sa_mask[0]=11111111011111111101111111111110, sa_flags=SA_RESTART|SA_SIGINFO
SIGPIPE: [libjvm.so+0x856c80], sa_mask[0]=11111111011111111101111111111110, sa_flags=SA_RESTART|SA_SIGINFO
SIGXFSZ: [libjvm.so+0x856c80], sa_mask[0]=11111111011111111101111111111110, sa_flags=SA_RESTART|SA_SIGINFO
SIGILL: [libjvm.so+0x856c80], sa_mask[0]=11111111011111111101111111111110, sa_flags=SA_RESTART|SA_SIGINFO
SIGUSR1: SIG_DFL, sa_mask[0]=00000000000000000000000000000000, sa_flags=none
SIGUSR2: [libjvm.so+0x856b50], sa_mask[0]=00100000000000000000000000000000, sa_flags=SA_RESTART|SA_SIGINFO
SIGHUP: [libjvm.so+0x856d40], sa_mask[0]=11111111011111111101111111111110, sa_flags=SA_RESTART|SA_SIGINFO
SIGINT: [libjvm.so+0x856d40], sa_mask[0]=11111111011111111101111111111110, sa_flags=SA_RESTART|SA_SIGINFO
SIGTERM: [libjvm.so+0x856d40], sa_mask[0]=11111111011111111101111111111110, sa_flags=SA_RESTART|SA_SIGINFO
SIGQUIT: [libjvm.so+0x856d40], sa_mask[0]=11111111011111111101111111111110, sa_flags=SA_RESTART|SA_SIGINFO


---------------  S Y S T E M  ---------------

OS:DISTRIB_ID=Ubuntu
DISTRIB_RELEASE=14.04
DISTRIB_CODENAME=trusty
DISTRIB_DESCRIPTION="Ubuntu 14.04.4 LTS"

uname:Linux 4.2.0-30-generic #36~14.04.1-Ubuntu SMP Fri Feb 26 18:49:23 UTC 2016 x86_64
libc:glibc 2.19 NPTL 2.19 
rlimit: STACK 8192k, CORE 0k, NPROC 29607, NOFILE 4096, AS infinity
load average:18.32 8.22 4.82

/proc/meminfo:
MemTotal:        7600976 kB
MemFree:          603744 kB
MemAvailable:    2843400 kB
Buffers:          218220 kB
Cached:          2019412 kB
SwapCached:            0 kB
Active:          5708236 kB
Inactive:         905780 kB
Active(anon):    4377832 kB
Inactive(anon):    93784 kB
Active(file):    1330404 kB
Inactive(file):   811996 kB
Unevictable:         160 kB
Mlocked:             160 kB
SwapTotal:       1495036 kB
SwapFree:        1495036 kB
Dirty:               948 kB
Writeback:             0 kB
AnonPages:       4376428 kB
Mapped:           515604 kB
Shmem:             95236 kB
Slab:             181132 kB
SReclaimable:     138284 kB
SUnreclaim:        42848 kB
KernelStack:       14256 kB
PageTables:        58772 kB
NFS_Unstable:          0 kB
Bounce:                0 kB
WritebackTmp:          0 kB
CommitLimit:     5295524 kB
Committed_AS:   11458188 kB
VmallocTotal:   34359738367 kB
VmallocUsed:      306048 kB
VmallocChunk:   34358947836 kB
HardwareCorrupted:     0 kB
AnonHugePages:   2670592 kB
CmaTotal:              0 kB
CmaFree:               0 kB
HugePages_Total:       0
HugePages_Free:        0
HugePages_Rsvd:        0
HugePages_Surp:        0
Hugepagesize:       2048 kB
DirectMap4k:      268908 kB
DirectMap2M:     7536640 kB
DirectMap1G:           0 kB


CPU:total 4 (4 cores per cpu, 1 threads per core) family 22 model 0 stepping 1, cmov, cx8, fxsr, mmx, sse, sse2, sse3, ssse3, sse4.1, sse4.2, popcnt, avx, aes, clmul, mmxext, 3dnowpref, lzcnt, sse4a, tsc, tscinvbit, tscinv, bmi1

/proc/cpuinfo:
processor	: 0
vendor_id	: AuthenticAMD
cpu family	: 22
model		: 0
model name	: AMD Athlon(tm) 5150 APU with Radeon(tm) R3
stepping	: 1
microcode	: 0x700010b
cpu MHz		: 800.000
cache size	: 2048 KB
physical id	: 0
siblings	: 4
core id		: 0
cpu cores	: 4
apicid		: 0
initial apicid	: 0
fpu		: yes
fpu_exception	: yes
cpuid level	: 13
wp		: yes
flags		: fpu vme de pse tsc msr pae mce cx8 apic sep mtrr pge mca cmov pat pse36 clflush mmx fxsr sse sse2 ht syscall nx mmxext fxsr_opt pdpe1gb rdtscp lm constant_tsc rep_good nopl nonstop_tsc extd_apicid aperfmperf eagerfpu pni pclmulqdq monitor ssse3 cx16 sse4_1 sse4_2 movbe popcnt aes xsave avx f16c lahf_lm cmp_legacy svm extapic cr8_legacy abm sse4a misalignsse 3dnowprefetch osvw ibs skinit wdt topoext perfctr_nb bpext perfctr_l2 arat hw_pstate proc_feedback npt lbrv svm_lock nrip_save tsc_scale flushbyasid decodeassists pausefilter pfthreshold vmmcall bmi1 xsaveopt
bugs		: fxsave_leak sysret_ss_attrs
bogomips	: 3194.20
TLB size	: 1024 4K pages
clflush size	: 64
cache_alignment	: 64
address sizes	: 40 bits physical, 48 bits virtual
power management: ts ttp tm 100mhzsteps hwpstate [11]

processor	: 1
vendor_id	: AuthenticAMD
cpu family	: 22
model		: 0
model name	: AMD Athlon(tm) 5150 APU with Radeon(tm) R3
stepping	: 1
microcode	: 0x700010b
cpu MHz		: 1600.000
cache size	: 2048 KB
physical id	: 0
siblings	: 4
core id		: 1
cpu cores	: 4
apicid		: 1
initial apicid	: 1
fpu		: yes
fpu_exception	: yes
cpuid level	: 13
wp		: yes
flags		: fpu vme de pse tsc msr pae mce cx8 apic sep mtrr pge mca cmov pat pse36 clflush mmx fxsr sse sse2 ht syscall nx mmxext fxsr_opt pdpe1gb rdtscp lm constant_tsc rep_good nopl nonstop_tsc extd_apicid aperfmperf eagerfpu pni pclmulqdq monitor ssse3 cx16 sse4_1 sse4_2 movbe popcnt aes xsave avx f16c lahf_lm cmp_legacy svm extapic cr8_legacy abm sse4a misalignsse 3dnowprefetch osvw ibs skinit wdt topoext perfctr_nb bpext perfctr_l2 arat hw_pstate proc_feedback npt lbrv svm_lock nrip_save tsc_scale flushbyasid decodeassists pausefilter pfthreshold vmmcall bmi1 xsaveopt
bugs		: fxsave_leak sysret_ss_attrs
bogomips	: 3194.20
TLB size	: 1024 4K pages
clflush size	: 64
cache_alignment	: 64
address sizes	: 40 bits physical, 48 bits virtual
power management: ts ttp tm 100mhzsteps hwpstate [11]

processor	: 2
vendor_id	: AuthenticAMD
cpu family	: 22
model		: 0
model name	: AMD Athlon(tm) 5150 APU with Radeon(tm) R3
stepping	: 1
microcode	: 0x700010b
cpu MHz		: 1400.000
cache size	: 2048 KB
physical id	: 0
siblings	: 4
core id		: 2
cpu cores	: 4
apicid		: 2
initial apicid	: 2
fpu		: yes
fpu_exception	: yes
cpuid level	: 13
wp		: yes
flags		: fpu vme de pse tsc msr pae mce cx8 apic sep mtrr pge mca cmov pat pse36 clflush mmx fxsr sse sse2 ht syscall nx mmxext fxsr_opt pdpe1gb rdtscp lm constant_tsc rep_good nopl nonstop_tsc extd_apicid aperfmperf eagerfpu pni pclmulqdq monitor ssse3 cx16 sse4_1 sse4_2 movbe popcnt aes xsave avx f16c lahf_lm cmp_legacy svm extapic cr8_legacy abm sse4a misalignsse 3dnowprefetch osvw ibs skinit wdt topoext perfctr_nb bpext perfctr_l2 arat hw_pstate proc_feedback npt lbrv svm_lock nrip_save tsc_scale flushbyasid decodeassists pausefilter pfthreshold vmmcall bmi1 xsaveopt
bugs		: fxsave_leak sysret_ss_attrs
bogomips	: 3194.20
TLB size	: 1024 4K pages
clflush size	: 64
cache_alignment	: 64
address sizes	: 40 bits physical, 48 bits virtual
power management: ts ttp tm 100mhzsteps hwpstate [11]

processor	: 3
vendor_id	: AuthenticAMD
cpu family	: 22
model		: 0
model name	: AMD Athlon(tm) 5150 APU with Radeon(tm) R3
stepping	: 1
microcode	: 0x700010b
cpu MHz		: 1400.000
cache size	: 2048 KB
physical id	: 0
siblings	: 4
core id		: 3
cpu cores	: 4
apicid		: 3
initial apicid	: 3
fpu		: yes
fpu_exception	: yes
cpuid level	: 13
wp		: yes
flags		: fpu vme de pse tsc msr pae mce cx8 apic sep mtrr pge mca cmov pat pse36 clflush mmx fxsr sse sse2 ht syscall nx mmxext fxsr_opt pdpe1gb rdtscp lm constant_tsc rep_good nopl nonstop_tsc extd_apicid aperfmperf eagerfpu pni pclmulqdq monitor ssse3 cx16 sse4_1 sse4_2 movbe popcnt aes xsave avx f16c lahf_lm cmp_legacy svm extapic cr8_legacy abm sse4a misalignsse 3dnowprefetch osvw ibs skinit wdt topoext perfctr_nb bpext perfctr_l2 arat hw_pstate proc_feedback npt lbrv svm_lock nrip_save tsc_scale flushbyasid decodeassists pausefilter pfthreshold vmmcall bmi1 xsaveopt
bugs		: fxsave_leak sysret_ss_attrs
bogomips	: 3194.20
TLB size	: 1024 4K pages
clflush size	: 64
cache_alignment	: 64
address sizes	: 40 bits physical, 48 bits virtual
power management: ts ttp tm 100mhzsteps hwpstate [11]



Memory: 4k page, physical 7600976k(603744k free), swap 1495036k(1495036k free)

vm_info: OpenJDK 64-Bit Server VM (25.91-b14) for linux-amd64 JRE (1.8.0_91-8u91-b14-0ubuntu4~14.04-b14), built on Apr 22 2016 12:27:31 by "buildd" with gcc 4.8.2

time: Thu Nov 17 17:23:08 2016
elapsed time: 6 seconds (0d 0h 0m 6s)

