#
# A fatal error has been detected by the Java Runtime Environment:
#
#  SIGSEGV (0xb) at pc=0x00007f911c5d6b62, pid=22383, tid=140260926355200
#
# JRE version: OpenJDK Runtime Environment (8.0_91-b14) (build 1.8.0_91-8u91-b14-0ubuntu4~14.04-b14)
# Java VM: OpenJDK 64-Bit Server VM (25.91-b14 mixed mode linux-amd64 compressed oops)
# Problematic frame:
# j  com.android.dx.util.FixedSizeList.set0(ILjava/lang/Object;)V+10
#
# Failed to write core dump. Core dumps have been disabled. To enable core dumping, try "ulimit -c unlimited" before starting Java again
#
# If you would like to submit a bug report, please visit:
#   http://bugreport.java.com/bugreport/crash.jsp
#

---------------  T H R E A D  ---------------

Current thread (0x00007f912c192000):  JavaThread "pool-2-thread-4" [_thread_in_Java, id=22412, stack(0x00007f910aa0f000,0x00007f910ab10000)]

siginfo: si_signo: 11 (SIGSEGV), si_code: 1 (SEGV_MAPERR), si_addr: 0x0000000000011160

Registers:
RAX=0x0000000000011080, RBX=0x0000000100080170, RCX=0x0000000000000000, RDX=0x00000000eb173510
RSP=0x00007f910ab0df80, RBP=0x00007f910ab0dfd8, RSI=0x00000000ffffffff, RDI=0x00007f910ab0def0
R8 =0x0000000000000000, R9 =0x00007f90c8009e00, R10=0x00007f9131e42080, R11=0x0000000000000000
R12=0x0000000000000000, R13=0x00007f91194f29f2, R14=0x00007f910ab0e000, R15=0x00007f912c192000
RIP=0x00007f911c5d6b62, EFLAGS=0x0000000000010212, CSGSFS=0x0000000000000033, ERR=0x0000000000000004
  TRAPNO=0x000000000000000e

Top of Stack: (sp=0x00007f910ab0df80)
0x00007f910ab0df80:   00000000eb1712e8 deaddeaf00000000
0x00007f910ab0df90:   00000000eb173510 00007f910ab0df98
0x00007f910ab0dfa0:   00007f91194f29f2 00007f910ab0e000
0x00007f910ab0dfb0:   00007f91194f3028 00007f91195433d0
0x00007f910ab0dfc0:   00007f91194f2a48 0000000000000000
0x00007f910ab0dfd0:   00007f910ab0dff0 00007f910ab0e050
0x00007f910ab0dfe0:   00007f911c5c3ffd 0000000000000000
0x00007f910ab0dff0:   0000000000000000 deaddeaf00000000
0x00007f910ab0e000:   00000000eb1734f8 00000000eb1734f8
0x00007f910ab0e010:   00007f910ab0e010 00007f911959e270
0x00007f910ab0e020:   00007f910ab0e078 00007f911959ee88
0x00007f910ab0e030:   00007f911968fda8 00007f911959e2c8
0x00007f910ab0e040:   00007f910ab0dff8 00007f910ab0e080
0x00007f910ab0e050:   00000000eb16e6b0 00007f911c8597ec
0x00007f910ab0e060:   0000000000000000 00000000eb1734f8
0x00007f910ab0e070:   0000000000000001 00000000eb1715f8
0x00007f910ab0e080:   0000000000000002 00007f910ab0e088
0x00007f910ab0e090:   00007f91195b26ea 00007f910ab0e0f8
0x00007f910ab0e0a0:   00007f91195b7b18 00007f9119687ce8
0x00007f910ab0e0b0:   00007f91195b2750 0000000000000000
0x00007f910ab0e0c0:   00007f910ab0e0e8 00007f910ab0e140
0x00007f910ab0e0d0:   00007f910ab0e140 00007f911c5c3a40
0x00007f910ab0e0e0:   00007f910ab0e140 0000000000000000
0x00007f910ab0e0f0:   000000000000000b 00000000eb172910
0x00007f910ab0e100:   00007f910ab0e100 00007f91195b28cd
0x00007f910ab0e110:   00007f910ab0e160 00007f91195b7b18
0x00007f910ab0e120:   00000000eb16efa0 00007f911c7fd5d2
0x00007f910ab0e130:   00000000eb1715f8 00000000ec90eb60
0x00007f910ab0e140:   00000000eb173450 00000000eb16e848
0x00007f910ab0e150:   00000000ecbcd680 00000000eb170c50
0x00007f910ab0e160:   00007f910ab0e308 00007f911c8dcb3c
0x00007f910ab0e170:   00007f910ab0e2b8 00007f910ab0ebb0 

Instructions: (pc=0x00007f911c5d6b62)
0x00007f911c5d6b42:   0c 8b d9 0f 83 35 7a ff ff 48 85 c0 0f 84 32 01
0x00007f911c5d6b52:   00 00 8b 58 08 48 c1 e3 03 8b 42 08 48 c1 e0 03
0x00007f911c5d6b62:   48 8b 80 e0 00 00 00 48 8d 54 8a 10 48 8b 4d e0
0x00007f911c5d6b72:   48 85 c9 0f 84 8a 00 00 00 48 8b 79 10 48 3b fb 

Register to memory mapping:

RAX=0x0000000000011080 is an unknown value
RBX=0x0000000100080170 is pointing into metadata
RCX=0x0000000000000000 is an unknown value
RDX=0x00000000eb173510 is an oop

[error occurred during error reporting (printing register info), id 0xb]

Stack: [0x00007f910aa0f000,0x00007f910ab10000],  sp=0x00007f910ab0df80,  free space=1019k
Native frames: (J=compiled Java code, j=interpreted, Vv=VM code, C=native code)
j  com.android.dx.util.FixedSizeList.set0(ILjava/lang/Object;)V+10
j  com.android.dx.rop.code.RegisterSpecList.withoutFirst()Lcom/android/dx/rop/code/RegisterSpecList;+40
J 693 C1 com.android.dx.ssa.LiteralOpUpgrader$1.visitNonMoveInsn(Lcom/android/dx/ssa/NormalSsaInsn;)V (203 bytes) @ 0x00007f911c8597ec [0x00007f911c856800+0x2fec]
J 614 C2 com.android.dx.ssa.SsaBasicBlock.forEachInsn(Lcom/android/dx/ssa/SsaInsn$Visitor;)V (37 bytes) @ 0x00007f911c7fdac4 [0x00007f911c7fd9e0+0xe4]
J 909 C1 com.android.dx.ssa.SsaMethod.forEachInsn(Lcom/android/dx/ssa/SsaInsn$Visitor;)V (36 bytes) @ 0x00007f911c8c3f54 [0x00007f911c8c3e20+0x134]
j  com.android.dx.ssa.LiteralOpUpgrader.run()V+17
j  com.android.dx.ssa.LiteralOpUpgrader.process(Lcom/android/dx/ssa/SsaMethod;)V+10
j  com.android.dx.ssa.Optimizer.runSsaFormSteps(Lcom/android/dx/ssa/SsaMethod;Ljava/util/EnumSet;)V+47
j  com.android.dx.ssa.Optimizer.optimize(Lcom/android/dx/rop/code/RopMethod;IZZLcom/android/dx/rop/code/TranslationAdvice;Ljava/util/EnumSet;)Lcom/android/dx/rop/code/RopMethod;+24
j  com.android.dx.ssa.Optimizer.optimize(Lcom/android/dx/rop/code/RopMethod;IZZLcom/android/dx/rop/code/TranslationAdvice;)Lcom/android/dx/rop/code/RopMethod;+11
j  com.android.dx.dex.cf.CfTranslator.processMethods(Lcom/android/dx/cf/direct/DirectClassFile;Lcom/android/dx/dex/cf/CfOptions;Lcom/android/dx/dex/DexOptions;Lcom/android/dx/dex/file/ClassDefItem;Lcom/android/dx/dex/file/DexFile;)V+265
j  com.android.dx.dex.cf.CfTranslator.translate0(Lcom/android/dx/cf/direct/DirectClassFile;[BLcom/android/dx/dex/cf/CfOptions;Lcom/android/dx/dex/DexOptions;Lcom/android/dx/dex/file/DexFile;)Lcom/android/dx/dex/file/ClassDefItem;+120
j  com.android.dx.dex.cf.CfTranslator.translate(Lcom/android/dx/cf/direct/DirectClassFile;[BLcom/android/dx/dex/cf/CfOptions;Lcom/android/dx/dex/DexOptions;Lcom/android/dx/dex/file/DexFile;)Lcom/android/dx/dex/file/ClassDefItem;+6
j  com.android.dx.command.dexer.Main.translateClass([BLcom/android/dx/cf/direct/DirectClassFile;)Lcom/android/dx/dex/file/ClassDefItem;+17
j  com.android.dx.command.dexer.Main.access$2700([BLcom/android/dx/cf/direct/DirectClassFile;)Lcom/android/dx/dex/file/ClassDefItem;+2
j  com.android.dx.command.dexer.Main$ClassTranslatorTask.call()Lcom/android/dx/dex/file/ClassDefItem;+8
j  com.android.dx.command.dexer.Main$ClassTranslatorTask.call()Ljava/lang/Object;+1
j  java.util.concurrent.FutureTask.run()V+42
j  java.util.concurrent.ThreadPoolExecutor.runWorker(Ljava/util/concurrent/ThreadPoolExecutor$Worker;)V+95
j  java.util.concurrent.ThreadPoolExecutor$Worker.run()V+5
j  java.lang.Thread.run()V+11
v  ~StubRoutines::call_stub
V  [libjvm.so+0x632f7a]
V  [libjvm.so+0x630654]
V  [libjvm.so+0x630c4a]
V  [libjvm.so+0x67048e]
V  [libjvm.so+0x9a0b70]
V  [libjvm.so+0x8584a2]
C  [libpthread.so.0+0x8184]  start_thread+0xc4


---------------  P R O C E S S  ---------------

Java Threads: ( => current thread )
=>0x00007f912c192000 JavaThread "pool-2-thread-4" [_thread_in_Java, id=22412, stack(0x00007f910aa0f000,0x00007f910ab10000)]
  0x00007f912c190000 JavaThread "pool-2-thread-3" [_thread_in_Java, id=22411, stack(0x00007f910ab10000,0x00007f910ac11000)]
  0x00007f912c18e800 JavaThread "pool-2-thread-2" [_thread_in_Java, id=22410, stack(0x00007f910ac11000,0x00007f910ad12000)]
  0x00007f912c18c800 JavaThread "pool-3-thread-1" [_thread_blocked, id=22408, stack(0x00007f910ad12000,0x00007f910ae13000)]
  0x00007f912c18b000 JavaThread "pool-2-thread-1" [_thread_in_Java, id=22407, stack(0x00007f910ae13000,0x00007f910af14000)]
  0x00007f912c0c9000 JavaThread "Service Thread" daemon [_thread_blocked, id=22404, stack(0x00007f910b015000,0x00007f910b116000)]
  0x00007f912c0b1800 JavaThread "C1 CompilerThread2" daemon [_thread_in_native, id=22403, stack(0x00007f910b116000,0x00007f910b217000)]
  0x00007f912c0b0000 JavaThread "C2 CompilerThread1" daemon [_thread_in_native, id=22402, stack(0x00007f910b217000,0x00007f910b318000)]
  0x00007f912c0ad000 JavaThread "C2 CompilerThread0" daemon [_thread_in_vm, id=22401, stack(0x00007f910b318000,0x00007f910b419000)]
  0x00007f912c0ab000 JavaThread "Signal Dispatcher" daemon [_thread_blocked, id=22400, stack(0x00007f910b419000,0x00007f910b51a000)]
  0x00007f912c084000 JavaThread "Finalizer" daemon [_thread_blocked, id=22395, stack(0x00007f910bbfc000,0x00007f910bcfd000)]
  0x00007f912c07f000 JavaThread "Reference Handler" daemon [_thread_blocked, id=22393, stack(0x00007f910bcfd000,0x00007f910bdfe000)]
  0x00007f912c00a000 JavaThread "main" [_thread_in_Java, id=22385, stack(0x00007f9132b5d000,0x00007f9132c5e000)]

Other Threads:
  0x00007f912c077800 VMThread [stack: 0x00007f910bdfe000,0x00007f910beff000] [id=22392]
  0x00007f912c0cb800 WatcherThread [stack: 0x00007f910af14000,0x00007f910b015000] [id=22405]

VM state:not at safepoint (normal execution)

VM Mutex/Monitor currently owned by a thread: None

Heap:
 PSYoungGen      total 34816K, used 12395K [0x00000000eab00000, 0x00000000eef00000, 0x0000000100000000)
  eden space 30208K, 25% used [0x00000000eab00000,0x00000000eb2a02e8,0x00000000ec880000)
  from space 4608K, 99% used [0x00000000ec880000,0x00000000eccfab60,0x00000000ecd00000)
  to   space 4608K, 0% used [0x00000000eea80000,0x00000000eea80000,0x00000000eef00000)
 ParOldGen       total 79360K, used 1647K [0x00000000c0000000, 0x00000000c4d80000, 0x00000000eab00000)
  object space 79360K, 2% used [0x00000000c0000000,0x00000000c019bdc0,0x00000000c4d80000)
 Metaspace       used 5712K, capacity 6832K, committed 7040K, reserved 1056768K
  class space    used 566K, capacity 616K, committed 640K, reserved 1048576K

Card table byte_map: [0x00007f911bffb000,0x00007f911c1fc000] byte_map_base: 0x00007f911b9fb000

Marking Bits: (ParMarkBitMap*) 0x00007f9131e31080
 Begin Bits: [0x00007f9119aa1000, 0x00007f911aaa1000)
 End Bits:   [0x00007f911aaa1000, 0x00007f911baa1000)

Polling page: 0x00007f9132c7c000

CodeCache: size=245760Kb used=3260Kb max_used=3264Kb free=242499Kb
 bounds [0x00007f911c5bc000, 0x00007f911c8fc000, 0x00007f912b5bc000]
 total_blobs=1080 nmethods=814 adapters=182
 compilation: enabled

Compilation events (10 events):
Event: 5.240 Thread 0x00007f912c0b0000 nmethod 897 0x00007f911c8e4690 code [0x00007f911c8e4800, 0x00007f911c8e4998]
Event: 5.240 Thread 0x00007f912c0b0000  895       4       com.android.dx.rop.code.Insn::<init> (69 bytes)
Event: 5.242 Thread 0x00007f912c0b0000 nmethod 895 0x00007f911c8e4c10 code [0x00007f911c8e4d60, 0x00007f911c8e4e78]
Event: 5.242 Thread 0x00007f912c0b0000  902       4       com.android.dx.util.FixedSizeList::equals (41 bytes)
Event: 5.266 Thread 0x00007f912c0b1800 nmethod 927 0x00007f911c8e2ed0 code [0x00007f911c8e3160, 0x00007f911c8e3ac8]
Event: 5.266 Thread 0x00007f912c0b1800  938       2       com.android.dx.rop.code.RegisterSpecSet::mutableCopy (57 bytes)
Event: 5.267 Thread 0x00007f912c0b1800 nmethod 938 0x00007f911c8e27d0 code [0x00007f911c8e2960, 0x00007f911c8e2cc8]
Event: 5.267 Thread 0x00007f912c0b1800  939   !   2       com.android.dx.rop.code.RegisterSpecSet::put (104 bytes)
Event: 5.291 Thread 0x00007f912c0b1800 nmethod 939 0x00007f911c8e8710 code [0x00007f911c8e8900, 0x00007f911c8e8ee8]
Event: 5.291 Thread 0x00007f912c0b1800  940       2       com.android.dx.ssa.PhiInsn::getSources (95 bytes)

GC Heap History (2 events):
Event: 4.808 GC heap before
{Heap before GC invocations=1 (full 0):
 PSYoungGen      total 34816K, used 30208K [0x00000000eab00000, 0x00000000ed180000, 0x0000000100000000)
  eden space 30208K, 100% used [0x00000000eab00000,0x00000000ec880000,0x00000000ec880000)
  from space 4608K, 0% used [0x00000000ecd00000,0x00000000ecd00000,0x00000000ed180000)
  to   space 4608K, 0% used [0x00000000ec880000,0x00000000ec880000,0x00000000ecd00000)
 ParOldGen       total 79360K, used 0K [0x00000000c0000000, 0x00000000c4d80000, 0x00000000eab00000)
  object space 79360K, 0% used [0x00000000c0000000,0x00000000c0000000,0x00000000c4d80000)
 Metaspace       used 5671K, capacity 6768K, committed 7040K, reserved 1056768K
  class space    used 564K, capacity 616K, committed 640K, reserved 1048576K
Event: 4.876 GC heap after
Heap after GC invocations=1 (full 0):
 PSYoungGen      total 34816K, used 4586K [0x00000000eab00000, 0x00000000eef00000, 0x0000000100000000)
  eden space 30208K, 0% used [0x00000000eab00000,0x00000000eab00000,0x00000000ec880000)
  from space 4608K, 99% used [0x00000000ec880000,0x00000000eccfab60,0x00000000ecd00000)
  to   space 4608K, 0% used [0x00000000eea80000,0x00000000eea80000,0x00000000eef00000)
 ParOldGen       total 79360K, used 1647K [0x00000000c0000000, 0x00000000c4d80000, 0x00000000eab00000)
  object space 79360K, 2% used [0x00000000c0000000,0x00000000c019bdc0,0x00000000c4d80000)
 Metaspace       used 5671K, capacity 6768K, committed 7040K, reserved 1056768K
  class space    used 564K, capacity 616K, committed 640K, reserved 1048576K
}

Deoptimization events (10 events):
Event: 3.174 Thread 0x00007f912c190000 Uncommon trap: reason=class_check action=maybe_recompile pc=0x00007f911c7e6d50 method=com.android.dx.ssa.NormalSsaInsn.accept(Lcom/android/dx/ssa/SsaInsn$Visitor;)V @ 9
Event: 3.175 Thread 0x00007f912c190000 Uncommon trap: reason=class_check action=maybe_recompile pc=0x00007f911c7e6d50 method=com.android.dx.ssa.NormalSsaInsn.accept(Lcom/android/dx/ssa/SsaInsn$Visitor;)V @ 9
Event: 3.175 Thread 0x00007f912c190000 Uncommon trap: reason=class_check action=maybe_recompile pc=0x00007f911c7e6d50 method=com.android.dx.ssa.NormalSsaInsn.accept(Lcom/android/dx/ssa/SsaInsn$Visitor;)V @ 9
Event: 3.206 Thread 0x00007f912c190000 Uncommon trap: reason=class_check action=maybe_recompile pc=0x00007f911c7e6d50 method=com.android.dx.ssa.NormalSsaInsn.accept(Lcom/android/dx/ssa/SsaInsn$Visitor;)V @ 9
Event: 3.706 Thread 0x00007f912c18b000 Uncommon trap: reason=unstable_if action=reinterpret pc=0x00007f911c7a48fc method=java.util.HashMap.getNode(ILjava/lang/Object;)Ljava/util/HashMap$Node; @ 129
Event: 4.032 Thread 0x00007f912c18b000 Uncommon trap: reason=unstable_if action=reinterpret pc=0x00007f911c83f530 method=com.android.dx.rop.code.RegisterSpec.equals(ILcom/android/dx/rop/type/TypeBearer;Lcom/android/dx/rop/code/LocalItem;)Z @ 42
Event: 5.227 Thread 0x00007f912c190000 Uncommon trap: reason=unstable_if action=reinterpret pc=0x00007f911c837e50 method=com.android.dx.rop.code.RegisterSpecSet.put(Lcom/android/dx/rop/code/RegisterSpec;)V @ 77
Event: 5.245 Thread 0x00007f912c190000 Uncommon trap: reason=unstable_if action=reinterpret pc=0x00007f911c8ae2b8 method=com.android.dx.rop.code.RegisterSpecSet.put(Lcom/android/dx/rop/code/RegisterSpec;)V @ 77
Event: 5.292 Thread 0x00007f912c190000 Uncommon trap: reason=array_check action=maybe_recompile pc=0x00007f911c7c57d4 method=com.android.dx.util.FixedSizeList.set0(ILjava/lang/Object;)V @ 10
Event: 5.293 Thread 0x00007f912c192000 Uncommon trap: reason=array_check action=maybe_recompile pc=0x00007f911c7c57d4 method=com.android.dx.util.FixedSizeList.set0(ILjava/lang/Object;)V @ 10

Internal exceptions (5 events):
Event: 0.102 Thread 0x00007f912c00a000 Exception <a 'java/lang/NoSuchMethodError': Method sun.misc.Unsafe.defineClass(Ljava/lang/String;[BII)Ljava/lang/Class; name or signature does not match> (0x00000000eab07cc0) thrown at [/build/openjdk-8-vT_67x/openjdk-8-8u91-b14/src/hotspot/src/share/vm/p
Event: 0.102 Thread 0x00007f912c00a000 Exception <a 'java/lang/NoSuchMethodError': Method sun.misc.Unsafe.prefetchRead(Ljava/lang/Object;J)V name or signature does not match> (0x00000000eab07fa8) thrown at [/build/openjdk-8-vT_67x/openjdk-8-8u91-b14/src/hotspot/src/share/vm/prims/jni.cpp, line
Event: 0.449 Thread 0x00007f912c00a000 Exception <a 'java/util/zip/ZipException'> (0x00000000eab55188) thrown at [/build/openjdk-8-vT_67x/openjdk-8-8u91-b14/src/hotspot/src/share/vm/prims/jni.cpp, line 709]
Event: 0.449 Thread 0x00007f912c00a000 Exception <a 'java/security/PrivilegedActionException'> (0x00000000eab55428) thrown at [/build/openjdk-8-vT_67x/openjdk-8-8u91-b14/src/hotspot/src/share/vm/prims/jvm.cpp, line 1386]
Event: 0.449 Thread 0x00007f912c00a000 Exception <a 'java/security/PrivilegedActionException'> (0x00000000eab55638) thrown at [/build/openjdk-8-vT_67x/openjdk-8-8u91-b14/src/hotspot/src/share/vm/prims/jvm.cpp, line 1386]

Events (10 events):
Event: 5.244 Thread 0x00007f912c190000 DEOPT UNPACKING pc=0x00007f911c5c0f69 sp=0x00007f910ac0f0c8 mode 2
Event: 5.245 Thread 0x00007f912c190000 Uncommon trap: trap_request=0xffffff65 fr.pc=0x00007f911c8ae2b8
Event: 5.245 Thread 0x00007f912c190000 DEOPT PACKING pc=0x00007f911c8ae2b8 sp=0x00007f910ac0f110
Event: 5.245 Thread 0x00007f912c190000 DEOPT UNPACKING pc=0x00007f911c5c0f69 sp=0x00007f910ac0f050 mode 2
Event: 5.292 Thread 0x00007f912c190000 Uncommon trap: trap_request=0xffffffd6 fr.pc=0x00007f911c7c57d4
Event: 5.292 Thread 0x00007f912c190000 DEOPT PACKING pc=0x00007f911c7c57d4 sp=0x00007f910ac0eee0
Event: 5.292 Thread 0x00007f912c190000 DEOPT UNPACKING pc=0x00007f911c5c0f69 sp=0x00007f910ac0eea0 mode 2
Event: 5.293 Thread 0x00007f912c192000 Uncommon trap: trap_request=0xffffffd6 fr.pc=0x00007f911c7c57d4
Event: 5.293 Thread 0x00007f912c192000 DEOPT PACKING pc=0x00007f911c7c57d4 sp=0x00007f910ab0dfb0
Event: 5.293 Thread 0x00007f912c192000 DEOPT UNPACKING pc=0x00007f911c5c0f69 sp=0x00007f910ab0df70 mode 2


Dynamic libraries:
00400000-00401000 r-xp 00000000 08:01 9710719                            /usr/lib/jvm/java-8-openjdk-amd64/jre/bin/java
00600000-00601000 r--p 00000000 08:01 9710719                            /usr/lib/jvm/java-8-openjdk-amd64/jre/bin/java
00601000-00602000 rw-p 00001000 08:01 9710719                            /usr/lib/jvm/java-8-openjdk-amd64/jre/bin/java
01a8f000-01ab0000 rw-p 00000000 00:00 0                                  [heap]
c0000000-c4d80000 rw-p 00000000 00:00 0 
c4d80000-eab00000 ---p 00000000 00:00 0 
eab00000-eef00000 rw-p 00000000 00:00 0 
eef00000-100000000 ---p 00000000 00:00 0 
100000000-1000a0000 rw-p 00000000 00:00 0 
1000a0000-140000000 ---p 00000000 00:00 0 
7f90c8000000-7f90c8024000 rw-p 00000000 00:00 0 
7f90c8024000-7f90cc000000 ---p 00000000 00:00 0 
7f90d0000000-7f90d0023000 rw-p 00000000 00:00 0 
7f90d0023000-7f90d4000000 ---p 00000000 00:00 0 
7f90d4000000-7f90d4034000 rw-p 00000000 00:00 0 
7f90d4034000-7f90d8000000 ---p 00000000 00:00 0 
7f90d8000000-7f90d8037000 rw-p 00000000 00:00 0 
7f90d8037000-7f90dc000000 ---p 00000000 00:00 0 
7f90dc000000-7f90dc021000 rw-p 00000000 00:00 0 
7f90dc021000-7f90e0000000 ---p 00000000 00:00 0 
7f90e0000000-7f90e0021000 rw-p 00000000 00:00 0 
7f90e0021000-7f90e4000000 ---p 00000000 00:00 0 
7f90e4000000-7f90e4021000 rw-p 00000000 00:00 0 
7f90e4021000-7f90e8000000 ---p 00000000 00:00 0 
7f90e8000000-7f90e843c000 rw-p 00000000 00:00 0 
7f90e843c000-7f90ec000000 ---p 00000000 00:00 0 
7f90ec000000-7f90ec4f5000 rw-p 00000000 00:00 0 
7f90ec4f5000-7f90f0000000 ---p 00000000 00:00 0 
7f90f0000000-7f90f0021000 rw-p 00000000 00:00 0 
7f90f0021000-7f90f4000000 ---p 00000000 00:00 0 
7f90f4000000-7f90f4591000 rw-p 00000000 00:00 0 
7f90f4591000-7f90f8000000 ---p 00000000 00:00 0 
7f90f8000000-7f90f8021000 rw-p 00000000 00:00 0 
7f90f8021000-7f90fc000000 ---p 00000000 00:00 0 
7f90fc000000-7f90fc021000 rw-p 00000000 00:00 0 
7f90fc021000-7f9100000000 ---p 00000000 00:00 0 
7f9100000000-7f9100021000 rw-p 00000000 00:00 0 
7f9100021000-7f9104000000 ---p 00000000 00:00 0 
7f9104000000-7f9104021000 rw-p 00000000 00:00 0 
7f9104021000-7f9108000000 ---p 00000000 00:00 0 
7f910aa0f000-7f910aa12000 ---p 00000000 00:00 0 
7f910aa12000-7f910ab10000 rw-p 00000000 00:00 0                          [stack:22412]
7f910ab10000-7f910ab13000 ---p 00000000 00:00 0 
7f910ab13000-7f910ac11000 rw-p 00000000 00:00 0                          [stack:22411]
7f910ac11000-7f910ac14000 ---p 00000000 00:00 0 
7f910ac14000-7f910ad12000 rw-p 00000000 00:00 0                          [stack:22410]
7f910ad12000-7f910ad15000 ---p 00000000 00:00 0 
7f910ad15000-7f910ae13000 rw-p 00000000 00:00 0                          [stack:22408]
7f910ae13000-7f910ae16000 ---p 00000000 00:00 0 
7f910ae16000-7f910af14000 rw-p 00000000 00:00 0                          [stack:22407]
7f910af14000-7f910af15000 ---p 00000000 00:00 0 
7f910af15000-7f910b015000 rw-p 00000000 00:00 0                          [stack:22405]
7f910b015000-7f910b018000 ---p 00000000 00:00 0 
7f910b018000-7f910b116000 rw-p 00000000 00:00 0                          [stack:22404]
7f910b116000-7f910b119000 ---p 00000000 00:00 0 
7f910b119000-7f910b217000 rw-p 00000000 00:00 0                          [stack:22403]
7f910b217000-7f910b21a000 ---p 00000000 00:00 0 
7f910b21a000-7f910b318000 rw-p 00000000 00:00 0                          [stack:22402]
7f910b318000-7f910b31b000 ---p 00000000 00:00 0 
7f910b31b000-7f910b419000 rw-p 00000000 00:00 0                          [stack:22401]
7f910b419000-7f910b41c000 ---p 00000000 00:00 0 
7f910b41c000-7f910b51a000 rw-p 00000000 00:00 0                          [stack:22400]
7f910b51a000-7f910bbfc000 r--p 00000000 08:01 9181736                    /usr/lib/locale/locale-archive
7f910bbfc000-7f910bbff000 ---p 00000000 00:00 0 
7f910bbff000-7f910bcfd000 rw-p 00000000 00:00 0                          [stack:22395]
7f910bcfd000-7f910bd00000 ---p 00000000 00:00 0 
7f910bd00000-7f910bdfe000 rw-p 00000000 00:00 0                          [stack:22393]
7f910bdfe000-7f910bdff000 ---p 00000000 00:00 0 
7f910bdff000-7f910c000000 rw-p 00000000 00:00 0                          [stack:22392]
7f910c000000-7f910c021000 rw-p 00000000 00:00 0 
7f910c021000-7f9110000000 ---p 00000000 00:00 0 
7f9110000000-7f9110021000 rw-p 00000000 00:00 0 
7f9110021000-7f9114000000 ---p 00000000 00:00 0 
7f9114000000-7f9114021000 rw-p 00000000 00:00 0 
7f9114021000-7f9118000000 ---p 00000000 00:00 0 
7f9118049000-7f911804d000 r--s 00019000 08:01 29495916                   /home/percept/ketan/MyPlan/app/libs/aspectjrt-1.7.3 (1).jar
7f911804d000-7f9118068000 r--s 001d7000 08:01 10095800                   /usr/lib/jvm/java-8-openjdk-amd64/jre/lib/ext/nashorn.jar
7f9118068000-7f9118084000 r--s 00393000 08:01 10095802                   /usr/lib/jvm/java-8-openjdk-amd64/jre/lib/ext/cldrdata.jar
7f9118084000-7f9118ed4000 rw-p 00000000 00:00 0 
7f9118ed4000-7f91190a1000 r--s 03be7000 08:01 9833555                    /usr/lib/jvm/java-8-openjdk-amd64/jre/lib/rt.jar
7f91190a1000-7f91196e1000 rw-p 00000000 00:00 0 
7f91196e1000-7f91198a1000 ---p 00000000 00:00 0 
7f91198a1000-7f911baa1000 rw-p 00000000 00:00 0 
7f911baa1000-7f911baa2000 ---p 00000000 00:00 0 
7f911baa2000-7f911bba2000 rw-p 00000000 00:00 0                          [stack:22391]
7f911bba2000-7f911bba3000 ---p 00000000 00:00 0 
7f911bba3000-7f911bca3000 rw-p 00000000 00:00 0                          [stack:22390]
7f911bca3000-7f911bca4000 ---p 00000000 00:00 0 
7f911bca4000-7f911bda4000 rw-p 00000000 00:00 0                          [stack:22389]
7f911bda4000-7f911bda5000 ---p 00000000 00:00 0 
7f911bda5000-7f911becc000 rw-p 00000000 00:00 0                          [stack:22388]
7f911becc000-7f911bffb000 ---p 00000000 00:00 0 
7f911bffb000-7f911c022000 rw-p 00000000 00:00 0 
7f911c022000-7f911c150000 ---p 00000000 00:00 0 
7f911c150000-7f911c173000 rw-p 00000000 00:00 0 
7f911c173000-7f911c1fb000 ---p 00000000 00:00 0 
7f911c1fb000-7f911c209000 rw-p 00000000 00:00 0 
7f911c209000-7f911c5bc000 ---p 00000000 00:00 0 
7f911c5bc000-7f911c8fc000 rwxp 00000000 00:00 0 
7f911c8fc000-7f912b5bc000 ---p 00000000 00:00 0 
7f912b5bc000-7f912b5c4000 r-xp 00000000 08:01 9833534                    /usr/lib/jvm/java-8-openjdk-amd64/jre/lib/amd64/libzip.so
7f912b5c4000-7f912b7c3000 ---p 00008000 08:01 9833534                    /usr/lib/jvm/java-8-openjdk-amd64/jre/lib/amd64/libzip.so
7f912b7c3000-7f912b7c4000 r--p 00007000 08:01 9833534                    /usr/lib/jvm/java-8-openjdk-amd64/jre/lib/amd64/libzip.so
7f912b7c4000-7f912b7c5000 rw-p 00008000 08:01 9833534                    /usr/lib/jvm/java-8-openjdk-amd64/jre/lib/amd64/libzip.so
7f912b7c5000-7f912b7cf000 r-xp 00000000 08:01 17175542                   /lib/x86_64-linux-gnu/libnss_files-2.19.so
7f912b7cf000-7f912b9ce000 ---p 0000a000 08:01 17175542                   /lib/x86_64-linux-gnu/libnss_files-2.19.so
7f912b9ce000-7f912b9cf000 r--p 00009000 08:01 17175542                   /lib/x86_64-linux-gnu/libnss_files-2.19.so
7f912b9cf000-7f912b9d0000 rw-p 0000a000 08:01 17175542                   /lib/x86_64-linux-gnu/libnss_files-2.19.so
7f912b9d0000-7f912b9db000 r-xp 00000000 08:01 17175534                   /lib/x86_64-linux-gnu/libnss_nis-2.19.so
7f912b9db000-7f912bbda000 ---p 0000b000 08:01 17175534                   /lib/x86_64-linux-gnu/libnss_nis-2.19.so
7f912bbda000-7f912bbdb000 r--p 0000a000 08:01 17175534                   /lib/x86_64-linux-gnu/libnss_nis-2.19.so
7f912bbdb000-7f912bbdc000 rw-p 0000b000 08:01 17175534                   /lib/x86_64-linux-gnu/libnss_nis-2.19.so
7f912bbdc000-7f912bbf3000 r-xp 00000000 08:01 17175530                   /lib/x86_64-linux-gnu/libnsl-2.19.so
7f912bbf3000-7f912bdf2000 ---p 00017000 08:01 17175530                   /lib/x86_64-linux-gnu/libnsl-2.19.so
7f912bdf2000-7f912bdf3000 r--p 00016000 08:01 17175530                   /lib/x86_64-linux-gnu/libnsl-2.19.so
7f912bdf3000-7f912bdf4000 rw-p 00017000 08:01 17175530                   /lib/x86_64-linux-gnu/libnsl-2.19.so
7f912bdf4000-7f912bdf6000 rw-p 00000000 00:00 0 
7f912bdf6000-7f912bdff000 r-xp 00000000 08:01 17175529                   /lib/x86_64-linux-gnu/libnss_compat-2.19.so
7f912bdff000-7f912bffe000 ---p 00009000 08:01 17175529                   /lib/x86_64-linux-gnu/libnss_compat-2.19.so
7f912bffe000-7f912bfff000 r--p 00008000 08:01 17175529                   /lib/x86_64-linux-gnu/libnss_compat-2.19.so
7f912bfff000-7f912c000000 rw-p 00009000 08:01 17175529                   /lib/x86_64-linux-gnu/libnss_compat-2.19.so
7f912c000000-7f912c1b1000 rw-p 00000000 00:00 0 
7f912c1b1000-7f9130000000 ---p 00000000 00:00 0 
7f9130000000-7f9130002000 rw-p 00000000 00:00 0 
7f9130002000-7f9130010000 r--s 000e0000 08:01 2884391                    /home/percept/Android/Sdk/build-tools/24.0.1/lib/dx.jar
7f9130010000-7f913001a000 r--s 00116000 08:01 10095808                   /usr/lib/jvm/java-8-openjdk-amd64/jre/lib/ext/localedata.jar
7f913001a000-7f91300fe000 rw-p 00000000 00:00 0 
7f91300fe000-7f913012a000 r-xp 00000000 08:01 9833519                    /usr/lib/jvm/java-8-openjdk-amd64/jre/lib/amd64/libjava.so
7f913012a000-7f913032a000 ---p 0002c000 08:01 9833519                    /usr/lib/jvm/java-8-openjdk-amd64/jre/lib/amd64/libjava.so
7f913032a000-7f913032b000 r--p 0002c000 08:01 9833519                    /usr/lib/jvm/java-8-openjdk-amd64/jre/lib/amd64/libjava.so
7f913032b000-7f913032d000 rw-p 0002d000 08:01 9833519                    /usr/lib/jvm/java-8-openjdk-amd64/jre/lib/amd64/libjava.so
7f913032d000-7f913033d000 r-xp 00000000 08:01 9833520                    /usr/lib/jvm/java-8-openjdk-amd64/jre/lib/amd64/libverify.so
7f913033d000-7f913053c000 ---p 00010000 08:01 9833520                    /usr/lib/jvm/java-8-openjdk-amd64/jre/lib/amd64/libverify.so
7f913053c000-7f913053e000 r--p 0000f000 08:01 9833520                    /usr/lib/jvm/java-8-openjdk-amd64/jre/lib/amd64/libverify.so
7f913053e000-7f913053f000 rw-p 00011000 08:01 9833520                    /usr/lib/jvm/java-8-openjdk-amd64/jre/lib/amd64/libverify.so
7f913053f000-7f9130546000 r-xp 00000000 08:01 17175538                   /lib/x86_64-linux-gnu/librt-2.19.so
7f9130546000-7f9130745000 ---p 00007000 08:01 17175538                   /lib/x86_64-linux-gnu/librt-2.19.so
7f9130745000-7f9130746000 r--p 00006000 08:01 17175538                   /lib/x86_64-linux-gnu/librt-2.19.so
7f9130746000-7f9130747000 rw-p 00007000 08:01 17175538                   /lib/x86_64-linux-gnu/librt-2.19.so
7f9130747000-7f913075d000 r-xp 00000000 08:01 17174753                   /lib/x86_64-linux-gnu/libgcc_s.so.1
7f913075d000-7f913095c000 ---p 00016000 08:01 17174753                   /lib/x86_64-linux-gnu/libgcc_s.so.1
7f913095c000-7f913095d000 rw-p 00015000 08:01 17174753                   /lib/x86_64-linux-gnu/libgcc_s.so.1
7f913095d000-7f9130a62000 r-xp 00000000 08:01 17175524                   /lib/x86_64-linux-gnu/libm-2.19.so
7f9130a62000-7f9130c61000 ---p 00105000 08:01 17175524                   /lib/x86_64-linux-gnu/libm-2.19.so
7f9130c61000-7f9130c62000 r--p 00104000 08:01 17175524                   /lib/x86_64-linux-gnu/libm-2.19.so
7f9130c62000-7f9130c63000 rw-p 00105000 08:01 17175524                   /lib/x86_64-linux-gnu/libm-2.19.so
7f9130c63000-7f9130d49000 r-xp 00000000 08:01 9175391                    /usr/lib/x86_64-linux-gnu/libstdc++.so.6.0.19
7f9130d49000-7f9130f48000 ---p 000e6000 08:01 9175391                    /usr/lib/x86_64-linux-gnu/libstdc++.so.6.0.19
7f9130f48000-7f9130f50000 r--p 000e5000 08:01 9175391                    /usr/lib/x86_64-linux-gnu/libstdc++.so.6.0.19
7f9130f50000-7f9130f52000 rw-p 000ed000 08:01 9175391                    /usr/lib/x86_64-linux-gnu/libstdc++.so.6.0.19
7f9130f52000-7f9130f67000 rw-p 00000000 00:00 0 
7f9130f67000-7f9131b55000 r-xp 00000000 08:01 9833532                    /usr/lib/jvm/java-8-openjdk-amd64/jre/lib/amd64/server/libjvm.so
7f9131b55000-7f9131d55000 ---p 00bee000 08:01 9833532                    /usr/lib/jvm/java-8-openjdk-amd64/jre/lib/amd64/server/libjvm.so
7f9131d55000-7f9131df3000 r--p 00bee000 08:01 9833532                    /usr/lib/jvm/java-8-openjdk-amd64/jre/lib/amd64/server/libjvm.so
7f9131df3000-7f9131e1c000 rw-p 00c8c000 08:01 9833532                    /usr/lib/jvm/java-8-openjdk-amd64/jre/lib/amd64/server/libjvm.so
7f9131e1c000-7f9131e4e000 rw-p 00000000 00:00 0 
7f9131e4e000-7f9131e67000 r-xp 00000000 08:01 17175531                   /lib/x86_64-linux-gnu/libpthread-2.19.so
7f9131e67000-7f9132066000 ---p 00019000 08:01 17175531                   /lib/x86_64-linux-gnu/libpthread-2.19.so
7f9132066000-7f9132067000 r--p 00018000 08:01 17175531                   /lib/x86_64-linux-gnu/libpthread-2.19.so
7f9132067000-7f9132068000 rw-p 00019000 08:01 17175531                   /lib/x86_64-linux-gnu/libpthread-2.19.so
7f9132068000-7f913206c000 rw-p 00000000 00:00 0 
7f913206c000-7f913206f000 r-xp 00000000 08:01 17175526                   /lib/x86_64-linux-gnu/libdl-2.19.so
7f913206f000-7f913226e000 ---p 00003000 08:01 17175526                   /lib/x86_64-linux-gnu/libdl-2.19.so
7f913226e000-7f913226f000 r--p 00002000 08:01 17175526                   /lib/x86_64-linux-gnu/libdl-2.19.so
7f913226f000-7f9132270000 rw-p 00003000 08:01 17175526                   /lib/x86_64-linux-gnu/libdl-2.19.so
7f9132270000-7f9132288000 r-xp 00000000 08:01 17174889                   /lib/x86_64-linux-gnu/libz.so.1.2.8
7f9132288000-7f9132487000 ---p 00018000 08:01 17174889                   /lib/x86_64-linux-gnu/libz.so.1.2.8
7f9132487000-7f9132488000 r--p 00017000 08:01 17174889                   /lib/x86_64-linux-gnu/libz.so.1.2.8
7f9132488000-7f9132489000 rw-p 00018000 08:01 17174889                   /lib/x86_64-linux-gnu/libz.so.1.2.8
7f9132489000-7f9132643000 r-xp 00000000 08:01 17175539                   /lib/x86_64-linux-gnu/libc-2.19.so
7f9132643000-7f9132843000 ---p 001ba000 08:01 17175539                   /lib/x86_64-linux-gnu/libc-2.19.so
7f9132843000-7f9132847000 r--p 001ba000 08:01 17175539                   /lib/x86_64-linux-gnu/libc-2.19.so
7f9132847000-7f9132849000 rw-p 001be000 08:01 17175539                   /lib/x86_64-linux-gnu/libc-2.19.so
7f9132849000-7f913284e000 rw-p 00000000 00:00 0 
7f913284e000-7f913285b000 r-xp 00000000 08:01 9964103                    /usr/lib/jvm/java-8-openjdk-amd64/jre/lib/amd64/jli/libjli.so
7f913285b000-7f9132a5b000 ---p 0000d000 08:01 9964103                    /usr/lib/jvm/java-8-openjdk-amd64/jre/lib/amd64/jli/libjli.so
7f9132a5b000-7f9132a5c000 r--p 0000d000 08:01 9964103                    /usr/lib/jvm/java-8-openjdk-amd64/jre/lib/amd64/jli/libjli.so
7f9132a5c000-7f9132a5d000 rw-p 0000e000 08:01 9964103                    /usr/lib/jvm/java-8-openjdk-amd64/jre/lib/amd64/jli/libjli.so
7f9132a5d000-7f9132a80000 r-xp 00000000 08:01 17175532                   /lib/x86_64-linux-gnu/ld-2.19.so
7f9132a80000-7f9132a84000 r--s 00037000 08:01 10095809                   /usr/lib/jvm/java-8-openjdk-amd64/jre/lib/ext/sunpkcs11.jar
7f9132a84000-7f9132b5d000 rw-p 00000000 00:00 0 
7f9132b5d000-7f9132b60000 ---p 00000000 00:00 0 
7f9132b60000-7f9132c63000 rw-p 00000000 00:00 0                          [stack:22385]
7f9132c63000-7f9132c64000 r--s 00008000 08:01 10095803                   /usr/lib/jvm/java-8-openjdk-amd64/jre/lib/ext/sunec.jar
7f9132c64000-7f9132c65000 r--s 00010000 08:01 10095805                   /usr/lib/jvm/java-8-openjdk-amd64/jre/lib/ext/zipfs.jar
7f9132c65000-7f9132c67000 r--s 00001000 08:01 10095801                   /usr/lib/jvm/java-8-openjdk-amd64/jre/lib/ext/dnsns.jar
7f9132c67000-7f9132c69000 r--s 00006000 08:01 9573592                    /usr/share/java/java-atk-wrapper.jar
7f9132c69000-7f9132c6c000 r--s 0000f000 08:01 10095807                   /usr/lib/jvm/java-8-openjdk-amd64/jre/lib/ext/icedtea-sound.jar
7f9132c6c000-7f9132c6d000 r--s 0000a000 08:01 10095804                   /usr/lib/jvm/java-8-openjdk-amd64/jre/lib/ext/jaccess.jar
7f9132c6d000-7f9132c73000 r--s 0003a000 08:01 10095806                   /usr/lib/jvm/java-8-openjdk-amd64/jre/lib/ext/sunjce_provider.jar
7f9132c73000-7f9132c7b000 rw-s 00000000 08:01 2494952                    /tmp/hsperfdata_percept/22383
7f9132c7b000-7f9132c7c000 rw-p 00000000 00:00 0 
7f9132c7c000-7f9132c7d000 r--p 00000000 00:00 0 
7f9132c7d000-7f9132c7f000 rw-p 00000000 00:00 0 
7f9132c7f000-7f9132c80000 r--p 00022000 08:01 17175532                   /lib/x86_64-linux-gnu/ld-2.19.so
7f9132c80000-7f9132c81000 rw-p 00023000 08:01 17175532                   /lib/x86_64-linux-gnu/ld-2.19.so
7f9132c81000-7f9132c82000 rw-p 00000000 00:00 0 
7ffe4f81a000-7ffe4f83b000 rw-p 00000000 00:00 0                          [stack]
7ffe4f8b3000-7ffe4f8b5000 r--p 00000000 00:00 0                          [vvar]
7ffe4f8b5000-7ffe4f8b7000 r-xp 00000000 00:00 0                          [vdso]
ffffffffff600000-ffffffffff601000 r-xp 00000000 00:00 0                  [vsyscall]

VM Arguments:
jvm_args: -Djava.awt.headless=true -Xmx1024M -Dfile.encoding=UTF-8 -Duser.country=IN -Duser.language=en -Duser.variant 
java_command: com.android.dx.command.Main --dex --force-jumbo --num-threads=4 --multi-dex --output /home/percept/ketan/MyPlan/app/build/intermediates/transforms/dex/debug/folders/1000/2/aspectjrt-1.7.3 (1)_b3c5e158f729f29f53157f73200c3e0f7f8ef656 /home/percept/ketan/MyPlan/app/libs/aspectjrt-1.7.3 (1).jar
java_class_path (initial): /home/percept/Android/Sdk/build-tools/24.0.1/lib/dx.jar
Launcher Type: SUN_STANDARD

Environment Variables:
JAVA_HOME=/usr/lib/jvm/java-8-openjdk-amd64
PATH=/usr/local/sbin:/usr/local/bin:/usr/sbin:/usr/bin:/sbin:/bin:/usr/games:/usr/local/games
LD_LIBRARY_PATH=/home/percept/android-studio/bin:
SHELL=/bin/bash
DISPLAY=:0

Signal Handlers:
SIGSEGV: [libjvm.so+0x9f6230], sa_mask[0]=11111111011111111101111111111110, sa_flags=SA_RESTART|SA_SIGINFO
SIGBUS: [libjvm.so+0x9f6230], sa_mask[0]=11111111011111111101111111111110, sa_flags=SA_RESTART|SA_SIGINFO
SIGFPE: [libjvm.so+0x856c80], sa_mask[0]=11111111011111111101111111111110, sa_flags=SA_RESTART|SA_SIGINFO
SIGPIPE: [libjvm.so+0x856c80], sa_mask[0]=11111111011111111101111111111110, sa_flags=SA_RESTART|SA_SIGINFO
SIGXFSZ: [libjvm.so+0x856c80], sa_mask[0]=11111111011111111101111111111110, sa_flags=SA_RESTART|SA_SIGINFO
SIGILL: [libjvm.so+0x856c80], sa_mask[0]=11111111011111111101111111111110, sa_flags=SA_RESTART|SA_SIGINFO
SIGUSR1: SIG_DFL, sa_mask[0]=00000000000000000000000000000000, sa_flags=none
SIGUSR2: [libjvm.so+0x856b50], sa_mask[0]=00100000000000000000000000000000, sa_flags=SA_RESTART|SA_SIGINFO
SIGHUP: [libjvm.so+0x856d40], sa_mask[0]=11111111011111111101111111111110, sa_flags=SA_RESTART|SA_SIGINFO
SIGINT: [libjvm.so+0x856d40], sa_mask[0]=11111111011111111101111111111110, sa_flags=SA_RESTART|SA_SIGINFO
SIGTERM: [libjvm.so+0x856d40], sa_mask[0]=11111111011111111101111111111110, sa_flags=SA_RESTART|SA_SIGINFO
SIGQUIT: [libjvm.so+0x856d40], sa_mask[0]=11111111011111111101111111111110, sa_flags=SA_RESTART|SA_SIGINFO


---------------  S Y S T E M  ---------------

OS:DISTRIB_ID=Ubuntu
DISTRIB_RELEASE=14.04
DISTRIB_CODENAME=trusty
DISTRIB_DESCRIPTION="Ubuntu 14.04.4 LTS"

uname:Linux 4.2.0-30-generic #36~14.04.1-Ubuntu SMP Fri Feb 26 18:49:23 UTC 2016 x86_64
libc:glibc 2.19 NPTL 2.19 
rlimit: STACK 8192k, CORE 0k, NPROC 29607, NOFILE 4096, AS infinity
load average:11.59 7.88 5.18

/proc/meminfo:
MemTotal:        7600976 kB
MemFree:          305960 kB
MemAvailable:    3627088 kB
Buffers:          288060 kB
Cached:          2787720 kB
SwapCached:          884 kB
Active:          4680540 kB
Inactive:        2106572 kB
Active(anon):    3120476 kB
Inactive(anon):   631460 kB
Active(file):    1560064 kB
Inactive(file):  1475112 kB
Unevictable:         104 kB
Mlocked:             104 kB
SwapTotal:       1495036 kB
SwapFree:        1486284 kB
Dirty:              2488 kB
Writeback:             0 kB
AnonPages:       3710712 kB
Mapped:           468388 kB
Shmem:             40608 kB
Slab:             368276 kB
SReclaimable:     326980 kB
SUnreclaim:        41296 kB
KernelStack:       11600 kB
PageTables:        45120 kB
NFS_Unstable:          0 kB
Bounce:                0 kB
WritebackTmp:          0 kB
CommitLimit:     5295524 kB
Committed_AS:    8512884 kB
VmallocTotal:   34359738367 kB
VmallocUsed:      305396 kB
VmallocChunk:   34358947836 kB
HardwareCorrupted:     0 kB
AnonHugePages:   2242560 kB
CmaTotal:              0 kB
CmaFree:               0 kB
HugePages_Total:       0
HugePages_Free:        0
HugePages_Rsvd:        0
HugePages_Surp:        0
Hugepagesize:       2048 kB
DirectMap4k:      211564 kB
DirectMap2M:     4448256 kB
DirectMap1G:     3145728 kB


CPU:total 4 (4 cores per cpu, 1 threads per core) family 22 model 0 stepping 1, cmov, cx8, fxsr, mmx, sse, sse2, sse3, ssse3, sse4.1, sse4.2, popcnt, avx, aes, clmul, mmxext, 3dnowpref, lzcnt, sse4a, tsc, tscinvbit, tscinv, bmi1

/proc/cpuinfo:
processor	: 0
vendor_id	: AuthenticAMD
cpu family	: 22
model		: 0
model name	: AMD Athlon(tm) 5150 APU with Radeon(tm) R3
stepping	: 1
microcode	: 0x700010b
cpu MHz		: 1400.000
cache size	: 2048 KB
physical id	: 0
siblings	: 4
core id		: 0
cpu cores	: 4
apicid		: 0
initial apicid	: 0
fpu		: yes
fpu_exception	: yes
cpuid level	: 13
wp		: yes
flags		: fpu vme de pse tsc msr pae mce cx8 apic sep mtrr pge mca cmov pat pse36 clflush mmx fxsr sse sse2 ht syscall nx mmxext fxsr_opt pdpe1gb rdtscp lm constant_tsc rep_good nopl nonstop_tsc extd_apicid aperfmperf eagerfpu pni pclmulqdq monitor ssse3 cx16 sse4_1 sse4_2 movbe popcnt aes xsave avx f16c lahf_lm cmp_legacy svm extapic cr8_legacy abm sse4a misalignsse 3dnowprefetch osvw ibs skinit wdt topoext perfctr_nb bpext perfctr_l2 arat hw_pstate proc_feedback npt lbrv svm_lock nrip_save tsc_scale flushbyasid decodeassists pausefilter pfthreshold vmmcall bmi1 xsaveopt
bugs		: fxsave_leak sysret_ss_attrs
bogomips	: 3194.27
TLB size	: 1024 4K pages
clflush size	: 64
cache_alignment	: 64
address sizes	: 40 bits physical, 48 bits virtual
power management: ts ttp tm 100mhzsteps hwpstate [11]

processor	: 1
vendor_id	: AuthenticAMD
cpu family	: 22
model		: 0
model name	: AMD Athlon(tm) 5150 APU with Radeon(tm) R3
stepping	: 1
microcode	: 0x700010b
cpu MHz		: 1400.000
cache size	: 2048 KB
physical id	: 0
siblings	: 4
core id		: 1
cpu cores	: 4
apicid		: 1
initial apicid	: 1
fpu		: yes
fpu_exception	: yes
cpuid level	: 13
wp		: yes
flags		: fpu vme de pse tsc msr pae mce cx8 apic sep mtrr pge mca cmov pat pse36 clflush mmx fxsr sse sse2 ht syscall nx mmxext fxsr_opt pdpe1gb rdtscp lm constant_tsc rep_good nopl nonstop_tsc extd_apicid aperfmperf eagerfpu pni pclmulqdq monitor ssse3 cx16 sse4_1 sse4_2 movbe popcnt aes xsave avx f16c lahf_lm cmp_legacy svm extapic cr8_legacy abm sse4a misalignsse 3dnowprefetch osvw ibs skinit wdt topoext perfctr_nb bpext perfctr_l2 arat hw_pstate proc_feedback npt lbrv svm_lock nrip_save tsc_scale flushbyasid decodeassists pausefilter pfthreshold vmmcall bmi1 xsaveopt
bugs		: fxsave_leak sysret_ss_attrs
bogomips	: 3194.27
TLB size	: 1024 4K pages
clflush size	: 64
cache_alignment	: 64
address sizes	: 40 bits physical, 48 bits virtual
power management: ts ttp tm 100mhzsteps hwpstate [11]

processor	: 2
vendor_id	: AuthenticAMD
cpu family	: 22
model		: 0
model name	: AMD Athlon(tm) 5150 APU with Radeon(tm) R3
stepping	: 1
microcode	: 0x700010b
cpu MHz		: 1600.000
cache size	: 2048 KB
physical id	: 0
siblings	: 4
core id		: 2
cpu cores	: 4
apicid		: 2
initial apicid	: 2
fpu		: yes
fpu_exception	: yes
cpuid level	: 13
wp		: yes
flags		: fpu vme de pse tsc msr pae mce cx8 apic sep mtrr pge mca cmov pat pse36 clflush mmx fxsr sse sse2 ht syscall nx mmxext fxsr_opt pdpe1gb rdtscp lm constant_tsc rep_good nopl nonstop_tsc extd_apicid aperfmperf eagerfpu pni pclmulqdq monitor ssse3 cx16 sse4_1 sse4_2 movbe popcnt aes xsave avx f16c lahf_lm cmp_legacy svm extapic cr8_legacy abm sse4a misalignsse 3dnowprefetch osvw ibs skinit wdt topoext perfctr_nb bpext perfctr_l2 arat hw_pstate proc_feedback npt lbrv svm_lock nrip_save tsc_scale flushbyasid decodeassists pausefilter pfthreshold vmmcall bmi1 xsaveopt
bugs		: fxsave_leak sysret_ss_attrs
bogomips	: 3194.27
TLB size	: 1024 4K pages
clflush size	: 64
cache_alignment	: 64
address sizes	: 40 bits physical, 48 bits virtual
power management: ts ttp tm 100mhzsteps hwpstate [11]

processor	: 3
vendor_id	: AuthenticAMD
cpu family	: 22
model		: 0
model name	: AMD Athlon(tm) 5150 APU with Radeon(tm) R3
stepping	: 1
microcode	: 0x700010b
cpu MHz		: 1600.000
cache size	: 2048 KB
physical id	: 0
siblings	: 4
core id		: 3
cpu cores	: 4
apicid		: 3
initial apicid	: 3
fpu		: yes
fpu_exception	: yes
cpuid level	: 13
wp		: yes
flags		: fpu vme de pse tsc msr pae mce cx8 apic sep mtrr pge mca cmov pat pse36 clflush mmx fxsr sse sse2 ht syscall nx mmxext fxsr_opt pdpe1gb rdtscp lm constant_tsc rep_good nopl nonstop_tsc extd_apicid aperfmperf eagerfpu pni pclmulqdq monitor ssse3 cx16 sse4_1 sse4_2 movbe popcnt aes xsave avx f16c lahf_lm cmp_legacy svm extapic cr8_legacy abm sse4a misalignsse 3dnowprefetch osvw ibs skinit wdt topoext perfctr_nb bpext perfctr_l2 arat hw_pstate proc_feedback npt lbrv svm_lock nrip_save tsc_scale flushbyasid decodeassists pausefilter pfthreshold vmmcall bmi1 xsaveopt
bugs		: fxsave_leak sysret_ss_attrs
bogomips	: 3194.27
TLB size	: 1024 4K pages
clflush size	: 64
cache_alignment	: 64
address sizes	: 40 bits physical, 48 bits virtual
power management: ts ttp tm 100mhzsteps hwpstate [11]



Memory: 4k page, physical 7600976k(305748k free), swap 1495036k(1486284k free)

vm_info: OpenJDK 64-Bit Server VM (25.91-b14) for linux-amd64 JRE (1.8.0_91-8u91-b14-0ubuntu4~14.04-b14), built on Apr 22 2016 12:27:31 by "buildd" with gcc 4.8.2

time: Mon Nov 21 17:05:51 2016
elapsed time: 5 seconds (0d 0h 0m 5s)

