#
# A fatal error has been detected by the Java Runtime Environment:
#
#  SIGSEGV (0xb) at pc=0x00007fe0f63c4ff7, pid=12997, tid=0x00007fe0dc488700
#
# JRE version: OpenJDK Runtime Environment (8.0_76-b03) (build 1.8.0_76-release-b03)
# Java VM: OpenJDK 64-Bit Server VM (25.76-b03 mixed mode linux-amd64 compressed oops)
# Problematic frame:
# V  [libjvm.so+0x88eff7]  PhaseCCP::transform(Node*)+0x177
#
# Failed to write core dump. Core dumps have been disabled. To enable core dumping, try "ulimit -c unlimited" before starting Java again
#
# If you would like to submit a bug report, please visit:
#   http://bugreport.java.com/bugreport/crash.jsp
#

---------------  T H R E A D  ---------------

Current thread (0x00007fe0f00ba800):  JavaThread "C2 CompilerThread1" daemon [_thread_in_native, id=13015, stack(0x00007fe0dc388000,0x00007fe0dc489000)]

siginfo: si_signo: 11 (SIGSEGV), si_code: 1 (SEGV_MAPERR), si_addr: 0x00005fe0b42fff28

Registers:
RAX=0x00007fe0b4257828, RBX=0x0000000000000000, RCX=0x00007fe0bc03ce20, RDX=0x00000000000000ab
RSP=0x00007fe0dc484270, RBP=0x00007fe0dc4842f0, RSI=0x0000000000000001, RDI=0x0000000000000003
R8 =0x0000000000000000, R9 =0x00007fe0b42577f0, R10=0x00007fe0b46b96b8, R11=0x00007fe0dc486f90
R12=0x00005fe0b42fff00, R13=0x00007fe0b42577f0, R14=0x0000000000000008, R15=0x00007fe0dc485890
RIP=0x00007fe0f63c4ff7, EFLAGS=0x0000000000010206, CSGSFS=0x0000000000000033, ERR=0x0000000000000004
  TRAPNO=0x000000000000000e

Top of Stack: (sp=0x00007fe0dc484270)
0x00007fe0dc484270:   00007fe0bc2e3570 00007fe0b425af38
0x00007fe0dc484280:   00007fe0dc4842a0 00007fe0dc4858b0
0x00007fe0dc484290:   00007fe0bc2e2b38 00007fe0b42fff00
0x00007fe0dc4842a0:   0000005700000002 0000000000000000
0x00007fe0dc4842b0:   00007fe000000007 00007fe0bc03ce20
0x00007fe0dc4842c0:   00007fe0dc484420 00007fe0dc485890
0x00007fe0dc4842d0:   00007fe0dc484420 00007fe0dc484e40
0x00007fe0dc4842e0:   00007fe0dc485890 00007fe0dc484380
0x00007fe0dc4842f0:   00007fe0dc484310 00007fe0f63ca21d
0x00007fe0dc484300:   00007fe0dc484420 00007fe0dc486f90
0x00007fe0dc484310:   00007fe0dc486310 00007fe0f5f98fec
0x00007fe0dc484320:   0000000000000000 00000000ffffffff
0x00007fe0dc484330:   000000000000002a 00007fe0f69f8fc0
0x00007fe0dc484340:   0000000000000028 00007fe0dc486f98
0x00007fe0dc484350:   00007fe0f001c130 00007fe0b438d960
0x00007fe0dc484360:   00007fe0b4391b20 00007fe0b4395948
0x00007fe0dc484370:   00000000000083b0 ffffffffffffffff
0x00007fe0dc484380:   00000000ffff0000 0000000000000000
0x00007fe0dc484390:   0000000000000000 ffffffffffffff00
0x00007fe0dc4843a0:   0000000cffffffff 00007fe0dc486f90
0x00007fe0dc4843b0:   0000000000000000 00007fe0f655913a
0x00007fe0dc4843c0:   00007fe0dc484401 00007fe0f5e16a0a
0x00007fe0dc4843d0:   00007fe0f5e1d9d1 00007fe0dc484920
0x00007fe0dc4843e0:   00007fe0dc484920 00007fe0dc4844d0
0x00007fe0dc4843f0:   ffffffffffffffff 0000000000000000
0x00007fe0dc484400:   00007fe0dc4848e0 00007fe0f62cbbdb
0x00007fe0dc484410:   0000000000000006 ffffffffffffffff
0x00007fe0dc484420:   00000000ffff0000 0000000000000000
0x00007fe0dc484430:   0000000000000000 ffffffffffffff00
0x00007fe0dc484440:   0000000cffffffff 00007fe0dc486f90
0x00007fe0dc484450:   0000000000000000 00007fe0f655914e
0x00007fe0dc484460:   00007fe0dc484501 ffffffffffffffff 

Instructions: (pc=0x00007fe0f63c4ff7)
0x00007fe0f63c4fd7:   8d 7e 01 89 7d b0 4c 89 0c f0 48 83 c3 08 4c 39
0x00007fe0f63c4fe7:   f3 74 2c 49 8b 45 08 4c 8b 24 18 4d 85 e4 74 ea
0x00007fe0f63c4ff7:   41 8b 44 24 28 41 3b 47 28 73 9e 49 8b 77 30 48
0x00007fe0f63c5007:   83 3c c6 00 74 93 48 83 c3 08 4c 39 f3 75 d4 8b 

Register to memory mapping:

RAX=0x00007fe0b4257828 is an unknown value
RBX=0x0000000000000000 is an unknown value
RCX=0x00007fe0bc03ce20 is an unknown value
RDX=0x00000000000000ab is an unknown value
RSP=0x00007fe0dc484270 is pointing into the stack for thread: 0x00007fe0f00ba800
RBP=0x00007fe0dc4842f0 is pointing into the stack for thread: 0x00007fe0f00ba800
RSI=0x0000000000000001 is an unknown value
RDI=0x0000000000000003 is an unknown value
R8 =0x0000000000000000 is an unknown value
R9 =0x00007fe0b42577f0 is an unknown value
R10=0x00007fe0b46b96b8 is an unknown value
R11=0x00007fe0dc486f90 is pointing into the stack for thread: 0x00007fe0f00ba800
R12=0x00005fe0b42fff00 is an unknown value
R13=0x00007fe0b42577f0 is an unknown value
R14=0x0000000000000008 is an unknown value
R15=0x00007fe0dc485890 is pointing into the stack for thread: 0x00007fe0f00ba800


Stack: [0x00007fe0dc388000,0x00007fe0dc489000],  sp=0x00007fe0dc484270,  free space=1008k
Native frames: (J=compiled Java code, j=interpreted, Vv=VM code, C=native code)
V  [libjvm.so+0x88eff7]  PhaseCCP::transform(Node*)+0x177
V  [libjvm.so+0x89421d]  PhaseCCP::do_transform()+0x1d
V  [libjvm.so+0x462fec]  Compile::Optimize()+0xabc
V  [libjvm.so+0x46534d]  Compile::Compile(ciEnv*, C2Compiler*, ciMethod*, int, bool, bool, bool)+0x109d
V  [libjvm.so+0x3c3338]  C2Compiler::compile_method(ciEnv*, ciMethod*, int)+0x1a8
V  [libjvm.so+0x46d832]  CompileBroker::invoke_compiler_on_method(CompileTask*)+0x8b2
V  [libjvm.so+0x46e6e8]  CompileBroker::compiler_thread_loop()+0x4e8
V  [libjvm.so+0x986ec0]  JavaThread::thread_main_inner()+0xf0
V  [libjvm.so+0x8425b2]  java_start(Thread*)+0xf2
C  [libpthread.so.0+0x8184]  start_thread+0xc4


Current CompileTask:
C2:  21954 2234       4       java.util.ArrayList::removeRange (75 bytes)


---------------  P R O C E S S  ---------------

Java Threads: ( => current thread )
  0x00007fe0f014d800 JavaThread "pool-1-thread-1" [_thread_in_Java, id=13110, stack(0x00007fe0a7dfe000,0x00007fe0a7eff000)]
  0x00007fe0f00bf800 JavaThread "Service Thread" daemon [_thread_blocked, id=13017, stack(0x00007fe0dc186000,0x00007fe0dc287000)]
  0x00007fe0f00bc800 JavaThread "C1 CompilerThread2" daemon [_thread_blocked, id=13016, stack(0x00007fe0dc287000,0x00007fe0dc388000)]
=>0x00007fe0f00ba800 JavaThread "C2 CompilerThread1" daemon [_thread_in_native, id=13015, stack(0x00007fe0dc388000,0x00007fe0dc489000)]
  0x00007fe0f00b8000 JavaThread "C2 CompilerThread0" daemon [_thread_in_native, id=13014, stack(0x00007fe0dc489000,0x00007fe0dc58a000)]
  0x00007fe0f00b6800 JavaThread "Signal Dispatcher" daemon [_thread_blocked, id=13013, stack(0x00007fe0dc58a000,0x00007fe0dc68b000)]
  0x00007fe0f0083800 JavaThread "Finalizer" daemon [_thread_blocked, id=13012, stack(0x00007fe0dcd6d000,0x00007fe0dce6e000)]
  0x00007fe0f007f000 JavaThread "Reference Handler" daemon [_thread_blocked, id=13011, stack(0x00007fe0dce6e000,0x00007fe0dcf6f000)]
  0x00007fe0f000a000 JavaThread "main" [_thread_blocked, id=12999, stack(0x00007fe0f7525000,0x00007fe0f7626000)]

Other Threads:
  0x00007fe0f0077800 VMThread [stack: 0x00007fe0dcf6f000,0x00007fe0dd070000] [id=13009]
  0x00007fe0f00c2000 WatcherThread [stack: 0x00007fe0dc085000,0x00007fe0dc186000] [id=13018]

VM state:not at safepoint (normal execution)

VM Mutex/Monitor currently owned by a thread: None

Heap:
 PSYoungGen      total 134144K, used 131681K [0x00000000eab00000, 0x00000000f4100000, 0x0000000100000000)
  eden space 119296K, 99% used [0x00000000eab00000,0x00000000f1f04eb0,0x00000000f1f80000)
  from space 14848K, 86% used [0x00000000f2f80000,0x00000000f3c13670,0x00000000f3e00000)
  to   space 16384K, 0% used [0x00000000f1f80000,0x00000000f1f80000,0x00000000f2f80000)
 ParOldGen       total 79360K, used 23506K [0x00000000c0000000, 0x00000000c4d80000, 0x00000000eab00000)
  object space 79360K, 29% used [0x00000000c0000000,0x00000000c16f4a48,0x00000000c4d80000)
 Metaspace       used 6458K, capacity 7344K, committed 7552K, reserved 1056768K
  class space    used 588K, capacity 616K, committed 640K, reserved 1048576K

Card table byte_map: [0x00007fe0f41cf000,0x00007fe0f43d0000] byte_map_base: 0x00007fe0f3bcf000

Marking Bits: (ParMarkBitMap*) 0x00007fe0f69f91a0
 Begin Bits: [0x00007fe0debfc000, 0x00007fe0dfbfc000)
 End Bits:   [0x00007fe0dfbfc000, 0x00007fe0e0bfc000)

Polling page: 0x00007fe0f7643000

CodeCache: size=245760Kb used=7608Kb max_used=7633Kb free=238152Kb
 bounds [0x00007fe0e1000000, 0x00007fe0e1780000, 0x00007fe0f0000000]
 total_blobs=2327 nmethods=2060 adapters=182
 compilation: enabled

Compilation events (10 events):
Event: 21.676 Thread 0x00007fe0f00bc800 2650 %     3       com.android.dx.ssa.RegisterMapper::map @ 20 (73 bytes)
Event: 21.678 Thread 0x00007fe0f00bc800 nmethod 2650% 0x00007fe0e1766dd0 code [0x00007fe0e1766fe0, 0x00007fe0e1767ce8]
Event: 21.678 Thread 0x00007fe0f00bc800 2651       3       com.android.dx.ssa.RegisterMapper::map (73 bytes)
Event: 21.680 Thread 0x00007fe0f00bc800 nmethod 2651 0x00007fe0e1768350 code [0x00007fe0e1768560, 0x00007fe0e1769128]
Event: 21.807 Thread 0x00007fe0f00bc800 2652       2       com.android.dx.util.ByteArrayAnnotatedOutput::<init> (8 bytes)
Event: 21.808 Thread 0x00007fe0f00bc800 nmethod 2652 0x00007fe0e17696d0 code [0x00007fe0e1769840, 0x00007fe0e1769a48]
Event: 21.808 Thread 0x00007fe0f00bc800 2653       2       com.android.dx.util.ByteArrayAnnotatedOutput::toByteArray (23 bytes)
Event: 21.808 Thread 0x00007fe0f00bc800 nmethod 2653 0x00007fe0e1769b10 code [0x00007fe0e1769c80, 0x00007fe0e1769f08]
Event: 21.890 Thread 0x00007fe0f00ba800 nmethod 1771 0x00007fe0e1770550 code [0x00007fe0e1770a00, 0x00007fe0e1774170]
Event: 21.890 Thread 0x00007fe0f00ba800 2234       4       java.util.ArrayList::removeRange (75 bytes)

GC Heap History (10 events):
Event: 6.536 GC heap before
{Heap before GC invocations=2 (full 0):
 PSYoungGen      total 34816K, used 34785K [0x00000000eab00000, 0x00000000ed180000, 0x0000000100000000)
  eden space 30208K, 100% used [0x00000000eab00000,0x00000000ec880000,0x00000000ec880000)
  from space 4608K, 99% used [0x00000000ec880000,0x00000000eccf84f8,0x00000000ecd00000)
  to   space 4608K, 0% used [0x00000000ecd00000,0x00000000ecd00000,0x00000000ed180000)
 ParOldGen       total 79360K, used 939K [0x00000000c0000000, 0x00000000c4d80000, 0x00000000eab00000)
  object space 79360K, 1% used [0x00000000c0000000,0x00000000c00eaee0,0x00000000c4d80000)
 Metaspace       used 5867K, capacity 6896K, committed 7040K, reserved 1056768K
  class space    used 569K, capacity 616K, committed 640K, reserved 1048576K
Event: 6.594 GC heap after
Heap after GC invocations=2 (full 0):
 PSYoungGen      total 34816K, used 4599K [0x00000000eab00000, 0x00000000eef00000, 0x0000000100000000)
  eden space 30208K, 0% used [0x00000000eab00000,0x00000000eab00000,0x00000000ec880000)
  from space 4608K, 99% used [0x00000000ecd00000,0x00000000ed17dc88,0x00000000ed180000)
  to   space 4608K, 0% used [0x00000000ec880000,0x00000000ec880000,0x00000000ecd00000)
 ParOldGen       total 79360K, used 4375K [0x00000000c0000000, 0x00000000c4d80000, 0x00000000eab00000)
  object space 79360K, 5% used [0x00000000c0000000,0x00000000c0445cb8,0x00000000c4d80000)
 Metaspace       used 5867K, capacity 6896K, committed 7040K, reserved 1056768K
  class space    used 569K, capacity 616K, committed 640K, reserved 1048576K
}
Event: 8.162 GC heap before
{Heap before GC invocations=3 (full 0):
 PSYoungGen      total 34816K, used 34807K [0x00000000eab00000, 0x00000000eef00000, 0x0000000100000000)
  eden space 30208K, 100% used [0x00000000eab00000,0x00000000ec880000,0x00000000ec880000)
  from space 4608K, 99% used [0x00000000ecd00000,0x00000000ed17dc88,0x00000000ed180000)
  to   space 4608K, 0% used [0x00000000ec880000,0x00000000ec880000,0x00000000ecd00000)
 ParOldGen       total 79360K, used 4375K [0x00000000c0000000, 0x00000000c4d80000, 0x00000000eab00000)
  object space 79360K, 5% used [0x00000000c0000000,0x00000000c0445cb8,0x00000000c4d80000)
 Metaspace       used 5913K, capacity 6896K, committed 7040K, reserved 1056768K
  class space    used 569K, capacity 616K, committed 640K, reserved 1048576K
Event: 8.303 GC heap after
Heap after GC invocations=3 (full 0):
 PSYoungGen      total 34816K, used 4576K [0x00000000eab00000, 0x00000000eef00000, 0x0000000100000000)
  eden space 30208K, 0% used [0x00000000eab00000,0x00000000eab00000,0x00000000ec880000)
  from space 4608K, 99% used [0x00000000ec880000,0x00000000eccf8018,0x00000000ecd00000)
  to   space 4608K, 0% used [0x00000000eea80000,0x00000000eea80000,0x00000000eef00000)
 ParOldGen       total 79360K, used 9040K [0x00000000c0000000, 0x00000000c4d80000, 0x00000000eab00000)
  object space 79360K, 11% used [0x00000000c0000000,0x00000000c08d4280,0x00000000c4d80000)
 Metaspace       used 5913K, capacity 6896K, committed 7040K, reserved 1056768K
  class space    used 569K, capacity 616K, committed 640K, reserved 1048576K
}
Event: 9.318 GC heap before
{Heap before GC invocations=4 (full 0):
 PSYoungGen      total 34816K, used 34784K [0x00000000eab00000, 0x00000000eef00000, 0x0000000100000000)
  eden space 30208K, 100% used [0x00000000eab00000,0x00000000ec880000,0x00000000ec880000)
  from space 4608K, 99% used [0x00000000ec880000,0x00000000eccf8018,0x00000000ecd00000)
  to   space 4608K, 0% used [0x00000000eea80000,0x00000000eea80000,0x00000000eef00000)
 ParOldGen       total 79360K, used 9040K [0x00000000c0000000, 0x00000000c4d80000, 0x00000000eab00000)
  object space 79360K, 11% used [0x00000000c0000000,0x00000000c08d4280,0x00000000c4d80000)
 Metaspace       used 5921K, capacity 6896K, committed 7040K, reserved 1056768K
  class space    used 569K, capacity 616K, committed 640K, reserved 1048576K
Event: 9.448 GC heap after
Heap after GC invocations=4 (full 0):
 PSYoungGen      total 65024K, used 4592K [0x00000000eab00000, 0x00000000eef00000, 0x0000000100000000)
  eden space 60416K, 0% used [0x00000000eab00000,0x00000000eab00000,0x00000000ee600000)
  from space 4608K, 99% used [0x00000000eea80000,0x00000000eeefc028,0x00000000eef00000)
  to   space 4608K, 0% used [0x00000000ee600000,0x00000000ee600000,0x00000000eea80000)
 ParOldGen       total 79360K, used 13718K [0x00000000c0000000, 0x00000000c4d80000, 0x00000000eab00000)
  object space 79360K, 17% used [0x00000000c0000000,0x00000000c0d65918,0x00000000c4d80000)
 Metaspace       used 5921K, capacity 6896K, committed 7040K, reserved 1056768K
  class space    used 569K, capacity 616K, committed 640K, reserved 1048576K
}
Event: 11.614 GC heap before
{Heap before GC invocations=5 (full 0):
 PSYoungGen      total 65024K, used 65008K [0x00000000eab00000, 0x00000000eef00000, 0x0000000100000000)
  eden space 60416K, 100% used [0x00000000eab00000,0x00000000ee600000,0x00000000ee600000)
  from space 4608K, 99% used [0x00000000eea80000,0x00000000eeefc028,0x00000000eef00000)
  to   space 4608K, 0% used [0x00000000ee600000,0x00000000ee600000,0x00000000eea80000)
 ParOldGen       total 79360K, used 13718K [0x00000000c0000000, 0x00000000c4d80000, 0x00000000eab00000)
  object space 79360K, 17% used [0x00000000c0000000,0x00000000c0d65918,0x00000000c4d80000)
 Metaspace       used 5952K, capacity 6960K, committed 7040K, reserved 1056768K
  class space    used 569K, capacity 616K, committed 640K, reserved 1048576K
Event: 11.846 GC heap after
Heap after GC invocations=5 (full 0):
 PSYoungGen      total 65024K, used 4587K [0x00000000eab00000, 0x00000000f3e00000, 0x0000000100000000)
  eden space 60416K, 0% used [0x00000000eab00000,0x00000000eab00000,0x00000000ee600000)
  from space 4608K, 99% used [0x00000000ee600000,0x00000000eea7ae70,0x00000000eea80000)
  to   space 14848K, 0% used [0x00000000f2f80000,0x00000000f2f80000,0x00000000f3e00000)
 ParOldGen       total 79360K, used 23506K [0x00000000c0000000, 0x00000000c4d80000, 0x00000000eab00000)
  object space 79360K, 29% used [0x00000000c0000000,0x00000000c16f4a48,0x00000000c4d80000)
 Metaspace       used 5952K, capacity 6960K, committed 7040K, reserved 1056768K
  class space    used 569K, capacity 616K, committed 640K, reserved 1048576K
}
Event: 13.682 GC heap before
{Heap before GC invocations=6 (full 0):
 PSYoungGen      total 65024K, used 65003K [0x00000000eab00000, 0x00000000f3e00000, 0x0000000100000000)
  eden space 60416K, 100% used [0x00000000eab00000,0x00000000ee600000,0x00000000ee600000)
  from space 4608K, 99% used [0x00000000ee600000,0x00000000eea7ae70,0x00000000eea80000)
  to   space 14848K, 0% used [0x00000000f2f80000,0x00000000f2f80000,0x00000000f3e00000)
 ParOldGen       total 79360K, used 23506K [0x00000000c0000000, 0x00000000c4d80000, 0x00000000eab00000)
  object space 79360K, 29% used [0x00000000c0000000,0x00000000c16f4a48,0x00000000c4d80000)
 Metaspace       used 6036K, capacity 7024K, committed 7296K, reserved 1056768K
  class space    used 569K, capacity 616K, committed 640K, reserved 1048576K
Event: 13.927 GC heap after
Heap after GC invocations=6 (full 0):
 PSYoungGen      total 134144K, used 12877K [0x00000000eab00000, 0x00000000f4100000, 0x0000000100000000)
  eden space 119296K, 0% used [0x00000000eab00000,0x00000000eab00000,0x00000000f1f80000)
  from space 14848K, 86% used [0x00000000f2f80000,0x00000000f3c13670,0x00000000f3e00000)
  to   space 16384K, 0% used [0x00000000f1f80000,0x00000000f1f80000,0x00000000f2f80000)
 ParOldGen       total 79360K, used 23506K [0x00000000c0000000, 0x00000000c4d80000, 0x00000000eab00000)
  object space 79360K, 29% used [0x00000000c0000000,0x00000000c16f4a48,0x00000000c4d80000)
 Metaspace       used 6036K, capacity 7024K, committed 7296K, reserved 1056768K
  class space    used 569K, capacity 616K, committed 640K, reserved 1048576K
}

Deoptimization events (10 events):
Event: 15.057 Thread 0x00007fe0f0145000 Uncommon trap: reason=unstable_if action=reinterpret pc=0x00007fe0e15ce1ac method=com.android.dx.ssa.SCCP.simulateBranch(Lcom/android/dx/ssa/SsaInsn;)V @ 64
Event: 15.069 Thread 0x00007fe0f0145000 Uncommon trap: reason=unstable_if action=reinterpret pc=0x00007fe0e13bd4bc method=com.android.dx.ssa.SsaMethod.updateOneDefinition(Lcom/android/dx/ssa/SsaInsn;Lcom/android/dx/rop/code/RegisterSpec;)V @ 4
Event: 17.343 Thread 0x00007fe0f014d800 Uncommon trap: reason=class_check action=maybe_recompile pc=0x00007fe0e145a4b8 method=java.util.Arrays.hashCode([Ljava/lang/Object;)I @ 43
Event: 17.344 Thread 0x00007fe0f014d800 Uncommon trap: reason=class_check action=maybe_recompile pc=0x00007fe0e145a4b8 method=java.util.Arrays.hashCode([Ljava/lang/Object;)I @ 43
Event: 17.346 Thread 0x00007fe0f014d800 Uncommon trap: reason=class_check action=maybe_recompile pc=0x00007fe0e145a4b8 method=java.util.Arrays.hashCode([Ljava/lang/Object;)I @ 43
Event: 17.346 Thread 0x00007fe0f014d800 Uncommon trap: reason=class_check action=maybe_recompile pc=0x00007fe0e145a4b8 method=java.util.Arrays.hashCode([Ljava/lang/Object;)I @ 43
Event: 17.346 Thread 0x00007fe0f014d800 Uncommon trap: reason=class_check action=maybe_recompile pc=0x00007fe0e13ea470 method=java.util.Arrays.hashCode([Ljava/lang/Object;)I @ 43
Event: 19.630 Thread 0x00007fe0f014d800 Uncommon trap: reason=class_check action=maybe_recompile pc=0x00007fe0e13127f8 method=java.util.Arrays.equals([Ljava/lang/Object;[Ljava/lang/Object;)Z @ 62
Event: 19.630 Thread 0x00007fe0f014d800 Uncommon trap: reason=class_check action=maybe_recompile pc=0x00007fe0e13127f8 method=java.util.Arrays.equals([Ljava/lang/Object;[Ljava/lang/Object;)Z @ 62
Event: 19.630 Thread 0x00007fe0f014d800 Uncommon trap: reason=unstable_if action=reinterpret pc=0x00007fe0e13127d0 method=java.util.Arrays.equals([Ljava/lang/Object;[Ljava/lang/Object;)Z @ 23

Internal exceptions (4 events):
Event: 0.193 Thread 0x00007fe0f000a000 Exception <a 'java/lang/NoSuchMethodError': Method sun.misc.Unsafe.defineClass(Ljava/lang/String;[BII)Ljava/lang/Class; name or signature does not match> (0x00000000eab07cc0) thrown at [/ssd/Android/AOSP-openjdk/external/jetbrains/jdk/hotspot/src/share/vm
Event: 0.194 Thread 0x00007fe0f000a000 Exception <a 'java/lang/NoSuchMethodError': Method sun.misc.Unsafe.prefetchRead(Ljava/lang/Object;J)V name or signature does not match> (0x00000000eab07fa8) thrown at [/ssd/Android/AOSP-openjdk/external/jetbrains/jdk/hotspot/src/share/vm/prims/jni.cpp, li
Event: 6.809 Thread 0x00007fe0f014d800 Implicit null exception at 0x00007fe0e12b1994 to 0x00007fe0e12b3a71
Event: 6.860 Thread 0x00007fe0f014d800 Implicit null exception at 0x00007fe0e12d7a22 to 0x00007fe0e12d9be5

Events (10 events):
Event: 20.581 Thread 0x00007fe0f014d800 DEOPT PACKING pc=0x00007fe0e16ffcc9 sp=0x00007fe0a7efd140
Event: 20.581 Thread 0x00007fe0f014d800 DEOPT UNPACKING pc=0x00007fe0e1046f73 sp=0x00007fe0a7efcf68 mode 0
Event: 20.864 Thread 0x00007fe0f014d800 DEOPT PACKING pc=0x00007fe0e16e90fd sp=0x00007fe0a7efd210
Event: 20.864 Thread 0x00007fe0f014d800 DEOPT UNPACKING pc=0x00007fe0e1046f73 sp=0x00007fe0a7efcf58 mode 0
Event: 21.019 Thread 0x00007fe0f014d800 DEOPT PACKING pc=0x00007fe0e16f77a1 sp=0x00007fe0a7efd310
Event: 21.019 Thread 0x00007fe0f014d800 DEOPT UNPACKING pc=0x00007fe0e1046f73 sp=0x00007fe0a7efd0a8 mode 0
Event: 21.585 Thread 0x00007fe0f014d800 DEOPT PACKING pc=0x00007fe0e16ea244 sp=0x00007fe0a7efcfd0
Event: 21.585 Thread 0x00007fe0f014d800 DEOPT UNPACKING pc=0x00007fe0e1046f73 sp=0x00007fe0a7efcd38 mode 0
Event: 21.680 Thread 0x00007fe0f014d800 DEOPT PACKING pc=0x00007fe0e1761ea3 sp=0x00007fe0a7efcfe0
Event: 21.680 Thread 0x00007fe0f014d800 DEOPT UNPACKING pc=0x00007fe0e1046f73 sp=0x00007fe0a7efcd60 mode 0


Dynamic libraries:
00400000-00401000 r-xp 00000000 08:01 28969612                           /home/percept/android-studio/jre/bin/java
00600000-00601000 r--p 00000000 08:01 28969612                           /home/percept/android-studio/jre/bin/java
00601000-00602000 rw-p 00001000 08:01 28969612                           /home/percept/android-studio/jre/bin/java
0076e000-0078f000 rw-p 00000000 00:00 0                                  [heap]
c0000000-c4d80000 rw-p 00000000 00:00 0 
c4d80000-eab00000 ---p 00000000 00:00 0 
eab00000-f4100000 rw-p 00000000 00:00 0 
f4100000-100000000 ---p 00000000 00:00 0 
100000000-1000a0000 rw-p 00000000 00:00 0 
1000a0000-140000000 ---p 00000000 00:00 0 
7fe090000000-7fe090021000 rw-p 00000000 00:00 0 
7fe090021000-7fe094000000 ---p 00000000 00:00 0 
7fe094000000-7fe094021000 rw-p 00000000 00:00 0 
7fe094021000-7fe098000000 ---p 00000000 00:00 0 
7fe098000000-7fe098021000 rw-p 00000000 00:00 0 
7fe098021000-7fe09c000000 ---p 00000000 00:00 0 
7fe09c000000-7fe09c03e000 rw-p 00000000 00:00 0 
7fe09c03e000-7fe0a0000000 ---p 00000000 00:00 0 
7fe0a0000000-7fe0a002d000 rw-p 00000000 00:00 0 
7fe0a002d000-7fe0a4000000 ---p 00000000 00:00 0 
7fe0a7afb000-7fe0a7afe000 ---p 00000000 00:00 0 
7fe0a7afe000-7fe0a7bfc000 rw-p 00000000 00:00 0 
7fe0a7bfc000-7fe0a7bff000 ---p 00000000 00:00 0 
7fe0a7bff000-7fe0a7cfd000 rw-p 00000000 00:00 0 
7fe0a7cfd000-7fe0a7d00000 ---p 00000000 00:00 0 
7fe0a7d00000-7fe0a7dfe000 rw-p 00000000 00:00 0 
7fe0a7dfe000-7fe0a7e01000 ---p 00000000 00:00 0 
7fe0a7e01000-7fe0a7eff000 rw-p 00000000 00:00 0                          [stack:13110]
7fe0a7eff000-7fe0a7f02000 ---p 00000000 00:00 0 
7fe0a7f02000-7fe0a8000000 rw-p 00000000 00:00 0 
7fe0a8000000-7fe0a8021000 rw-p 00000000 00:00 0 
7fe0a8021000-7fe0ac000000 ---p 00000000 00:00 0 
7fe0ac000000-7fe0ac021000 rw-p 00000000 00:00 0 
7fe0ac021000-7fe0b0000000 ---p 00000000 00:00 0 
7fe0b0000000-7fe0b0854000 rw-p 00000000 00:00 0 
7fe0b0854000-7fe0b4000000 ---p 00000000 00:00 0 
7fe0b4000000-7fe0b4760000 rw-p 00000000 00:00 0 
7fe0b4760000-7fe0b8000000 ---p 00000000 00:00 0 
7fe0b8000000-7fe0b8021000 rw-p 00000000 00:00 0 
7fe0b8021000-7fe0bc000000 ---p 00000000 00:00 0 
7fe0bc000000-7fe0bc7bc000 rw-p 00000000 00:00 0 
7fe0bc7bc000-7fe0c0000000 ---p 00000000 00:00 0 
7fe0c0000000-7fe0c0021000 rw-p 00000000 00:00 0 
7fe0c0021000-7fe0c4000000 ---p 00000000 00:00 0 
7fe0c4000000-7fe0c4021000 rw-p 00000000 00:00 0 
7fe0c4021000-7fe0c8000000 ---p 00000000 00:00 0 
7fe0c8000000-7fe0c8021000 rw-p 00000000 00:00 0 
7fe0c8021000-7fe0cc000000 ---p 00000000 00:00 0 
7fe0cc000000-7fe0cc021000 rw-p 00000000 00:00 0 
7fe0cc021000-7fe0d0000000 ---p 00000000 00:00 0 
7fe0d0000000-7fe0d0021000 rw-p 00000000 00:00 0 
7fe0d0021000-7fe0d4000000 ---p 00000000 00:00 0 
7fe0d4000000-7fe0d4021000 rw-p 00000000 00:00 0 
7fe0d4021000-7fe0d8000000 ---p 00000000 00:00 0 
7fe0d8000000-7fe0d8021000 rw-p 00000000 00:00 0 
7fe0d8021000-7fe0dc000000 ---p 00000000 00:00 0 
7fe0dc085000-7fe0dc086000 ---p 00000000 00:00 0 
7fe0dc086000-7fe0dc186000 rw-p 00000000 00:00 0                          [stack:13018]
7fe0dc186000-7fe0dc189000 ---p 00000000 00:00 0 
7fe0dc189000-7fe0dc287000 rw-p 00000000 00:00 0                          [stack:13017]
7fe0dc287000-7fe0dc28a000 ---p 00000000 00:00 0 
7fe0dc28a000-7fe0dc388000 rw-p 00000000 00:00 0                          [stack:13016]
7fe0dc388000-7fe0dc38b000 ---p 00000000 00:00 0 
7fe0dc38b000-7fe0dc489000 rw-p 00000000 00:00 0                          [stack:13015]
7fe0dc489000-7fe0dc48c000 ---p 00000000 00:00 0 
7fe0dc48c000-7fe0dc58a000 rw-p 00000000 00:00 0                          [stack:13014]
7fe0dc58a000-7fe0dc58d000 ---p 00000000 00:00 0 
7fe0dc58d000-7fe0dc68b000 rw-p 00000000 00:00 0                          [stack:13013]
7fe0dc68b000-7fe0dcd6d000 r--p 00000000 08:01 9181736                    /usr/lib/locale/locale-archive
7fe0dcd6d000-7fe0dcd70000 ---p 00000000 00:00 0 
7fe0dcd70000-7fe0dce6e000 rw-p 00000000 00:00 0                          [stack:13012]
7fe0dce6e000-7fe0dce71000 ---p 00000000 00:00 0 
7fe0dce71000-7fe0dcf6f000 rw-p 00000000 00:00 0                          [stack:13011]
7fe0dcf6f000-7fe0dcf70000 ---p 00000000 00:00 0 
7fe0dcf70000-7fe0de02f000 rw-p 00000000 00:00 0                          [stack:13009]
7fe0de02f000-7fe0de1fc000 r--s 03bec000 08:01 28969647                   /home/percept/android-studio/jre/jre/lib/rt.jar
7fe0de1fc000-7fe0de8bc000 rw-p 00000000 00:00 0 
7fe0de8bc000-7fe0de9fc000 ---p 00000000 00:00 0 
7fe0de9fc000-7fe0e0bfc000 rw-p 00000000 00:00 0 
7fe0e0bfc000-7fe0e0bfd000 ---p 00000000 00:00 0 
7fe0e0bfd000-7fe0e0cfd000 rw-p 00000000 00:00 0                          [stack:13007]
7fe0e0cfd000-7fe0e0cfe000 ---p 00000000 00:00 0 
7fe0e0cfe000-7fe0e0dfe000 rw-p 00000000 00:00 0                          [stack:13006]
7fe0e0dfe000-7fe0e0dff000 ---p 00000000 00:00 0 
7fe0e0dff000-7fe0e0eff000 rw-p 00000000 00:00 0                          [stack:13005]
7fe0e0eff000-7fe0e0f00000 ---p 00000000 00:00 0 
7fe0e0f00000-7fe0e1000000 rw-p 00000000 00:00 0                          [stack:13004]
7fe0e1000000-7fe0e1780000 rwxp 00000000 00:00 0 
7fe0e1780000-7fe0f0000000 ---p 00000000 00:00 0 
7fe0f0000000-7fe0f037d000 rw-p 00000000 00:00 0 
7fe0f037d000-7fe0f4000000 ---p 00000000 00:00 0 
7fe0f4003000-7fe0f40a0000 rw-p 00000000 00:00 0 
7fe0f40a0000-7fe0f41cf000 ---p 00000000 00:00 0 
7fe0f41cf000-7fe0f41f6000 rw-p 00000000 00:00 0 
7fe0f41f6000-7fe0f4324000 ---p 00000000 00:00 0 
7fe0f4324000-7fe0f4370000 rw-p 00000000 00:00 0 
7fe0f4370000-7fe0f43cf000 ---p 00000000 00:00 0 
7fe0f43cf000-7fe0f43ee000 rw-p 00000000 00:00 0 
7fe0f43ee000-7fe0f4790000 ---p 00000000 00:00 0 
7fe0f4790000-7fe0f47aa000 r-xp 00000000 08:01 29098179                   /home/percept/android-studio/jre/jre/lib/amd64/libzip.so
7fe0f47aa000-7fe0f49aa000 ---p 0001a000 08:01 29098179                   /home/percept/android-studio/jre/jre/lib/amd64/libzip.so
7fe0f49aa000-7fe0f49ab000 r--p 0001a000 08:01 29098179                   /home/percept/android-studio/jre/jre/lib/amd64/libzip.so
7fe0f49ab000-7fe0f49ac000 rw-p 0001b000 08:01 29098179                   /home/percept/android-studio/jre/jre/lib/amd64/libzip.so
7fe0f49ac000-7fe0f49b6000 r-xp 00000000 08:01 17175542                   /lib/x86_64-linux-gnu/libnss_files-2.19.so
7fe0f49b6000-7fe0f4bb5000 ---p 0000a000 08:01 17175542                   /lib/x86_64-linux-gnu/libnss_files-2.19.so
7fe0f4bb5000-7fe0f4bb6000 r--p 00009000 08:01 17175542                   /lib/x86_64-linux-gnu/libnss_files-2.19.so
7fe0f4bb6000-7fe0f4bb7000 rw-p 0000a000 08:01 17175542                   /lib/x86_64-linux-gnu/libnss_files-2.19.so
7fe0f4bb7000-7fe0f4bc2000 r-xp 00000000 08:01 17175534                   /lib/x86_64-linux-gnu/libnss_nis-2.19.so
7fe0f4bc2000-7fe0f4dc1000 ---p 0000b000 08:01 17175534                   /lib/x86_64-linux-gnu/libnss_nis-2.19.so
7fe0f4dc1000-7fe0f4dc2000 r--p 0000a000 08:01 17175534                   /lib/x86_64-linux-gnu/libnss_nis-2.19.so
7fe0f4dc2000-7fe0f4dc3000 rw-p 0000b000 08:01 17175534                   /lib/x86_64-linux-gnu/libnss_nis-2.19.so
7fe0f4dc3000-7fe0f4dda000 r-xp 00000000 08:01 17175530                   /lib/x86_64-linux-gnu/libnsl-2.19.so
7fe0f4dda000-7fe0f4fd9000 ---p 00017000 08:01 17175530                   /lib/x86_64-linux-gnu/libnsl-2.19.so
7fe0f4fd9000-7fe0f4fda000 r--p 00016000 08:01 17175530                   /lib/x86_64-linux-gnu/libnsl-2.19.so
7fe0f4fda000-7fe0f4fdb000 rw-p 00017000 08:01 17175530                   /lib/x86_64-linux-gnu/libnsl-2.19.so
7fe0f4fdb000-7fe0f4fdd000 rw-p 00000000 00:00 0 
7fe0f4fdd000-7fe0f4fe6000 r-xp 00000000 08:01 17175529                   /lib/x86_64-linux-gnu/libnss_compat-2.19.so
7fe0f4fe6000-7fe0f51e5000 ---p 00009000 08:01 17175529                   /lib/x86_64-linux-gnu/libnss_compat-2.19.so
7fe0f51e5000-7fe0f51e6000 r--p 00008000 08:01 17175529                   /lib/x86_64-linux-gnu/libnss_compat-2.19.so
7fe0f51e6000-7fe0f51e7000 rw-p 00009000 08:01 17175529                   /lib/x86_64-linux-gnu/libnss_compat-2.19.so
7fe0f51e7000-7fe0f5214000 r-xp 00000000 08:01 29098199                   /home/percept/android-studio/jre/jre/lib/amd64/libjava.so
7fe0f5214000-7fe0f5413000 ---p 0002d000 08:01 29098199                   /home/percept/android-studio/jre/jre/lib/amd64/libjava.so
7fe0f5413000-7fe0f5414000 r--p 0002c000 08:01 29098199                   /home/percept/android-studio/jre/jre/lib/amd64/libjava.so
7fe0f5414000-7fe0f5416000 rw-p 0002d000 08:01 29098199                   /home/percept/android-studio/jre/jre/lib/amd64/libjava.so
7fe0f5416000-7fe0f5426000 r-xp 00000000 08:01 29098238                   /home/percept/android-studio/jre/jre/lib/amd64/libverify.so
7fe0f5426000-7fe0f5625000 ---p 00010000 08:01 29098238                   /home/percept/android-studio/jre/jre/lib/amd64/libverify.so
7fe0f5625000-7fe0f5627000 r--p 0000f000 08:01 29098238                   /home/percept/android-studio/jre/jre/lib/amd64/libverify.so
7fe0f5627000-7fe0f5628000 rw-p 00011000 08:01 29098238                   /home/percept/android-studio/jre/jre/lib/amd64/libverify.so
7fe0f5628000-7fe0f562f000 r-xp 00000000 08:01 17175538                   /lib/x86_64-linux-gnu/librt-2.19.so
7fe0f562f000-7fe0f582e000 ---p 00007000 08:01 17175538                   /lib/x86_64-linux-gnu/librt-2.19.so
7fe0f582e000-7fe0f582f000 r--p 00006000 08:01 17175538                   /lib/x86_64-linux-gnu/librt-2.19.so
7fe0f582f000-7fe0f5830000 rw-p 00007000 08:01 17175538                   /lib/x86_64-linux-gnu/librt-2.19.so
7fe0f5830000-7fe0f5935000 r-xp 00000000 08:01 17175524                   /lib/x86_64-linux-gnu/libm-2.19.so
7fe0f5935000-7fe0f5b34000 ---p 00105000 08:01 17175524                   /lib/x86_64-linux-gnu/libm-2.19.so
7fe0f5b34000-7fe0f5b35000 r--p 00104000 08:01 17175524                   /lib/x86_64-linux-gnu/libm-2.19.so
7fe0f5b35000-7fe0f5b36000 rw-p 00105000 08:01 17175524                   /lib/x86_64-linux-gnu/libm-2.19.so
7fe0f5b36000-7fe0f671c000 r-xp 00000000 08:01 29098242                   /home/percept/android-studio/jre/jre/lib/amd64/server/libjvm.so
7fe0f671c000-7fe0f691c000 ---p 00be6000 08:01 29098242                   /home/percept/android-studio/jre/jre/lib/amd64/server/libjvm.so
7fe0f691c000-7fe0f69bb000 r--p 00be6000 08:01 29098242                   /home/percept/android-studio/jre/jre/lib/amd64/server/libjvm.so
7fe0f69bb000-7fe0f69e4000 rw-p 00c85000 08:01 29098242                   /home/percept/android-studio/jre/jre/lib/amd64/server/libjvm.so
7fe0f69e4000-7fe0f6a26000 rw-p 00000000 00:00 0 
7fe0f6a26000-7fe0f6a3f000 r-xp 00000000 08:01 17175531                   /lib/x86_64-linux-gnu/libpthread-2.19.so
7fe0f6a3f000-7fe0f6c3e000 ---p 00019000 08:01 17175531                   /lib/x86_64-linux-gnu/libpthread-2.19.so
7fe0f6c3e000-7fe0f6c3f000 r--p 00018000 08:01 17175531                   /lib/x86_64-linux-gnu/libpthread-2.19.so
7fe0f6c3f000-7fe0f6c40000 rw-p 00019000 08:01 17175531                   /lib/x86_64-linux-gnu/libpthread-2.19.so
7fe0f6c40000-7fe0f6c44000 rw-p 00000000 00:00 0 
7fe0f6c44000-7fe0f6c47000 r-xp 00000000 08:01 17175526                   /lib/x86_64-linux-gnu/libdl-2.19.so
7fe0f6c47000-7fe0f6e46000 ---p 00003000 08:01 17175526                   /lib/x86_64-linux-gnu/libdl-2.19.so
7fe0f6e46000-7fe0f6e47000 r--p 00002000 08:01 17175526                   /lib/x86_64-linux-gnu/libdl-2.19.so
7fe0f6e47000-7fe0f6e48000 rw-p 00003000 08:01 17175526                   /lib/x86_64-linux-gnu/libdl-2.19.so
7fe0f6e48000-7fe0f7002000 r-xp 00000000 08:01 17175539                   /lib/x86_64-linux-gnu/libc-2.19.so
7fe0f7002000-7fe0f7202000 ---p 001ba000 08:01 17175539                   /lib/x86_64-linux-gnu/libc-2.19.so
7fe0f7202000-7fe0f7206000 r--p 001ba000 08:01 17175539                   /lib/x86_64-linux-gnu/libc-2.19.so
7fe0f7206000-7fe0f7208000 rw-p 001be000 08:01 17175539                   /lib/x86_64-linux-gnu/libc-2.19.so
7fe0f7208000-7fe0f720d000 rw-p 00000000 00:00 0 
7fe0f720d000-7fe0f7223000 r-xp 00000000 08:01 28967238                   /home/percept/android-studio/jre/lib/amd64/jli/libjli.so
7fe0f7223000-7fe0f7422000 ---p 00016000 08:01 28967238                   /home/percept/android-studio/jre/lib/amd64/jli/libjli.so
7fe0f7422000-7fe0f7423000 r--p 00015000 08:01 28967238                   /home/percept/android-studio/jre/lib/amd64/jli/libjli.so
7fe0f7423000-7fe0f7424000 rw-p 00016000 08:01 28967238                   /home/percept/android-studio/jre/lib/amd64/jli/libjli.so
7fe0f7424000-7fe0f7447000 r-xp 00000000 08:01 17175532                   /lib/x86_64-linux-gnu/ld-2.19.so
7fe0f744c000-7fe0f7525000 rw-p 00000000 00:00 0 
7fe0f7525000-7fe0f7528000 ---p 00000000 00:00 0 
7fe0f7528000-7fe0f762b000 rw-p 00000000 00:00 0                          [stack:12999]
7fe0f762b000-7fe0f762c000 rw-p 00000000 00:00 0 
7fe0f762c000-7fe0f763a000 r--s 000e0000 08:01 2884391                    /home/percept/Android/Sdk/build-tools/24.0.1/lib/dx.jar
7fe0f763a000-7fe0f7642000 rw-s 00000000 08:01 2494924                    /tmp/hsperfdata_percept/12997
7fe0f7642000-7fe0f7643000 rw-p 00000000 00:00 0 
7fe0f7643000-7fe0f7644000 r--p 00000000 00:00 0 
7fe0f7644000-7fe0f7646000 rw-p 00000000 00:00 0 
7fe0f7646000-7fe0f7647000 r--p 00022000 08:01 17175532                   /lib/x86_64-linux-gnu/ld-2.19.so
7fe0f7647000-7fe0f7648000 rw-p 00023000 08:01 17175532                   /lib/x86_64-linux-gnu/ld-2.19.so
7fe0f7648000-7fe0f7649000 rw-p 00000000 00:00 0 
7ffde70ce000-7ffde70ef000 rw-p 00000000 00:00 0                          [stack]
7ffde7181000-7ffde7183000 r--p 00000000 00:00 0                          [vvar]
7ffde7183000-7ffde7185000 r-xp 00000000 00:00 0                          [vdso]
ffffffffff600000-ffffffffff601000 r-xp 00000000 00:00 0                  [vsyscall]

VM Arguments:
jvm_args: -Djava.awt.headless=true -Xmx1024M -Dfile.encoding=UTF-8 -Duser.country=IN -Duser.language=en -Duser.variant 
java_command: com.android.dx.command.Main --dex --force-jumbo --num-threads=4 --multi-dex --output /home/percept/ketan/new/MyPlan/app/build/intermediates/transforms/dex/debug/folders/1000/2/httpclient-4.3.6_d54bd8733c5575aea51328f87fd88b6fe56b0866 /home/percept/ketan/new/MyPlan/app/libs/httpclient-4.3.6.jar
java_class_path (initial): /home/percept/Android/Sdk/build-tools/24.0.1/lib/dx.jar
Launcher Type: SUN_STANDARD

Environment Variables:
JAVA_HOME=/usr/lib/jvm/java-8-openjdk-amd64
PATH=/usr/local/sbin:/usr/local/bin:/usr/sbin:/usr/bin:/sbin:/bin:/usr/games:/usr/local/games
LD_LIBRARY_PATH=/home/percept/android-studio/bin:
SHELL=/bin/bash
DISPLAY=:0

Signal Handlers:
SIGSEGV: [libjvm.so+0x9daac0], sa_mask[0]=11111111011111111101111111111110, sa_flags=SA_RESTART|SA_SIGINFO
SIGBUS: [libjvm.so+0x9daac0], sa_mask[0]=11111111011111111101111111111110, sa_flags=SA_RESTART|SA_SIGINFO
SIGFPE: [libjvm.so+0x840d90], sa_mask[0]=11111111011111111101111111111110, sa_flags=SA_RESTART|SA_SIGINFO
SIGPIPE: [libjvm.so+0x840d90], sa_mask[0]=11111111011111111101111111111110, sa_flags=SA_RESTART|SA_SIGINFO
SIGXFSZ: [libjvm.so+0x840d90], sa_mask[0]=11111111011111111101111111111110, sa_flags=SA_RESTART|SA_SIGINFO
SIGILL: [libjvm.so+0x840d90], sa_mask[0]=11111111011111111101111111111110, sa_flags=SA_RESTART|SA_SIGINFO
SIGUSR1: SIG_DFL, sa_mask[0]=00000000000000000000000000000000, sa_flags=none
SIGUSR2: [libjvm.so+0x840c60], sa_mask[0]=00100000000000000000000000000000, sa_flags=SA_RESTART|SA_SIGINFO
SIGHUP: [libjvm.so+0x840e50], sa_mask[0]=11111111011111111101111111111110, sa_flags=SA_RESTART|SA_SIGINFO
SIGINT: [libjvm.so+0x840e50], sa_mask[0]=11111111011111111101111111111110, sa_flags=SA_RESTART|SA_SIGINFO
SIGTERM: [libjvm.so+0x840e50], sa_mask[0]=11111111011111111101111111111110, sa_flags=SA_RESTART|SA_SIGINFO
SIGQUIT: [libjvm.so+0x840e50], sa_mask[0]=11111111011111111101111111111110, sa_flags=SA_RESTART|SA_SIGINFO


---------------  S Y S T E M  ---------------

OS:DISTRIB_ID=Ubuntu
DISTRIB_RELEASE=14.04
DISTRIB_CODENAME=trusty
DISTRIB_DESCRIPTION="Ubuntu 14.04.4 LTS"

uname:Linux 4.2.0-30-generic #36~14.04.1-Ubuntu SMP Fri Feb 26 18:49:23 UTC 2016 x86_64
libc:glibc 2.19 NPTL 2.19 
rlimit: STACK 8192k, CORE 0k, NPROC 29607, NOFILE 4096, AS infinity
load average:19.81 8.08 3.54

/proc/meminfo:
MemTotal:        7600976 kB
MemFree:          428360 kB
MemAvailable:    3103732 kB
Buffers:          306224 kB
Cached:          2045712 kB
SwapCached:         1868 kB
Active:          4945804 kB
Inactive:        1589856 kB
Active(anon):    3604164 kB
Inactive(anon):   629012 kB
Active(file):    1341640 kB
Inactive(file):   960844 kB
Unevictable:         104 kB
Mlocked:             104 kB
SwapTotal:       1495036 kB
SwapFree:        1478628 kB
Dirty:               164 kB
Writeback:             0 kB
AnonPages:       4186164 kB
Mapped:           413124 kB
Shmem:             49452 kB
Slab:             457084 kB
SReclaimable:     413916 kB
SUnreclaim:        43168 kB
KernelStack:       11392 kB
PageTables:        45192 kB
NFS_Unstable:          0 kB
Bounce:                0 kB
WritebackTmp:          0 kB
CommitLimit:     5295524 kB
Committed_AS:    8985964 kB
VmallocTotal:   34359738367 kB
VmallocUsed:      305512 kB
VmallocChunk:   34358947836 kB
HardwareCorrupted:     0 kB
AnonHugePages:   2861056 kB
CmaTotal:              0 kB
CmaFree:               0 kB
HugePages_Total:       0
HugePages_Free:        0
HugePages_Rsvd:        0
HugePages_Surp:        0
Hugepagesize:       2048 kB
DirectMap4k:      256620 kB
DirectMap2M:     7548928 kB
DirectMap1G:           0 kB


CPU:total 4 (4 cores per cpu, 1 threads per core) family 22 model 0 stepping 1, cmov, cx8, fxsr, mmx, sse, sse2, sse3, ssse3, sse4.1, sse4.2, popcnt, avx, aes, clmul, mmxext, 3dnowpref, lzcnt, sse4a, tsc, tscinvbit, tscinv, bmi1

/proc/cpuinfo:
processor	: 0
vendor_id	: AuthenticAMD
cpu family	: 22
model		: 0
model name	: AMD Athlon(tm) 5150 APU with Radeon(tm) R3
stepping	: 1
microcode	: 0x700010b
cpu MHz		: 1000.000
cache size	: 2048 KB
physical id	: 0
siblings	: 4
core id		: 0
cpu cores	: 4
apicid		: 0
initial apicid	: 0
fpu		: yes
fpu_exception	: yes
cpuid level	: 13
wp		: yes
flags		: fpu vme de pse tsc msr pae mce cx8 apic sep mtrr pge mca cmov pat pse36 clflush mmx fxsr sse sse2 ht syscall nx mmxext fxsr_opt pdpe1gb rdtscp lm constant_tsc rep_good nopl nonstop_tsc extd_apicid aperfmperf eagerfpu pni pclmulqdq monitor ssse3 cx16 sse4_1 sse4_2 movbe popcnt aes xsave avx f16c lahf_lm cmp_legacy svm extapic cr8_legacy abm sse4a misalignsse 3dnowprefetch osvw ibs skinit wdt topoext perfctr_nb bpext perfctr_l2 arat hw_pstate proc_feedback npt lbrv svm_lock nrip_save tsc_scale flushbyasid decodeassists pausefilter pfthreshold vmmcall bmi1 xsaveopt
bugs		: fxsave_leak sysret_ss_attrs
bogomips	: 3193.86
TLB size	: 1024 4K pages
clflush size	: 64
cache_alignment	: 64
address sizes	: 40 bits physical, 48 bits virtual
power management: ts ttp tm 100mhzsteps hwpstate [11]

processor	: 1
vendor_id	: AuthenticAMD
cpu family	: 22
model		: 0
model name	: AMD Athlon(tm) 5150 APU with Radeon(tm) R3
stepping	: 1
microcode	: 0x700010b
cpu MHz		: 1400.000
cache size	: 2048 KB
physical id	: 0
siblings	: 4
core id		: 1
cpu cores	: 4
apicid		: 1
initial apicid	: 1
fpu		: yes
fpu_exception	: yes
cpuid level	: 13
wp		: yes
flags		: fpu vme de pse tsc msr pae mce cx8 apic sep mtrr pge mca cmov pat pse36 clflush mmx fxsr sse sse2 ht syscall nx mmxext fxsr_opt pdpe1gb rdtscp lm constant_tsc rep_good nopl nonstop_tsc extd_apicid aperfmperf eagerfpu pni pclmulqdq monitor ssse3 cx16 sse4_1 sse4_2 movbe popcnt aes xsave avx f16c lahf_lm cmp_legacy svm extapic cr8_legacy abm sse4a misalignsse 3dnowprefetch osvw ibs skinit wdt topoext perfctr_nb bpext perfctr_l2 arat hw_pstate proc_feedback npt lbrv svm_lock nrip_save tsc_scale flushbyasid decodeassists pausefilter pfthreshold vmmcall bmi1 xsaveopt
bugs		: fxsave_leak sysret_ss_attrs
bogomips	: 3193.86
TLB size	: 1024 4K pages
clflush size	: 64
cache_alignment	: 64
address sizes	: 40 bits physical, 48 bits virtual
power management: ts ttp tm 100mhzsteps hwpstate [11]

processor	: 2
vendor_id	: AuthenticAMD
cpu family	: 22
model		: 0
model name	: AMD Athlon(tm) 5150 APU with Radeon(tm) R3
stepping	: 1
microcode	: 0x700010b
cpu MHz		: 1600.000
cache size	: 2048 KB
physical id	: 0
siblings	: 4
core id		: 2
cpu cores	: 4
apicid		: 2
initial apicid	: 2
fpu		: yes
fpu_exception	: yes
cpuid level	: 13
wp		: yes
flags		: fpu vme de pse tsc msr pae mce cx8 apic sep mtrr pge mca cmov pat pse36 clflush mmx fxsr sse sse2 ht syscall nx mmxext fxsr_opt pdpe1gb rdtscp lm constant_tsc rep_good nopl nonstop_tsc extd_apicid aperfmperf eagerfpu pni pclmulqdq monitor ssse3 cx16 sse4_1 sse4_2 movbe popcnt aes xsave avx f16c lahf_lm cmp_legacy svm extapic cr8_legacy abm sse4a misalignsse 3dnowprefetch osvw ibs skinit wdt topoext perfctr_nb bpext perfctr_l2 arat hw_pstate proc_feedback npt lbrv svm_lock nrip_save tsc_scale flushbyasid decodeassists pausefilter pfthreshold vmmcall bmi1 xsaveopt
bugs		: fxsave_leak sysret_ss_attrs
bogomips	: 3193.86
TLB size	: 1024 4K pages
clflush size	: 64
cache_alignment	: 64
address sizes	: 40 bits physical, 48 bits virtual
power management: ts ttp tm 100mhzsteps hwpstate [11]

processor	: 3
vendor_id	: AuthenticAMD
cpu family	: 22
model		: 0
model name	: AMD Athlon(tm) 5150 APU with Radeon(tm) R3
stepping	: 1
microcode	: 0x700010b
cpu MHz		: 1600.000
cache size	: 2048 KB
physical id	: 0
siblings	: 4
core id		: 3
cpu cores	: 4
apicid		: 3
initial apicid	: 3
fpu		: yes
fpu_exception	: yes
cpuid level	: 13
wp		: yes
flags		: fpu vme de pse tsc msr pae mce cx8 apic sep mtrr pge mca cmov pat pse36 clflush mmx fxsr sse sse2 ht syscall nx mmxext fxsr_opt pdpe1gb rdtscp lm constant_tsc rep_good nopl nonstop_tsc extd_apicid aperfmperf eagerfpu pni pclmulqdq monitor ssse3 cx16 sse4_1 sse4_2 movbe popcnt aes xsave avx f16c lahf_lm cmp_legacy svm extapic cr8_legacy abm sse4a misalignsse 3dnowprefetch osvw ibs skinit wdt topoext perfctr_nb bpext perfctr_l2 arat hw_pstate proc_feedback npt lbrv svm_lock nrip_save tsc_scale flushbyasid decodeassists pausefilter pfthreshold vmmcall bmi1 xsaveopt
bugs		: fxsave_leak sysret_ss_attrs
bogomips	: 3193.86
TLB size	: 1024 4K pages
clflush size	: 64
cache_alignment	: 64
address sizes	: 40 bits physical, 48 bits virtual
power management: ts ttp tm 100mhzsteps hwpstate [11]



Memory: 4k page, physical 7600976k(428360k free), swap 1495036k(1478628k free)

vm_info: OpenJDK 64-Bit Server VM (25.76-b03) for linux-amd64 JRE (1.8.0_76-release-b03), built on Jun 29 2016 09:39:19 by "builder" with gcc 4.8.4

time: Tue Nov 29 12:16:31 2016
elapsed time: 22 seconds (0d 0h 0m 22s)

