#
# A fatal error has been detected by the Java Runtime Environment:
#
#  SIGSEGV (0xb) at pc=0x00005f24c50129c0, pid=17760, tid=139796285204224
#
# JRE version: OpenJDK Runtime Environment (8.0_91-b14) (build 1.8.0_91-8u91-b14-0ubuntu4~14.04-b14)
# Java VM: OpenJDK 64-Bit Server VM (25.91-b14 mixed mode linux-amd64 compressed oops)
# Problematic frame:
# C  0x00005f24c50129c0
#
# Failed to write core dump. Core dumps have been disabled. To enable core dumping, try "ulimit -c unlimited" before starting Java again
#
# If you would like to submit a bug report, please visit:
#   http://bugreport.java.com/bugreport/crash.jsp
#

---------------  T H R E A D  ---------------

Current thread (0x00007f24d400a000):  JavaThread "main" [_thread_in_Java, id=17763, stack(0x00007f24dbdba000,0x00007f24dbebb000)]

siginfo: si_signo: 11 (SIGSEGV), si_code: 1 (SEGV_MAPERR), si_addr: 0x00005f24c50129c0

Registers:
RAX=0x0000000000000000, RBX=0x00007f24c45e19d8, RCX=0x00000000eb431048, RDX=0x00007f24c5007ffd
RSP=0x00007f24dbeb8ad0, RBP=0x00007f24dbeb8b38, RSI=0x000000002000abd5, RDI=0x00007f24d400a000
R8 =0x00007f24c4806d38, R9 =0x0000000000000018, R10=0x00007f24db09f940, R11=0x0000000000000043
R12=0x0000000000000000, R13=0x00007f24dbeb8ad8, R14=0x00007f24dbeb8b50, R15=0x00007f24d400a000
RIP=0x00005f24c50129c0, EFLAGS=0x0000000000010246, CSGSFS=0x0000000000000033, ERR=0x0000000000000014
  TRAPNO=0x000000000000000e

Top of Stack: (sp=0x00007f24dbeb8ad0)
0x00007f24dbeb8ad0:   00007f24c5007ffd 00000000eeb7bff0
0x00007f24dbeb8ae0:   00000000eeb7ba18 00000000eb431048
0x00007f24dbeb8af0:   00000000eb431048 00007f24dbeb8af8
0x00007f24dbeb8b00:   00007f24c45deaa9 00007f24dbeb8b50
0x00007f24dbeb8b10:   00007f24c45dfa60 0000000000000000
0x00007f24dbeb8b20:   00007f24c45deac8 00007f24dbeb8ad8
0x00007f24dbeb8b30:   00007f24dbeb8b50 00007f24dbeb8b98
0x00007f24dbeb8b40:   00007f24c5007d80 00000000eeb7bff0
0x00007f24dbeb8b50:   00000000eeb7ba18 00007f24dbeb8b58
0x00007f24dbeb8b60:   00007f24c45deb51 00007f24dbeb8bb0
0x00007f24dbeb8b70:   00007f24c45dfa60 0000000000000000
0x00007f24dbeb8b80:   00007f24c45deb68 00007f24dbeb8b50
0x00007f24dbeb8b90:   00007f24dbeb8bb0 00007f24dbeb8c20
0x00007f24dbeb8ba0:   00007f24c5007d80 0000000000000000
0x00007f24dbeb8bb0:   00000000eeb7ba18 00000000eeb7c088
0x00007f24dbeb8bc0:   0000000000000001 0000000000000000
0x00007f24dbeb8bd0:   0000000000000002 00000000eb430a78
0x00007f24dbeb8be0:   00007f24dbeb8be0 00007f24c4807590
0x00007f24dbeb8bf0:   00007f24dbeb8c50 00007f24c4807f60
0x00007f24dbeb8c00:   0000000000000000 00007f24c48075e0
0x00007f24dbeb8c10:   00007f24dbeb8bb0 00007f24dbeb8c30
0x00007f24dbeb8c20:   00007f24dbeb8c98 00007f24c5007d80
0x00007f24dbeb8c30:   00000000eeb7c088 0000000000000001
0x00007f24dbeb8c40:   0000000000000000 0000000000000002
0x00007f24dbeb8c50:   00000000eb430a78 00007f24dbeb8c58
0x00007f24dbeb8c60:   00007f24c477d021 00007f24dbeb8d68
0x00007f24dbeb8c70:   00007f24c477dac8 0000000000000000
0x00007f24dbeb8c80:   00007f24c477d340 00007f24dbeb8c30
0x00007f24dbeb8c90:   00007f24dbeb8d48 00007f24dbeb8db0
0x00007f24dbeb8ca0:   00007f24c5007ffd 00000000eb42da98
0x00007f24dbeb8cb0:   00000000eb430f98 0000000000000002
0x00007f24dbeb8cc0:   00000000eb430a78 00000000eb430a78 

Instructions: (pc=0x00005f24c50129c0)
0x00005f24c50129a0:   
[error occurred during error reporting (printing registers, top of stack, instructions near pc), id 0xb]

Register to memory mapping:

RAX=0x0000000000000000 is an unknown value
RBX={method} {0x00007f24c45e19d8} '<init>' '(Ljava/lang/Class;[Ljava/lang/Enum;)V' in 'java/util/RegularEnumSet'
RCX=0x00000000eb431048 is an oop
java.util.RegularEnumSet 
 - klass: 'java/util/RegularEnumSet'
RDX=0x00007f24c5007ffd is at code_begin+2301 in an Interpreter codelet
invoke return entry points  [0x00007f24c5007700, 0x00007f24c50080e0]  2528 bytes
RSP=0x00007f24dbeb8ad0 is pointing into the stack for thread: 0x00007f24d400a000
RBP=0x00007f24dbeb8b38 is pointing into the stack for thread: 0x00007f24d400a000
RSI=0x000000002000abd5 is an unknown value
RDI=0x00007f24d400a000 is a thread
R8 =0x00007f24c4806d38 is pointing into metadata
R9 =0x0000000000000018 is an unknown value
R10=0x00007f24db09f940: <offset 0xedb940> in /usr/lib/jvm/java-8-openjdk-amd64/jre/lib/amd64/server/libjvm.so at 0x00007f24da1c4000
R11=0x0000000000000043 is an unknown value
R12=0x0000000000000000 is an unknown value
R13=0x00007f24dbeb8ad8 is pointing into the stack for thread: 0x00007f24d400a000
R14=0x00007f24dbeb8b50 is pointing into the stack for thread: 0x00007f24d400a000
R15=0x00007f24d400a000 is a thread


Stack: [0x00007f24dbdba000,0x00007f24dbebb000],  sp=0x00007f24dbeb8ad0,  free space=1018k
Native frames: (J=compiled Java code, j=interpreted, Vv=VM code, C=native code)
C  0x00005f24c50129c0
j  java.util.EnumSet.allOf(Ljava/lang/Class;)Ljava/util/EnumSet;+1
j  com.android.dx.ssa.Optimizer.optimize(Lcom/android/dx/rop/code/RopMethod;IZZLcom/android/dx/rop/code/TranslationAdvice;)Lcom/android/dx/rop/code/RopMethod;+8
j  com.android.dx.dex.cf.CfTranslator.processMethods(Lcom/android/dx/cf/direct/DirectClassFile;Lcom/android/dx/dex/cf/CfOptions;Lcom/android/dx/dex/DexOptions;Lcom/android/dx/dex/file/ClassDefItem;Lcom/android/dx/dex/file/DexFile;)V+265
j  com.android.dx.dex.cf.CfTranslator.translate0(Lcom/android/dx/cf/direct/DirectClassFile;[BLcom/android/dx/dex/cf/CfOptions;Lcom/android/dx/dex/DexOptions;Lcom/android/dx/dex/file/DexFile;)Lcom/android/dx/dex/file/ClassDefItem;+120
j  com.android.dx.dex.cf.CfTranslator.translate(Lcom/android/dx/cf/direct/DirectClassFile;[BLcom/android/dx/dex/cf/CfOptions;Lcom/android/dx/dex/DexOptions;Lcom/android/dx/dex/file/DexFile;)Lcom/android/dx/dex/file/ClassDefItem;+6
j  com.android.dx.command.dexer.Main.translateClass([BLcom/android/dx/cf/direct/DirectClassFile;)Lcom/android/dx/dex/file/ClassDefItem;+17
j  com.android.dx.command.dexer.Main.access$2700([BLcom/android/dx/cf/direct/DirectClassFile;)Lcom/android/dx/dex/file/ClassDefItem;+2
j  com.android.dx.command.dexer.Main$ClassTranslatorTask.call()Lcom/android/dx/dex/file/ClassDefItem;+8
j  com.android.dx.command.dexer.Main$ClassTranslatorTask.call()Ljava/lang/Object;+1
j  java.util.concurrent.FutureTask.run()V+42
j  java.util.concurrent.ThreadPoolExecutor$CallerRunsPolicy.rejectedExecution(Ljava/lang/Runnable;Ljava/util/concurrent/ThreadPoolExecutor;)V+8
j  java.util.concurrent.ThreadPoolExecutor.reject(Ljava/lang/Runnable;)V+6
j  java.util.concurrent.ThreadPoolExecutor.execute(Ljava/lang/Runnable;)V+128
j  java.util.concurrent.AbstractExecutorService.submit(Ljava/util/concurrent/Callable;)Ljava/util/concurrent/Future;+20
j  com.android.dx.command.dexer.Main$DirectClassFileConsumer.call(Lcom/android/dx/cf/direct/DirectClassFile;)Ljava/lang/Boolean;+303
j  com.android.dx.command.dexer.Main$DirectClassFileConsumer.access$700(Lcom/android/dx/command/dexer/Main$DirectClassFileConsumer;Lcom/android/dx/cf/direct/DirectClassFile;)Ljava/lang/Boolean;+2
j  com.android.dx.command.dexer.Main.processClass(Ljava/lang/String;[B)Z+37
j  com.android.dx.command.dexer.Main.processFileBytes(Ljava/lang/String;J[B)Z+188
j  com.android.dx.command.dexer.Main.access$1200(Ljava/lang/String;J[B)Z+3
j  com.android.dx.command.dexer.Main$FileBytesConsumer.processFileBytes(Ljava/lang/String;J[B)Z+4
j  com.android.dx.cf.direct.ClassPathOpener.processArchive(Ljava/io/File;)Z+203
j  com.android.dx.cf.direct.ClassPathOpener.processOne(Ljava/io/File;Z)Z+48
j  com.android.dx.cf.direct.ClassPathOpener.process()Z+15
j  com.android.dx.command.dexer.Main.processOne(Ljava/lang/String;Lcom/android/dx/cf/direct/ClassPathOpener$FileNameFilter;)V+20
j  com.android.dx.command.dexer.Main.processAllFiles()Z+272
j  com.android.dx.command.dexer.Main.runMultiDex()I+66
j  com.android.dx.command.dexer.Main.run(Lcom/android/dx/command/dexer/Main$Arguments;)I+66
j  com.android.dx.command.dexer.Main.main([Ljava/lang/String;)V+14
j  com.android.dx.command.Main.main([Ljava/lang/String;)V+61
v  ~StubRoutines::call_stub
V  [libjvm.so+0x632f7a]
V  [libjvm.so+0x642729]
V  [libjvm.so+0x653efe]
C  [libjli.so+0x3876]
C  [libjli.so+0x724d]
C  [libpthread.so.0+0x8184]  start_thread+0xc4


---------------  P R O C E S S  ---------------

Java Threads: ( => current thread )
  0x00007f24d4198800 JavaThread "pool-2-thread-4" [_thread_in_Java, id=17787, stack(0x00007f248bbfc000,0x00007f248bcfd000)]
  0x00007f24d4197000 JavaThread "pool-2-thread-3" [_thread_in_Java, id=17786, stack(0x00007f248bcfd000,0x00007f248bdfe000)]
  0x00007f24d4195800 JavaThread "pool-2-thread-2" [_thread_in_Java, id=17785, stack(0x00007f248bdfe000,0x00007f248beff000)]
  0x00007f24d4193000 JavaThread "pool-3-thread-1" [_thread_blocked, id=17784, stack(0x00007f248beff000,0x00007f248c000000)]
  0x00007f24d4191800 JavaThread "pool-2-thread-1" [_thread_in_Java, id=17783, stack(0x00007f24bc0b1000,0x00007f24bc1b2000)]
  0x00007f24d40c1000 JavaThread "Service Thread" daemon [_thread_blocked, id=17780, stack(0x00007f24bc2e7000,0x00007f24bc3e8000)]
  0x00007f24d40b2000 JavaThread "C1 CompilerThread2" daemon [_thread_in_native, id=17779, stack(0x00007f24bc3e8000,0x00007f24bc4e9000)]
  0x00007f24d40b0000 JavaThread "C2 CompilerThread1" daemon [_thread_in_native, id=17778, stack(0x00007f24bc4e9000,0x00007f24bc5ea000)]
  0x00007f24d40ad000 JavaThread "C2 CompilerThread0" daemon [_thread_in_native, id=17777, stack(0x00007f24bc5ea000,0x00007f24bc6eb000)]
  0x00007f24d40ab000 JavaThread "Signal Dispatcher" daemon [_thread_blocked, id=17776, stack(0x00007f24bc6eb000,0x00007f24bc7ec000)]
  0x00007f24d4084000 JavaThread "Finalizer" daemon [_thread_blocked, id=17775, stack(0x00007f24bcece000,0x00007f24bcfcf000)]
  0x00007f24d407f800 JavaThread "Reference Handler" daemon [_thread_blocked, id=17774, stack(0x00007f24bcfcf000,0x00007f24bd0d0000)]
=>0x00007f24d400a000 JavaThread "main" [_thread_in_Java, id=17763, stack(0x00007f24dbdba000,0x00007f24dbebb000)]

Other Threads:
  0x00007f24d4077800 VMThread [stack: 0x00007f24bd0d0000,0x00007f24bd1d1000] [id=17773]
  0x00007f24d40c4000 WatcherThread [stack: 0x00007f24bc1e6000,0x00007f24bc2e7000] [id=17781]

VM state:not at safepoint (normal execution)

VM Mutex/Monitor currently owned by a thread: None

Heap:
 PSYoungGen      total 65024K, used 14478K [0x00000000eab00000, 0x00000000eef00000, 0x0000000100000000)
  eden space 60416K, 16% used [0x00000000eab00000,0x00000000eb4a94b8,0x00000000ee600000)
  from space 4608K, 99% used [0x00000000eea80000,0x00000000eeefa528,0x00000000eef00000)
  to   space 4608K, 0% used [0x00000000ee600000,0x00000000ee600000,0x00000000eea80000)
 ParOldGen       total 79360K, used 13551K [0x00000000c0000000, 0x00000000c4d80000, 0x00000000eab00000)
  object space 79360K, 17% used [0x00000000c0000000,0x00000000c0d3bd38,0x00000000c4d80000)
 Metaspace       used 5798K, capacity 6896K, committed 7040K, reserved 1056768K
  class space    used 570K, capacity 616K, committed 640K, reserved 1048576K

Card table byte_map: [0x00007f24d8356000,0x00007f24d8557000] byte_map_base: 0x00007f24d7d56000

Marking Bits: (ParMarkBitMap*) 0x00007f24db08e080
 Begin Bits: [0x00007f24be000000, 0x00007f24bf000000)
 End Bits:   [0x00007f24bf000000, 0x00007f24c0000000)

Polling page: 0x00007f24dbed9000

CodeCache: size=245760Kb used=4596Kb max_used=4596Kb free=241163Kb
 bounds [0x00007f24c5000000, 0x00007f24c5490000, 0x00007f24d4000000]
 total_blobs=1444 nmethods=1178 adapters=182
 compilation: enabled

Compilation events (10 events):
Event: 10.335 Thread 0x00007f24d40b2000 nmethod 1397% 0x00007f24c547cc10 code [0x00007f24c547d200, 0x00007f24c5481688]
Event: 10.335 Thread 0x00007f24d40b2000 1430 %     3       com.android.dx.ssa.SsaMethod::indexListFromLabelList @ 20 (47 bytes)
Event: 10.337 Thread 0x00007f24d40b2000 nmethod 1430% 0x00007f24c547b110 code [0x00007f24c547b2e0, 0x00007f24c547bb78]
Event: 10.337 Thread 0x00007f24d40b2000 1353       2       com.android.dx.ssa.SsaConverter::nodeNeedsUniquePredecessor (32 bytes)
Event: 10.337 Thread 0x00007f24d40b2000 nmethod 1353 0x00007f24c5403890 code [0x00007f24c5403a00, 0x00007f24c5403bb8]
Event: 10.337 Thread 0x00007f24d40b2000 1338       1       com.android.dx.rop.code.Insn$BaseVisitor::visitThrowingCstInsn (1 bytes)
Event: 10.338 Thread 0x00007f24d40b2000 nmethod 1338 0x00007f24c540cdd0 code [0x00007f24c540cf20, 0x00007f24c540d030]
Event: 10.338 Thread 0x00007f24d40b2000 1391       1       com.android.dx.cf.code.BaseMachine::auxType (6 bytes)
Event: 10.338 Thread 0x00007f24d40b2000 nmethod 1391 0x00007f24c545b850 code [0x00007f24c545b9a0, 0x00007f24c545bad0]
Event: 10.338 Thread 0x00007f24d40b2000 1409       2       com.android.dx.ssa.back.IdenticalBlockCombiner::process (323 bytes)

GC Heap History (8 events):
Event: 5.752 GC heap before
{Heap before GC invocations=1 (full 0):
 PSYoungGen      total 34816K, used 30208K [0x00000000eab00000, 0x00000000ed180000, 0x0000000100000000)
  eden space 30208K, 100% used [0x00000000eab00000,0x00000000ec880000,0x00000000ec880000)
  from space 4608K, 0% used [0x00000000ecd00000,0x00000000ecd00000,0x00000000ed180000)
  to   space 4608K, 0% used [0x00000000ec880000,0x00000000ec880000,0x00000000ecd00000)
 ParOldGen       total 79360K, used 0K [0x00000000c0000000, 0x00000000c4d80000, 0x00000000eab00000)
  object space 79360K, 0% used [0x00000000c0000000,0x00000000c0000000,0x00000000c4d80000)
 Metaspace       used 5669K, capacity 6768K, committed 7040K, reserved 1056768K
  class space    used 569K, capacity 616K, committed 640K, reserved 1048576K
Event: 5.793 GC heap after
Heap after GC invocations=1 (full 0):
 PSYoungGen      total 34816K, used 4585K [0x00000000eab00000, 0x00000000ed180000, 0x0000000100000000)
  eden space 30208K, 0% used [0x00000000eab00000,0x00000000eab00000,0x00000000ec880000)
  from space 4608K, 99% used [0x00000000ec880000,0x00000000eccfa7c8,0x00000000ecd00000)
  to   space 4608K, 0% used [0x00000000ecd00000,0x00000000ecd00000,0x00000000ed180000)
 ParOldGen       total 79360K, used 1081K [0x00000000c0000000, 0x00000000c4d80000, 0x00000000eab00000)
  object space 79360K, 1% used [0x00000000c0000000,0x00000000c010e748,0x00000000c4d80000)
 Metaspace       used 5669K, capacity 6768K, committed 7040K, reserved 1056768K
  class space    used 569K, capacity 616K, committed 640K, reserved 1048576K
}
Event: 7.787 GC heap before
{Heap before GC invocations=2 (full 0):
 PSYoungGen      total 34816K, used 34793K [0x00000000eab00000, 0x00000000ed180000, 0x0000000100000000)
  eden space 30208K, 100% used [0x00000000eab00000,0x00000000ec880000,0x00000000ec880000)
  from space 4608K, 99% used [0x00000000ec880000,0x00000000eccfa7c8,0x00000000ecd00000)
  to   space 4608K, 0% used [0x00000000ecd00000,0x00000000ecd00000,0x00000000ed180000)
 ParOldGen       total 79360K, used 1081K [0x00000000c0000000, 0x00000000c4d80000, 0x00000000eab00000)
  object space 79360K, 1% used [0x00000000c0000000,0x00000000c010e748,0x00000000c4d80000)
 Metaspace       used 5736K, capacity 6832K, committed 7040K, reserved 1056768K
  class space    used 570K, capacity 616K, committed 640K, reserved 1048576K
Event: 7.922 GC heap after
Heap after GC invocations=2 (full 0):
 PSYoungGen      total 34816K, used 4601K [0x00000000eab00000, 0x00000000eef00000, 0x0000000100000000)
  eden space 30208K, 0% used [0x00000000eab00000,0x00000000eab00000,0x00000000ec880000)
  from space 4608K, 99% used [0x00000000ecd00000,0x00000000ed17e758,0x00000000ed180000)
  to   space 4608K, 0% used [0x00000000ec880000,0x00000000ec880000,0x00000000ecd00000)
 ParOldGen       total 79360K, used 4809K [0x00000000c0000000, 0x00000000c4d80000, 0x00000000eab00000)
  object space 79360K, 6% used [0x00000000c0000000,0x00000000c04b2670,0x00000000c4d80000)
 Metaspace       used 5736K, capacity 6832K, committed 7040K, reserved 1056768K
  class space    used 570K, capacity 616K, committed 640K, reserved 1048576K
}
Event: 8.949 GC heap before
{Heap before GC invocations=3 (full 0):
 PSYoungGen      total 34816K, used 34809K [0x00000000eab00000, 0x00000000eef00000, 0x0000000100000000)
  eden space 30208K, 100% used [0x00000000eab00000,0x00000000ec880000,0x00000000ec880000)
  from space 4608K, 99% used [0x00000000ecd00000,0x00000000ed17e758,0x00000000ed180000)
  to   space 4608K, 0% used [0x00000000ec880000,0x00000000ec880000,0x00000000ecd00000)
 ParOldGen       total 79360K, used 4809K [0x00000000c0000000, 0x00000000c4d80000, 0x00000000eab00000)
  object space 79360K, 6% used [0x00000000c0000000,0x00000000c04b2670,0x00000000c4d80000)
 Metaspace       used 5788K, capacity 6896K, committed 7040K, reserved 1056768K
  class space    used 570K, capacity 616K, committed 640K, reserved 1048576K
Event: 9.023 GC heap after
Heap after GC invocations=3 (full 0):
 PSYoungGen      total 34816K, used 4600K [0x00000000eab00000, 0x00000000eef00000, 0x0000000100000000)
  eden space 30208K, 0% used [0x00000000eab00000,0x00000000eab00000,0x00000000ec880000)
  from space 4608K, 99% used [0x00000000ec880000,0x00000000eccfe180,0x00000000ecd00000)
  to   space 4608K, 0% used [0x00000000eea80000,0x00000000eea80000,0x00000000eef00000)
 ParOldGen       total 79360K, used 9065K [0x00000000c0000000, 0x00000000c4d80000, 0x00000000eab00000)
  object space 79360K, 11% used [0x00000000c0000000,0x00000000c08da768,0x00000000c4d80000)
 Metaspace       used 5788K, capacity 6896K, committed 7040K, reserved 1056768K
  class space    used 570K, capacity 616K, committed 640K, reserved 1048576K
}
Event: 10.005 GC heap before
{Heap before GC invocations=4 (full 0):
 PSYoungGen      total 34816K, used 34808K [0x00000000eab00000, 0x00000000eef00000, 0x0000000100000000)
  eden space 30208K, 100% used [0x00000000eab00000,0x00000000ec880000,0x00000000ec880000)
  from space 4608K, 99% used [0x00000000ec880000,0x00000000eccfe180,0x00000000ecd00000)
  to   space 4608K, 0% used [0x00000000eea80000,0x00000000eea80000,0x00000000eef00000)
 ParOldGen       total 79360K, used 9065K [0x00000000c0000000, 0x00000000c4d80000, 0x00000000eab00000)
  object space 79360K, 11% used [0x00000000c0000000,0x00000000c08da768,0x00000000c4d80000)
 Metaspace       used 5795K, capacity 6896K, committed 7040K, reserved 1056768K
  class space    used 570K, capacity 616K, committed 640K, reserved 1048576K
Event: 10.145 GC heap after
Heap after GC invocations=4 (full 0):
 PSYoungGen      total 65024K, used 4585K [0x00000000eab00000, 0x00000000eef00000, 0x0000000100000000)
  eden space 60416K, 0% used [0x00000000eab00000,0x00000000eab00000,0x00000000ee600000)
  from space 4608K, 99% used [0x00000000eea80000,0x00000000eeefa528,0x00000000eef00000)
  to   space 4608K, 0% used [0x00000000ee600000,0x00000000ee600000,0x00000000eea80000)
 ParOldGen       total 79360K, used 13551K [0x00000000c0000000, 0x00000000c4d80000, 0x00000000eab00000)
  object space 79360K, 17% used [0x00000000c0000000,0x00000000c0d3bd38,0x00000000c4d80000)
 Metaspace       used 5795K, capacity 6896K, committed 7040K, reserved 1056768K
  class space    used 570K, capacity 616K, committed 640K, reserved 1048576K
}

Deoptimization events (10 events):
Event: 2.276 Thread 0x00007f24d400a000 Uncommon trap: reason=unstable_if action=reinterpret pc=0x00007f24c51485c8 method=java.lang.String.indexOf(II)I @ 49
Event: 4.083 Thread 0x00007f24d4197000 Uncommon trap: reason=unstable_if action=reinterpret pc=0x00007f24c51f8b64 method=java.util.HashMap.getNode(ILjava/lang/Object;)Ljava/util/HashMap$Node; @ 62
Event: 4.128 Thread 0x00007f24d4195800 Uncommon trap: reason=unstable_if action=reinterpret pc=0x00007f24c520882c method=java.util.BitSet.nextSetBit(I)I @ 87
Event: 5.674 Thread 0x00007f24d4198800 Uncommon trap: reason=unstable_if action=reinterpret pc=0x00007f24c523f380 method=com.android.dx.rop.code.RegisterSpec.equals(ILcom/android/dx/rop/type/TypeBearer;Lcom/android/dx/rop/code/LocalItem;)Z @ 42
Event: 6.991 Thread 0x00007f24d4197000 Uncommon trap: reason=null_check action=make_not_entrant pc=0x00007f24c52ccec0 method=com.android.dx.ssa.SsaRenamer.getLocalForNewReg(I)Lcom/android/dx/rop/code/LocalItem; @ 19
Event: 6.997 Thread 0x00007f24d400a000 Uncommon trap: reason=unstable_if action=reinterpret pc=0x00007f24c5228b80 method=java.lang.String.<init>([CII)V @ 18
Event: 8.166 Thread 0x00007f24d4191800 Uncommon trap: reason=unstable_if action=reinterpret pc=0x00007f24c5241c5c method=com.android.dx.rop.cst.Constant.compareTo(Lcom/android/dx/rop/cst/Constant;)I @ 12
Event: 8.627 Thread 0x00007f24d400a000 Uncommon trap: reason=unstable_if action=reinterpret pc=0x00007f24c51e5f00 method=java.lang.String.<init>([CII)V @ 18
Event: 9.484 Thread 0x00007f24d400a000 Uncommon trap: reason=unstable_if action=reinterpret pc=0x00007f24c531367c method=com.android.dx.ssa.SsaMethod.updateOneDefinition(Lcom/android/dx/ssa/SsaInsn;Lcom/android/dx/rop/code/RegisterSpec;)V @ 4
Event: 9.547 Thread 0x00007f24d4191800 Uncommon trap: reason=unstable_if action=reinterpret pc=0x00007f24c538efc4 method=com.android.dx.util.IntList.binarysearch(I)I @ 105

Internal exceptions (6 events):
Event: 0.288 Thread 0x00007f24d400a000 Exception <a 'java/lang/NoSuchMethodError': Method sun.misc.Unsafe.defineClass(Ljava/lang/String;[BII)Ljava/lang/Class; name or signature does not match> (0x00000000eab07cc0) thrown at [/build/openjdk-8-vT_67x/openjdk-8-8u91-b14/src/hotspot/src/share/vm/p
Event: 0.288 Thread 0x00007f24d400a000 Exception <a 'java/lang/NoSuchMethodError': Method sun.misc.Unsafe.prefetchRead(Ljava/lang/Object;J)V name or signature does not match> (0x00000000eab07fa8) thrown at [/build/openjdk-8-vT_67x/openjdk-8-8u91-b14/src/hotspot/src/share/vm/prims/jni.cpp, line
Event: 0.831 Thread 0x00007f24d400a000 Exception <a 'java/util/zip/ZipException'> (0x00000000eab55280) thrown at [/build/openjdk-8-vT_67x/openjdk-8-8u91-b14/src/hotspot/src/share/vm/prims/jni.cpp, line 709]
Event: 0.831 Thread 0x00007f24d400a000 Exception <a 'java/security/PrivilegedActionException'> (0x00000000eab55520) thrown at [/build/openjdk-8-vT_67x/openjdk-8-8u91-b14/src/hotspot/src/share/vm/prims/jvm.cpp, line 1386]
Event: 0.831 Thread 0x00007f24d400a000 Exception <a 'java/security/PrivilegedActionException'> (0x00000000eab55730) thrown at [/build/openjdk-8-vT_67x/openjdk-8-8u91-b14/src/hotspot/src/share/vm/prims/jvm.cpp, line 1386]
Event: 6.991 Thread 0x00007f24d4197000 Implicit null exception at 0x00007f24c52ca96e to 0x00007f24c52cce9d

Events (10 events):
Event: 9.484 Thread 0x00007f24d400a000 DEOPT UNPACKING pc=0x00007f24c5004f69 sp=0x00007f24dbeb85d8 mode 2
Event: 9.547 Thread 0x00007f24d4191800 Uncommon trap: trap_request=0xffffff65 fr.pc=0x00007f24c538efc4
Event: 9.547 Thread 0x00007f24d4191800 DEOPT PACKING pc=0x00007f24c538efc4 sp=0x00007f24bc1b00d0
Event: 9.547 Thread 0x00007f24d4191800 DEOPT UNPACKING pc=0x00007f24c5004f69 sp=0x00007f24bc1b0068 mode 2
Event: 9.594 Thread 0x00007f24d400a000 DEOPT PACKING pc=0x00007f24c5393bac sp=0x00007f24dbeb8a50
Event: 9.594 Thread 0x00007f24d400a000 DEOPT UNPACKING pc=0x00007f24c5046f73 sp=0x00007f24dbeb8750 mode 0
Event: 9.984 Executing VM operation: ParallelGCFailedAllocation
Event: 10.166 Executing VM operation: ParallelGCFailedAllocation done
Event: 10.377 Thread 0x00007f24d4195800 DEOPT PACKING pc=0x00007f24c5393bac sp=0x00007f248befd1b0
Event: 10.377 Thread 0x00007f24d4195800 DEOPT UNPACKING pc=0x00007f24c5046f73 sp=0x00007f248befceb0 mode 0


Dynamic libraries:
00400000-00401000 r-xp 00000000 08:01 9710719                            /usr/lib/jvm/java-8-openjdk-amd64/jre/bin/java
00600000-00601000 r--p 00000000 08:01 9710719                            /usr/lib/jvm/java-8-openjdk-amd64/jre/bin/java
00601000-00602000 rw-p 00001000 08:01 9710719                            /usr/lib/jvm/java-8-openjdk-amd64/jre/bin/java
01e81000-01ea2000 rw-p 00000000 00:00 0                                  [heap]
c0000000-c4d80000 rw-p 00000000 00:00 0 
c4d80000-eab00000 ---p 00000000 00:00 0 
eab00000-eef00000 rw-p 00000000 00:00 0 
eef00000-100000000 ---p 00000000 00:00 0 
100000000-1000a0000 rw-p 00000000 00:00 0 
1000a0000-140000000 ---p 00000000 00:00 0 
7f2470000000-7f2470035000 rw-p 00000000 00:00 0 
7f2470035000-7f2474000000 ---p 00000000 00:00 0 
7f2478000000-7f2478021000 rw-p 00000000 00:00 0 
7f2478021000-7f247c000000 ---p 00000000 00:00 0 
7f247c000000-7f247c021000 rw-p 00000000 00:00 0 
7f247c021000-7f2480000000 ---p 00000000 00:00 0 
7f2480000000-7f2480021000 rw-p 00000000 00:00 0 
7f2480021000-7f2484000000 ---p 00000000 00:00 0 
7f2484000000-7f2484025000 rw-p 00000000 00:00 0 
7f2484025000-7f2488000000 ---p 00000000 00:00 0 
7f248bbfc000-7f248bbff000 ---p 00000000 00:00 0 
7f248bbff000-7f248bcfd000 rw-p 00000000 00:00 0                          [stack:17787]
7f248bcfd000-7f248bd00000 ---p 00000000 00:00 0 
7f248bd00000-7f248bdfe000 rw-p 00000000 00:00 0                          [stack:17786]
7f248bdfe000-7f248be01000 ---p 00000000 00:00 0 
7f248be01000-7f248beff000 rw-p 00000000 00:00 0                          [stack:17785]
7f248beff000-7f248bf02000 ---p 00000000 00:00 0 
7f248bf02000-7f248c000000 rw-p 00000000 00:00 0                          [stack:17784]
7f248c000000-7f248c021000 rw-p 00000000 00:00 0 
7f248c021000-7f2490000000 ---p 00000000 00:00 0 
7f2490000000-7f2490021000 rw-p 00000000 00:00 0 
7f2490021000-7f2494000000 ---p 00000000 00:00 0 
7f2494000000-7f2494794000 rw-p 00000000 00:00 0 
7f2494794000-7f2498000000 ---p 00000000 00:00 0 
7f2498000000-7f249872c000 rw-p 00000000 00:00 0 
7f249872c000-7f249c000000 ---p 00000000 00:00 0 
7f249c000000-7f249c021000 rw-p 00000000 00:00 0 
7f249c021000-7f24a0000000 ---p 00000000 00:00 0 
7f24a0000000-7f24a0584000 rw-p 00000000 00:00 0 
7f24a0584000-7f24a4000000 ---p 00000000 00:00 0 
7f24a4000000-7f24a4021000 rw-p 00000000 00:00 0 
7f24a4021000-7f24a8000000 ---p 00000000 00:00 0 
7f24a8000000-7f24a8021000 rw-p 00000000 00:00 0 
7f24a8021000-7f24ac000000 ---p 00000000 00:00 0 
7f24ac000000-7f24ac021000 rw-p 00000000 00:00 0 
7f24ac021000-7f24b0000000 ---p 00000000 00:00 0 
7f24b0000000-7f24b0021000 rw-p 00000000 00:00 0 
7f24b0021000-7f24b4000000 ---p 00000000 00:00 0 
7f24b4000000-7f24b4021000 rw-p 00000000 00:00 0 
7f24b4021000-7f24b8000000 ---p 00000000 00:00 0 
7f24b8000000-7f24b8021000 rw-p 00000000 00:00 0 
7f24b8021000-7f24bc000000 ---p 00000000 00:00 0 
7f24bc0b1000-7f24bc0b4000 ---p 00000000 00:00 0 
7f24bc0b4000-7f24bc1b2000 rw-p 00000000 00:00 0                          [stack:17783]
7f24bc1b2000-7f24bc1bc000 r--s 00097000 08:01 29632015                   /home/percept/ketan/MyPlan/app/build/intermediates/exploded-aar/com.android.support/appcompat-v7/24.1.1/jars/classes.jar
7f24bc1bc000-7f24bc1ca000 r--s 000e0000 08:01 2884391                    /home/percept/Android/Sdk/build-tools/24.0.1/lib/dx.jar
7f24bc1ca000-7f24bc1e6000 r--s 00393000 08:01 10095802                   /usr/lib/jvm/java-8-openjdk-amd64/jre/lib/ext/cldrdata.jar
7f24bc1e6000-7f24bc1e7000 ---p 00000000 00:00 0 
7f24bc1e7000-7f24bc2e7000 rw-p 00000000 00:00 0                          [stack:17781]
7f24bc2e7000-7f24bc2ea000 ---p 00000000 00:00 0 
7f24bc2ea000-7f24bc3e8000 rw-p 00000000 00:00 0                          [stack:17780]
7f24bc3e8000-7f24bc3eb000 ---p 00000000 00:00 0 
7f24bc3eb000-7f24bc4e9000 rw-p 00000000 00:00 0                          [stack:17779]
7f24bc4e9000-7f24bc4ec000 ---p 00000000 00:00 0 
7f24bc4ec000-7f24bc5ea000 rw-p 00000000 00:00 0                          [stack:17778]
7f24bc5ea000-7f24bc5ed000 ---p 00000000 00:00 0 
7f24bc5ed000-7f24bc6eb000 rw-p 00000000 00:00 0                          [stack:17777]
7f24bc6eb000-7f24bc6ee000 ---p 00000000 00:00 0 
7f24bc6ee000-7f24bc7ec000 rw-p 00000000 00:00 0                          [stack:17776]
7f24bc7ec000-7f24bcece000 r--p 00000000 08:01 9181736                    /usr/lib/locale/locale-archive
7f24bcece000-7f24bced1000 ---p 00000000 00:00 0 
7f24bced1000-7f24bcfcf000 rw-p 00000000 00:00 0                          [stack:17775]
7f24bcfcf000-7f24bcfd2000 ---p 00000000 00:00 0 
7f24bcfd2000-7f24bd0d0000 rw-p 00000000 00:00 0                          [stack:17774]
7f24bd0d0000-7f24bd0d1000 ---p 00000000 00:00 0 
7f24bd0d1000-7f24c0000000 rw-p 00000000 00:00 0                          [stack:17773]
7f24c0000000-7f24c0021000 rw-p 00000000 00:00 0 
7f24c0021000-7f24c4000000 ---p 00000000 00:00 0 
7f24c4001000-7f24c4004000 rw-p 00000000 00:00 0 
7f24c4004000-7f24c400e000 r--s 00116000 08:01 10095808                   /usr/lib/jvm/java-8-openjdk-amd64/jre/lib/ext/localedata.jar
7f24c400e000-7f24c4130000 rw-p 00000000 00:00 0 
7f24c4130000-7f24c42fd000 r--s 03be7000 08:01 9833555                    /usr/lib/jvm/java-8-openjdk-amd64/jre/lib/rt.jar
7f24c42fd000-7f24c493d000 rw-p 00000000 00:00 0 
7f24c493d000-7f24c4afd000 ---p 00000000 00:00 0 
7f24c4afd000-7f24c4cfd000 rw-p 00000000 00:00 0 
7f24c4cfd000-7f24c4cfe000 ---p 00000000 00:00 0 
7f24c4cfe000-7f24c4dfe000 rw-p 00000000 00:00 0                          [stack:17769]
7f24c4dfe000-7f24c4dff000 ---p 00000000 00:00 0 
7f24c4dff000-7f24c4eff000 rw-p 00000000 00:00 0                          [stack:17768]
7f24c4eff000-7f24c4f00000 ---p 00000000 00:00 0 
7f24c4f00000-7f24c5000000 rw-p 00000000 00:00 0                          [stack:17767]
7f24c5000000-7f24c5490000 rwxp 00000000 00:00 0 
7f24c5490000-7f24d4000000 ---p 00000000 00:00 0 
7f24d4000000-7f24d41ce000 rw-p 00000000 00:00 0 
7f24d41ce000-7f24d8000000 ---p 00000000 00:00 0 
7f24d8000000-7f24d801b000 r--s 001d7000 08:01 10095800                   /usr/lib/jvm/java-8-openjdk-amd64/jre/lib/ext/nashorn.jar
7f24d801b000-7f24d80ff000 rw-p 00000000 00:00 0 
7f24d80ff000-7f24d8100000 ---p 00000000 00:00 0 
7f24d8100000-7f24d8227000 rw-p 00000000 00:00 0                          [stack:17766]
7f24d8227000-7f24d8356000 ---p 00000000 00:00 0 
7f24d8356000-7f24d837d000 rw-p 00000000 00:00 0 
7f24d837d000-7f24d84ab000 ---p 00000000 00:00 0 
7f24d84ab000-7f24d84ce000 rw-p 00000000 00:00 0 
7f24d84ce000-7f24d8556000 ---p 00000000 00:00 0 
7f24d8556000-7f24d856a000 rw-p 00000000 00:00 0 
7f24d856a000-7f24d8917000 ---p 00000000 00:00 0 
7f24d8917000-7f24d891f000 r-xp 00000000 08:01 9833534                    /usr/lib/jvm/java-8-openjdk-amd64/jre/lib/amd64/libzip.so
7f24d891f000-7f24d8b1e000 ---p 00008000 08:01 9833534                    /usr/lib/jvm/java-8-openjdk-amd64/jre/lib/amd64/libzip.so
7f24d8b1e000-7f24d8b1f000 r--p 00007000 08:01 9833534                    /usr/lib/jvm/java-8-openjdk-amd64/jre/lib/amd64/libzip.so
7f24d8b1f000-7f24d8b20000 rw-p 00008000 08:01 9833534                    /usr/lib/jvm/java-8-openjdk-amd64/jre/lib/amd64/libzip.so
7f24d8b20000-7f24d8b2a000 r-xp 00000000 08:01 17175542                   /lib/x86_64-linux-gnu/libnss_files-2.19.so
7f24d8b2a000-7f24d8d29000 ---p 0000a000 08:01 17175542                   /lib/x86_64-linux-gnu/libnss_files-2.19.so
7f24d8d29000-7f24d8d2a000 r--p 00009000 08:01 17175542                   /lib/x86_64-linux-gnu/libnss_files-2.19.so
7f24d8d2a000-7f24d8d2b000 rw-p 0000a000 08:01 17175542                   /lib/x86_64-linux-gnu/libnss_files-2.19.so
7f24d8d2b000-7f24d8d36000 r-xp 00000000 08:01 17175534                   /lib/x86_64-linux-gnu/libnss_nis-2.19.so
7f24d8d36000-7f24d8f35000 ---p 0000b000 08:01 17175534                   /lib/x86_64-linux-gnu/libnss_nis-2.19.so
7f24d8f35000-7f24d8f36000 r--p 0000a000 08:01 17175534                   /lib/x86_64-linux-gnu/libnss_nis-2.19.so
7f24d8f36000-7f24d8f37000 rw-p 0000b000 08:01 17175534                   /lib/x86_64-linux-gnu/libnss_nis-2.19.so
7f24d8f37000-7f24d8f4e000 r-xp 00000000 08:01 17175530                   /lib/x86_64-linux-gnu/libnsl-2.19.so
7f24d8f4e000-7f24d914d000 ---p 00017000 08:01 17175530                   /lib/x86_64-linux-gnu/libnsl-2.19.so
7f24d914d000-7f24d914e000 r--p 00016000 08:01 17175530                   /lib/x86_64-linux-gnu/libnsl-2.19.so
7f24d914e000-7f24d914f000 rw-p 00017000 08:01 17175530                   /lib/x86_64-linux-gnu/libnsl-2.19.so
7f24d914f000-7f24d9151000 rw-p 00000000 00:00 0 
7f24d9151000-7f24d915a000 r-xp 00000000 08:01 17175529                   /lib/x86_64-linux-gnu/libnss_compat-2.19.so
7f24d915a000-7f24d9359000 ---p 00009000 08:01 17175529                   /lib/x86_64-linux-gnu/libnss_compat-2.19.so
7f24d9359000-7f24d935a000 r--p 00008000 08:01 17175529                   /lib/x86_64-linux-gnu/libnss_compat-2.19.so
7f24d935a000-7f24d935b000 rw-p 00009000 08:01 17175529                   /lib/x86_64-linux-gnu/libnss_compat-2.19.so
7f24d935b000-7f24d9387000 r-xp 00000000 08:01 9833519                    /usr/lib/jvm/java-8-openjdk-amd64/jre/lib/amd64/libjava.so
7f24d9387000-7f24d9587000 ---p 0002c000 08:01 9833519                    /usr/lib/jvm/java-8-openjdk-amd64/jre/lib/amd64/libjava.so
7f24d9587000-7f24d9588000 r--p 0002c000 08:01 9833519                    /usr/lib/jvm/java-8-openjdk-amd64/jre/lib/amd64/libjava.so
7f24d9588000-7f24d958a000 rw-p 0002d000 08:01 9833519                    /usr/lib/jvm/java-8-openjdk-amd64/jre/lib/amd64/libjava.so
7f24d958a000-7f24d959a000 r-xp 00000000 08:01 9833520                    /usr/lib/jvm/java-8-openjdk-amd64/jre/lib/amd64/libverify.so
7f24d959a000-7f24d9799000 ---p 00010000 08:01 9833520                    /usr/lib/jvm/java-8-openjdk-amd64/jre/lib/amd64/libverify.so
7f24d9799000-7f24d979b000 r--p 0000f000 08:01 9833520                    /usr/lib/jvm/java-8-openjdk-amd64/jre/lib/amd64/libverify.so
7f24d979b000-7f24d979c000 rw-p 00011000 08:01 9833520                    /usr/lib/jvm/java-8-openjdk-amd64/jre/lib/amd64/libverify.so
7f24d979c000-7f24d97a3000 r-xp 00000000 08:01 17175538                   /lib/x86_64-linux-gnu/librt-2.19.so
7f24d97a3000-7f24d99a2000 ---p 00007000 08:01 17175538                   /lib/x86_64-linux-gnu/librt-2.19.so
7f24d99a2000-7f24d99a3000 r--p 00006000 08:01 17175538                   /lib/x86_64-linux-gnu/librt-2.19.so
7f24d99a3000-7f24d99a4000 rw-p 00007000 08:01 17175538                   /lib/x86_64-linux-gnu/librt-2.19.so
7f24d99a4000-7f24d99ba000 r-xp 00000000 08:01 17174753                   /lib/x86_64-linux-gnu/libgcc_s.so.1
7f24d99ba000-7f24d9bb9000 ---p 00016000 08:01 17174753                   /lib/x86_64-linux-gnu/libgcc_s.so.1
7f24d9bb9000-7f24d9bba000 rw-p 00015000 08:01 17174753                   /lib/x86_64-linux-gnu/libgcc_s.so.1
7f24d9bba000-7f24d9cbf000 r-xp 00000000 08:01 17175524                   /lib/x86_64-linux-gnu/libm-2.19.so
7f24d9cbf000-7f24d9ebe000 ---p 00105000 08:01 17175524                   /lib/x86_64-linux-gnu/libm-2.19.so
7f24d9ebe000-7f24d9ebf000 r--p 00104000 08:01 17175524                   /lib/x86_64-linux-gnu/libm-2.19.so
7f24d9ebf000-7f24d9ec0000 rw-p 00105000 08:01 17175524                   /lib/x86_64-linux-gnu/libm-2.19.so
7f24d9ec0000-7f24d9fa6000 r-xp 00000000 08:01 9175391                    /usr/lib/x86_64-linux-gnu/libstdc++.so.6.0.19
7f24d9fa6000-7f24da1a5000 ---p 000e6000 08:01 9175391                    /usr/lib/x86_64-linux-gnu/libstdc++.so.6.0.19
7f24da1a5000-7f24da1ad000 r--p 000e5000 08:01 9175391                    /usr/lib/x86_64-linux-gnu/libstdc++.so.6.0.19
7f24da1ad000-7f24da1af000 rw-p 000ed000 08:01 9175391                    /usr/lib/x86_64-linux-gnu/libstdc++.so.6.0.19
7f24da1af000-7f24da1c4000 rw-p 00000000 00:00 0 
7f24da1c4000-7f24dadb2000 r-xp 00000000 08:01 9833532                    /usr/lib/jvm/java-8-openjdk-amd64/jre/lib/amd64/server/libjvm.so
7f24dadb2000-7f24dafb2000 ---p 00bee000 08:01 9833532                    /usr/lib/jvm/java-8-openjdk-amd64/jre/lib/amd64/server/libjvm.so
7f24dafb2000-7f24db050000 r--p 00bee000 08:01 9833532                    /usr/lib/jvm/java-8-openjdk-amd64/jre/lib/amd64/server/libjvm.so
7f24db050000-7f24db079000 rw-p 00c8c000 08:01 9833532                    /usr/lib/jvm/java-8-openjdk-amd64/jre/lib/amd64/server/libjvm.so
7f24db079000-7f24db0ab000 rw-p 00000000 00:00 0 
7f24db0ab000-7f24db0c4000 r-xp 00000000 08:01 17175531                   /lib/x86_64-linux-gnu/libpthread-2.19.so
7f24db0c4000-7f24db2c3000 ---p 00019000 08:01 17175531                   /lib/x86_64-linux-gnu/libpthread-2.19.so
7f24db2c3000-7f24db2c4000 r--p 00018000 08:01 17175531                   /lib/x86_64-linux-gnu/libpthread-2.19.so
7f24db2c4000-7f24db2c5000 rw-p 00019000 08:01 17175531                   /lib/x86_64-linux-gnu/libpthread-2.19.so
7f24db2c5000-7f24db2c9000 rw-p 00000000 00:00 0 
7f24db2c9000-7f24db2cc000 r-xp 00000000 08:01 17175526                   /lib/x86_64-linux-gnu/libdl-2.19.so
7f24db2cc000-7f24db4cb000 ---p 00003000 08:01 17175526                   /lib/x86_64-linux-gnu/libdl-2.19.so
7f24db4cb000-7f24db4cc000 r--p 00002000 08:01 17175526                   /lib/x86_64-linux-gnu/libdl-2.19.so
7f24db4cc000-7f24db4cd000 rw-p 00003000 08:01 17175526                   /lib/x86_64-linux-gnu/libdl-2.19.so
7f24db4cd000-7f24db4e5000 r-xp 00000000 08:01 17174889                   /lib/x86_64-linux-gnu/libz.so.1.2.8
7f24db4e5000-7f24db6e4000 ---p 00018000 08:01 17174889                   /lib/x86_64-linux-gnu/libz.so.1.2.8
7f24db6e4000-7f24db6e5000 r--p 00017000 08:01 17174889                   /lib/x86_64-linux-gnu/libz.so.1.2.8
7f24db6e5000-7f24db6e6000 rw-p 00018000 08:01 17174889                   /lib/x86_64-linux-gnu/libz.so.1.2.8
7f24db6e6000-7f24db8a0000 r-xp 00000000 08:01 17175539                   /lib/x86_64-linux-gnu/libc-2.19.so
7f24db8a0000-7f24dbaa0000 ---p 001ba000 08:01 17175539                   /lib/x86_64-linux-gnu/libc-2.19.so
7f24dbaa0000-7f24dbaa4000 r--p 001ba000 08:01 17175539                   /lib/x86_64-linux-gnu/libc-2.19.so
7f24dbaa4000-7f24dbaa6000 rw-p 001be000 08:01 17175539                   /lib/x86_64-linux-gnu/libc-2.19.so
7f24dbaa6000-7f24dbaab000 rw-p 00000000 00:00 0 
7f24dbaab000-7f24dbab8000 r-xp 00000000 08:01 9964103                    /usr/lib/jvm/java-8-openjdk-amd64/jre/lib/amd64/jli/libjli.so
7f24dbab8000-7f24dbcb8000 ---p 0000d000 08:01 9964103                    /usr/lib/jvm/java-8-openjdk-amd64/jre/lib/amd64/jli/libjli.so
7f24dbcb8000-7f24dbcb9000 r--p 0000d000 08:01 9964103                    /usr/lib/jvm/java-8-openjdk-amd64/jre/lib/amd64/jli/libjli.so
7f24dbcb9000-7f24dbcba000 rw-p 0000e000 08:01 9964103                    /usr/lib/jvm/java-8-openjdk-amd64/jre/lib/amd64/jli/libjli.so
7f24dbcba000-7f24dbcdd000 r-xp 00000000 08:01 17175532                   /lib/x86_64-linux-gnu/ld-2.19.so
7f24dbcdd000-7f24dbce1000 r--s 00037000 08:01 10095809                   /usr/lib/jvm/java-8-openjdk-amd64/jre/lib/ext/sunpkcs11.jar
7f24dbce1000-7f24dbdba000 rw-p 00000000 00:00 0 
7f24dbdba000-7f24dbdbd000 ---p 00000000 00:00 0 
7f24dbdbd000-7f24dbec0000 rw-p 00000000 00:00 0                          [stack:17763]
7f24dbec0000-7f24dbec1000 r--s 00008000 08:01 10095803                   /usr/lib/jvm/java-8-openjdk-amd64/jre/lib/ext/sunec.jar
7f24dbec1000-7f24dbec2000 r--s 00010000 08:01 10095805                   /usr/lib/jvm/java-8-openjdk-amd64/jre/lib/ext/zipfs.jar
7f24dbec2000-7f24dbec4000 r--s 00001000 08:01 10095801                   /usr/lib/jvm/java-8-openjdk-amd64/jre/lib/ext/dnsns.jar
7f24dbec4000-7f24dbec6000 r--s 00006000 08:01 9573592                    /usr/share/java/java-atk-wrapper.jar
7f24dbec6000-7f24dbec9000 r--s 0000f000 08:01 10095807                   /usr/lib/jvm/java-8-openjdk-amd64/jre/lib/ext/icedtea-sound.jar
7f24dbec9000-7f24dbeca000 r--s 0000a000 08:01 10095804                   /usr/lib/jvm/java-8-openjdk-amd64/jre/lib/ext/jaccess.jar
7f24dbeca000-7f24dbed0000 r--s 0003a000 08:01 10095806                   /usr/lib/jvm/java-8-openjdk-amd64/jre/lib/ext/sunjce_provider.jar
7f24dbed0000-7f24dbed8000 rw-s 00000000 08:01 2494955                    /tmp/hsperfdata_percept/17760
7f24dbed8000-7f24dbed9000 rw-p 00000000 00:00 0 
7f24dbed9000-7f24dbeda000 r--p 00000000 00:00 0 
7f24dbeda000-7f24dbedc000 rw-p 00000000 00:00 0 
7f24dbedc000-7f24dbedd000 r--p 00022000 08:01 17175532                   /lib/x86_64-linux-gnu/ld-2.19.so
7f24dbedd000-7f24dbede000 rw-p 00023000 08:01 17175532                   /lib/x86_64-linux-gnu/ld-2.19.so
7f24dbede000-7f24dbedf000 rw-p 00000000 00:00 0 
7ffd14802000-7ffd14823000 rw-p 00000000 00:00 0                          [stack]
7ffd149cd000-7ffd149cf000 r--p 00000000 00:00 0                          [vvar]
7ffd149cf000-7ffd149d1000 r-xp 00000000 00:00 0                          [vdso]
ffffffffff600000-ffffffffff601000 r-xp 00000000 00:00 0                  [vsyscall]

VM Arguments:
jvm_args: -Djava.awt.headless=true -Xmx1024M -Dfile.encoding=UTF-8 -Duser.country=IN -Duser.language=en -Duser.variant 
java_command: com.android.dx.command.Main --dex --force-jumbo --num-threads=4 --multi-dex --output /home/percept/ketan/MyPlan/app/build/intermediates/transforms/dex/debug/folders/1000/10/com.android.support-appcompat-v7-24.1.1_1c6797292234c9128236081cf63797ec77973773 /home/percept/ketan/MyPlan/app/build/intermediates/exploded-aar/com.android.support/appcompat-v7/24.1.1/jars/classes.jar
java_class_path (initial): /home/percept/Android/Sdk/build-tools/24.0.1/lib/dx.jar
Launcher Type: SUN_STANDARD

Environment Variables:
JAVA_HOME=/usr/lib/jvm/java-8-openjdk-amd64
PATH=/usr/local/sbin:/usr/local/bin:/usr/sbin:/usr/bin:/sbin:/bin:/usr/games:/usr/local/games
LD_LIBRARY_PATH=/home/percept/android-studio/bin:
SHELL=/bin/bash
DISPLAY=:0

Signal Handlers:
SIGSEGV: [libjvm.so+0x9f6230], sa_mask[0]=11111111011111111101111111111110, sa_flags=SA_RESTART|SA_SIGINFO
SIGBUS: [libjvm.so+0x9f6230], sa_mask[0]=11111111011111111101111111111110, sa_flags=SA_RESTART|SA_SIGINFO
SIGFPE: [libjvm.so+0x856c80], sa_mask[0]=11111111011111111101111111111110, sa_flags=SA_RESTART|SA_SIGINFO
SIGPIPE: [libjvm.so+0x856c80], sa_mask[0]=11111111011111111101111111111110, sa_flags=SA_RESTART|SA_SIGINFO
SIGXFSZ: [libjvm.so+0x856c80], sa_mask[0]=11111111011111111101111111111110, sa_flags=SA_RESTART|SA_SIGINFO
SIGILL: [libjvm.so+0x856c80], sa_mask[0]=11111111011111111101111111111110, sa_flags=SA_RESTART|SA_SIGINFO
SIGUSR1: SIG_DFL, sa_mask[0]=00000000000000000000000000000000, sa_flags=none
SIGUSR2: [libjvm.so+0x856b50], sa_mask[0]=00100000000000000000000000000000, sa_flags=SA_RESTART|SA_SIGINFO
SIGHUP: [libjvm.so+0x856d40], sa_mask[0]=11111111011111111101111111111110, sa_flags=SA_RESTART|SA_SIGINFO
SIGINT: [libjvm.so+0x856d40], sa_mask[0]=11111111011111111101111111111110, sa_flags=SA_RESTART|SA_SIGINFO
SIGTERM: [libjvm.so+0x856d40], sa_mask[0]=11111111011111111101111111111110, sa_flags=SA_RESTART|SA_SIGINFO
SIGQUIT: [libjvm.so+0x856d40], sa_mask[0]=11111111011111111101111111111110, sa_flags=SA_RESTART|SA_SIGINFO


---------------  S Y S T E M  ---------------

OS:DISTRIB_ID=Ubuntu
DISTRIB_RELEASE=14.04
DISTRIB_CODENAME=trusty
DISTRIB_DESCRIPTION="Ubuntu 14.04.4 LTS"

uname:Linux 4.2.0-30-generic #36~14.04.1-Ubuntu SMP Fri Feb 26 18:49:23 UTC 2016 x86_64
libc:glibc 2.19 NPTL 2.19 
rlimit: STACK 8192k, CORE 0k, NPROC 29607, NOFILE 4096, AS infinity
load average:7.03 2.93 2.50

/proc/meminfo:
MemTotal:        7600976 kB
MemFree:          114188 kB
MemAvailable:    3725216 kB
Buffers:          325648 kB
Cached:          3024140 kB
SwapCached:           92 kB
Active:          4776860 kB
Inactive:        2195768 kB
Active(anon):    3092676 kB
Inactive(anon):   564616 kB
Active(file):    1684184 kB
Inactive(file):  1631152 kB
Unevictable:         104 kB
Mlocked:             104 kB
SwapTotal:       1495036 kB
SwapFree:        1491692 kB
Dirty:             48060 kB
Writeback:             0 kB
AnonPages:       3622960 kB
Mapped:           467200 kB
Shmem:             34436 kB
Slab:             377348 kB
SReclaimable:     336720 kB
SUnreclaim:        40628 kB
KernelStack:       11552 kB
PageTables:        44052 kB
NFS_Unstable:          0 kB
Bounce:                0 kB
WritebackTmp:          0 kB
CommitLimit:     5295524 kB
Committed_AS:    8144292 kB
VmallocTotal:   34359738367 kB
VmallocUsed:      305360 kB
VmallocChunk:   34358947836 kB
HardwareCorrupted:     0 kB
AnonHugePages:   2254848 kB
CmaTotal:              0 kB
CmaFree:               0 kB
HugePages_Total:       0
HugePages_Free:        0
HugePages_Rsvd:        0
HugePages_Surp:        0
Hugepagesize:       2048 kB
DirectMap4k:      211564 kB
DirectMap2M:     4448256 kB
DirectMap1G:     3145728 kB


CPU:total 4 (4 cores per cpu, 1 threads per core) family 22 model 0 stepping 1, cmov, cx8, fxsr, mmx, sse, sse2, sse3, ssse3, sse4.1, sse4.2, popcnt, avx, aes, clmul, mmxext, 3dnowpref, lzcnt, sse4a, tsc, tscinvbit, tscinv, bmi1

/proc/cpuinfo:
processor	: 0
vendor_id	: AuthenticAMD
cpu family	: 22
model		: 0
model name	: AMD Athlon(tm) 5150 APU with Radeon(tm) R3
stepping	: 1
microcode	: 0x700010b
cpu MHz		: 1600.000
cache size	: 2048 KB
physical id	: 0
siblings	: 4
core id		: 0
cpu cores	: 4
apicid		: 0
initial apicid	: 0
fpu		: yes
fpu_exception	: yes
cpuid level	: 13
wp		: yes
flags		: fpu vme de pse tsc msr pae mce cx8 apic sep mtrr pge mca cmov pat pse36 clflush mmx fxsr sse sse2 ht syscall nx mmxext fxsr_opt pdpe1gb rdtscp lm constant_tsc rep_good nopl nonstop_tsc extd_apicid aperfmperf eagerfpu pni pclmulqdq monitor ssse3 cx16 sse4_1 sse4_2 movbe popcnt aes xsave avx f16c lahf_lm cmp_legacy svm extapic cr8_legacy abm sse4a misalignsse 3dnowprefetch osvw ibs skinit wdt topoext perfctr_nb bpext perfctr_l2 arat hw_pstate proc_feedback npt lbrv svm_lock nrip_save tsc_scale flushbyasid decodeassists pausefilter pfthreshold vmmcall bmi1 xsaveopt
bugs		: fxsave_leak sysret_ss_attrs
bogomips	: 3194.27
TLB size	: 1024 4K pages
clflush size	: 64
cache_alignment	: 64
address sizes	: 40 bits physical, 48 bits virtual
power management: ts ttp tm 100mhzsteps hwpstate [11]

processor	: 1
vendor_id	: AuthenticAMD
cpu family	: 22
model		: 0
model name	: AMD Athlon(tm) 5150 APU with Radeon(tm) R3
stepping	: 1
microcode	: 0x700010b
cpu MHz		: 1600.000
cache size	: 2048 KB
physical id	: 0
siblings	: 4
core id		: 1
cpu cores	: 4
apicid		: 1
initial apicid	: 1
fpu		: yes
fpu_exception	: yes
cpuid level	: 13
wp		: yes
flags		: fpu vme de pse tsc msr pae mce cx8 apic sep mtrr pge mca cmov pat pse36 clflush mmx fxsr sse sse2 ht syscall nx mmxext fxsr_opt pdpe1gb rdtscp lm constant_tsc rep_good nopl nonstop_tsc extd_apicid aperfmperf eagerfpu pni pclmulqdq monitor ssse3 cx16 sse4_1 sse4_2 movbe popcnt aes xsave avx f16c lahf_lm cmp_legacy svm extapic cr8_legacy abm sse4a misalignsse 3dnowprefetch osvw ibs skinit wdt topoext perfctr_nb bpext perfctr_l2 arat hw_pstate proc_feedback npt lbrv svm_lock nrip_save tsc_scale flushbyasid decodeassists pausefilter pfthreshold vmmcall bmi1 xsaveopt
bugs		: fxsave_leak sysret_ss_attrs
bogomips	: 3194.27
TLB size	: 1024 4K pages
clflush size	: 64
cache_alignment	: 64
address sizes	: 40 bits physical, 48 bits virtual
power management: ts ttp tm 100mhzsteps hwpstate [11]

processor	: 2
vendor_id	: AuthenticAMD
cpu family	: 22
model		: 0
model name	: AMD Athlon(tm) 5150 APU with Radeon(tm) R3
stepping	: 1
microcode	: 0x700010b
cpu MHz		: 1600.000
cache size	: 2048 KB
physical id	: 0
siblings	: 4
core id		: 2
cpu cores	: 4
apicid		: 2
initial apicid	: 2
fpu		: yes
fpu_exception	: yes
cpuid level	: 13
wp		: yes
flags		: fpu vme de pse tsc msr pae mce cx8 apic sep mtrr pge mca cmov pat pse36 clflush mmx fxsr sse sse2 ht syscall nx mmxext fxsr_opt pdpe1gb rdtscp lm constant_tsc rep_good nopl nonstop_tsc extd_apicid aperfmperf eagerfpu pni pclmulqdq monitor ssse3 cx16 sse4_1 sse4_2 movbe popcnt aes xsave avx f16c lahf_lm cmp_legacy svm extapic cr8_legacy abm sse4a misalignsse 3dnowprefetch osvw ibs skinit wdt topoext perfctr_nb bpext perfctr_l2 arat hw_pstate proc_feedback npt lbrv svm_lock nrip_save tsc_scale flushbyasid decodeassists pausefilter pfthreshold vmmcall bmi1 xsaveopt
bugs		: fxsave_leak sysret_ss_attrs
bogomips	: 3194.27
TLB size	: 1024 4K pages
clflush size	: 64
cache_alignment	: 64
address sizes	: 40 bits physical, 48 bits virtual
power management: ts ttp tm 100mhzsteps hwpstate [11]

processor	: 3
vendor_id	: AuthenticAMD
cpu family	: 22
model		: 0
model name	: AMD Athlon(tm) 5150 APU with Radeon(tm) R3
stepping	: 1
microcode	: 0x700010b
cpu MHz		: 1600.000
cache size	: 2048 KB
physical id	: 0
siblings	: 4
core id		: 3
cpu cores	: 4
apicid		: 3
initial apicid	: 3
fpu		: yes
fpu_exception	: yes
cpuid level	: 13
wp		: yes
flags		: fpu vme de pse tsc msr pae mce cx8 apic sep mtrr pge mca cmov pat pse36 clflush mmx fxsr sse sse2 ht syscall nx mmxext fxsr_opt pdpe1gb rdtscp lm constant_tsc rep_good nopl nonstop_tsc extd_apicid aperfmperf eagerfpu pni pclmulqdq monitor ssse3 cx16 sse4_1 sse4_2 movbe popcnt aes xsave avx f16c lahf_lm cmp_legacy svm extapic cr8_legacy abm sse4a misalignsse 3dnowprefetch osvw ibs skinit wdt topoext perfctr_nb bpext perfctr_l2 arat hw_pstate proc_feedback npt lbrv svm_lock nrip_save tsc_scale flushbyasid decodeassists pausefilter pfthreshold vmmcall bmi1 xsaveopt
bugs		: fxsave_leak sysret_ss_attrs
bogomips	: 3194.27
TLB size	: 1024 4K pages
clflush size	: 64
cache_alignment	: 64
address sizes	: 40 bits physical, 48 bits virtual
power management: ts ttp tm 100mhzsteps hwpstate [11]



Memory: 4k page, physical 7600976k(114188k free), swap 1495036k(1491692k free)

vm_info: OpenJDK 64-Bit Server VM (25.91-b14) for linux-amd64 JRE (1.8.0_91-8u91-b14-0ubuntu4~14.04-b14), built on Apr 22 2016 12:27:31 by "buildd" with gcc 4.8.2

time: Mon Nov 21 16:59:44 2016
elapsed time: 10 seconds (0d 0h 0m 10s)

