#
# A fatal error has been detected by the Java Runtime Environment:
#
#  SIGSEGV (0xb) at pc=0x00007f59315d647e, pid=16710, tid=0x00007f5918237700
#
# JRE version: OpenJDK Runtime Environment (8.0_76-b03) (build 1.8.0_76-release-b03)
# Java VM: OpenJDK 64-Bit Server VM (25.76-b03 mixed mode linux-amd64 compressed oops)
# Problematic frame:
# V  [libjvm.so+0x3d547e]  RegionNode::is_unreachable_region(PhaseGVN*) const+0x26e
#
# Failed to write core dump. Core dumps have been disabled. To enable core dumping, try "ulimit -c unlimited" before starting Java again
#
# If you would like to submit a bug report, please visit:
#   http://bugreport.java.com/bugreport/crash.jsp
#

---------------  T H R E A D  ---------------

Current thread (0x00007f592c0ba800):  JavaThread "C2 CompilerThread1" daemon [_thread_in_native, id=16724, stack(0x00007f5918137000,0x00007f5918238000)]

siginfo: si_signo: 11 (SIGSEGV), si_code: 1 (SEGV_MAPERR), si_addr: 0x00005f593207d9e0

Registers:
RAX=0x00005f593207d9d0, RBX=0x00007f58e828d3a8, RCX=0x0000000000000001, RDX=0x00007f58ec54fb40
RSP=0x00007f5918233120, RBP=0x00007f59182331d0, RSI=0x0000000000000238, RDI=0x00007f58e81d2428
R8 =0x00007f58ec54fb40, R9 =0x0000000000000000, R10=0x0000000000000003, R11=0x0000000004000000
R12=0x00007f58e81d2428, R13=0x0000000000000000, R14=0x0000000000000008, R15=0x00007f58e81d2210
RIP=0x00007f59315d647e, EFLAGS=0x0000000000010206, CSGSFS=0x0000000000000033, ERR=0x0000000000000004
  TRAPNO=0x000000000000000e

Top of Stack: (sp=0x00007f5918233120)
0x00007f5918233120:   0000000000050248 00007f58ec552a28
0x00007f5918233130:   00007f58ec54eb10 00007f592c01c210
0x00007f5918233140:   00007f58ec54aa40 00007f5918233160
0x00007f5918233150:   00007f5900000080 00007f5918233180
0x00007f5918233160:   00007f592c01c210 00007f5900000100
0x00007f5918233170:   00007f58ec54fb40 00007f58000000d3
0x00007f5918233180:   00007f5932083f70 00007f592c01c210
0x00007f5918233190:   00007f5900000400 00007f58ec54eb40
0x00007f59182331a0:   0000000000000000 0000000000000002
0x00007f59182331b0:   00007f58e828d3a8 00007f58e828d020
0x00007f59182331c0:   0000000000000008 00007f58e828d3a8
0x00007f59182331d0:   00007f5918233270 00007f59315d7170
0x00007f59182331e0:   00007f58e828e9b8 0000000000014f88
0x00007f59182331f0:   00007f5918233270 00007f5931a94b01
0x00007f5918233200:   00007f5900000000 00007f5931a1af01
0x00007f5918233210:   00007f5800000001 00007f5800000001
0x00007f5918233220:   00007f5918233270 00007f5918233e40
0x00007f5918233230:   00007f58e828e978 00001ac518233e00
0x00007f5918233240:   00007f59182347c8 00007f5918233e40
0x00007f5918233250:   00007f58e828d3a8 00007f5918233e40
0x00007f5918233260:   00007f59182347c8 00007f58e828d3a8
0x00007f5918233270:   00007f59182332c0 00007f5931a96ba8
0x00007f5918233280:   00007f5918234840 00007f58ec026e00
0x00007f5918233290:   00007f592c0ba800 00007f5918233e40
0x00007f59182332a0:   00000000000003d6 00007f5918234860
0x00007f59182332b0:   00007f5918234840 00007f58e828d3a8
0x00007f59182332c0:   00007f5918233310 00007f5931a9469c
0x00007f59182332d0:   00007f5918236080 0000000000002000
0x00007f59182332e0:   00007f58e83b86b0 00007f5918235f90
0x00007f59182332f0:   00007f58ec4e23c8 00007f5918233e40
0x00007f5918233300:   00007f58ec4e2570 00007f5918233380
0x00007f5918233310:   00007f5918235310 00007f5931663770 

Instructions: (pc=0x00007f59315d647e)
0x00007f59315d645e:   31 74 41 49 83 c5 08 4d 39 f5 74 6e 49 8b 47 10
0x00007f59315d646e:   4e 8b 24 28 4d 85 e4 74 ea 49 8b 04 24 4c 89 e7
0x00007f59315d647e:   ff 50 10 84 c0 74 dc 4c 39 e3 74 6e 41 8b 74 24
0x00007f59315d648e:   28 89 f2 c1 ea 05 3b 55 c0 72 a7 48 8b 7d 88 e8 

Register to memory mapping:

RAX=0x00005f593207d9d0 is an unknown value
RBX=0x00007f58e828d3a8 is an unknown value
RCX=0x0000000000000001 is an unknown value
RDX=0x00007f58ec54fb40 is an unknown value
RSP=0x00007f5918233120 is pointing into the stack for thread: 0x00007f592c0ba800
RBP=0x00007f59182331d0 is pointing into the stack for thread: 0x00007f592c0ba800
RSI=0x0000000000000238 is an unknown value
RDI=0x00007f58e81d2428 is an unknown value
R8 =0x00007f58ec54fb40 is an unknown value
R9 =0x0000000000000000 is an unknown value
R10=0x0000000000000003 is an unknown value
R11=0x0000000004000000 is an unknown value
R12=0x00007f58e81d2428 is an unknown value
R13=0x0000000000000000 is an unknown value
R14=0x0000000000000008 is an unknown value
R15=0x00007f58e81d2210 is an unknown value


Stack: [0x00007f5918137000,0x00007f5918238000],  sp=0x00007f5918233120,  free space=1008k
Native frames: (J=compiled Java code, j=interpreted, Vv=VM code, C=native code)
V  [libjvm.so+0x3d547e]  RegionNode::is_unreachable_region(PhaseGVN*) const+0x26e
V  [libjvm.so+0x3d6170]  RegionNode::Ideal(PhaseGVN*, bool)+0x810
V  [libjvm.so+0x895ba8]  PhaseIterGVN::transform_old(Node*)+0x38
V  [libjvm.so+0x89369c]  PhaseIterGVN::optimize()+0x1ac
V  [libjvm.so+0x462770]  Compile::Optimize()+0x240
V  [libjvm.so+0x46534d]  Compile::Compile(ciEnv*, C2Compiler*, ciMethod*, int, bool, bool, bool)+0x109d
V  [libjvm.so+0x3c3338]  C2Compiler::compile_method(ciEnv*, ciMethod*, int)+0x1a8
V  [libjvm.so+0x46d832]  CompileBroker::invoke_compiler_on_method(CompileTask*)+0x8b2
V  [libjvm.so+0x46e6e8]  CompileBroker::compiler_thread_loop()+0x4e8
V  [libjvm.so+0x986ec0]  JavaThread::thread_main_inner()+0xf0
V  [libjvm.so+0x8425b2]  java_start(Thread*)+0xf2
C  [libpthread.so.0+0x8184]  start_thread+0xc4


Current CompileTask:
C2:   8579 1100   !   4       com.android.dx.cf.code.BytecodeArray::parseInstruction (2764 bytes)


---------------  P R O C E S S  ---------------

Java Threads: ( => current thread )
  0x00007f592c146800 JavaThread "pool-2-thread-4" [_thread_in_Java, id=16737, stack(0x00007f58ff217000,0x00007f58ff318000)]
  0x00007f592c144800 JavaThread "pool-2-thread-3" [_thread_in_Java, id=16736, stack(0x00007f58ff318000,0x00007f58ff419000)]
  0x00007f592c143000 JavaThread "pool-2-thread-2" [_thread_in_Java, id=16735, stack(0x00007f58ff419000,0x00007f58ff51a000)]
  0x00007f592c141800 JavaThread "pool-3-thread-1" [_thread_blocked, id=16734, stack(0x00007f58ff51a000,0x00007f58ff61b000)]
  0x00007f592c140000 JavaThread "pool-2-thread-1" [_thread_in_Java, id=16733, stack(0x00007f58ff61b000,0x00007f58ff71c000)]
  0x00007f592c0bf800 JavaThread "Service Thread" daemon [_thread_blocked, id=16726, stack(0x00007f58ff81d000,0x00007f58ff91e000)]
  0x00007f592c0bc800 JavaThread "C1 CompilerThread2" daemon [_thread_in_native, id=16725, stack(0x00007f5918036000,0x00007f5918137000)]
=>0x00007f592c0ba800 JavaThread "C2 CompilerThread1" daemon [_thread_in_native, id=16724, stack(0x00007f5918137000,0x00007f5918238000)]
  0x00007f592c0b8000 JavaThread "C2 CompilerThread0" daemon [_thread_in_native, id=16723, stack(0x00007f5918238000,0x00007f5918339000)]
  0x00007f592c0b6800 JavaThread "Signal Dispatcher" daemon [_thread_blocked, id=16722, stack(0x00007f5918339000,0x00007f591843a000)]
  0x00007f592c084000 JavaThread "Finalizer" daemon [_thread_blocked, id=16721, stack(0x00007f591843a000,0x00007f591853b000)]
  0x00007f592c07f000 JavaThread "Reference Handler" daemon [_thread_blocked, id=16720, stack(0x00007f591853b000,0x00007f591863c000)]
  0x00007f592c00a000 JavaThread "main" [_thread_in_native, id=16712, stack(0x00007f5932bf0000,0x00007f5932cf1000)]

Other Threads:
  0x00007f592c077800 VMThread [stack: 0x00007f591863c000,0x00007f591873d000] [id=16719]
  0x00007f592c0c2000 WatcherThread [stack: 0x00007f58ff71c000,0x00007f58ff81d000] [id=16727]

VM state:not at safepoint (normal execution)

VM Mutex/Monitor currently owned by a thread: None

Heap:
 PSYoungGen      total 47616K, used 37112K [0x00000000eab00000, 0x00000000edd00000, 0x0000000100000000)
  eden space 44032K, 76% used [0x00000000eab00000,0x00000000ecbc3870,0x00000000ed600000)
  from space 3584K, 99% used [0x00000000ed980000,0x00000000edcfaab8,0x00000000edd00000)
  to   space 3584K, 0% used [0x00000000ed600000,0x00000000ed600000,0x00000000ed980000)
 ParOldGen       total 58880K, used 2704K [0x00000000c0000000, 0x00000000c3980000, 0x00000000eab00000)
  object space 58880K, 4% used [0x00000000c0000000,0x00000000c02a42f8,0x00000000c3980000)
 Metaspace       used 5891K, capacity 6896K, committed 7040K, reserved 1056768K
  class space    used 570K, capacity 616K, committed 640K, reserved 1048576K

Card table byte_map: [0x00007f591c823000,0x00007f591ca24000] byte_map_base: 0x00007f591c223000

Marking Bits: (ParMarkBitMap*) 0x00007f59320c41a0
 Begin Bits: [0x00007f591a2c9000, 0x00007f591b2c9000)
 End Bits:   [0x00007f591b2c9000, 0x00007f591c2c9000)

Polling page: 0x00007f5932d0e000

CodeCache: size=245760Kb used=4199Kb max_used=4199Kb free=241560Kb
 bounds [0x00007f591cde4000, 0x00007f591d204000, 0x00007f592bde4000]
 total_blobs=1389 nmethods=1124 adapters=181
 compilation: enabled

Compilation events (10 events):
Event: 8.406 Thread 0x00007f592c0bc800 nmethod 1288 0x00007f591d1f3250 code [0x00007f591d1f33c0, 0x00007f591d1f3528]
Event: 8.406 Thread 0x00007f592c0bc800 1289       2       com.android.dx.cf.direct.AttributeListParser::setObserver (6 bytes)
Event: 8.406 Thread 0x00007f592c0bc800 nmethod 1289 0x00007f591d1f35d0 code [0x00007f591d1f3720, 0x00007f591d1f3890]
Event: 8.406 Thread 0x00007f592c0bc800 1290       2       com.android.dx.cf.direct.AttributeListParser::getEndOffset (9 bytes)
Event: 8.407 Thread 0x00007f592c0bc800 nmethod 1290 0x00007f591d1f3910 code [0x00007f591d1f3a80, 0x00007f591d1f3c08]
Event: 8.407 Thread 0x00007f592c0bc800 1291       2       com.android.dx.cf.direct.AttributeListParser::getList (9 bytes)
Event: 8.407 Thread 0x00007f592c0bc800 nmethod 1291 0x00007f591d1f3cd0 code [0x00007f591d1f3e40, 0x00007f591d1f3fc8]
Event: 8.408 Thread 0x00007f592c0bc800 1283   !   2       com.android.dx.cf.direct.AttributeFactory::parse (248 bytes)
Event: 8.453 Thread 0x00007f592c0bc800 nmethod 1283 0x00007f591d1f4090 code [0x00007f591d1f44a0, 0x00007f591d1f5de8]
Event: 8.453 Thread 0x00007f592c0bc800 1302 %     3       com.android.dx.ssa.Dominators::run @ 137 (506 bytes)

GC Heap History (4 events):
Event: 4.249 GC heap before
{Heap before GC invocations=1 (full 0):
 PSYoungGen      total 25600K, used 22016K [0x00000000eab00000, 0x00000000ec780000, 0x0000000100000000)
  eden space 22016K, 100% used [0x00000000eab00000,0x00000000ec080000,0x00000000ec080000)
  from space 3584K, 0% used [0x00000000ec400000,0x00000000ec400000,0x00000000ec780000)
  to   space 3584K, 0% used [0x00000000ec080000,0x00000000ec080000,0x00000000ec400000)
 ParOldGen       total 58880K, used 0K [0x00000000c0000000, 0x00000000c3980000, 0x00000000eab00000)
  object space 58880K, 0% used [0x00000000c0000000,0x00000000c0000000,0x00000000c3980000)
 Metaspace       used 5580K, capacity 6640K, committed 6784K, reserved 1056768K
  class space    used 569K, capacity 616K, committed 640K, reserved 1048576K
Event: 4.336 GC heap after
Heap after GC invocations=1 (full 0):
 PSYoungGen      total 25600K, used 3553K [0x00000000eab00000, 0x00000000edd00000, 0x0000000100000000)
  eden space 22016K, 0% used [0x00000000eab00000,0x00000000eab00000,0x00000000ec080000)
  from space 3584K, 99% used [0x00000000ec080000,0x00000000ec3f84d8,0x00000000ec400000)
  to   space 3584K, 0% used [0x00000000ed980000,0x00000000ed980000,0x00000000edd00000)
 ParOldGen       total 58880K, used 618K [0x00000000c0000000, 0x00000000c3980000, 0x00000000eab00000)
  object space 58880K, 1% used [0x00000000c0000000,0x00000000c009a950,0x00000000c3980000)
 Metaspace       used 5580K, capacity 6640K, committed 6784K, reserved 1056768K
  class space    used 569K, capacity 616K, committed 640K, reserved 1048576K
}
Event: 7.052 GC heap before
{Heap before GC invocations=2 (full 0):
 PSYoungGen      total 25600K, used 25569K [0x00000000eab00000, 0x00000000edd00000, 0x0000000100000000)
  eden space 22016K, 100% used [0x00000000eab00000,0x00000000ec080000,0x00000000ec080000)
  from space 3584K, 99% used [0x00000000ec080000,0x00000000ec3f84d8,0x00000000ec400000)
  to   space 3584K, 0% used [0x00000000ed980000,0x00000000ed980000,0x00000000edd00000)
 ParOldGen       total 58880K, used 618K [0x00000000c0000000, 0x00000000c3980000, 0x00000000eab00000)
  object space 58880K, 1% used [0x00000000c0000000,0x00000000c009a950,0x00000000c3980000)
 Metaspace       used 5840K, capacity 6832K, committed 7040K, reserved 1056768K
  class space    used 569K, capacity 616K, committed 640K, reserved 1048576K
Event: 7.142 GC heap after
Heap after GC invocations=2 (full 0):
 PSYoungGen      total 47616K, used 3562K [0x00000000eab00000, 0x00000000edd00000, 0x0000000100000000)
  eden space 44032K, 0% used [0x00000000eab00000,0x00000000eab00000,0x00000000ed600000)
  from space 3584K, 99% used [0x00000000ed980000,0x00000000edcfaab8,0x00000000edd00000)
  to   space 3584K, 0% used [0x00000000ed600000,0x00000000ed600000,0x00000000ed980000)
 ParOldGen       total 58880K, used 2704K [0x00000000c0000000, 0x00000000c3980000, 0x00000000eab00000)
  object space 58880K, 4% used [0x00000000c0000000,0x00000000c02a42f8,0x00000000c3980000)
 Metaspace       used 5840K, capacity 6832K, committed 7040K, reserved 1056768K
  class space    used 569K, capacity 616K, committed 640K, reserved 1048576K
}

Deoptimization events (8 events):
Event: 2.202 Thread 0x00007f592c00a000 Uncommon trap: reason=unstable_if action=reinterpret pc=0x00007f591cf2a748 method=java.lang.String.indexOf(II)I @ 49
Event: 3.559 Thread 0x00007f592c144800 Uncommon trap: reason=unstable_if action=reinterpret pc=0x00007f591cfd20e0 method=java.util.HashMap.getNode(ILjava/lang/Object;)Ljava/util/HashMap$Node; @ 129
Event: 3.822 Thread 0x00007f592c144800 Uncommon trap: reason=unstable_if action=reinterpret pc=0x00007f591cfd29ec method=java.util.BitSet.nextSetBit(I)I @ 87
Event: 3.911 Thread 0x00007f592c140000 Uncommon trap: reason=unstable_if action=reinterpret pc=0x00007f591cfe3e78 method=java.util.BitSet.ensureCapacity(I)V @ 6
Event: 5.993 Thread 0x00007f592c00a000 Uncommon trap: reason=null_check action=make_not_entrant pc=0x00007f591d052820 method=com.android.dx.rop.type.Type.equals(Ljava/lang/Object;)Z @ 8
Event: 6.964 Thread 0x00007f592c00a000 Uncommon trap: reason=unstable_if action=reinterpret pc=0x00007f591cff0a64 method=java.util.HashMap.getNode(ILjava/lang/Object;)Ljava/util/HashMap$Node; @ 84
Event: 6.964 Thread 0x00007f592c00a000 Uncommon trap: reason=unstable_if action=reinterpret pc=0x00007f591d0039ec method=java.util.HashMap.getNode(ILjava/lang/Object;)Ljava/util/HashMap$Node; @ 84
Event: 7.633 Thread 0x00007f592c00a000 Uncommon trap: reason=unstable_if action=reinterpret pc=0x00007f591d148ffc method=com.android.dx.ssa.SsaMethod.updateOneDefinition(Lcom/android/dx/ssa/SsaInsn;Lcom/android/dx/rop/code/RegisterSpec;)V @ 4

Internal exceptions (3 events):
Event: 0.153 Thread 0x00007f592c00a000 Exception <a 'java/lang/NoSuchMethodError': Method sun.misc.Unsafe.defineClass(Ljava/lang/String;[BII)Ljava/lang/Class; name or signature does not match> (0x00000000eab07cc0) thrown at [/ssd/Android/AOSP-openjdk/external/jetbrains/jdk/hotspot/src/share/vm
Event: 0.153 Thread 0x00007f592c00a000 Exception <a 'java/lang/NoSuchMethodError': Method sun.misc.Unsafe.prefetchRead(Ljava/lang/Object;J)V name or signature does not match> (0x00000000eab07fa8) thrown at [/ssd/Android/AOSP-openjdk/external/jetbrains/jdk/hotspot/src/share/vm/prims/jni.cpp, li
Event: 5.993 Thread 0x00007f592c00a000 Implicit null exception at 0x00007f591d052722 to 0x00007f591d052813

Events (10 events):
Event: 6.964 Thread 0x00007f592c00a000 Uncommon trap: trap_request=0xffffff65 fr.pc=0x00007f591d0039ec
Event: 6.964 Thread 0x00007f592c00a000 DEOPT PACKING pc=0x00007f591d0039ec sp=0x00007f5932cee520
Event: 6.964 Thread 0x00007f592c00a000 DEOPT UNPACKING pc=0x00007f591cde8f69 sp=0x00007f5932cee4e0 mode 2
Event: 7.032 Executing VM operation: ParallelGCFailedAllocation
Event: 7.142 Executing VM operation: ParallelGCFailedAllocation done
Event: 7.614 loading class com/android/dx/rop/code/RegOps
Event: 7.614 loading class com/android/dx/rop/code/RegOps done
Event: 7.633 Thread 0x00007f592c00a000 Uncommon trap: trap_request=0xffffff65 fr.pc=0x00007f591d148ffc
Event: 7.633 Thread 0x00007f592c00a000 DEOPT PACKING pc=0x00007f591d148ffc sp=0x00007f5932cee650
Event: 7.633 Thread 0x00007f592c00a000 DEOPT UNPACKING pc=0x00007f591cde8f69 sp=0x00007f5932cee618 mode 2


Dynamic libraries:
00400000-00401000 r-xp 00000000 08:01 28969612                           /home/percept/android-studio/jre/bin/java
00600000-00601000 r--p 00000000 08:01 28969612                           /home/percept/android-studio/jre/bin/java
00601000-00602000 rw-p 00001000 08:01 28969612                           /home/percept/android-studio/jre/bin/java
0202e000-0204f000 rw-p 00000000 00:00 0                                  [heap]
c0000000-c3980000 rw-p 00000000 00:00 0 
c3980000-eab00000 ---p 00000000 00:00 0 
eab00000-edd00000 rw-p 00000000 00:00 0 
edd00000-100000000 ---p 00000000 00:00 0 
100000000-1000a0000 rw-p 00000000 00:00 0 
1000a0000-140000000 ---p 00000000 00:00 0 
7f58c8000000-7f58c8021000 rw-p 00000000 00:00 0 
7f58c8021000-7f58cc000000 ---p 00000000 00:00 0 
7f58d0000000-7f58d0022000 rw-p 00000000 00:00 0 
7f58d0022000-7f58d4000000 ---p 00000000 00:00 0 
7f58d4000000-7f58d4021000 rw-p 00000000 00:00 0 
7f58d4021000-7f58d8000000 ---p 00000000 00:00 0 
7f58d8000000-7f58d8021000 rw-p 00000000 00:00 0 
7f58d8021000-7f58dc000000 ---p 00000000 00:00 0 
7f58dc000000-7f58dc021000 rw-p 00000000 00:00 0 
7f58dc021000-7f58e0000000 ---p 00000000 00:00 0 
7f58e0000000-7f58e0021000 rw-p 00000000 00:00 0 
7f58e0021000-7f58e4000000 ---p 00000000 00:00 0 
7f58e4000000-7f58e4021000 rw-p 00000000 00:00 0 
7f58e4021000-7f58e8000000 ---p 00000000 00:00 0 
7f58e8000000-7f58e8695000 rw-p 00000000 00:00 0 
7f58e8695000-7f58ec000000 ---p 00000000 00:00 0 
7f58ec000000-7f58ec720000 rw-p 00000000 00:00 0 
7f58ec720000-7f58f0000000 ---p 00000000 00:00 0 
7f58f0000000-7f58f0021000 rw-p 00000000 00:00 0 
7f58f0021000-7f58f4000000 ---p 00000000 00:00 0 
7f58f4000000-7f58f448b000 rw-p 00000000 00:00 0 
7f58f448b000-7f58f8000000 ---p 00000000 00:00 0 
7f58f8000000-7f58f8021000 rw-p 00000000 00:00 0 
7f58f8021000-7f58fc000000 ---p 00000000 00:00 0 
7f58ff217000-7f58ff21a000 ---p 00000000 00:00 0 
7f58ff21a000-7f58ff318000 rw-p 00000000 00:00 0                          [stack:16737]
7f58ff318000-7f58ff31b000 ---p 00000000 00:00 0 
7f58ff31b000-7f58ff419000 rw-p 00000000 00:00 0                          [stack:16736]
7f58ff419000-7f58ff41c000 ---p 00000000 00:00 0 
7f58ff41c000-7f58ff51a000 rw-p 00000000 00:00 0                          [stack:16735]
7f58ff51a000-7f58ff51d000 ---p 00000000 00:00 0 
7f58ff51d000-7f58ff61b000 rw-p 00000000 00:00 0                          [stack:16734]
7f58ff61b000-7f58ff61e000 ---p 00000000 00:00 0 
7f58ff61e000-7f58ff71c000 rw-p 00000000 00:00 0                          [stack:16733]
7f58ff71c000-7f58ff71d000 ---p 00000000 00:00 0 
7f58ff71d000-7f58ff81d000 rw-p 00000000 00:00 0                          [stack:16727]
7f58ff81d000-7f58ff820000 ---p 00000000 00:00 0 
7f58ff820000-7f58ff91e000 rw-p 00000000 00:00 0                          [stack:16726]
7f58ff91e000-7f5900000000 r--p 00000000 08:01 9181736                    /usr/lib/locale/locale-archive
7f5900000000-7f5900021000 rw-p 00000000 00:00 0 
7f5900021000-7f5904000000 ---p 00000000 00:00 0 
7f5904000000-7f5904021000 rw-p 00000000 00:00 0 
7f5904021000-7f5908000000 ---p 00000000 00:00 0 
7f5908000000-7f5908021000 rw-p 00000000 00:00 0 
7f5908021000-7f590c000000 ---p 00000000 00:00 0 
7f590c000000-7f590c021000 rw-p 00000000 00:00 0 
7f590c021000-7f5910000000 ---p 00000000 00:00 0 
7f5910000000-7f5910021000 rw-p 00000000 00:00 0 
7f5910021000-7f5914000000 ---p 00000000 00:00 0 
7f5914000000-7f5914021000 rw-p 00000000 00:00 0 
7f5914021000-7f5918000000 ---p 00000000 00:00 0 
7f5918028000-7f5918036000 r--s 0007c000 08:01 14419614                   /home/percept/ketan/new/MyPlan/app/build/intermediates/exploded-aar/com.google.android.gms/play-services-basement/9.4.0/jars/classes.jar
7f5918036000-7f5918039000 ---p 00000000 00:00 0 
7f5918039000-7f5918137000 rw-p 00000000 00:00 0                          [stack:16725]
7f5918137000-7f591813a000 ---p 00000000 00:00 0 
7f591813a000-7f5918238000 rw-p 00000000 00:00 0                          [stack:16724]
7f5918238000-7f591823b000 ---p 00000000 00:00 0 
7f591823b000-7f5918339000 rw-p 00000000 00:00 0                          [stack:16723]
7f5918339000-7f591833c000 ---p 00000000 00:00 0 
7f591833c000-7f591843a000 rw-p 00000000 00:00 0                          [stack:16722]
7f591843a000-7f591843d000 ---p 00000000 00:00 0 
7f591843d000-7f591853b000 rw-p 00000000 00:00 0                          [stack:16721]
7f591853b000-7f591853e000 ---p 00000000 00:00 0 
7f591853e000-7f591863c000 rw-p 00000000 00:00 0                          [stack:16720]
7f591863c000-7f591863d000 ---p 00000000 00:00 0 
7f591863d000-7f59196fc000 rw-p 00000000 00:00 0                          [stack:16719]
7f59196fc000-7f59198c9000 r--s 03bec000 08:01 28969647                   /home/percept/android-studio/jre/jre/lib/rt.jar
7f59198c9000-7f5919f09000 rw-p 00000000 00:00 0 
7f5919f09000-7f591a0c9000 ---p 00000000 00:00 0 
7f591a0c9000-7f591c2c9000 rw-p 00000000 00:00 0 
7f591c2c9000-7f591c2ca000 ---p 00000000 00:00 0 
7f591c2ca000-7f591c3ca000 rw-p 00000000 00:00 0                          [stack:16718]
7f591c3ca000-7f591c3cb000 ---p 00000000 00:00 0 
7f591c3cb000-7f591c4cb000 rw-p 00000000 00:00 0                          [stack:16717]
7f591c4cb000-7f591c4cc000 ---p 00000000 00:00 0 
7f591c4cc000-7f591c5cc000 rw-p 00000000 00:00 0                          [stack:16716]
7f591c5cc000-7f591c5cd000 ---p 00000000 00:00 0 
7f591c5cd000-7f591c6ea000 rw-p 00000000 00:00 0                          [stack:16715]
7f591c6ea000-7f591c823000 ---p 00000000 00:00 0 
7f591c823000-7f591c840000 rw-p 00000000 00:00 0 
7f591c840000-7f591c978000 ---p 00000000 00:00 0 
7f591c978000-7f591c992000 rw-p 00000000 00:00 0 
7f591c992000-7f591ca23000 ---p 00000000 00:00 0 
7f591ca23000-7f591ca35000 rw-p 00000000 00:00 0 
7f591ca35000-7f591cde4000 ---p 00000000 00:00 0 
7f591cde4000-7f591d214000 rwxp 00000000 00:00 0 
7f591d214000-7f592bde4000 ---p 00000000 00:00 0 
7f592bde4000-7f592bdfe000 r-xp 00000000 08:01 29098179                   /home/percept/android-studio/jre/jre/lib/amd64/libzip.so
7f592bdfe000-7f592bffe000 ---p 0001a000 08:01 29098179                   /home/percept/android-studio/jre/jre/lib/amd64/libzip.so
7f592bffe000-7f592bfff000 r--p 0001a000 08:01 29098179                   /home/percept/android-studio/jre/jre/lib/amd64/libzip.so
7f592bfff000-7f592c000000 rw-p 0001b000 08:01 29098179                   /home/percept/android-studio/jre/jre/lib/amd64/libzip.so
7f592c000000-7f592c385000 rw-p 00000000 00:00 0 
7f592c385000-7f5930000000 ---p 00000000 00:00 0 
7f5930001000-7f5930077000 rw-p 00000000 00:00 0 
7f5930077000-7f5930081000 r-xp 00000000 08:01 17175542                   /lib/x86_64-linux-gnu/libnss_files-2.19.so
7f5930081000-7f5930280000 ---p 0000a000 08:01 17175542                   /lib/x86_64-linux-gnu/libnss_files-2.19.so
7f5930280000-7f5930281000 r--p 00009000 08:01 17175542                   /lib/x86_64-linux-gnu/libnss_files-2.19.so
7f5930281000-7f5930282000 rw-p 0000a000 08:01 17175542                   /lib/x86_64-linux-gnu/libnss_files-2.19.so
7f5930282000-7f593028d000 r-xp 00000000 08:01 17175534                   /lib/x86_64-linux-gnu/libnss_nis-2.19.so
7f593028d000-7f593048c000 ---p 0000b000 08:01 17175534                   /lib/x86_64-linux-gnu/libnss_nis-2.19.so
7f593048c000-7f593048d000 r--p 0000a000 08:01 17175534                   /lib/x86_64-linux-gnu/libnss_nis-2.19.so
7f593048d000-7f593048e000 rw-p 0000b000 08:01 17175534                   /lib/x86_64-linux-gnu/libnss_nis-2.19.so
7f593048e000-7f59304a5000 r-xp 00000000 08:01 17175530                   /lib/x86_64-linux-gnu/libnsl-2.19.so
7f59304a5000-7f59306a4000 ---p 00017000 08:01 17175530                   /lib/x86_64-linux-gnu/libnsl-2.19.so
7f59306a4000-7f59306a5000 r--p 00016000 08:01 17175530                   /lib/x86_64-linux-gnu/libnsl-2.19.so
7f59306a5000-7f59306a6000 rw-p 00017000 08:01 17175530                   /lib/x86_64-linux-gnu/libnsl-2.19.so
7f59306a6000-7f59306a8000 rw-p 00000000 00:00 0 
7f59306a8000-7f59306b1000 r-xp 00000000 08:01 17175529                   /lib/x86_64-linux-gnu/libnss_compat-2.19.so
7f59306b1000-7f59308b0000 ---p 00009000 08:01 17175529                   /lib/x86_64-linux-gnu/libnss_compat-2.19.so
7f59308b0000-7f59308b1000 r--p 00008000 08:01 17175529                   /lib/x86_64-linux-gnu/libnss_compat-2.19.so
7f59308b1000-7f59308b2000 rw-p 00009000 08:01 17175529                   /lib/x86_64-linux-gnu/libnss_compat-2.19.so
7f59308b2000-7f59308df000 r-xp 00000000 08:01 29098199                   /home/percept/android-studio/jre/jre/lib/amd64/libjava.so
7f59308df000-7f5930ade000 ---p 0002d000 08:01 29098199                   /home/percept/android-studio/jre/jre/lib/amd64/libjava.so
7f5930ade000-7f5930adf000 r--p 0002c000 08:01 29098199                   /home/percept/android-studio/jre/jre/lib/amd64/libjava.so
7f5930adf000-7f5930ae1000 rw-p 0002d000 08:01 29098199                   /home/percept/android-studio/jre/jre/lib/amd64/libjava.so
7f5930ae1000-7f5930af1000 r-xp 00000000 08:01 29098238                   /home/percept/android-studio/jre/jre/lib/amd64/libverify.so
7f5930af1000-7f5930cf0000 ---p 00010000 08:01 29098238                   /home/percept/android-studio/jre/jre/lib/amd64/libverify.so
7f5930cf0000-7f5930cf2000 r--p 0000f000 08:01 29098238                   /home/percept/android-studio/jre/jre/lib/amd64/libverify.so
7f5930cf2000-7f5930cf3000 rw-p 00011000 08:01 29098238                   /home/percept/android-studio/jre/jre/lib/amd64/libverify.so
7f5930cf3000-7f5930cfa000 r-xp 00000000 08:01 17175538                   /lib/x86_64-linux-gnu/librt-2.19.so
7f5930cfa000-7f5930ef9000 ---p 00007000 08:01 17175538                   /lib/x86_64-linux-gnu/librt-2.19.so
7f5930ef9000-7f5930efa000 r--p 00006000 08:01 17175538                   /lib/x86_64-linux-gnu/librt-2.19.so
7f5930efa000-7f5930efb000 rw-p 00007000 08:01 17175538                   /lib/x86_64-linux-gnu/librt-2.19.so
7f5930efb000-7f5931000000 r-xp 00000000 08:01 17175524                   /lib/x86_64-linux-gnu/libm-2.19.so
7f5931000000-7f59311ff000 ---p 00105000 08:01 17175524                   /lib/x86_64-linux-gnu/libm-2.19.so
7f59311ff000-7f5931200000 r--p 00104000 08:01 17175524                   /lib/x86_64-linux-gnu/libm-2.19.so
7f5931200000-7f5931201000 rw-p 00105000 08:01 17175524                   /lib/x86_64-linux-gnu/libm-2.19.so
7f5931201000-7f5931de7000 r-xp 00000000 08:01 29098242                   /home/percept/android-studio/jre/jre/lib/amd64/server/libjvm.so
7f5931de7000-7f5931fe7000 ---p 00be6000 08:01 29098242                   /home/percept/android-studio/jre/jre/lib/amd64/server/libjvm.so
7f5931fe7000-7f5932086000 r--p 00be6000 08:01 29098242                   /home/percept/android-studio/jre/jre/lib/amd64/server/libjvm.so
7f5932086000-7f59320af000 rw-p 00c85000 08:01 29098242                   /home/percept/android-studio/jre/jre/lib/amd64/server/libjvm.so
7f59320af000-7f59320f1000 rw-p 00000000 00:00 0 
7f59320f1000-7f593210a000 r-xp 00000000 08:01 17175531                   /lib/x86_64-linux-gnu/libpthread-2.19.so
7f593210a000-7f5932309000 ---p 00019000 08:01 17175531                   /lib/x86_64-linux-gnu/libpthread-2.19.so
7f5932309000-7f593230a000 r--p 00018000 08:01 17175531                   /lib/x86_64-linux-gnu/libpthread-2.19.so
7f593230a000-7f593230b000 rw-p 00019000 08:01 17175531                   /lib/x86_64-linux-gnu/libpthread-2.19.so
7f593230b000-7f593230f000 rw-p 00000000 00:00 0 
7f593230f000-7f5932312000 r-xp 00000000 08:01 17175526                   /lib/x86_64-linux-gnu/libdl-2.19.so
7f5932312000-7f5932511000 ---p 00003000 08:01 17175526                   /lib/x86_64-linux-gnu/libdl-2.19.so
7f5932511000-7f5932512000 r--p 00002000 08:01 17175526                   /lib/x86_64-linux-gnu/libdl-2.19.so
7f5932512000-7f5932513000 rw-p 00003000 08:01 17175526                   /lib/x86_64-linux-gnu/libdl-2.19.so
7f5932513000-7f59326cd000 r-xp 00000000 08:01 17175539                   /lib/x86_64-linux-gnu/libc-2.19.so
7f59326cd000-7f59328cd000 ---p 001ba000 08:01 17175539                   /lib/x86_64-linux-gnu/libc-2.19.so
7f59328cd000-7f59328d1000 r--p 001ba000 08:01 17175539                   /lib/x86_64-linux-gnu/libc-2.19.so
7f59328d1000-7f59328d3000 rw-p 001be000 08:01 17175539                   /lib/x86_64-linux-gnu/libc-2.19.so
7f59328d3000-7f59328d8000 rw-p 00000000 00:00 0 
7f59328d8000-7f59328ee000 r-xp 00000000 08:01 28967238                   /home/percept/android-studio/jre/lib/amd64/jli/libjli.so
7f59328ee000-7f5932aed000 ---p 00016000 08:01 28967238                   /home/percept/android-studio/jre/lib/amd64/jli/libjli.so
7f5932aed000-7f5932aee000 r--p 00015000 08:01 28967238                   /home/percept/android-studio/jre/lib/amd64/jli/libjli.so
7f5932aee000-7f5932aef000 rw-p 00016000 08:01 28967238                   /home/percept/android-studio/jre/lib/amd64/jli/libjli.so
7f5932aef000-7f5932b12000 r-xp 00000000 08:01 17175532                   /lib/x86_64-linux-gnu/ld-2.19.so
7f5932b17000-7f5932bf0000 rw-p 00000000 00:00 0 
7f5932bf0000-7f5932bf3000 ---p 00000000 00:00 0 
7f5932bf3000-7f5932cf6000 rw-p 00000000 00:00 0                          [stack:16712]
7f5932cf6000-7f5932cf7000 rw-p 00000000 00:00 0 
7f5932cf7000-7f5932d05000 r--s 000e0000 08:01 2884391                    /home/percept/Android/Sdk/build-tools/24.0.1/lib/dx.jar
7f5932d05000-7f5932d0d000 rw-s 00000000 08:01 2494514                    /tmp/hsperfdata_percept/16710
7f5932d0d000-7f5932d0e000 rw-p 00000000 00:00 0 
7f5932d0e000-7f5932d0f000 r--p 00000000 00:00 0 
7f5932d0f000-7f5932d11000 rw-p 00000000 00:00 0 
7f5932d11000-7f5932d12000 r--p 00022000 08:01 17175532                   /lib/x86_64-linux-gnu/ld-2.19.so
7f5932d12000-7f5932d13000 rw-p 00023000 08:01 17175532                   /lib/x86_64-linux-gnu/ld-2.19.so
7f5932d13000-7f5932d14000 rw-p 00000000 00:00 0 
7ffdf258a000-7ffdf25ab000 rw-p 00000000 00:00 0                          [stack]
7ffdf25f7000-7ffdf25f9000 r--p 00000000 00:00 0                          [vvar]
7ffdf25f9000-7ffdf25fb000 r-xp 00000000 00:00 0                          [vdso]
ffffffffff600000-ffffffffff601000 r-xp 00000000 00:00 0                  [vsyscall]

VM Arguments:
jvm_args: -Djava.awt.headless=true -Xmx1024M -Dfile.encoding=UTF-8 -Duser.country=IN -Duser.language=en -Duser.variant 
java_command: com.android.dx.command.Main --dex --force-jumbo --num-threads=4 --multi-dex --output /home/percept/ketan/new/MyPlan/app/build/intermediates/transforms/dex/debug/folders/1000/10/com.google.android.gms-play-services-basement-9.4.0_837651eb15d2e106ea291c94360e91eb9608ce73 /home/percept/ketan/new/MyPlan/app/build/intermediates/exploded-aar/com.google.android.gms/play-services-basement/9.4.0/jars/classes.jar
java_class_path (initial): /home/percept/Android/Sdk/build-tools/24.0.1/lib/dx.jar
Launcher Type: SUN_STANDARD

Environment Variables:
JAVA_HOME=/usr/lib/jvm/java-8-openjdk-amd64
PATH=/usr/local/sbin:/usr/local/bin:/usr/sbin:/usr/bin:/sbin:/bin:/usr/games:/usr/local/games
LD_LIBRARY_PATH=/home/percept/android-studio/bin:
SHELL=/bin/bash
DISPLAY=:0

Signal Handlers:
SIGSEGV: [libjvm.so+0x9daac0], sa_mask[0]=11111111011111111101111111111110, sa_flags=SA_RESTART|SA_SIGINFO
SIGBUS: [libjvm.so+0x9daac0], sa_mask[0]=11111111011111111101111111111110, sa_flags=SA_RESTART|SA_SIGINFO
SIGFPE: [libjvm.so+0x840d90], sa_mask[0]=11111111011111111101111111111110, sa_flags=SA_RESTART|SA_SIGINFO
SIGPIPE: [libjvm.so+0x840d90], sa_mask[0]=11111111011111111101111111111110, sa_flags=SA_RESTART|SA_SIGINFO
SIGXFSZ: [libjvm.so+0x840d90], sa_mask[0]=11111111011111111101111111111110, sa_flags=SA_RESTART|SA_SIGINFO
SIGILL: [libjvm.so+0x840d90], sa_mask[0]=11111111011111111101111111111110, sa_flags=SA_RESTART|SA_SIGINFO
SIGUSR1: SIG_DFL, sa_mask[0]=00000000000000000000000000000000, sa_flags=none
SIGUSR2: [libjvm.so+0x840c60], sa_mask[0]=00100000000000000000000000000000, sa_flags=SA_RESTART|SA_SIGINFO
SIGHUP: [libjvm.so+0x840e50], sa_mask[0]=11111111011111111101111111111110, sa_flags=SA_RESTART|SA_SIGINFO
SIGINT: [libjvm.so+0x840e50], sa_mask[0]=11111111011111111101111111111110, sa_flags=SA_RESTART|SA_SIGINFO
SIGTERM: [libjvm.so+0x840e50], sa_mask[0]=11111111011111111101111111111110, sa_flags=SA_RESTART|SA_SIGINFO
SIGQUIT: [libjvm.so+0x840e50], sa_mask[0]=11111111011111111101111111111110, sa_flags=SA_RESTART|SA_SIGINFO


---------------  S Y S T E M  ---------------

OS:DISTRIB_ID=Ubuntu
DISTRIB_RELEASE=14.04
DISTRIB_CODENAME=trusty
DISTRIB_DESCRIPTION="Ubuntu 14.04.4 LTS"

uname:Linux 4.2.0-30-generic #36~14.04.1-Ubuntu SMP Fri Feb 26 18:49:23 UTC 2016 x86_64
libc:glibc 2.19 NPTL 2.19 
rlimit: STACK 8192k, CORE 0k, NPROC 21543, NOFILE 4096, AS infinity
load average:14.84 5.37 3.46

/proc/meminfo:
MemTotal:        5536592 kB
MemFree:           50928 kB
MemAvailable:    1248260 kB
Buffers:          106644 kB
Cached:          1077400 kB
SwapCached:         1852 kB
Active:          4035880 kB
Inactive:        1148756 kB
Active(anon):    3357804 kB
Inactive(anon):   701176 kB
Active(file):     678076 kB
Inactive(file):   447580 kB
Unevictable:         104 kB
Mlocked:             104 kB
SwapTotal:       1495036 kB
SwapFree:        1446912 kB
Dirty:              2104 kB
Writeback:           220 kB
AnonPages:       3999076 kB
Mapped:           303240 kB
Shmem:             58148 kB
Slab:             145156 kB
SReclaimable:     106584 kB
SUnreclaim:        38572 kB
KernelStack:       11600 kB
PageTables:        46476 kB
NFS_Unstable:          0 kB
Bounce:                0 kB
WritebackTmp:          0 kB
CommitLimit:     4263332 kB
Committed_AS:    8959520 kB
VmallocTotal:   34359738367 kB
VmallocUsed:      305552 kB
VmallocChunk:   34358947836 kB
HardwareCorrupted:     0 kB
AnonHugePages:   2265088 kB
CmaTotal:              0 kB
CmaFree:               0 kB
HugePages_Total:       0
HugePages_Free:        0
HugePages_Rsvd:        0
HugePages_Surp:        0
Hugepagesize:       2048 kB
DirectMap4k:      236140 kB
DirectMap2M:     5472256 kB
DirectMap1G:           0 kB


CPU:total 4 (4 cores per cpu, 1 threads per core) family 22 model 0 stepping 1, cmov, cx8, fxsr, mmx, sse, sse2, sse3, ssse3, sse4.1, sse4.2, popcnt, avx, aes, clmul, mmxext, 3dnowpref, lzcnt, sse4a, tsc, tscinvbit, tscinv, bmi1

/proc/cpuinfo:
processor	: 0
vendor_id	: AuthenticAMD
cpu family	: 22
model		: 0
model name	: AMD Athlon(tm) 5150 APU with Radeon(tm) R3
stepping	: 1
microcode	: 0x700010b
cpu MHz		: 1600.000
cache size	: 2048 KB
physical id	: 0
siblings	: 4
core id		: 0
cpu cores	: 4
apicid		: 0
initial apicid	: 0
fpu		: yes
fpu_exception	: yes
cpuid level	: 13
wp		: yes
flags		: fpu vme de pse tsc msr pae mce cx8 apic sep mtrr pge mca cmov pat pse36 clflush mmx fxsr sse sse2 ht syscall nx mmxext fxsr_opt pdpe1gb rdtscp lm constant_tsc rep_good nopl nonstop_tsc extd_apicid aperfmperf eagerfpu pni pclmulqdq monitor ssse3 cx16 sse4_1 sse4_2 movbe popcnt aes xsave avx f16c lahf_lm cmp_legacy svm extapic cr8_legacy abm sse4a misalignsse 3dnowprefetch osvw ibs skinit wdt topoext perfctr_nb bpext perfctr_l2 arat hw_pstate proc_feedback npt lbrv svm_lock nrip_save tsc_scale flushbyasid decodeassists pausefilter pfthreshold vmmcall bmi1 xsaveopt
bugs		: fxsave_leak sysret_ss_attrs
bogomips	: 3194.19
TLB size	: 1024 4K pages
clflush size	: 64
cache_alignment	: 64
address sizes	: 40 bits physical, 48 bits virtual
power management: ts ttp tm 100mhzsteps hwpstate [11]

processor	: 1
vendor_id	: AuthenticAMD
cpu family	: 22
model		: 0
model name	: AMD Athlon(tm) 5150 APU with Radeon(tm) R3
stepping	: 1
microcode	: 0x700010b
cpu MHz		: 1600.000
cache size	: 2048 KB
physical id	: 0
siblings	: 4
core id		: 1
cpu cores	: 4
apicid		: 1
initial apicid	: 1
fpu		: yes
fpu_exception	: yes
cpuid level	: 13
wp		: yes
flags		: fpu vme de pse tsc msr pae mce cx8 apic sep mtrr pge mca cmov pat pse36 clflush mmx fxsr sse sse2 ht syscall nx mmxext fxsr_opt pdpe1gb rdtscp lm constant_tsc rep_good nopl nonstop_tsc extd_apicid aperfmperf eagerfpu pni pclmulqdq monitor ssse3 cx16 sse4_1 sse4_2 movbe popcnt aes xsave avx f16c lahf_lm cmp_legacy svm extapic cr8_legacy abm sse4a misalignsse 3dnowprefetch osvw ibs skinit wdt topoext perfctr_nb bpext perfctr_l2 arat hw_pstate proc_feedback npt lbrv svm_lock nrip_save tsc_scale flushbyasid decodeassists pausefilter pfthreshold vmmcall bmi1 xsaveopt
bugs		: fxsave_leak sysret_ss_attrs
bogomips	: 3194.19
TLB size	: 1024 4K pages
clflush size	: 64
cache_alignment	: 64
address sizes	: 40 bits physical, 48 bits virtual
power management: ts ttp tm 100mhzsteps hwpstate [11]

processor	: 2
vendor_id	: AuthenticAMD
cpu family	: 22
model		: 0
model name	: AMD Athlon(tm) 5150 APU with Radeon(tm) R3
stepping	: 1
microcode	: 0x700010b
cpu MHz		: 1600.000
cache size	: 2048 KB
physical id	: 0
siblings	: 4
core id		: 2
cpu cores	: 4
apicid		: 2
initial apicid	: 2
fpu		: yes
fpu_exception	: yes
cpuid level	: 13
wp		: yes
flags		: fpu vme de pse tsc msr pae mce cx8 apic sep mtrr pge mca cmov pat pse36 clflush mmx fxsr sse sse2 ht syscall nx mmxext fxsr_opt pdpe1gb rdtscp lm constant_tsc rep_good nopl nonstop_tsc extd_apicid aperfmperf eagerfpu pni pclmulqdq monitor ssse3 cx16 sse4_1 sse4_2 movbe popcnt aes xsave avx f16c lahf_lm cmp_legacy svm extapic cr8_legacy abm sse4a misalignsse 3dnowprefetch osvw ibs skinit wdt topoext perfctr_nb bpext perfctr_l2 arat hw_pstate proc_feedback npt lbrv svm_lock nrip_save tsc_scale flushbyasid decodeassists pausefilter pfthreshold vmmcall bmi1 xsaveopt
bugs		: fxsave_leak sysret_ss_attrs
bogomips	: 3194.19
TLB size	: 1024 4K pages
clflush size	: 64
cache_alignment	: 64
address sizes	: 40 bits physical, 48 bits virtual
power management: ts ttp tm 100mhzsteps hwpstate [11]

processor	: 3
vendor_id	: AuthenticAMD
cpu family	: 22
model		: 0
model name	: AMD Athlon(tm) 5150 APU with Radeon(tm) R3
stepping	: 1
microcode	: 0x700010b
cpu MHz		: 1600.000
cache size	: 2048 KB
physical id	: 0
siblings	: 4
core id		: 3
cpu cores	: 4
apicid		: 3
initial apicid	: 3
fpu		: yes
fpu_exception	: yes
cpuid level	: 13
wp		: yes
flags		: fpu vme de pse tsc msr pae mce cx8 apic sep mtrr pge mca cmov pat pse36 clflush mmx fxsr sse sse2 ht syscall nx mmxext fxsr_opt pdpe1gb rdtscp lm constant_tsc rep_good nopl nonstop_tsc extd_apicid aperfmperf eagerfpu pni pclmulqdq monitor ssse3 cx16 sse4_1 sse4_2 movbe popcnt aes xsave avx f16c lahf_lm cmp_legacy svm extapic cr8_legacy abm sse4a misalignsse 3dnowprefetch osvw ibs skinit wdt topoext perfctr_nb bpext perfctr_l2 arat hw_pstate proc_feedback npt lbrv svm_lock nrip_save tsc_scale flushbyasid decodeassists pausefilter pfthreshold vmmcall bmi1 xsaveopt
bugs		: fxsave_leak sysret_ss_attrs
bogomips	: 3194.19
TLB size	: 1024 4K pages
clflush size	: 64
cache_alignment	: 64
address sizes	: 40 bits physical, 48 bits virtual
power management: ts ttp tm 100mhzsteps hwpstate [11]



Memory: 4k page, physical 5536592k(50680k free), swap 1495036k(1446912k free)

vm_info: OpenJDK 64-Bit Server VM (25.76-b03) for linux-amd64 JRE (1.8.0_76-release-b03), built on Jun 29 2016 09:39:19 by "builder" with gcc 4.8.4

time: Tue Nov 29 14:52:28 2016
elapsed time: 8 seconds (0d 0h 0m 8s)

