#
# A fatal error has been detected by the Java Runtime Environment:
#
#  SIGSEGV (0xb) at pc=0x00007fb7d8297777, pid=11651, tid=140427142444800
#
# JRE version: OpenJDK Runtime Environment (8.0_91-b14) (build 1.8.0_91-8u91-b14-0ubuntu4~14.04-b14)
# Java VM: OpenJDK 64-Bit Server VM (25.91-b14 mixed mode linux-amd64 compressed oops)
# Problematic frame:
# V  [libjvm.so+0x765777]
#
# Failed to write core dump. Core dumps have been disabled. To enable core dumping, try "ulimit -c unlimited" before starting Java again
#
# If you would like to submit a bug report, please visit:
#   http://bugreport.java.com/bugreport/crash.jsp
#

---------------  T H R E A D  ---------------

Current thread (0x00007fb7d00b0000):  JavaThread "C2 CompilerThread1" daemon [_thread_in_native, id=11665, stack(0x00007fb7bde13000,0x00007fb7bdf14000)]

siginfo: si_signo: 11 (SIGSEGV), si_code: 1 (SEGV_MAPERR), si_addr: 0x00005fb790068378

Registers:
RAX=0x00007fb794290d20, RBX=0x00007fb7bdf0f0c0, RCX=0x00000000000011a6, RDX=0x0000000000000001
RSP=0x00007fb7bdf0efe0, RBP=0x00007fb7bdf0f050, RSI=0x00007fb790305be0, RDI=0x0000000020000340
R8 =0x00007fb7947eeae0, R9 =0x0000000000000000, R10=0x00007fb794290c01, R11=0x0000000000000201
R12=0x00007fb794290cd0, R13=0x00007fb7bdf108d0, R14=0x0000000000000002, R15=0x00005fb790068378
RIP=0x00007fb7d8297777, EFLAGS=0x0000000000010206, CSGSFS=0x0000000000000033, ERR=0x0000000000000004
  TRAPNO=0x000000000000000e

Top of Stack: (sp=0x00007fb7bdf0efe0)
0x00007fb7bdf0efe0:   00007fb7bd519070 00007fb7d001c340
0x00007fb7bdf0eff0:   00007fb7bdf108f0 0000000000000000
0x00007fb7bdf0f000:   00007fb794711f40 00007fb7bdf0f0e0
0x00007fb7bdf0f010:   00007fb7bdf0f100 00007fb700000003
0x00007fb7bdf0f020:   0000000000000863 00007fb7d001c340
0x00007fb7bdf0f030:   00007fb7bdf0f100 00007fb7bdf108d0
0x00007fb7bdf0f040:   00007fb79c06f500 00007fb7bdf0f0e0
0x00007fb7bdf0f050:   00007fb7bdf0f370 00007fb7d829a683
0x00007fb7bdf0f060:   00007fb7944496e0 00007fb7bdf0f1c0
0x00007fb7bdf0f070:   000000000000000e 00007fb700000000
0x00007fb7bdf0f080:   00007fb7bdf108f0 0000000000100130
0x00007fb7bdf0f090:   00007fb7bdf0f0c0 00007fb7942a5668
0x00007fb7bdf0f0a0:   00007fb79429d6d0 00007fb79429d680
0x00007fb7bdf0f0b0:   00007fb7bdf0f0f0 00007fb7d83044d6
0x00007fb7bdf0f0c0:   00007fb7d89bc390 00007fb7d001c340
0x00007fb7bdf0f0d0:   0000000000000200 00007fb7947ee2e0
0x00007fb7bdf0f0e0:   00007fb790360e10 00007fb790369d50
0x00007fb7bdf0f0f0:   00007fb790360e20 00007fb7d001c340
0x00007fb7bdf0f100:   00007fb7d001c340 00007fb700000200
0x00007fb7bdf0f110:   00007fb7947eeae0 0000000000000124
0x00007fb7bdf0f120:   00007fb7d001c340 0000000000000004
0x00007fb7bdf0f130:   00007fb794609b10 0000007b00000000
0x00007fb7bdf0f140:   0000000000000000 00007fb7bdf0f16f
0x00007fb7bdf0f150:   00007fb7941c2d90 00007fb794449770
0x00007fb7bdf0f160:   00007fb70000007c 00007fb7944496e0
0x00007fb7bdf0f170:   00007fb7901563c0 00007fb794621d10
0x00007fb7bdf0f180:   00007fb7bdf0f240 00007fb7d7f08f8f
0x00007fb7bdf0f190:   0000000000000000 00007fb790000020
0x00007fb7bdf0f1a0:   0000000000020010 0000000000000000
0x00007fb7bdf0f1b0:   000000000000000c 00007fb7bdf0f240
0x00007fb7bdf0f1c0:   0000000000000000 00007fb7d90d66c0
0x00007fb7bdf0f1d0:   000000001f118d2a 0000000000020010 

Instructions: (pc=0x00007fb7d8297777)
0x00007fb7d8297757:   00 44 39 75 c8 0f 86 be 00 00 00 49 8b 44 24 08
0x00007fb7d8297767:   44 89 f2 41 83 c6 01 4c 8b 3c d0 4d 85 ff 74 e1
0x00007fb7d8297777:   49 8b 07 4c 89 ff ff 90 b0 00 00 00 84 c0 0f 85
0x00007fb7d8297787:   c5 02 00 00 41 8b 77 28 89 f7 c1 ef 05 3b 7b 10 

Register to memory mapping:

RAX=0x00007fb794290d20 is an unknown value
RBX=0x00007fb7bdf0f0c0 is pointing into the stack for thread: 0x00007fb7d00b0000
RCX=0x00000000000011a6 is an unknown value
RDX=0x0000000000000001 is an unknown value
RSP=0x00007fb7bdf0efe0 is pointing into the stack for thread: 0x00007fb7d00b0000
RBP=0x00007fb7bdf0f050 is pointing into the stack for thread: 0x00007fb7d00b0000
RSI=0x00007fb790305be0 is an unknown value
RDI=0x0000000020000340 is an unknown value
R8 =0x00007fb7947eeae0 is an unknown value
R9 =0x0000000000000000 is an unknown value
R10=0x00007fb794290c01 is an unknown value
R11=0x0000000000000201 is an unknown value
R12=0x00007fb794290cd0 is an unknown value
R13=0x00007fb7bdf108d0 is pointing into the stack for thread: 0x00007fb7d00b0000
R14=0x0000000000000002 is an unknown value
R15=0x00005fb790068378 is an unknown value


Stack: [0x00007fb7bde13000,0x00007fb7bdf14000],  sp=0x00007fb7bdf0efe0,  free space=1007k
Native frames: (J=compiled Java code, j=interpreted, Vv=VM code, C=native code)
V  [libjvm.so+0x765777]
V  [libjvm.so+0x768683]
V  [libjvm.so+0x46890a]
V  [libjvm.so+0x469eed]
V  [libjvm.so+0x3c4d18]
V  [libjvm.so+0x473b46]
V  [libjvm.so+0x474cdc]
V  [libjvm.so+0x9a0b70]
V  [libjvm.so+0x8584a2]
C  [libpthread.so.0+0x8184]  start_thread+0xc4


Current CompileTask:
C2:  10632 1549       4       com.android.dx.ssa.SCCP::simulateBranch (666 bytes)


---------------  P R O C E S S  ---------------

Java Threads: ( => current thread )
  0x00007fb7d01ba000 JavaThread "pool-1-thread-4" [_thread_blocked, id=11673, stack(0x00007fb7bd60b000,0x00007fb7bd70c000)]
  0x00007fb7d01b8800 JavaThread "pool-1-thread-3" [_thread_in_Java, id=11672, stack(0x00007fb7bd70c000,0x00007fb7bd80d000)]
  0x00007fb7d01b7800 JavaThread "pool-1-thread-2" [_thread_in_Java, id=11671, stack(0x00007fb7bd80d000,0x00007fb7bd90e000)]
  0x00007fb7d01b5000 JavaThread "pool-2-thread-1" [_thread_blocked, id=11670, stack(0x00007fb7bd90e000,0x00007fb7bda0f000)]
  0x00007fb7d01b3800 JavaThread "pool-1-thread-1" [_thread_in_Java, id=11669, stack(0x00007fb7bda0f000,0x00007fb7bdb10000)]
  0x00007fb7d00b9000 JavaThread "Service Thread" daemon [_thread_blocked, id=11667, stack(0x00007fb7bdc11000,0x00007fb7bdd12000)]
  0x00007fb7d00b2000 JavaThread "C1 CompilerThread2" daemon [_thread_in_native, id=11666, stack(0x00007fb7bdd12000,0x00007fb7bde13000)]
=>0x00007fb7d00b0000 JavaThread "C2 CompilerThread1" daemon [_thread_in_native, id=11665, stack(0x00007fb7bde13000,0x00007fb7bdf14000)]
  0x00007fb7d00ad000 JavaThread "C2 CompilerThread0" daemon [_thread_in_native, id=11664, stack(0x00007fb7bdf14000,0x00007fb7be015000)]
  0x00007fb7d00ab000 JavaThread "Signal Dispatcher" daemon [_thread_blocked, id=11663, stack(0x00007fb7be015000,0x00007fb7be116000)]
  0x00007fb7d0084000 JavaThread "Finalizer" daemon [_thread_blocked, id=11662, stack(0x00007fb7be7f8000,0x00007fb7be8f9000)]
  0x00007fb7d007f800 JavaThread "Reference Handler" daemon [_thread_blocked, id=11661, stack(0x00007fb7be8f9000,0x00007fb7be9fa000)]
  0x00007fb7d000a000 JavaThread "main" [_thread_in_Java, id=11654, stack(0x00007fb7d9728000,0x00007fb7d9829000)]

Other Threads:
  0x00007fb7d0077800 VMThread [stack: 0x00007fb7be9fa000,0x00007fb7beafb000] [id=11660]
  0x00007fb7d00bb800 WatcherThread [stack: 0x00007fb7bdb10000,0x00007fb7bdc11000] [id=11668]

VM state:not at safepoint (normal execution)

VM Mutex/Monitor currently owned by a thread: None

Heap:
 PSYoungGen      total 65024K, used 25276K [0x00000000eab00000, 0x00000000f2a00000, 0x0000000100000000)
  eden space 60416K, 34% used [0x00000000eab00000,0x00000000ebf31fe0,0x00000000ee600000)
  from space 4608K, 99% used [0x00000000ee600000,0x00000000eea7d058,0x00000000eea80000)
  to   space 4608K, 0% used [0x00000000f2580000,0x00000000f2580000,0x00000000f2a00000)
 ParOldGen       total 79360K, used 13531K [0x00000000c0000000, 0x00000000c4d80000, 0x00000000eab00000)
  object space 79360K, 17% used [0x00000000c0000000,0x00000000c0d36df8,0x00000000c4d80000)
 Metaspace       used 5900K, capacity 6960K, committed 7040K, reserved 1056768K
  class space    used 570K, capacity 616K, committed 640K, reserved 1048576K

Card table byte_map: [0x00007fb7d5cc4000,0x00007fb7d5ec5000] byte_map_base: 0x00007fb7d56c4000

Marking Bits: (ParMarkBitMap*) 0x00007fb7d89fc080
 Begin Bits: [0x00007fb7bf000000, 0x00007fb7c0000000)
 End Bits:   [0x00007fb7c0000000, 0x00007fb7c1000000)

Polling page: 0x00007fb7d9847000

CodeCache: size=245760Kb used=5305Kb max_used=5305Kb free=240454Kb
 bounds [0x00007fb7c1000000, 0x00007fb7c1540000, 0x00007fb7d0000000]
 total_blobs=1580 nmethods=1314 adapters=182
 compilation: enabled

Compilation events (10 events):
Event: 10.559 Thread 0x00007fb7d00b2000 nmethod 1639 0x00007fb7c1528250 code [0x00007fb7c1528400, 0x00007fb7c1528a68]
Event: 10.559 Thread 0x00007fb7d00b2000 1589 %     3       com.android.dx.util.Bits::or @ 2 (24 bytes)
Event: 10.560 Thread 0x00007fb7d00b2000 nmethod 1589% 0x00007fb7c1528c50 code [0x00007fb7c1528dc0, 0x00007fb7c1529050]
Event: 10.560 Thread 0x00007fb7d00b2000 1561 %     3       com.android.dx.ssa.PhiTypeResolver::run @ 10 (179 bytes)
Event: 10.579 Thread 0x00007fb7d00b2000 nmethod 1561% 0x00007fb7c15291d0 code [0x00007fb7c1529460, 0x00007fb7c152a628]
Event: 10.579 Thread 0x00007fb7d00b2000 1535 %     3       com.android.dx.ssa.LocalVariableExtractor::doit @ 18 (59 bytes)
Event: 10.580 Thread 0x00007fb7d00b2000 nmethod 1535% 0x00007fb7c152aed0 code [0x00007fb7c152b080, 0x00007fb7c152b5e8]
Event: 10.581 Thread 0x00007fb7d00b2000 1621 %     3       com.android.dx.ssa.DomFront::<init> @ 35 (60 bytes)
Event: 10.582 Thread 0x00007fb7d00b2000 nmethod 1621% 0x00007fb7c152b810 code [0x00007fb7c152b9c0, 0x00007fb7c152c050]
Event: 10.582 Thread 0x00007fb7d00b2000 1578 %     3       com.android.dx.ssa.SsaConverter::edgeSplitMoveExceptionsAndResults @ 12 (157 bytes)

GC Heap History (6 events):
Event: 5.585 GC heap before
{Heap before GC invocations=1 (full 0):
 PSYoungGen      total 34816K, used 30208K [0x00000000eab00000, 0x00000000ed180000, 0x0000000100000000)
  eden space 30208K, 100% used [0x00000000eab00000,0x00000000ec880000,0x00000000ec880000)
  from space 4608K, 0% used [0x00000000ecd00000,0x00000000ecd00000,0x00000000ed180000)
  to   space 4608K, 0% used [0x00000000ec880000,0x00000000ec880000,0x00000000ecd00000)
 ParOldGen       total 79360K, used 0K [0x00000000c0000000, 0x00000000c4d80000, 0x00000000eab00000)
  object space 79360K, 0% used [0x00000000c0000000,0x00000000c0000000,0x00000000c4d80000)
 Metaspace       used 5688K, capacity 6768K, committed 7040K, reserved 1056768K
  class space    used 569K, capacity 616K, committed 640K, reserved 1048576K
Event: 5.658 GC heap after
Heap after GC invocations=1 (full 0):
 PSYoungGen      total 34816K, used 4592K [0x00000000eab00000, 0x00000000eef00000, 0x0000000100000000)
  eden space 30208K, 0% used [0x00000000eab00000,0x00000000eab00000,0x00000000ec880000)
  from space 4608K, 99% used [0x00000000ec880000,0x00000000eccfc088,0x00000000ecd00000)
  to   space 4608K, 0% used [0x00000000eea80000,0x00000000eea80000,0x00000000eef00000)
 ParOldGen       total 79360K, used 1029K [0x00000000c0000000, 0x00000000c4d80000, 0x00000000eab00000)
  object space 79360K, 1% used [0x00000000c0000000,0x00000000c0101718,0x00000000c4d80000)
 Metaspace       used 5688K, capacity 6768K, committed 7040K, reserved 1056768K
  class space    used 569K, capacity 616K, committed 640K, reserved 1048576K
}
Event: 8.083 GC heap before
{Heap before GC invocations=2 (full 0):
 PSYoungGen      total 34816K, used 34800K [0x00000000eab00000, 0x00000000eef00000, 0x0000000100000000)
  eden space 30208K, 100% used [0x00000000eab00000,0x00000000ec880000,0x00000000ec880000)
  from space 4608K, 99% used [0x00000000ec880000,0x00000000eccfc088,0x00000000ecd00000)
  to   space 4608K, 0% used [0x00000000eea80000,0x00000000eea80000,0x00000000eef00000)
 ParOldGen       total 79360K, used 1029K [0x00000000c0000000, 0x00000000c4d80000, 0x00000000eab00000)
  object space 79360K, 1% used [0x00000000c0000000,0x00000000c0101718,0x00000000c4d80000)
 Metaspace       used 5825K, capacity 6896K, committed 7040K, reserved 1056768K
  class space    used 569K, capacity 616K, committed 640K, reserved 1048576K
Event: 8.166 GC heap after
Heap after GC invocations=2 (full 0):
 PSYoungGen      total 65024K, used 4599K [0x00000000eab00000, 0x00000000eef00000, 0x0000000100000000)
  eden space 60416K, 0% used [0x00000000eab00000,0x00000000eab00000,0x00000000ee600000)
  from space 4608K, 99% used [0x00000000eea80000,0x00000000eeefde20,0x00000000eef00000)
  to   space 4608K, 0% used [0x00000000ee600000,0x00000000ee600000,0x00000000eea80000)
 ParOldGen       total 79360K, used 4127K [0x00000000c0000000, 0x00000000c4d80000, 0x00000000eab00000)
  object space 79360K, 5% used [0x00000000c0000000,0x00000000c0407f70,0x00000000c4d80000)
 Metaspace       used 5825K, capacity 6896K, committed 7040K, reserved 1056768K
  class space    used 569K, capacity 616K, committed 640K, reserved 1048576K
}
Event: 10.042 GC heap before
{Heap before GC invocations=3 (full 0):
 PSYoungGen      total 65024K, used 65015K [0x00000000eab00000, 0x00000000eef00000, 0x0000000100000000)
  eden space 60416K, 100% used [0x00000000eab00000,0x00000000ee600000,0x00000000ee600000)
  from space 4608K, 99% used [0x00000000eea80000,0x00000000eeefde20,0x00000000eef00000)
  to   space 4608K, 0% used [0x00000000ee600000,0x00000000ee600000,0x00000000eea80000)
 ParOldGen       total 79360K, used 4127K [0x00000000c0000000, 0x00000000c4d80000, 0x00000000eab00000)
  object space 79360K, 5% used [0x00000000c0000000,0x00000000c0407f70,0x00000000c4d80000)
 Metaspace       used 5900K, capacity 6960K, committed 7040K, reserved 1056768K
  class space    used 570K, capacity 616K, committed 640K, reserved 1048576K
Event: 10.226 GC heap after
Heap after GC invocations=3 (full 0):
 PSYoungGen      total 65024K, used 4596K [0x00000000eab00000, 0x00000000f2a00000, 0x0000000100000000)
  eden space 60416K, 0% used [0x00000000eab00000,0x00000000eab00000,0x00000000ee600000)
  from space 4608K, 99% used [0x00000000ee600000,0x00000000eea7d058,0x00000000eea80000)
  to   space 4608K, 0% used [0x00000000f2580000,0x00000000f2580000,0x00000000f2a00000)
 ParOldGen       total 79360K, used 13531K [0x00000000c0000000, 0x00000000c4d80000, 0x00000000eab00000)
  object space 79360K, 17% used [0x00000000c0000000,0x00000000c0d36df8,0x00000000c4d80000)
 Metaspace       used 5900K, capacity 6960K, committed 7040K, reserved 1056768K
  class space    used 570K, capacity 616K, committed 640K, reserved 1048576K
}

Deoptimization events (10 events):
Event: 5.686 Thread 0x00007fb7d01b8800 Uncommon trap: reason=unstable_if action=reinterpret pc=0x00007fb7c1275b40 method=com.android.dx.rop.code.RegisterSpec.equals(ILcom/android/dx/rop/type/TypeBearer;Lcom/android/dx/rop/code/LocalItem;)Z @ 42
Event: 6.319 Thread 0x00007fb7d01b8800 Uncommon trap: reason=unstable_if action=reinterpret pc=0x00007fb7c120f71c method=java.util.HashMap.getNode(ILjava/lang/Object;)Ljava/util/HashMap$Node; @ 62
Event: 7.184 Thread 0x00007fb7d000a000 Uncommon trap: reason=unstable_if action=reinterpret pc=0x00007fb7c127629c method=com.android.dx.rop.cst.Constant.compareTo(Lcom/android/dx/rop/cst/Constant;)I @ 12
Event: 8.075 Thread 0x00007fb7d01b3800 Uncommon trap: reason=null_check action=make_not_entrant pc=0x00007fb7c12d7504 method=com.android.dx.ssa.SsaRenamer.getLocalForNewReg(I)Lcom/android/dx/rop/code/LocalItem; @ 19
Event: 8.218 Thread 0x00007fb7d000a000 Uncommon trap: reason=unstable_if action=reinterpret pc=0x00007fb7c1237dc0 method=java.lang.String.<init>([CII)V @ 18
Event: 8.566 Thread 0x00007fb7d01b3800 Uncommon trap: reason=bimorphic action=maybe_recompile pc=0x00007fb7c13d4a78 method=java.util.HashMap.putVal(ILjava/lang/Object;Ljava/lang/Object;ZZ)Ljava/lang/Object; @ 203
Event: 9.047 Thread 0x00007fb7d000a000 Uncommon trap: reason=unstable_if action=reinterpret pc=0x00007fb7c11e8940 method=java.lang.String.<init>([CII)V @ 18
Event: 9.361 Thread 0x00007fb7d01ba000 Uncommon trap: reason=unstable_if action=reinterpret pc=0x00007fb7c1463410 method=com.android.dx.ssa.SCCP.simulateStmt(Lcom/android/dx/ssa/SsaInsn;)V @ 53
Event: 9.511 Thread 0x00007fb7d01ba000 Uncommon trap: reason=unstable_if action=reinterpret pc=0x00007fb7c1389944 method=com.android.dx.util.IntList.binarysearch(I)I @ 105
Event: 9.669 Thread 0x00007fb7d000a000 Uncommon trap: reason=unstable_if action=reinterpret pc=0x00007fb7c12c627c method=com.android.dx.ssa.SsaMethod.updateOneDefinition(Lcom/android/dx/ssa/SsaInsn;Lcom/android/dx/rop/code/RegisterSpec;)V @ 4

Internal exceptions (6 events):
Event: 0.277 Thread 0x00007fb7d000a000 Exception <a 'java/lang/NoSuchMethodError': Method sun.misc.Unsafe.defineClass(Ljava/lang/String;[BII)Ljava/lang/Class; name or signature does not match> (0x00000000eab07cc0) thrown at [/build/openjdk-8-vT_67x/openjdk-8-8u91-b14/src/hotspot/src/share/vm/p
Event: 0.277 Thread 0x00007fb7d000a000 Exception <a 'java/lang/NoSuchMethodError': Method sun.misc.Unsafe.prefetchRead(Ljava/lang/Object;J)V name or signature does not match> (0x00000000eab07fa8) thrown at [/build/openjdk-8-vT_67x/openjdk-8-8u91-b14/src/hotspot/src/share/vm/prims/jni.cpp, line
Event: 0.615 Thread 0x00007fb7d000a000 Exception <a 'java/util/zip/ZipException'> (0x00000000eab552c0) thrown at [/build/openjdk-8-vT_67x/openjdk-8-8u91-b14/src/hotspot/src/share/vm/prims/jni.cpp, line 709]
Event: 0.615 Thread 0x00007fb7d000a000 Exception <a 'java/security/PrivilegedActionException'> (0x00000000eab55560) thrown at [/build/openjdk-8-vT_67x/openjdk-8-8u91-b14/src/hotspot/src/share/vm/prims/jvm.cpp, line 1386]
Event: 0.615 Thread 0x00007fb7d000a000 Exception <a 'java/security/PrivilegedActionException'> (0x00000000eab55770) thrown at [/build/openjdk-8-vT_67x/openjdk-8-8u91-b14/src/hotspot/src/share/vm/prims/jvm.cpp, line 1386]
Event: 8.075 Thread 0x00007fb7d01b3800 Implicit null exception at 0x00007fb7c12d4fae to 0x00007fb7c12d74e1

Events (10 events):
Event: 9.511 Thread 0x00007fb7d01ba000 DEOPT UNPACKING pc=0x00007fb7c1004f69 sp=0x00007fb7bd70a068 mode 2
Event: 9.650 loading class com/android/dx/rop/code/RegOps
Event: 9.650 loading class com/android/dx/rop/code/RegOps done
Event: 9.669 Thread 0x00007fb7d000a000 Uncommon trap: trap_request=0xffffff65 fr.pc=0x00007fb7c12c627c
Event: 9.669 Thread 0x00007fb7d000a000 DEOPT PACKING pc=0x00007fb7c12c627c sp=0x00007fb7d9826610
Event: 9.669 Thread 0x00007fb7d000a000 DEOPT UNPACKING pc=0x00007fb7c1004f69 sp=0x00007fb7d98265d8 mode 2
Event: 10.011 Executing VM operation: ParallelGCFailedAllocation
Event: 10.226 Executing VM operation: ParallelGCFailedAllocation done
Event: 10.309 Thread 0x00007fb7d01b7800 DEOPT PACKING pc=0x00007fb7c13f4b06 sp=0x00007fb7bd90bec0
Event: 10.309 Thread 0x00007fb7d01b7800 DEOPT UNPACKING pc=0x00007fb7c1046f73 sp=0x00007fb7bd90bd20 mode 0


Dynamic libraries:
00400000-00401000 r-xp 00000000 08:01 9710719                            /usr/lib/jvm/java-8-openjdk-amd64/jre/bin/java
00600000-00601000 r--p 00000000 08:01 9710719                            /usr/lib/jvm/java-8-openjdk-amd64/jre/bin/java
00601000-00602000 rw-p 00001000 08:01 9710719                            /usr/lib/jvm/java-8-openjdk-amd64/jre/bin/java
0092b000-0094c000 rw-p 00000000 00:00 0                                  [heap]
c0000000-c4d80000 rw-p 00000000 00:00 0 
c4d80000-eab00000 ---p 00000000 00:00 0 
eab00000-f2a00000 rw-p 00000000 00:00 0 
f2a00000-100000000 ---p 00000000 00:00 0 
100000000-1000a0000 rw-p 00000000 00:00 0 
1000a0000-140000000 ---p 00000000 00:00 0 
7fb770000000-7fb770021000 rw-p 00000000 00:00 0 
7fb770021000-7fb774000000 ---p 00000000 00:00 0 
7fb778000000-7fb778021000 rw-p 00000000 00:00 0 
7fb778021000-7fb77c000000 ---p 00000000 00:00 0 
7fb77c000000-7fb77c021000 rw-p 00000000 00:00 0 
7fb77c021000-7fb780000000 ---p 00000000 00:00 0 
7fb780000000-7fb780021000 rw-p 00000000 00:00 0 
7fb780021000-7fb784000000 ---p 00000000 00:00 0 
7fb784000000-7fb784021000 rw-p 00000000 00:00 0 
7fb784021000-7fb788000000 ---p 00000000 00:00 0 
7fb788000000-7fb788021000 rw-p 00000000 00:00 0 
7fb788021000-7fb78c000000 ---p 00000000 00:00 0 
7fb78c000000-7fb78c021000 rw-p 00000000 00:00 0 
7fb78c021000-7fb790000000 ---p 00000000 00:00 0 
7fb790000000-7fb790449000 rw-p 00000000 00:00 0 
7fb790449000-7fb794000000 ---p 00000000 00:00 0 
7fb794000000-7fb79481f000 rw-p 00000000 00:00 0 
7fb79481f000-7fb798000000 ---p 00000000 00:00 0 
7fb798000000-7fb798021000 rw-p 00000000 00:00 0 
7fb798021000-7fb79c000000 ---p 00000000 00:00 0 
7fb79c000000-7fb79c431000 rw-p 00000000 00:00 0 
7fb79c431000-7fb7a0000000 ---p 00000000 00:00 0 
7fb7a0000000-7fb7a0021000 rw-p 00000000 00:00 0 
7fb7a0021000-7fb7a4000000 ---p 00000000 00:00 0 
7fb7a4000000-7fb7a4021000 rw-p 00000000 00:00 0 
7fb7a4021000-7fb7a8000000 ---p 00000000 00:00 0 
7fb7a8000000-7fb7a8021000 rw-p 00000000 00:00 0 
7fb7a8021000-7fb7ac000000 ---p 00000000 00:00 0 
7fb7ac000000-7fb7ac021000 rw-p 00000000 00:00 0 
7fb7ac021000-7fb7b0000000 ---p 00000000 00:00 0 
7fb7b0000000-7fb7b0021000 rw-p 00000000 00:00 0 
7fb7b0021000-7fb7b4000000 ---p 00000000 00:00 0 
7fb7b4000000-7fb7b4021000 rw-p 00000000 00:00 0 
7fb7b4021000-7fb7b8000000 ---p 00000000 00:00 0 
7fb7b8000000-7fb7b8021000 rw-p 00000000 00:00 0 
7fb7b8021000-7fb7bc000000 ---p 00000000 00:00 0 
7fb7bd60b000-7fb7bd60e000 ---p 00000000 00:00 0 
7fb7bd60e000-7fb7bd70c000 rw-p 00000000 00:00 0                          [stack:11673]
7fb7bd70c000-7fb7bd70f000 ---p 00000000 00:00 0 
7fb7bd70f000-7fb7bd80d000 rw-p 00000000 00:00 0                          [stack:11672]
7fb7bd80d000-7fb7bd810000 ---p 00000000 00:00 0 
7fb7bd810000-7fb7bd90e000 rw-p 00000000 00:00 0                          [stack:11671]
7fb7bd90e000-7fb7bd911000 ---p 00000000 00:00 0 
7fb7bd911000-7fb7bda0f000 rw-p 00000000 00:00 0                          [stack:11670]
7fb7bda0f000-7fb7bda12000 ---p 00000000 00:00 0 
7fb7bda12000-7fb7bdb10000 rw-p 00000000 00:00 0                          [stack:11669]
7fb7bdb10000-7fb7bdb11000 ---p 00000000 00:00 0 
7fb7bdb11000-7fb7bdc11000 rw-p 00000000 00:00 0                          [stack:11668]
7fb7bdc11000-7fb7bdc14000 ---p 00000000 00:00 0 
7fb7bdc14000-7fb7bdd12000 rw-p 00000000 00:00 0                          [stack:11667]
7fb7bdd12000-7fb7bdd15000 ---p 00000000 00:00 0 
7fb7bdd15000-7fb7bde13000 rw-p 00000000 00:00 0                          [stack:11666]
7fb7bde13000-7fb7bde16000 ---p 00000000 00:00 0 
7fb7bde16000-7fb7bdf14000 rw-p 00000000 00:00 0                          [stack:11665]
7fb7bdf14000-7fb7bdf17000 ---p 00000000 00:00 0 
7fb7bdf17000-7fb7be015000 rw-p 00000000 00:00 0                          [stack:11664]
7fb7be015000-7fb7be018000 ---p 00000000 00:00 0 
7fb7be018000-7fb7be116000 rw-p 00000000 00:00 0                          [stack:11663]
7fb7be116000-7fb7be7f8000 r--p 00000000 08:01 9181736                    /usr/lib/locale/locale-archive
7fb7be7f8000-7fb7be7fb000 ---p 00000000 00:00 0 
7fb7be7fb000-7fb7be8f9000 rw-p 00000000 00:00 0                          [stack:11662]
7fb7be8f9000-7fb7be8fc000 ---p 00000000 00:00 0 
7fb7be8fc000-7fb7be9fa000 rw-p 00000000 00:00 0                          [stack:11661]
7fb7be9fa000-7fb7be9fb000 ---p 00000000 00:00 0 
7fb7be9fb000-7fb7c1000000 rw-p 00000000 00:00 0                          [stack:11660]
7fb7c1000000-7fb7c1540000 rwxp 00000000 00:00 0 
7fb7c1540000-7fb7d0000000 ---p 00000000 00:00 0 
7fb7d0000000-7fb7d01ed000 rw-p 00000000 00:00 0 
7fb7d01ed000-7fb7d4000000 ---p 00000000 00:00 0 
7fb7d4012000-7fb7d4014000 rw-p 00000000 00:00 0 
7fb7d4014000-7fb7d401e000 r--s 00097000 08:01 29233176                   /home/percept/ketan/MypalnProject/newgit/MyPlan/app/build/intermediates/exploded-aar/com.android.support/appcompat-v7/24.1.1/jars/classes.jar
7fb7d401e000-7fb7d402c000 r--s 000e0000 08:01 2884391                    /home/percept/Android/Sdk/build-tools/24.0.1/lib/dx.jar
7fb7d402c000-7fb7d4036000 r--s 00116000 08:01 10095808                   /usr/lib/jvm/java-8-openjdk-amd64/jre/lib/ext/localedata.jar
7fb7d4036000-7fb7d4051000 r--s 001d7000 08:01 10095800                   /usr/lib/jvm/java-8-openjdk-amd64/jre/lib/ext/nashorn.jar
7fb7d4051000-7fb7d406d000 r--s 00393000 08:01 10095802                   /usr/lib/jvm/java-8-openjdk-amd64/jre/lib/ext/cldrdata.jar
7fb7d406d000-7fb7d4b27000 rw-p 00000000 00:00 0 
7fb7d4b27000-7fb7d4cf4000 r--s 03be7000 08:01 9833555                    /usr/lib/jvm/java-8-openjdk-amd64/jre/lib/rt.jar
7fb7d4cf4000-7fb7d53aa000 rw-p 00000000 00:00 0 
7fb7d53aa000-7fb7d556a000 ---p 00000000 00:00 0 
7fb7d556a000-7fb7d576a000 rw-p 00000000 00:00 0 
7fb7d576a000-7fb7d576b000 ---p 00000000 00:00 0 
7fb7d576b000-7fb7d586b000 rw-p 00000000 00:00 0                          [stack:11659]
7fb7d586b000-7fb7d586c000 ---p 00000000 00:00 0 
7fb7d586c000-7fb7d596c000 rw-p 00000000 00:00 0                          [stack:11658]
7fb7d596c000-7fb7d596d000 ---p 00000000 00:00 0 
7fb7d596d000-7fb7d5a6d000 rw-p 00000000 00:00 0                          [stack:11657]
7fb7d5a6d000-7fb7d5a6e000 ---p 00000000 00:00 0 
7fb7d5a6e000-7fb7d5b95000 rw-p 00000000 00:00 0                          [stack:11656]
7fb7d5b95000-7fb7d5cc4000 ---p 00000000 00:00 0 
7fb7d5cc4000-7fb7d5ceb000 rw-p 00000000 00:00 0 
7fb7d5ceb000-7fb7d5e19000 ---p 00000000 00:00 0 
7fb7d5e19000-7fb7d5e59000 rw-p 00000000 00:00 0 
7fb7d5e59000-7fb7d5ec4000 ---p 00000000 00:00 0 
7fb7d5ec4000-7fb7d5eda000 rw-p 00000000 00:00 0 
7fb7d5eda000-7fb7d6285000 ---p 00000000 00:00 0 
7fb7d6285000-7fb7d628d000 r-xp 00000000 08:01 9833534                    /usr/lib/jvm/java-8-openjdk-amd64/jre/lib/amd64/libzip.so
7fb7d628d000-7fb7d648c000 ---p 00008000 08:01 9833534                    /usr/lib/jvm/java-8-openjdk-amd64/jre/lib/amd64/libzip.so
7fb7d648c000-7fb7d648d000 r--p 00007000 08:01 9833534                    /usr/lib/jvm/java-8-openjdk-amd64/jre/lib/amd64/libzip.so
7fb7d648d000-7fb7d648e000 rw-p 00008000 08:01 9833534                    /usr/lib/jvm/java-8-openjdk-amd64/jre/lib/amd64/libzip.so
7fb7d648e000-7fb7d6498000 r-xp 00000000 08:01 17175542                   /lib/x86_64-linux-gnu/libnss_files-2.19.so
7fb7d6498000-7fb7d6697000 ---p 0000a000 08:01 17175542                   /lib/x86_64-linux-gnu/libnss_files-2.19.so
7fb7d6697000-7fb7d6698000 r--p 00009000 08:01 17175542                   /lib/x86_64-linux-gnu/libnss_files-2.19.so
7fb7d6698000-7fb7d6699000 rw-p 0000a000 08:01 17175542                   /lib/x86_64-linux-gnu/libnss_files-2.19.so
7fb7d6699000-7fb7d66a4000 r-xp 00000000 08:01 17175534                   /lib/x86_64-linux-gnu/libnss_nis-2.19.so
7fb7d66a4000-7fb7d68a3000 ---p 0000b000 08:01 17175534                   /lib/x86_64-linux-gnu/libnss_nis-2.19.so
7fb7d68a3000-7fb7d68a4000 r--p 0000a000 08:01 17175534                   /lib/x86_64-linux-gnu/libnss_nis-2.19.so
7fb7d68a4000-7fb7d68a5000 rw-p 0000b000 08:01 17175534                   /lib/x86_64-linux-gnu/libnss_nis-2.19.so
7fb7d68a5000-7fb7d68bc000 r-xp 00000000 08:01 17175530                   /lib/x86_64-linux-gnu/libnsl-2.19.so
7fb7d68bc000-7fb7d6abb000 ---p 00017000 08:01 17175530                   /lib/x86_64-linux-gnu/libnsl-2.19.so
7fb7d6abb000-7fb7d6abc000 r--p 00016000 08:01 17175530                   /lib/x86_64-linux-gnu/libnsl-2.19.so
7fb7d6abc000-7fb7d6abd000 rw-p 00017000 08:01 17175530                   /lib/x86_64-linux-gnu/libnsl-2.19.so
7fb7d6abd000-7fb7d6abf000 rw-p 00000000 00:00 0 
7fb7d6abf000-7fb7d6ac8000 r-xp 00000000 08:01 17175529                   /lib/x86_64-linux-gnu/libnss_compat-2.19.so
7fb7d6ac8000-7fb7d6cc7000 ---p 00009000 08:01 17175529                   /lib/x86_64-linux-gnu/libnss_compat-2.19.so
7fb7d6cc7000-7fb7d6cc8000 r--p 00008000 08:01 17175529                   /lib/x86_64-linux-gnu/libnss_compat-2.19.so
7fb7d6cc8000-7fb7d6cc9000 rw-p 00009000 08:01 17175529                   /lib/x86_64-linux-gnu/libnss_compat-2.19.so
7fb7d6cc9000-7fb7d6cf5000 r-xp 00000000 08:01 9833519                    /usr/lib/jvm/java-8-openjdk-amd64/jre/lib/amd64/libjava.so
7fb7d6cf5000-7fb7d6ef5000 ---p 0002c000 08:01 9833519                    /usr/lib/jvm/java-8-openjdk-amd64/jre/lib/amd64/libjava.so
7fb7d6ef5000-7fb7d6ef6000 r--p 0002c000 08:01 9833519                    /usr/lib/jvm/java-8-openjdk-amd64/jre/lib/amd64/libjava.so
7fb7d6ef6000-7fb7d6ef8000 rw-p 0002d000 08:01 9833519                    /usr/lib/jvm/java-8-openjdk-amd64/jre/lib/amd64/libjava.so
7fb7d6ef8000-7fb7d6f08000 r-xp 00000000 08:01 9833520                    /usr/lib/jvm/java-8-openjdk-amd64/jre/lib/amd64/libverify.so
7fb7d6f08000-7fb7d7107000 ---p 00010000 08:01 9833520                    /usr/lib/jvm/java-8-openjdk-amd64/jre/lib/amd64/libverify.so
7fb7d7107000-7fb7d7109000 r--p 0000f000 08:01 9833520                    /usr/lib/jvm/java-8-openjdk-amd64/jre/lib/amd64/libverify.so
7fb7d7109000-7fb7d710a000 rw-p 00011000 08:01 9833520                    /usr/lib/jvm/java-8-openjdk-amd64/jre/lib/amd64/libverify.so
7fb7d710a000-7fb7d7111000 r-xp 00000000 08:01 17175538                   /lib/x86_64-linux-gnu/librt-2.19.so
7fb7d7111000-7fb7d7310000 ---p 00007000 08:01 17175538                   /lib/x86_64-linux-gnu/librt-2.19.so
7fb7d7310000-7fb7d7311000 r--p 00006000 08:01 17175538                   /lib/x86_64-linux-gnu/librt-2.19.so
7fb7d7311000-7fb7d7312000 rw-p 00007000 08:01 17175538                   /lib/x86_64-linux-gnu/librt-2.19.so
7fb7d7312000-7fb7d7328000 r-xp 00000000 08:01 17174753                   /lib/x86_64-linux-gnu/libgcc_s.so.1
7fb7d7328000-7fb7d7527000 ---p 00016000 08:01 17174753                   /lib/x86_64-linux-gnu/libgcc_s.so.1
7fb7d7527000-7fb7d7528000 rw-p 00015000 08:01 17174753                   /lib/x86_64-linux-gnu/libgcc_s.so.1
7fb7d7528000-7fb7d762d000 r-xp 00000000 08:01 17175524                   /lib/x86_64-linux-gnu/libm-2.19.so
7fb7d762d000-7fb7d782c000 ---p 00105000 08:01 17175524                   /lib/x86_64-linux-gnu/libm-2.19.so
7fb7d782c000-7fb7d782d000 r--p 00104000 08:01 17175524                   /lib/x86_64-linux-gnu/libm-2.19.so
7fb7d782d000-7fb7d782e000 rw-p 00105000 08:01 17175524                   /lib/x86_64-linux-gnu/libm-2.19.so
7fb7d782e000-7fb7d7914000 r-xp 00000000 08:01 9175391                    /usr/lib/x86_64-linux-gnu/libstdc++.so.6.0.19
7fb7d7914000-7fb7d7b13000 ---p 000e6000 08:01 9175391                    /usr/lib/x86_64-linux-gnu/libstdc++.so.6.0.19
7fb7d7b13000-7fb7d7b1b000 r--p 000e5000 08:01 9175391                    /usr/lib/x86_64-linux-gnu/libstdc++.so.6.0.19
7fb7d7b1b000-7fb7d7b1d000 rw-p 000ed000 08:01 9175391                    /usr/lib/x86_64-linux-gnu/libstdc++.so.6.0.19
7fb7d7b1d000-7fb7d7b32000 rw-p 00000000 00:00 0 
7fb7d7b32000-7fb7d8720000 r-xp 00000000 08:01 9833532                    /usr/lib/jvm/java-8-openjdk-amd64/jre/lib/amd64/server/libjvm.so
7fb7d8720000-7fb7d8920000 ---p 00bee000 08:01 9833532                    /usr/lib/jvm/java-8-openjdk-amd64/jre/lib/amd64/server/libjvm.so
7fb7d8920000-7fb7d89be000 r--p 00bee000 08:01 9833532                    /usr/lib/jvm/java-8-openjdk-amd64/jre/lib/amd64/server/libjvm.so
7fb7d89be000-7fb7d89e7000 rw-p 00c8c000 08:01 9833532                    /usr/lib/jvm/java-8-openjdk-amd64/jre/lib/amd64/server/libjvm.so
7fb7d89e7000-7fb7d8a19000 rw-p 00000000 00:00 0 
7fb7d8a19000-7fb7d8a32000 r-xp 00000000 08:01 17175531                   /lib/x86_64-linux-gnu/libpthread-2.19.so
7fb7d8a32000-7fb7d8c31000 ---p 00019000 08:01 17175531                   /lib/x86_64-linux-gnu/libpthread-2.19.so
7fb7d8c31000-7fb7d8c32000 r--p 00018000 08:01 17175531                   /lib/x86_64-linux-gnu/libpthread-2.19.so
7fb7d8c32000-7fb7d8c33000 rw-p 00019000 08:01 17175531                   /lib/x86_64-linux-gnu/libpthread-2.19.so
7fb7d8c33000-7fb7d8c37000 rw-p 00000000 00:00 0 
7fb7d8c37000-7fb7d8c3a000 r-xp 00000000 08:01 17175526                   /lib/x86_64-linux-gnu/libdl-2.19.so
7fb7d8c3a000-7fb7d8e39000 ---p 00003000 08:01 17175526                   /lib/x86_64-linux-gnu/libdl-2.19.so
7fb7d8e39000-7fb7d8e3a000 r--p 00002000 08:01 17175526                   /lib/x86_64-linux-gnu/libdl-2.19.so
7fb7d8e3a000-7fb7d8e3b000 rw-p 00003000 08:01 17175526                   /lib/x86_64-linux-gnu/libdl-2.19.so
7fb7d8e3b000-7fb7d8e53000 r-xp 00000000 08:01 17174889                   /lib/x86_64-linux-gnu/libz.so.1.2.8
7fb7d8e53000-7fb7d9052000 ---p 00018000 08:01 17174889                   /lib/x86_64-linux-gnu/libz.so.1.2.8
7fb7d9052000-7fb7d9053000 r--p 00017000 08:01 17174889                   /lib/x86_64-linux-gnu/libz.so.1.2.8
7fb7d9053000-7fb7d9054000 rw-p 00018000 08:01 17174889                   /lib/x86_64-linux-gnu/libz.so.1.2.8
7fb7d9054000-7fb7d920e000 r-xp 00000000 08:01 17175539                   /lib/x86_64-linux-gnu/libc-2.19.so
7fb7d920e000-7fb7d940e000 ---p 001ba000 08:01 17175539                   /lib/x86_64-linux-gnu/libc-2.19.so
7fb7d940e000-7fb7d9412000 r--p 001ba000 08:01 17175539                   /lib/x86_64-linux-gnu/libc-2.19.so
7fb7d9412000-7fb7d9414000 rw-p 001be000 08:01 17175539                   /lib/x86_64-linux-gnu/libc-2.19.so
7fb7d9414000-7fb7d9419000 rw-p 00000000 00:00 0 
7fb7d9419000-7fb7d9426000 r-xp 00000000 08:01 9964103                    /usr/lib/jvm/java-8-openjdk-amd64/jre/lib/amd64/jli/libjli.so
7fb7d9426000-7fb7d9626000 ---p 0000d000 08:01 9964103                    /usr/lib/jvm/java-8-openjdk-amd64/jre/lib/amd64/jli/libjli.so
7fb7d9626000-7fb7d9627000 r--p 0000d000 08:01 9964103                    /usr/lib/jvm/java-8-openjdk-amd64/jre/lib/amd64/jli/libjli.so
7fb7d9627000-7fb7d9628000 rw-p 0000e000 08:01 9964103                    /usr/lib/jvm/java-8-openjdk-amd64/jre/lib/amd64/jli/libjli.so
7fb7d9628000-7fb7d964b000 r-xp 00000000 08:01 17175532                   /lib/x86_64-linux-gnu/ld-2.19.so
7fb7d964b000-7fb7d964f000 r--s 00037000 08:01 10095809                   /usr/lib/jvm/java-8-openjdk-amd64/jre/lib/ext/sunpkcs11.jar
7fb7d964f000-7fb7d9728000 rw-p 00000000 00:00 0 
7fb7d9728000-7fb7d972b000 ---p 00000000 00:00 0 
7fb7d972b000-7fb7d982e000 rw-p 00000000 00:00 0                          [stack:11654]
7fb7d982e000-7fb7d982f000 r--s 00008000 08:01 10095803                   /usr/lib/jvm/java-8-openjdk-amd64/jre/lib/ext/sunec.jar
7fb7d982f000-7fb7d9830000 r--s 00010000 08:01 10095805                   /usr/lib/jvm/java-8-openjdk-amd64/jre/lib/ext/zipfs.jar
7fb7d9830000-7fb7d9832000 r--s 00001000 08:01 10095801                   /usr/lib/jvm/java-8-openjdk-amd64/jre/lib/ext/dnsns.jar
7fb7d9832000-7fb7d9834000 r--s 00006000 08:01 9573592                    /usr/share/java/java-atk-wrapper.jar
7fb7d9834000-7fb7d9837000 r--s 0000f000 08:01 10095807                   /usr/lib/jvm/java-8-openjdk-amd64/jre/lib/ext/icedtea-sound.jar
7fb7d9837000-7fb7d9838000 r--s 0000a000 08:01 10095804                   /usr/lib/jvm/java-8-openjdk-amd64/jre/lib/ext/jaccess.jar
7fb7d9838000-7fb7d983e000 r--s 0003a000 08:01 10095806                   /usr/lib/jvm/java-8-openjdk-amd64/jre/lib/ext/sunjce_provider.jar
7fb7d983e000-7fb7d9846000 rw-s 00000000 08:01 2494436                    /tmp/hsperfdata_percept/11651
7fb7d9846000-7fb7d9847000 rw-p 00000000 00:00 0 
7fb7d9847000-7fb7d9848000 r--p 00000000 00:00 0 
7fb7d9848000-7fb7d984a000 rw-p 00000000 00:00 0 
7fb7d984a000-7fb7d984b000 r--p 00022000 08:01 17175532                   /lib/x86_64-linux-gnu/ld-2.19.so
7fb7d984b000-7fb7d984c000 rw-p 00023000 08:01 17175532                   /lib/x86_64-linux-gnu/ld-2.19.so
7fb7d984c000-7fb7d984d000 rw-p 00000000 00:00 0 
7ffceec85000-7ffceeca6000 rw-p 00000000 00:00 0                          [stack]
7ffceece0000-7ffceece2000 r--p 00000000 00:00 0                          [vvar]
7ffceece2000-7ffceece4000 r-xp 00000000 00:00 0                          [vdso]
ffffffffff600000-ffffffffff601000 r-xp 00000000 00:00 0                  [vsyscall]

VM Arguments:
jvm_args: -Djava.awt.headless=true -Xmx1024M -Dfile.encoding=UTF-8 -Duser.country=IN -Duser.language=en -Duser.variant 
java_command: com.android.dx.command.Main --dex --num-threads=4 --output /home/percept/ketan/MypalnProject/newgit/MyPlan/app/build/intermediates/pre-dexed/debug/com.android.support-appcompat-v7-24.1.1_cb923c2d472005a0db0ac01fbdcdfb7e0b98ec61.jar /home/percept/ketan/MypalnProject/newgit/MyPlan/app/build/intermediates/exploded-aar/com.android.support/appcompat-v7/24.1.1/jars/classes.jar
java_class_path (initial): /home/percept/Android/Sdk/build-tools/24.0.1/lib/dx.jar
Launcher Type: SUN_STANDARD

Environment Variables:
JAVA_HOME=/usr/lib/jvm/java-8-openjdk-amd64
PATH=/usr/local/sbin:/usr/local/bin:/usr/sbin:/usr/bin:/sbin:/bin:/usr/games:/usr/local/games
LD_LIBRARY_PATH=/home/percept/android-studio/bin:
SHELL=/bin/bash
DISPLAY=:0

Signal Handlers:
SIGSEGV: [libjvm.so+0x9f6230], sa_mask[0]=11111111011111111101111111111110, sa_flags=SA_RESTART|SA_SIGINFO
SIGBUS: [libjvm.so+0x9f6230], sa_mask[0]=11111111011111111101111111111110, sa_flags=SA_RESTART|SA_SIGINFO
SIGFPE: [libjvm.so+0x856c80], sa_mask[0]=11111111011111111101111111111110, sa_flags=SA_RESTART|SA_SIGINFO
SIGPIPE: [libjvm.so+0x856c80], sa_mask[0]=11111111011111111101111111111110, sa_flags=SA_RESTART|SA_SIGINFO
SIGXFSZ: [libjvm.so+0x856c80], sa_mask[0]=11111111011111111101111111111110, sa_flags=SA_RESTART|SA_SIGINFO
SIGILL: [libjvm.so+0x856c80], sa_mask[0]=11111111011111111101111111111110, sa_flags=SA_RESTART|SA_SIGINFO
SIGUSR1: SIG_DFL, sa_mask[0]=00000000000000000000000000000000, sa_flags=none
SIGUSR2: [libjvm.so+0x856b50], sa_mask[0]=00100000000000000000000000000000, sa_flags=SA_RESTART|SA_SIGINFO
SIGHUP: [libjvm.so+0x856d40], sa_mask[0]=11111111011111111101111111111110, sa_flags=SA_RESTART|SA_SIGINFO
SIGINT: [libjvm.so+0x856d40], sa_mask[0]=11111111011111111101111111111110, sa_flags=SA_RESTART|SA_SIGINFO
SIGTERM: [libjvm.so+0x856d40], sa_mask[0]=11111111011111111101111111111110, sa_flags=SA_RESTART|SA_SIGINFO
SIGQUIT: [libjvm.so+0x856d40], sa_mask[0]=11111111011111111101111111111110, sa_flags=SA_RESTART|SA_SIGINFO


---------------  S Y S T E M  ---------------

OS:DISTRIB_ID=Ubuntu
DISTRIB_RELEASE=14.04
DISTRIB_CODENAME=trusty
DISTRIB_DESCRIPTION="Ubuntu 14.04.4 LTS"

uname:Linux 4.2.0-30-generic #36~14.04.1-Ubuntu SMP Fri Feb 26 18:49:23 UTC 2016 x86_64
libc:glibc 2.19 NPTL 2.19 
rlimit: STACK 8192k, CORE 0k, NPROC 29607, NOFILE 4096, AS infinity
load average:18.44 15.41 10.68

/proc/meminfo:
MemTotal:        7600976 kB
MemFree:         2126880 kB
MemAvailable:    4073012 kB
Buffers:          207460 kB
Cached:          1684376 kB
SwapCached:            0 kB
Active:          4371448 kB
Inactive:         803372 kB
Active(anon):    3284308 kB
Inactive(anon):    31112 kB
Active(file):    1087140 kB
Inactive(file):   772260 kB
Unevictable:         104 kB
Mlocked:             104 kB
SwapTotal:       1495036 kB
SwapFree:        1495036 kB
Dirty:               608 kB
Writeback:             0 kB
AnonPages:       3283128 kB
Mapped:           457024 kB
Shmem:             32432 kB
Slab:             162912 kB
SReclaimable:     127760 kB
SUnreclaim:        35152 kB
KernelStack:       11008 kB
PageTables:        42564 kB
NFS_Unstable:          0 kB
Bounce:                0 kB
WritebackTmp:          0 kB
CommitLimit:     5295524 kB
Committed_AS:    7804904 kB
VmallocTotal:   34359738367 kB
VmallocUsed:      305320 kB
VmallocChunk:   34358947836 kB
HardwareCorrupted:     0 kB
AnonHugePages:   1996800 kB
CmaTotal:              0 kB
CmaFree:               0 kB
HugePages_Total:       0
HugePages_Free:        0
HugePages_Rsvd:        0
HugePages_Surp:        0
Hugepagesize:       2048 kB
DirectMap4k:      184940 kB
DirectMap2M:     6572032 kB
DirectMap1G:     1048576 kB


CPU:total 4 (4 cores per cpu, 1 threads per core) family 22 model 0 stepping 1, cmov, cx8, fxsr, mmx, sse, sse2, sse3, ssse3, sse4.1, sse4.2, popcnt, avx, aes, clmul, mmxext, 3dnowpref, lzcnt, sse4a, tsc, tscinvbit, tscinv, bmi1

/proc/cpuinfo:
processor	: 0
vendor_id	: AuthenticAMD
cpu family	: 22
model		: 0
model name	: AMD Athlon(tm) 5150 APU with Radeon(tm) R3
stepping	: 1
microcode	: 0x700010b
cpu MHz		: 1200.000
cache size	: 2048 KB
physical id	: 0
siblings	: 4
core id		: 0
cpu cores	: 4
apicid		: 0
initial apicid	: 0
fpu		: yes
fpu_exception	: yes
cpuid level	: 13
wp		: yes
flags		: fpu vme de pse tsc msr pae mce cx8 apic sep mtrr pge mca cmov pat pse36 clflush mmx fxsr sse sse2 ht syscall nx mmxext fxsr_opt pdpe1gb rdtscp lm constant_tsc rep_good nopl nonstop_tsc extd_apicid aperfmperf eagerfpu pni pclmulqdq monitor ssse3 cx16 sse4_1 sse4_2 movbe popcnt aes xsave avx f16c lahf_lm cmp_legacy svm extapic cr8_legacy abm sse4a misalignsse 3dnowprefetch osvw ibs skinit wdt topoext perfctr_nb bpext perfctr_l2 arat hw_pstate proc_feedback npt lbrv svm_lock nrip_save tsc_scale flushbyasid decodeassists pausefilter pfthreshold vmmcall bmi1 xsaveopt
bugs		: fxsave_leak sysret_ss_attrs
bogomips	: 3194.13
TLB size	: 1024 4K pages
clflush size	: 64
cache_alignment	: 64
address sizes	: 40 bits physical, 48 bits virtual
power management: ts ttp tm 100mhzsteps hwpstate [11]

processor	: 1
vendor_id	: AuthenticAMD
cpu family	: 22
model		: 0
model name	: AMD Athlon(tm) 5150 APU with Radeon(tm) R3
stepping	: 1
microcode	: 0x700010b
cpu MHz		: 1600.000
cache size	: 2048 KB
physical id	: 0
siblings	: 4
core id		: 1
cpu cores	: 4
apicid		: 1
initial apicid	: 1
fpu		: yes
fpu_exception	: yes
cpuid level	: 13
wp		: yes
flags		: fpu vme de pse tsc msr pae mce cx8 apic sep mtrr pge mca cmov pat pse36 clflush mmx fxsr sse sse2 ht syscall nx mmxext fxsr_opt pdpe1gb rdtscp lm constant_tsc rep_good nopl nonstop_tsc extd_apicid aperfmperf eagerfpu pni pclmulqdq monitor ssse3 cx16 sse4_1 sse4_2 movbe popcnt aes xsave avx f16c lahf_lm cmp_legacy svm extapic cr8_legacy abm sse4a misalignsse 3dnowprefetch osvw ibs skinit wdt topoext perfctr_nb bpext perfctr_l2 arat hw_pstate proc_feedback npt lbrv svm_lock nrip_save tsc_scale flushbyasid decodeassists pausefilter pfthreshold vmmcall bmi1 xsaveopt
bugs		: fxsave_leak sysret_ss_attrs
bogomips	: 3194.13
TLB size	: 1024 4K pages
clflush size	: 64
cache_alignment	: 64
address sizes	: 40 bits physical, 48 bits virtual
power management: ts ttp tm 100mhzsteps hwpstate [11]

processor	: 2
vendor_id	: AuthenticAMD
cpu family	: 22
model		: 0
model name	: AMD Athlon(tm) 5150 APU with Radeon(tm) R3
stepping	: 1
microcode	: 0x700010b
cpu MHz		: 1400.000
cache size	: 2048 KB
physical id	: 0
siblings	: 4
core id		: 2
cpu cores	: 4
apicid		: 2
initial apicid	: 2
fpu		: yes
fpu_exception	: yes
cpuid level	: 13
wp		: yes
flags		: fpu vme de pse tsc msr pae mce cx8 apic sep mtrr pge mca cmov pat pse36 clflush mmx fxsr sse sse2 ht syscall nx mmxext fxsr_opt pdpe1gb rdtscp lm constant_tsc rep_good nopl nonstop_tsc extd_apicid aperfmperf eagerfpu pni pclmulqdq monitor ssse3 cx16 sse4_1 sse4_2 movbe popcnt aes xsave avx f16c lahf_lm cmp_legacy svm extapic cr8_legacy abm sse4a misalignsse 3dnowprefetch osvw ibs skinit wdt topoext perfctr_nb bpext perfctr_l2 arat hw_pstate proc_feedback npt lbrv svm_lock nrip_save tsc_scale flushbyasid decodeassists pausefilter pfthreshold vmmcall bmi1 xsaveopt
bugs		: fxsave_leak sysret_ss_attrs
bogomips	: 3194.13
TLB size	: 1024 4K pages
clflush size	: 64
cache_alignment	: 64
address sizes	: 40 bits physical, 48 bits virtual
power management: ts ttp tm 100mhzsteps hwpstate [11]

processor	: 3
vendor_id	: AuthenticAMD
cpu family	: 22
model		: 0
model name	: AMD Athlon(tm) 5150 APU with Radeon(tm) R3
stepping	: 1
microcode	: 0x700010b
cpu MHz		: 1600.000
cache size	: 2048 KB
physical id	: 0
siblings	: 4
core id		: 3
cpu cores	: 4
apicid		: 3
initial apicid	: 3
fpu		: yes
fpu_exception	: yes
cpuid level	: 13
wp		: yes
flags		: fpu vme de pse tsc msr pae mce cx8 apic sep mtrr pge mca cmov pat pse36 clflush mmx fxsr sse sse2 ht syscall nx mmxext fxsr_opt pdpe1gb rdtscp lm constant_tsc rep_good nopl nonstop_tsc extd_apicid aperfmperf eagerfpu pni pclmulqdq monitor ssse3 cx16 sse4_1 sse4_2 movbe popcnt aes xsave avx f16c lahf_lm cmp_legacy svm extapic cr8_legacy abm sse4a misalignsse 3dnowprefetch osvw ibs skinit wdt topoext perfctr_nb bpext perfctr_l2 arat hw_pstate proc_feedback npt lbrv svm_lock nrip_save tsc_scale flushbyasid decodeassists pausefilter pfthreshold vmmcall bmi1 xsaveopt
bugs		: fxsave_leak sysret_ss_attrs
bogomips	: 3194.13
TLB size	: 1024 4K pages
clflush size	: 64
cache_alignment	: 64
address sizes	: 40 bits physical, 48 bits virtual
power management: ts ttp tm 100mhzsteps hwpstate [11]



Memory: 4k page, physical 7600976k(2126880k free), swap 1495036k(1495036k free)

vm_info: OpenJDK 64-Bit Server VM (25.91-b14) for linux-amd64 JRE (1.8.0_91-8u91-b14-0ubuntu4~14.04-b14), built on Apr 22 2016 12:27:31 by "buildd" with gcc 4.8.2

time: Thu Nov 17 19:43:04 2016
elapsed time: 10 seconds (0d 0h 0m 10s)

